#
# A fatal error has been detected by the Java Runtime Environment:
#
#  EXCEPTION_ACCESS_VIOLATION (0xc0000005) at pc=0x000000006f703397, pid=16360, tid=7044
#
# JRE version: Java(TM) SE Runtime Environment (13.0.2+8) (build 13.0.2+8)
# Java VM: Java HotSpot(TM) 64-Bit Server VM (13.0.2+8, mixed mode, sharing, tiered, compressed oops, g1 gc, windows-amd64)
# Problematic frame:
# C  [imgui-java64.dll+0x43397]
#
# No core dump will be written. Minidumps are not enabled by default on client versions of Windows
#
# If you would like to submit a bug report, please visit:
#   http://bugreport.java.com/bugreport/crash.jsp
# The crash happened outside the Java Virtual Machine in native code.
# See problematic frame for where to report the bug.
#

---------------  S U M M A R Y ------------

Command Line: -Djava.library.path=C:\Dev\java\NutmegGameEngine\libs\ImGUI -Dfile.encoding=Cp1252 nutmeg.sandbox.core.SandboxMain

Host: Intel(R) Core(TM) i5-9400F CPU @ 2.90GHz, 6 cores, 15G,  Windows 10 , 64 bit Build 18362 (10.0.18362.778)
Time: Thu Jun  4 15:53:15 2020 GMT Summer Time elapsed time: 1 seconds (0d 0h 0m 1s)

---------------  T H R E A D  ---------------

Current thread (0x0000019304890000):  JavaThread "main" [_thread_in_native, id=7044, stack(0x00000058e8800000,0x00000058e8900000)]

Stack: [0x00000058e8800000,0x00000058e8900000],  sp=0x00000058e88ff100,  free space=1020k
Native frames: (J=compiled Java code, j=interpreted, Vv=VM code, C=native code)
C  [imgui-java64.dll+0x43397]

Java frames: (J=compiled Java code, j=interpreted, Vv=VM code)
j  imgui.ImGui.begin(Ljava/lang/String;)Z+0
j  nutmeg.game.engine.core.UI.Begin(Ljava/lang/String;)V+1
j  nutmeg.game.engine.core.Application.UIBegin(Ljava/lang/String;)V+1
j  nutmeg.sandbox.core.App.OnUIRender()V+3
j  nutmeg.game.engine.core.Application.ConstructWindow(IILjava/lang/String;Z)V+155
j  nutmeg.sandbox.core.SandboxMain.main([Ljava/lang/String;)V+16
v  ~StubRoutines::call_stub

siginfo: EXCEPTION_ACCESS_VIOLATION (0xc0000005), reading address 0x0000000000001b20


Register to memory mapping:

RIP=0x000000006f703397 imgui-java64.dll
RAX=0x00000193317643d0 points into unknown readable memory: 54 65 73 74 00 00 00 00
RBX=0x00000193317643d0 points into unknown readable memory: 54 65 73 74 00 00 00 00
RCX=0x00000193317643d0 points into unknown readable memory: 54 65 73 74 00 00 00 00
RDX=0x0 is NULL
RSP=0x00000058e88ff100 is pointing into the stack for thread: 0x0000019304890000
RBP=0x00000058e88ff420 is pointing into the stack for thread: 0x0000019304890000
RSI=0x0 is NULL
RDI=0x000001930cd99d50 is at code_begin+1040 in an Interpreter codelet
invoke return entry points  [0x000001930cd99940, 0x000001930cd9a360]  2592 bytes
R8 =0x0 is NULL
R9 =0x0000000000000001 is an unknown value
R10=0x00000193317643d4 points into unknown readable memory: 00 00 00 00
R11=0x00000058e88ff340 is pointing into the stack for thread: 0x0000019304890000
R12=0x0 is NULL
R13=0x00000058e88ff440 is pointing into the stack for thread: 0x0000019304890000
R14=0x00000058e88ff440 is pointing into the stack for thread: 0x0000019304890000
R15=0x0000019304890000 is a thread


Registers:
RAX=0x00000193317643d0, RBX=0x00000193317643d0, RCX=0x00000193317643d0, RDX=0x0000000000000000
RSP=0x00000058e88ff100, RBP=0x00000058e88ff420, RSI=0x0000000000000000, RDI=0x000001930cd99d50
R8 =0x0000000000000000, R9 =0x0000000000000001, R10=0x00000193317643d4, R11=0x00000058e88ff340
R12=0x0000000000000000, R13=0x00000058e88ff440, R14=0x00000058e88ff440, R15=0x0000019304890000
RIP=0x000000006f703397, EFLAGS=0x0000000000010202

Top of Stack: (sp=0x00000058e88ff100)
0x00000058e88ff100:   00000193026f0000 00007ff8ae49b997
0x00000058e88ff110:   00000193025f0000 00007ff800000004
0x00000058e88ff120:   0000000000000005 0000000000000000
0x00000058e88ff130:   00007ff83eca3518 0000005000000000
0x00000058e88ff140:   00000193317643d0 0000000000000000
0x00000058e88ff150:   0000000000000000 0000000000000000
0x00000058e88ff160:   0000000000000000 00000193317659f0
0x00000058e88ff170:   0000000000000016 0000000000000100
0x00000058e88ff180:   00000058e88ff200 00007ff83ea95ad7
0x00000058e88ff190:   00000000000003d8 0000000000000003
0x00000058e88ff1a0:   00000058e88ff360 00000058e88ff380
0x00000058e88ff1b0:   0000019304890aa0 00007ff83ea6e2f8
0x00000058e88ff1c0:   0000019304891ea8 00000058e88ff380
0x00000058e88ff1d0:   0000019304890000 0000000000000001
0x00000058e88ff1e0:   000001930cd98a01 00000058e88ff380
0x00000058e88ff1f0:   0000000000000000 0000000000000008 

Instructions: (pc=0x000000006f703397)
0x000000006f703297:   e9 f0 fe ff ff 31 c0 4c 39 f5 49 89 d9 4c 89 e2
0x000000006f7032a7:   0f 94 c0 4c 89 e9 89 44 24 30 f3 0f 10 85 d4 00
0x000000006f7032b7:   00 00 f3 0f 11 44 24 28 8b 85 d0 00 00 00 89 44
0x000000006f7032c7:   24 20 4c 8b 85 c8 00 00 00 e8 0b ad ff ff e9 3b
0x000000006f7032d7:   ff ff ff 4c 89 f1 49 89 c4 e8 6b b8 ff ff 48 89
0x000000006f7032e7:   f1 e8 63 b8 ff ff 4c 89 e1 e8 2b 90 0e 00 90 66
0x000000006f7032f7:   2e 0f 1f 84 00 00 00 00 00 41 57 41 56 41 55 41
0x000000006f703307:   54 55 57 56 53 48 81 ec 18 02 00 00 0f 29 b4 24
0x000000006f703317:   70 01 00 00 0f 29 bc 24 80 01 00 00 44 0f 29 84
0x000000006f703327:   24 90 01 00 00 44 0f 29 8c 24 a0 01 00 00 44 0f
0x000000006f703337:   29 94 24 b0 01 00 00 44 0f 29 9c 24 c0 01 00 00
0x000000006f703347:   44 0f 29 a4 24 d0 01 00 00 44 0f 29 ac 24 e0 01
0x000000006f703357:   00 00 44 0f 29 b4 24 f0 01 00 00 44 0f 29 bc 24
0x000000006f703367:   00 02 00 00 4c 8b 25 76 ed 16 00 48 89 8c 24 60
0x000000006f703377:   02 00 00 44 89 c6 48 89 94 24 68 02 00 00 48 85
0x000000006f703387:   c9 0f 84 82 07 00 00 80 39 00 0f 84 79 07 00 00
0x000000006f703397:   41 80 bc 24 20 1b 00 00 00 0f 84 93 07 00 00 41
0x000000006f7033a7:   8b 84 24 10 1b 00 00 41 39 84 24 14 1b 00 00 0f
0x000000006f7033b7:   84 bc 2e 00 00 48 8b 8c 24 60 02 00 00 e8 07 ae
0x000000006f7033c7:   fe ff 48 89 44 24 50 49 89 c5 48 85 c0 0f 84 a6
0x000000006f7033d7:   0d 00 00 89 f2 89 f0 81 e2 00 02 0c 00 83 c8 06
0x000000006f7033e7:   81 fa 00 02 0c 00 0f 44 f0 f7 c6 00 00 80 00 74
0x000000006f7033f7:   0c f7 c6 00 00 00 01 0f 84 cc 2f 00 00 45 8b b4
0x000000006f703407:   24 58 1b 00 00 41 8b bc 24 10 1b 00 00 31 c0 41
0x000000006f703417:   8b ad c0 02 00 00 45 85 f6 75 09 41 0f b6 84 24
0x000000006f703427:   21 1b 00 00 41 88 85 bf 00 00 00 8d 47 ff 39 c5
0x000000006f703437:   41 8b 85 d8 00 00 00 0f 9c 44 24 72 85 c0 89 44
0x000000006f703447:   24 4c 0f 9f 44 24 73 f7 c6 00 00 00 04 74 43 49
0x000000006f703457:   63 9c 24 08 1d 00 00 41 3b 9c 24 f8 1c 00 00 0f
0x000000006f703467:   8d 44 2f 00 00 48 8d 04 5b 48 c1 e0 04 49 03 84
0x000000006f703477:   24 00 1d 00 00 8b 18 41 39 9d c8 00 00 00 0f 95
0x000000006f703487:   c2 0a 54 24 72 4c 39 68 08 0f 95 c0 09 c2 88 54 


Stack slot to memory mapping:
stack at sp + 0 slots: 0x00000193026f0000 points into unknown readable memory: 00 00 00 00 00 00 00 00
stack at sp + 1 slots: 0x00007ff8ae49b997 ntdll.dll
stack at sp + 2 slots: 0x00000193025f0000 points into unknown readable memory: 00 00 00 00 00 00 00 00
stack at sp + 3 slots: 0x00007ff800000004 is an unknown value
stack at sp + 4 slots: 0x0000000000000005 is an unknown value
stack at sp + 5 slots: 0x0 is NULL
stack at sp + 6 slots: 0x00007ff83eca3518 jvm.dll
stack at sp + 7 slots: 0x0000005000000000 is an unknown value


---------------  P R O C E S S  ---------------

Threads class SMR info:
_java_thread_list=0x0000019331715090, length=12, elements={
0x0000019304890000, 0x00000193280a3000, 0x00000193280a8800, 0x0000019328947800,
0x0000019328949800, 0x000001932894a800, 0x000001932894f800, 0x0000019328951800,
0x0000019328a7d000, 0x0000019328a88000, 0x000001932a211000, 0x00000193317d3000
}

Java Threads: ( => current thread )
=>0x0000019304890000 JavaThread "main" [_thread_in_native, id=7044, stack(0x00000058e8800000,0x00000058e8900000)]
  0x00000193280a3000 JavaThread "Reference Handler" daemon [_thread_blocked, id=14680, stack(0x00000058e8f00000,0x00000058e9000000)]
  0x00000193280a8800 JavaThread "Finalizer" daemon [_thread_blocked, id=9432, stack(0x00000058e9000000,0x00000058e9100000)]
  0x0000019328947800 JavaThread "Signal Dispatcher" daemon [_thread_blocked, id=6716, stack(0x00000058e9100000,0x00000058e9200000)]
  0x0000019328949800 JavaThread "Attach Listener" daemon [_thread_blocked, id=16684, stack(0x00000058e9200000,0x00000058e9300000)]
  0x000001932894a800 JavaThread "C2 CompilerThread0" daemon [_thread_blocked, id=17096, stack(0x00000058e9300000,0x00000058e9400000)]
  0x000001932894f800 JavaThread "C1 CompilerThread0" daemon [_thread_blocked, id=11672, stack(0x00000058e9400000,0x00000058e9500000)]
  0x0000019328951800 JavaThread "Sweeper thread" daemon [_thread_blocked, id=11412, stack(0x00000058e9500000,0x00000058e9600000)]
  0x0000019328a7d000 JavaThread "Service Thread" daemon [_thread_blocked, id=10112, stack(0x00000058e9600000,0x00000058e9700000)]
  0x0000019328a88000 JavaThread "Common-Cleaner" daemon [_thread_blocked, id=1332, stack(0x00000058e9800000,0x00000058e9900000)]
  0x000001932a211000 JavaThread "C2 CompilerThread1" daemon [_thread_blocked, id=17144, stack(0x00000058ea000000,0x00000058ea100000)]
  0x00000193317d3000 JavaThread "Java2D Disposer" daemon [_thread_blocked, id=16804, stack(0x00000058ea600000,0x00000058ea700000)]

Other Threads:
  0x000001932809e800 VMThread "VM Thread" [stack: 0x00000058e8e00000,0x00000058e8f00000] [id=16164]
  0x0000019328a86800 WatcherThread [stack: 0x00000058e9700000,0x00000058e9800000] [id=13492]
  0x00000193048fb000 GCTaskThread "GC Thread#0" [stack: 0x00000058e8900000,0x00000058e8a00000] [id=16680]
  0x000001930491d800 ConcurrentGCThread "G1 Main Marker" [stack: 0x00000058e8a00000,0x00000058e8b00000] [id=4456]
  0x000001930491e800 ConcurrentGCThread "G1 Conc#0" [stack: 0x00000058e8b00000,0x00000058e8c00000] [id=16856]
  0x0000019327f98000 ConcurrentGCThread "G1 Refine#0" [stack: 0x00000058e8c00000,0x00000058e8d00000] [id=9384]
  0x0000019327f9a800 ConcurrentGCThread "G1 Young RemSet Sampling" [stack: 0x00000058e8d00000,0x00000058e8e00000] [id=16668]

Threads with active compile tasks:

VM state:not at safepoint (normal execution)

VM Mutex/Monitor currently owned by a thread: None

Heap address: 0x0000000700c00000, size: 4084 MB, Compressed Oops mode: Zero based, Oop shift amount: 3
Narrow klass base: 0x0000000800000000, Narrow klass shift: 3
Compressed class space size: 1073741824 Address: 0x0000000800b40000

Heap:
 garbage-first heap   total 262144K, used 15360K [0x0000000700c00000, 0x0000000800000000)
  region size 1024K, 17 young (17408K), 0 survivors (0K)
 Metaspace       used 8398K, capacity 9738K, committed 9984K, reserved 1058816K
  class space    used 525K, capacity 680K, committed 768K, reserved 1048576K
Heap Regions: E=young(eden), S=young(survivor), O=old, HS=humongous(starts), HC=humongous(continues), CS=collection set, F=free, A=archive, TAMS=top-at-mark-start (previous, next)
|   0|0x0000000700c00000, 0x0000000700c00000, 0x0000000700d00000|  0%| F|  |TAMS 0x0000000700c00000, 0x0000000700c00000| Untracked 
|   1|0x0000000700d00000, 0x0000000700d00000, 0x0000000700e00000|  0%| F|  |TAMS 0x0000000700d00000, 0x0000000700d00000| Untracked 
|   2|0x0000000700e00000, 0x0000000700e00000, 0x0000000700f00000|  0%| F|  |TAMS 0x0000000700e00000, 0x0000000700e00000| Untracked 
|   3|0x0000000700f00000, 0x0000000700f00000, 0x0000000701000000|  0%| F|  |TAMS 0x0000000700f00000, 0x0000000700f00000| Untracked 
|   4|0x0000000701000000, 0x0000000701000000, 0x0000000701100000|  0%| F|  |TAMS 0x0000000701000000, 0x0000000701000000| Untracked 
|   5|0x0000000701100000, 0x0000000701100000, 0x0000000701200000|  0%| F|  |TAMS 0x0000000701100000, 0x0000000701100000| Untracked 
|   6|0x0000000701200000, 0x0000000701200000, 0x0000000701300000|  0%| F|  |TAMS 0x0000000701200000, 0x0000000701200000| Untracked 
|   7|0x0000000701300000, 0x0000000701300000, 0x0000000701400000|  0%| F|  |TAMS 0x0000000701300000, 0x0000000701300000| Untracked 
|   8|0x0000000701400000, 0x0000000701400000, 0x0000000701500000|  0%| F|  |TAMS 0x0000000701400000, 0x0000000701400000| Untracked 
|   9|0x0000000701500000, 0x0000000701500000, 0x0000000701600000|  0%| F|  |TAMS 0x0000000701500000, 0x0000000701500000| Untracked 
|  10|0x0000000701600000, 0x0000000701600000, 0x0000000701700000|  0%| F|  |TAMS 0x0000000701600000, 0x0000000701600000| Untracked 
|  11|0x0000000701700000, 0x0000000701700000, 0x0000000701800000|  0%| F|  |TAMS 0x0000000701700000, 0x0000000701700000| Untracked 
|  12|0x0000000701800000, 0x0000000701800000, 0x0000000701900000|  0%| F|  |TAMS 0x0000000701800000, 0x0000000701800000| Untracked 
|  13|0x0000000701900000, 0x0000000701900000, 0x0000000701a00000|  0%| F|  |TAMS 0x0000000701900000, 0x0000000701900000| Untracked 
|  14|0x0000000701a00000, 0x0000000701a00000, 0x0000000701b00000|  0%| F|  |TAMS 0x0000000701a00000, 0x0000000701a00000| Untracked 
|  15|0x0000000701b00000, 0x0000000701b00000, 0x0000000701c00000|  0%| F|  |TAMS 0x0000000701b00000, 0x0000000701b00000| Untracked 
|  16|0x0000000701c00000, 0x0000000701c00000, 0x0000000701d00000|  0%| F|  |TAMS 0x0000000701c00000, 0x0000000701c00000| Untracked 
|  17|0x0000000701d00000, 0x0000000701d00000, 0x0000000701e00000|  0%| F|  |TAMS 0x0000000701d00000, 0x0000000701d00000| Untracked 
|  18|0x0000000701e00000, 0x0000000701e00000, 0x0000000701f00000|  0%| F|  |TAMS 0x0000000701e00000, 0x0000000701e00000| Untracked 
|  19|0x0000000701f00000, 0x0000000701f00000, 0x0000000702000000|  0%| F|  |TAMS 0x0000000701f00000, 0x0000000701f00000| Untracked 
|  20|0x0000000702000000, 0x0000000702000000, 0x0000000702100000|  0%| F|  |TAMS 0x0000000702000000, 0x0000000702000000| Untracked 
|  21|0x0000000702100000, 0x0000000702100000, 0x0000000702200000|  0%| F|  |TAMS 0x0000000702100000, 0x0000000702100000| Untracked 
|  22|0x0000000702200000, 0x0000000702200000, 0x0000000702300000|  0%| F|  |TAMS 0x0000000702200000, 0x0000000702200000| Untracked 
|  23|0x0000000702300000, 0x0000000702300000, 0x0000000702400000|  0%| F|  |TAMS 0x0000000702300000, 0x0000000702300000| Untracked 
|  24|0x0000000702400000, 0x0000000702400000, 0x0000000702500000|  0%| F|  |TAMS 0x0000000702400000, 0x0000000702400000| Untracked 
|  25|0x0000000702500000, 0x0000000702500000, 0x0000000702600000|  0%| F|  |TAMS 0x0000000702500000, 0x0000000702500000| Untracked 
|  26|0x0000000702600000, 0x0000000702600000, 0x0000000702700000|  0%| F|  |TAMS 0x0000000702600000, 0x0000000702600000| Untracked 
|  27|0x0000000702700000, 0x0000000702700000, 0x0000000702800000|  0%| F|  |TAMS 0x0000000702700000, 0x0000000702700000| Untracked 
|  28|0x0000000702800000, 0x0000000702800000, 0x0000000702900000|  0%| F|  |TAMS 0x0000000702800000, 0x0000000702800000| Untracked 
|  29|0x0000000702900000, 0x0000000702900000, 0x0000000702a00000|  0%| F|  |TAMS 0x0000000702900000, 0x0000000702900000| Untracked 
|  30|0x0000000702a00000, 0x0000000702a00000, 0x0000000702b00000|  0%| F|  |TAMS 0x0000000702a00000, 0x0000000702a00000| Untracked 
|  31|0x0000000702b00000, 0x0000000702b00000, 0x0000000702c00000|  0%| F|  |TAMS 0x0000000702b00000, 0x0000000702b00000| Untracked 
|  32|0x0000000702c00000, 0x0000000702c00000, 0x0000000702d00000|  0%| F|  |TAMS 0x0000000702c00000, 0x0000000702c00000| Untracked 
|  33|0x0000000702d00000, 0x0000000702d00000, 0x0000000702e00000|  0%| F|  |TAMS 0x0000000702d00000, 0x0000000702d00000| Untracked 
|  34|0x0000000702e00000, 0x0000000702e00000, 0x0000000702f00000|  0%| F|  |TAMS 0x0000000702e00000, 0x0000000702e00000| Untracked 
|  35|0x0000000702f00000, 0x0000000702f00000, 0x0000000703000000|  0%| F|  |TAMS 0x0000000702f00000, 0x0000000702f00000| Untracked 
|  36|0x0000000703000000, 0x0000000703000000, 0x0000000703100000|  0%| F|  |TAMS 0x0000000703000000, 0x0000000703000000| Untracked 
|  37|0x0000000703100000, 0x0000000703100000, 0x0000000703200000|  0%| F|  |TAMS 0x0000000703100000, 0x0000000703100000| Untracked 
|  38|0x0000000703200000, 0x0000000703200000, 0x0000000703300000|  0%| F|  |TAMS 0x0000000703200000, 0x0000000703200000| Untracked 
|  39|0x0000000703300000, 0x0000000703300000, 0x0000000703400000|  0%| F|  |TAMS 0x0000000703300000, 0x0000000703300000| Untracked 
|  40|0x0000000703400000, 0x0000000703400000, 0x0000000703500000|  0%| F|  |TAMS 0x0000000703400000, 0x0000000703400000| Untracked 
|  41|0x0000000703500000, 0x0000000703500000, 0x0000000703600000|  0%| F|  |TAMS 0x0000000703500000, 0x0000000703500000| Untracked 
|  42|0x0000000703600000, 0x0000000703600000, 0x0000000703700000|  0%| F|  |TAMS 0x0000000703600000, 0x0000000703600000| Untracked 
|  43|0x0000000703700000, 0x0000000703700000, 0x0000000703800000|  0%| F|  |TAMS 0x0000000703700000, 0x0000000703700000| Untracked 
|  44|0x0000000703800000, 0x0000000703800000, 0x0000000703900000|  0%| F|  |TAMS 0x0000000703800000, 0x0000000703800000| Untracked 
|  45|0x0000000703900000, 0x0000000703900000, 0x0000000703a00000|  0%| F|  |TAMS 0x0000000703900000, 0x0000000703900000| Untracked 
|  46|0x0000000703a00000, 0x0000000703a00000, 0x0000000703b00000|  0%| F|  |TAMS 0x0000000703a00000, 0x0000000703a00000| Untracked 
|  47|0x0000000703b00000, 0x0000000703b00000, 0x0000000703c00000|  0%| F|  |TAMS 0x0000000703b00000, 0x0000000703b00000| Untracked 
|  48|0x0000000703c00000, 0x0000000703c00000, 0x0000000703d00000|  0%| F|  |TAMS 0x0000000703c00000, 0x0000000703c00000| Untracked 
|  49|0x0000000703d00000, 0x0000000703d00000, 0x0000000703e00000|  0%| F|  |TAMS 0x0000000703d00000, 0x0000000703d00000| Untracked 
|  50|0x0000000703e00000, 0x0000000703e00000, 0x0000000703f00000|  0%| F|  |TAMS 0x0000000703e00000, 0x0000000703e00000| Untracked 
|  51|0x0000000703f00000, 0x0000000703f00000, 0x0000000704000000|  0%| F|  |TAMS 0x0000000703f00000, 0x0000000703f00000| Untracked 
|  52|0x0000000704000000, 0x0000000704000000, 0x0000000704100000|  0%| F|  |TAMS 0x0000000704000000, 0x0000000704000000| Untracked 
|  53|0x0000000704100000, 0x0000000704100000, 0x0000000704200000|  0%| F|  |TAMS 0x0000000704100000, 0x0000000704100000| Untracked 
|  54|0x0000000704200000, 0x0000000704200000, 0x0000000704300000|  0%| F|  |TAMS 0x0000000704200000, 0x0000000704200000| Untracked 
|  55|0x0000000704300000, 0x0000000704300000, 0x0000000704400000|  0%| F|  |TAMS 0x0000000704300000, 0x0000000704300000| Untracked 
|  56|0x0000000704400000, 0x0000000704400000, 0x0000000704500000|  0%| F|  |TAMS 0x0000000704400000, 0x0000000704400000| Untracked 
|  57|0x0000000704500000, 0x0000000704500000, 0x0000000704600000|  0%| F|  |TAMS 0x0000000704500000, 0x0000000704500000| Untracked 
|  58|0x0000000704600000, 0x0000000704600000, 0x0000000704700000|  0%| F|  |TAMS 0x0000000704600000, 0x0000000704600000| Untracked 
|  59|0x0000000704700000, 0x0000000704700000, 0x0000000704800000|  0%| F|  |TAMS 0x0000000704700000, 0x0000000704700000| Untracked 
|  60|0x0000000704800000, 0x0000000704800000, 0x0000000704900000|  0%| F|  |TAMS 0x0000000704800000, 0x0000000704800000| Untracked 
|  61|0x0000000704900000, 0x0000000704900000, 0x0000000704a00000|  0%| F|  |TAMS 0x0000000704900000, 0x0000000704900000| Untracked 
|  62|0x0000000704a00000, 0x0000000704a00000, 0x0000000704b00000|  0%| F|  |TAMS 0x0000000704a00000, 0x0000000704a00000| Untracked 
|  63|0x0000000704b00000, 0x0000000704b00000, 0x0000000704c00000|  0%| F|  |TAMS 0x0000000704b00000, 0x0000000704b00000| Untracked 
|  64|0x0000000704c00000, 0x0000000704c00000, 0x0000000704d00000|  0%| F|  |TAMS 0x0000000704c00000, 0x0000000704c00000| Untracked 
|  65|0x0000000704d00000, 0x0000000704d00000, 0x0000000704e00000|  0%| F|  |TAMS 0x0000000704d00000, 0x0000000704d00000| Untracked 
|  66|0x0000000704e00000, 0x0000000704e00000, 0x0000000704f00000|  0%| F|  |TAMS 0x0000000704e00000, 0x0000000704e00000| Untracked 
|  67|0x0000000704f00000, 0x0000000704f00000, 0x0000000705000000|  0%| F|  |TAMS 0x0000000704f00000, 0x0000000704f00000| Untracked 
|  68|0x0000000705000000, 0x0000000705000000, 0x0000000705100000|  0%| F|  |TAMS 0x0000000705000000, 0x0000000705000000| Untracked 
|  69|0x0000000705100000, 0x0000000705100000, 0x0000000705200000|  0%| F|  |TAMS 0x0000000705100000, 0x0000000705100000| Untracked 
|  70|0x0000000705200000, 0x0000000705200000, 0x0000000705300000|  0%| F|  |TAMS 0x0000000705200000, 0x0000000705200000| Untracked 
|  71|0x0000000705300000, 0x0000000705300000, 0x0000000705400000|  0%| F|  |TAMS 0x0000000705300000, 0x0000000705300000| Untracked 
|  72|0x0000000705400000, 0x0000000705400000, 0x0000000705500000|  0%| F|  |TAMS 0x0000000705400000, 0x0000000705400000| Untracked 
|  73|0x0000000705500000, 0x0000000705500000, 0x0000000705600000|  0%| F|  |TAMS 0x0000000705500000, 0x0000000705500000| Untracked 
|  74|0x0000000705600000, 0x0000000705600000, 0x0000000705700000|  0%| F|  |TAMS 0x0000000705600000, 0x0000000705600000| Untracked 
|  75|0x0000000705700000, 0x0000000705700000, 0x0000000705800000|  0%| F|  |TAMS 0x0000000705700000, 0x0000000705700000| Untracked 
|  76|0x0000000705800000, 0x0000000705800000, 0x0000000705900000|  0%| F|  |TAMS 0x0000000705800000, 0x0000000705800000| Untracked 
|  77|0x0000000705900000, 0x0000000705900000, 0x0000000705a00000|  0%| F|  |TAMS 0x0000000705900000, 0x0000000705900000| Untracked 
|  78|0x0000000705a00000, 0x0000000705a00000, 0x0000000705b00000|  0%| F|  |TAMS 0x0000000705a00000, 0x0000000705a00000| Untracked 
|  79|0x0000000705b00000, 0x0000000705b00000, 0x0000000705c00000|  0%| F|  |TAMS 0x0000000705b00000, 0x0000000705b00000| Untracked 
|  80|0x0000000705c00000, 0x0000000705c00000, 0x0000000705d00000|  0%| F|  |TAMS 0x0000000705c00000, 0x0000000705c00000| Untracked 
|  81|0x0000000705d00000, 0x0000000705d00000, 0x0000000705e00000|  0%| F|  |TAMS 0x0000000705d00000, 0x0000000705d00000| Untracked 
|  82|0x0000000705e00000, 0x0000000705e00000, 0x0000000705f00000|  0%| F|  |TAMS 0x0000000705e00000, 0x0000000705e00000| Untracked 
|  83|0x0000000705f00000, 0x0000000705f00000, 0x0000000706000000|  0%| F|  |TAMS 0x0000000705f00000, 0x0000000705f00000| Untracked 
|  84|0x0000000706000000, 0x0000000706000000, 0x0000000706100000|  0%| F|  |TAMS 0x0000000706000000, 0x0000000706000000| Untracked 
|  85|0x0000000706100000, 0x0000000706100000, 0x0000000706200000|  0%| F|  |TAMS 0x0000000706100000, 0x0000000706100000| Untracked 
|  86|0x0000000706200000, 0x0000000706200000, 0x0000000706300000|  0%| F|  |TAMS 0x0000000706200000, 0x0000000706200000| Untracked 
|  87|0x0000000706300000, 0x0000000706300000, 0x0000000706400000|  0%| F|  |TAMS 0x0000000706300000, 0x0000000706300000| Untracked 
|  88|0x0000000706400000, 0x0000000706400000, 0x0000000706500000|  0%| F|  |TAMS 0x0000000706400000, 0x0000000706400000| Untracked 
|  89|0x0000000706500000, 0x0000000706500000, 0x0000000706600000|  0%| F|  |TAMS 0x0000000706500000, 0x0000000706500000| Untracked 
|  90|0x0000000706600000, 0x0000000706600000, 0x0000000706700000|  0%| F|  |TAMS 0x0000000706600000, 0x0000000706600000| Untracked 
|  91|0x0000000706700000, 0x0000000706700000, 0x0000000706800000|  0%| F|  |TAMS 0x0000000706700000, 0x0000000706700000| Untracked 
|  92|0x0000000706800000, 0x0000000706800000, 0x0000000706900000|  0%| F|  |TAMS 0x0000000706800000, 0x0000000706800000| Untracked 
|  93|0x0000000706900000, 0x0000000706900000, 0x0000000706a00000|  0%| F|  |TAMS 0x0000000706900000, 0x0000000706900000| Untracked 
|  94|0x0000000706a00000, 0x0000000706a00000, 0x0000000706b00000|  0%| F|  |TAMS 0x0000000706a00000, 0x0000000706a00000| Untracked 
|  95|0x0000000706b00000, 0x0000000706b00000, 0x0000000706c00000|  0%| F|  |TAMS 0x0000000706b00000, 0x0000000706b00000| Untracked 
|  96|0x0000000706c00000, 0x0000000706c00000, 0x0000000706d00000|  0%| F|  |TAMS 0x0000000706c00000, 0x0000000706c00000| Untracked 
|  97|0x0000000706d00000, 0x0000000706d00000, 0x0000000706e00000|  0%| F|  |TAMS 0x0000000706d00000, 0x0000000706d00000| Untracked 
|  98|0x0000000706e00000, 0x0000000706e00000, 0x0000000706f00000|  0%| F|  |TAMS 0x0000000706e00000, 0x0000000706e00000| Untracked 
|  99|0x0000000706f00000, 0x0000000706f00000, 0x0000000707000000|  0%| F|  |TAMS 0x0000000706f00000, 0x0000000706f00000| Untracked 
| 100|0x0000000707000000, 0x0000000707000000, 0x0000000707100000|  0%| F|  |TAMS 0x0000000707000000, 0x0000000707000000| Untracked 
| 101|0x0000000707100000, 0x0000000707100000, 0x0000000707200000|  0%| F|  |TAMS 0x0000000707100000, 0x0000000707100000| Untracked 
| 102|0x0000000707200000, 0x0000000707200000, 0x0000000707300000|  0%| F|  |TAMS 0x0000000707200000, 0x0000000707200000| Untracked 
| 103|0x0000000707300000, 0x0000000707300000, 0x0000000707400000|  0%| F|  |TAMS 0x0000000707300000, 0x0000000707300000| Untracked 
| 104|0x0000000707400000, 0x0000000707400000, 0x0000000707500000|  0%| F|  |TAMS 0x0000000707400000, 0x0000000707400000| Untracked 
| 105|0x0000000707500000, 0x0000000707500000, 0x0000000707600000|  0%| F|  |TAMS 0x0000000707500000, 0x0000000707500000| Untracked 
| 106|0x0000000707600000, 0x0000000707600000, 0x0000000707700000|  0%| F|  |TAMS 0x0000000707600000, 0x0000000707600000| Untracked 
| 107|0x0000000707700000, 0x0000000707700000, 0x0000000707800000|  0%| F|  |TAMS 0x0000000707700000, 0x0000000707700000| Untracked 
| 108|0x0000000707800000, 0x0000000707800000, 0x0000000707900000|  0%| F|  |TAMS 0x0000000707800000, 0x0000000707800000| Untracked 
| 109|0x0000000707900000, 0x0000000707900000, 0x0000000707a00000|  0%| F|  |TAMS 0x0000000707900000, 0x0000000707900000| Untracked 
| 110|0x0000000707a00000, 0x0000000707a00000, 0x0000000707b00000|  0%| F|  |TAMS 0x0000000707a00000, 0x0000000707a00000| Untracked 
| 111|0x0000000707b00000, 0x0000000707b00000, 0x0000000707c00000|  0%| F|  |TAMS 0x0000000707b00000, 0x0000000707b00000| Untracked 
| 112|0x0000000707c00000, 0x0000000707c00000, 0x0000000707d00000|  0%| F|  |TAMS 0x0000000707c00000, 0x0000000707c00000| Untracked 
| 113|0x0000000707d00000, 0x0000000707d00000, 0x0000000707e00000|  0%| F|  |TAMS 0x0000000707d00000, 0x0000000707d00000| Untracked 
| 114|0x0000000707e00000, 0x0000000707e00000, 0x0000000707f00000|  0%| F|  |TAMS 0x0000000707e00000, 0x0000000707e00000| Untracked 
| 115|0x0000000707f00000, 0x0000000707f00000, 0x0000000708000000|  0%| F|  |TAMS 0x0000000707f00000, 0x0000000707f00000| Untracked 
| 116|0x0000000708000000, 0x0000000708000000, 0x0000000708100000|  0%| F|  |TAMS 0x0000000708000000, 0x0000000708000000| Untracked 
| 117|0x0000000708100000, 0x0000000708100000, 0x0000000708200000|  0%| F|  |TAMS 0x0000000708100000, 0x0000000708100000| Untracked 
| 118|0x0000000708200000, 0x0000000708200000, 0x0000000708300000|  0%| F|  |TAMS 0x0000000708200000, 0x0000000708200000| Untracked 
| 119|0x0000000708300000, 0x0000000708300000, 0x0000000708400000|  0%| F|  |TAMS 0x0000000708300000, 0x0000000708300000| Untracked 
| 120|0x0000000708400000, 0x0000000708400000, 0x0000000708500000|  0%| F|  |TAMS 0x0000000708400000, 0x0000000708400000| Untracked 
| 121|0x0000000708500000, 0x0000000708500000, 0x0000000708600000|  0%| F|  |TAMS 0x0000000708500000, 0x0000000708500000| Untracked 
| 122|0x0000000708600000, 0x0000000708600000, 0x0000000708700000|  0%| F|  |TAMS 0x0000000708600000, 0x0000000708600000| Untracked 
| 123|0x0000000708700000, 0x0000000708700000, 0x0000000708800000|  0%| F|  |TAMS 0x0000000708700000, 0x0000000708700000| Untracked 
| 124|0x0000000708800000, 0x0000000708800000, 0x0000000708900000|  0%| F|  |TAMS 0x0000000708800000, 0x0000000708800000| Untracked 
| 125|0x0000000708900000, 0x0000000708900000, 0x0000000708a00000|  0%| F|  |TAMS 0x0000000708900000, 0x0000000708900000| Untracked 
| 126|0x0000000708a00000, 0x0000000708a00000, 0x0000000708b00000|  0%| F|  |TAMS 0x0000000708a00000, 0x0000000708a00000| Untracked 
| 127|0x0000000708b00000, 0x0000000708b00000, 0x0000000708c00000|  0%| F|  |TAMS 0x0000000708b00000, 0x0000000708b00000| Untracked 
| 128|0x0000000708c00000, 0x0000000708c00000, 0x0000000708d00000|  0%| F|  |TAMS 0x0000000708c00000, 0x0000000708c00000| Untracked 
| 129|0x0000000708d00000, 0x0000000708d00000, 0x0000000708e00000|  0%| F|  |TAMS 0x0000000708d00000, 0x0000000708d00000| Untracked 
| 130|0x0000000708e00000, 0x0000000708e00000, 0x0000000708f00000|  0%| F|  |TAMS 0x0000000708e00000, 0x0000000708e00000| Untracked 
| 131|0x0000000708f00000, 0x0000000708f00000, 0x0000000709000000|  0%| F|  |TAMS 0x0000000708f00000, 0x0000000708f00000| Untracked 
| 132|0x0000000709000000, 0x0000000709000000, 0x0000000709100000|  0%| F|  |TAMS 0x0000000709000000, 0x0000000709000000| Untracked 
| 133|0x0000000709100000, 0x0000000709100000, 0x0000000709200000|  0%| F|  |TAMS 0x0000000709100000, 0x0000000709100000| Untracked 
| 134|0x0000000709200000, 0x0000000709200000, 0x0000000709300000|  0%| F|  |TAMS 0x0000000709200000, 0x0000000709200000| Untracked 
| 135|0x0000000709300000, 0x0000000709300000, 0x0000000709400000|  0%| F|  |TAMS 0x0000000709300000, 0x0000000709300000| Untracked 
| 136|0x0000000709400000, 0x0000000709400000, 0x0000000709500000|  0%| F|  |TAMS 0x0000000709400000, 0x0000000709400000| Untracked 
| 137|0x0000000709500000, 0x0000000709500000, 0x0000000709600000|  0%| F|  |TAMS 0x0000000709500000, 0x0000000709500000| Untracked 
| 138|0x0000000709600000, 0x0000000709600000, 0x0000000709700000|  0%| F|  |TAMS 0x0000000709600000, 0x0000000709600000| Untracked 
| 139|0x0000000709700000, 0x0000000709700000, 0x0000000709800000|  0%| F|  |TAMS 0x0000000709700000, 0x0000000709700000| Untracked 
| 140|0x0000000709800000, 0x0000000709800000, 0x0000000709900000|  0%| F|  |TAMS 0x0000000709800000, 0x0000000709800000| Untracked 
| 141|0x0000000709900000, 0x0000000709900000, 0x0000000709a00000|  0%| F|  |TAMS 0x0000000709900000, 0x0000000709900000| Untracked 
| 142|0x0000000709a00000, 0x0000000709a00000, 0x0000000709b00000|  0%| F|  |TAMS 0x0000000709a00000, 0x0000000709a00000| Untracked 
| 143|0x0000000709b00000, 0x0000000709b00000, 0x0000000709c00000|  0%| F|  |TAMS 0x0000000709b00000, 0x0000000709b00000| Untracked 
| 144|0x0000000709c00000, 0x0000000709c00000, 0x0000000709d00000|  0%| F|  |TAMS 0x0000000709c00000, 0x0000000709c00000| Untracked 
| 145|0x0000000709d00000, 0x0000000709d00000, 0x0000000709e00000|  0%| F|  |TAMS 0x0000000709d00000, 0x0000000709d00000| Untracked 
| 146|0x0000000709e00000, 0x0000000709e00000, 0x0000000709f00000|  0%| F|  |TAMS 0x0000000709e00000, 0x0000000709e00000| Untracked 
| 147|0x0000000709f00000, 0x0000000709f00000, 0x000000070a000000|  0%| F|  |TAMS 0x0000000709f00000, 0x0000000709f00000| Untracked 
| 148|0x000000070a000000, 0x000000070a000000, 0x000000070a100000|  0%| F|  |TAMS 0x000000070a000000, 0x000000070a000000| Untracked 
| 149|0x000000070a100000, 0x000000070a100000, 0x000000070a200000|  0%| F|  |TAMS 0x000000070a100000, 0x000000070a100000| Untracked 
| 150|0x000000070a200000, 0x000000070a200000, 0x000000070a300000|  0%| F|  |TAMS 0x000000070a200000, 0x000000070a200000| Untracked 
| 151|0x000000070a300000, 0x000000070a300000, 0x000000070a400000|  0%| F|  |TAMS 0x000000070a300000, 0x000000070a300000| Untracked 
| 152|0x000000070a400000, 0x000000070a400000, 0x000000070a500000|  0%| F|  |TAMS 0x000000070a400000, 0x000000070a400000| Untracked 
| 153|0x000000070a500000, 0x000000070a500000, 0x000000070a600000|  0%| F|  |TAMS 0x000000070a500000, 0x000000070a500000| Untracked 
| 154|0x000000070a600000, 0x000000070a600000, 0x000000070a700000|  0%| F|  |TAMS 0x000000070a600000, 0x000000070a600000| Untracked 
| 155|0x000000070a700000, 0x000000070a700000, 0x000000070a800000|  0%| F|  |TAMS 0x000000070a700000, 0x000000070a700000| Untracked 
| 156|0x000000070a800000, 0x000000070a800000, 0x000000070a900000|  0%| F|  |TAMS 0x000000070a800000, 0x000000070a800000| Untracked 
| 157|0x000000070a900000, 0x000000070a900000, 0x000000070aa00000|  0%| F|  |TAMS 0x000000070a900000, 0x000000070a900000| Untracked 
| 158|0x000000070aa00000, 0x000000070aa00000, 0x000000070ab00000|  0%| F|  |TAMS 0x000000070aa00000, 0x000000070aa00000| Untracked 
| 159|0x000000070ab00000, 0x000000070ab00000, 0x000000070ac00000|  0%| F|  |TAMS 0x000000070ab00000, 0x000000070ab00000| Untracked 
| 160|0x000000070ac00000, 0x000000070ac00000, 0x000000070ad00000|  0%| F|  |TAMS 0x000000070ac00000, 0x000000070ac00000| Untracked 
| 161|0x000000070ad00000, 0x000000070ad00000, 0x000000070ae00000|  0%| F|  |TAMS 0x000000070ad00000, 0x000000070ad00000| Untracked 
| 162|0x000000070ae00000, 0x000000070ae00000, 0x000000070af00000|  0%| F|  |TAMS 0x000000070ae00000, 0x000000070ae00000| Untracked 
| 163|0x000000070af00000, 0x000000070af00000, 0x000000070b000000|  0%| F|  |TAMS 0x000000070af00000, 0x000000070af00000| Untracked 
| 164|0x000000070b000000, 0x000000070b000000, 0x000000070b100000|  0%| F|  |TAMS 0x000000070b000000, 0x000000070b000000| Untracked 
| 165|0x000000070b100000, 0x000000070b100000, 0x000000070b200000|  0%| F|  |TAMS 0x000000070b100000, 0x000000070b100000| Untracked 
| 166|0x000000070b200000, 0x000000070b200000, 0x000000070b300000|  0%| F|  |TAMS 0x000000070b200000, 0x000000070b200000| Untracked 
| 167|0x000000070b300000, 0x000000070b300000, 0x000000070b400000|  0%| F|  |TAMS 0x000000070b300000, 0x000000070b300000| Untracked 
| 168|0x000000070b400000, 0x000000070b400000, 0x000000070b500000|  0%| F|  |TAMS 0x000000070b400000, 0x000000070b400000| Untracked 
| 169|0x000000070b500000, 0x000000070b500000, 0x000000070b600000|  0%| F|  |TAMS 0x000000070b500000, 0x000000070b500000| Untracked 
| 170|0x000000070b600000, 0x000000070b600000, 0x000000070b700000|  0%| F|  |TAMS 0x000000070b600000, 0x000000070b600000| Untracked 
| 171|0x000000070b700000, 0x000000070b700000, 0x000000070b800000|  0%| F|  |TAMS 0x000000070b700000, 0x000000070b700000| Untracked 
| 172|0x000000070b800000, 0x000000070b800000, 0x000000070b900000|  0%| F|  |TAMS 0x000000070b800000, 0x000000070b800000| Untracked 
| 173|0x000000070b900000, 0x000000070b900000, 0x000000070ba00000|  0%| F|  |TAMS 0x000000070b900000, 0x000000070b900000| Untracked 
| 174|0x000000070ba00000, 0x000000070ba00000, 0x000000070bb00000|  0%| F|  |TAMS 0x000000070ba00000, 0x000000070ba00000| Untracked 
| 175|0x000000070bb00000, 0x000000070bb00000, 0x000000070bc00000|  0%| F|  |TAMS 0x000000070bb00000, 0x000000070bb00000| Untracked 
| 176|0x000000070bc00000, 0x000000070bc00000, 0x000000070bd00000|  0%| F|  |TAMS 0x000000070bc00000, 0x000000070bc00000| Untracked 
| 177|0x000000070bd00000, 0x000000070bd00000, 0x000000070be00000|  0%| F|  |TAMS 0x000000070bd00000, 0x000000070bd00000| Untracked 
| 178|0x000000070be00000, 0x000000070be00000, 0x000000070bf00000|  0%| F|  |TAMS 0x000000070be00000, 0x000000070be00000| Untracked 
| 179|0x000000070bf00000, 0x000000070bf00000, 0x000000070c000000|  0%| F|  |TAMS 0x000000070bf00000, 0x000000070bf00000| Untracked 
| 180|0x000000070c000000, 0x000000070c000000, 0x000000070c100000|  0%| F|  |TAMS 0x000000070c000000, 0x000000070c000000| Untracked 
| 181|0x000000070c100000, 0x000000070c100000, 0x000000070c200000|  0%| F|  |TAMS 0x000000070c100000, 0x000000070c100000| Untracked 
| 182|0x000000070c200000, 0x000000070c200000, 0x000000070c300000|  0%| F|  |TAMS 0x000000070c200000, 0x000000070c200000| Untracked 
| 183|0x000000070c300000, 0x000000070c300000, 0x000000070c400000|  0%| F|  |TAMS 0x000000070c300000, 0x000000070c300000| Untracked 
| 184|0x000000070c400000, 0x000000070c400000, 0x000000070c500000|  0%| F|  |TAMS 0x000000070c400000, 0x000000070c400000| Untracked 
| 185|0x000000070c500000, 0x000000070c500000, 0x000000070c600000|  0%| F|  |TAMS 0x000000070c500000, 0x000000070c500000| Untracked 
| 186|0x000000070c600000, 0x000000070c600000, 0x000000070c700000|  0%| F|  |TAMS 0x000000070c600000, 0x000000070c600000| Untracked 
| 187|0x000000070c700000, 0x000000070c700000, 0x000000070c800000|  0%| F|  |TAMS 0x000000070c700000, 0x000000070c700000| Untracked 
| 188|0x000000070c800000, 0x000000070c800000, 0x000000070c900000|  0%| F|  |TAMS 0x000000070c800000, 0x000000070c800000| Untracked 
| 189|0x000000070c900000, 0x000000070c900000, 0x000000070ca00000|  0%| F|  |TAMS 0x000000070c900000, 0x000000070c900000| Untracked 
| 190|0x000000070ca00000, 0x000000070ca00000, 0x000000070cb00000|  0%| F|  |TAMS 0x000000070ca00000, 0x000000070ca00000| Untracked 
| 191|0x000000070cb00000, 0x000000070cb00000, 0x000000070cc00000|  0%| F|  |TAMS 0x000000070cb00000, 0x000000070cb00000| Untracked 
| 192|0x000000070cc00000, 0x000000070cc00000, 0x000000070cd00000|  0%| F|  |TAMS 0x000000070cc00000, 0x000000070cc00000| Untracked 
| 193|0x000000070cd00000, 0x000000070cd00000, 0x000000070ce00000|  0%| F|  |TAMS 0x000000070cd00000, 0x000000070cd00000| Untracked 
| 194|0x000000070ce00000, 0x000000070ce00000, 0x000000070cf00000|  0%| F|  |TAMS 0x000000070ce00000, 0x000000070ce00000| Untracked 
| 195|0x000000070cf00000, 0x000000070cf00000, 0x000000070d000000|  0%| F|  |TAMS 0x000000070cf00000, 0x000000070cf00000| Untracked 
| 196|0x000000070d000000, 0x000000070d000000, 0x000000070d100000|  0%| F|  |TAMS 0x000000070d000000, 0x000000070d000000| Untracked 
| 197|0x000000070d100000, 0x000000070d100000, 0x000000070d200000|  0%| F|  |TAMS 0x000000070d100000, 0x000000070d100000| Untracked 
| 198|0x000000070d200000, 0x000000070d200000, 0x000000070d300000|  0%| F|  |TAMS 0x000000070d200000, 0x000000070d200000| Untracked 
| 199|0x000000070d300000, 0x000000070d300000, 0x000000070d400000|  0%| F|  |TAMS 0x000000070d300000, 0x000000070d300000| Untracked 
| 200|0x000000070d400000, 0x000000070d400000, 0x000000070d500000|  0%| F|  |TAMS 0x000000070d400000, 0x000000070d400000| Untracked 
| 201|0x000000070d500000, 0x000000070d500000, 0x000000070d600000|  0%| F|  |TAMS 0x000000070d500000, 0x000000070d500000| Untracked 
| 202|0x000000070d600000, 0x000000070d600000, 0x000000070d700000|  0%| F|  |TAMS 0x000000070d600000, 0x000000070d600000| Untracked 
| 203|0x000000070d700000, 0x000000070d700000, 0x000000070d800000|  0%| F|  |TAMS 0x000000070d700000, 0x000000070d700000| Untracked 
| 204|0x000000070d800000, 0x000000070d800000, 0x000000070d900000|  0%| F|  |TAMS 0x000000070d800000, 0x000000070d800000| Untracked 
| 205|0x000000070d900000, 0x000000070d900000, 0x000000070da00000|  0%| F|  |TAMS 0x000000070d900000, 0x000000070d900000| Untracked 
| 206|0x000000070da00000, 0x000000070da00000, 0x000000070db00000|  0%| F|  |TAMS 0x000000070da00000, 0x000000070da00000| Untracked 
| 207|0x000000070db00000, 0x000000070db00000, 0x000000070dc00000|  0%| F|  |TAMS 0x000000070db00000, 0x000000070db00000| Untracked 
| 208|0x000000070dc00000, 0x000000070dc00000, 0x000000070dd00000|  0%| F|  |TAMS 0x000000070dc00000, 0x000000070dc00000| Untracked 
| 209|0x000000070dd00000, 0x000000070dd00000, 0x000000070de00000|  0%| F|  |TAMS 0x000000070dd00000, 0x000000070dd00000| Untracked 
| 210|0x000000070de00000, 0x000000070de00000, 0x000000070df00000|  0%| F|  |TAMS 0x000000070de00000, 0x000000070de00000| Untracked 
| 211|0x000000070df00000, 0x000000070df00000, 0x000000070e000000|  0%| F|  |TAMS 0x000000070df00000, 0x000000070df00000| Untracked 
| 212|0x000000070e000000, 0x000000070e000000, 0x000000070e100000|  0%| F|  |TAMS 0x000000070e000000, 0x000000070e000000| Untracked 
| 213|0x000000070e100000, 0x000000070e100000, 0x000000070e200000|  0%| F|  |TAMS 0x000000070e100000, 0x000000070e100000| Untracked 
| 214|0x000000070e200000, 0x000000070e200000, 0x000000070e300000|  0%| F|  |TAMS 0x000000070e200000, 0x000000070e200000| Untracked 
| 215|0x000000070e300000, 0x000000070e300000, 0x000000070e400000|  0%| F|  |TAMS 0x000000070e300000, 0x000000070e300000| Untracked 
| 216|0x000000070e400000, 0x000000070e400000, 0x000000070e500000|  0%| F|  |TAMS 0x000000070e400000, 0x000000070e400000| Untracked 
| 217|0x000000070e500000, 0x000000070e500000, 0x000000070e600000|  0%| F|  |TAMS 0x000000070e500000, 0x000000070e500000| Untracked 
| 218|0x000000070e600000, 0x000000070e600000, 0x000000070e700000|  0%| F|  |TAMS 0x000000070e600000, 0x000000070e600000| Untracked 
| 219|0x000000070e700000, 0x000000070e700000, 0x000000070e800000|  0%| F|  |TAMS 0x000000070e700000, 0x000000070e700000| Untracked 
| 220|0x000000070e800000, 0x000000070e800000, 0x000000070e900000|  0%| F|  |TAMS 0x000000070e800000, 0x000000070e800000| Untracked 
| 221|0x000000070e900000, 0x000000070e900000, 0x000000070ea00000|  0%| F|  |TAMS 0x000000070e900000, 0x000000070e900000| Untracked 
| 222|0x000000070ea00000, 0x000000070ea00000, 0x000000070eb00000|  0%| F|  |TAMS 0x000000070ea00000, 0x000000070ea00000| Untracked 
| 223|0x000000070eb00000, 0x000000070eb00000, 0x000000070ec00000|  0%| F|  |TAMS 0x000000070eb00000, 0x000000070eb00000| Untracked 
| 224|0x000000070ec00000, 0x000000070ec00000, 0x000000070ed00000|  0%| F|  |TAMS 0x000000070ec00000, 0x000000070ec00000| Untracked 
| 225|0x000000070ed00000, 0x000000070ed00000, 0x000000070ee00000|  0%| F|  |TAMS 0x000000070ed00000, 0x000000070ed00000| Untracked 
| 226|0x000000070ee00000, 0x000000070ee00000, 0x000000070ef00000|  0%| F|  |TAMS 0x000000070ee00000, 0x000000070ee00000| Untracked 
| 227|0x000000070ef00000, 0x000000070ef00000, 0x000000070f000000|  0%| F|  |TAMS 0x000000070ef00000, 0x000000070ef00000| Untracked 
| 228|0x000000070f000000, 0x000000070f000000, 0x000000070f100000|  0%| F|  |TAMS 0x000000070f000000, 0x000000070f000000| Untracked 
| 229|0x000000070f100000, 0x000000070f100000, 0x000000070f200000|  0%| F|  |TAMS 0x000000070f100000, 0x000000070f100000| Untracked 
| 230|0x000000070f200000, 0x000000070f200000, 0x000000070f300000|  0%| F|  |TAMS 0x000000070f200000, 0x000000070f200000| Untracked 
| 231|0x000000070f300000, 0x000000070f300000, 0x000000070f400000|  0%| F|  |TAMS 0x000000070f300000, 0x000000070f300000| Untracked 
| 232|0x000000070f400000, 0x000000070f400000, 0x000000070f500000|  0%| F|  |TAMS 0x000000070f400000, 0x000000070f400000| Untracked 
| 233|0x000000070f500000, 0x000000070f500000, 0x000000070f600000|  0%| F|  |TAMS 0x000000070f500000, 0x000000070f500000| Untracked 
| 234|0x000000070f600000, 0x000000070f600000, 0x000000070f700000|  0%| F|  |TAMS 0x000000070f600000, 0x000000070f600000| Untracked 
| 235|0x000000070f700000, 0x000000070f700000, 0x000000070f800000|  0%| F|  |TAMS 0x000000070f700000, 0x000000070f700000| Untracked 
| 236|0x000000070f800000, 0x000000070f800000, 0x000000070f900000|  0%| F|  |TAMS 0x000000070f800000, 0x000000070f800000| Untracked 
| 237|0x000000070f900000, 0x000000070f900000, 0x000000070fa00000|  0%| F|  |TAMS 0x000000070f900000, 0x000000070f900000| Untracked 
| 238|0x000000070fa00000, 0x000000070fa00000, 0x000000070fb00000|  0%| F|  |TAMS 0x000000070fa00000, 0x000000070fa00000| Untracked 
| 239|0x000000070fb00000, 0x000000070fb71278, 0x000000070fc00000| 44%| E|  |TAMS 0x000000070fb00000, 0x000000070fb00000| Complete 
| 240|0x000000070fc00000, 0x000000070fd00000, 0x000000070fd00000|100%| E|CS|TAMS 0x000000070fc00000, 0x000000070fc00000| Complete 
| 241|0x000000070fd00000, 0x000000070fe00000, 0x000000070fe00000|100%| E|CS|TAMS 0x000000070fd00000, 0x000000070fd00000| Complete 
| 242|0x000000070fe00000, 0x000000070ff00000, 0x000000070ff00000|100%| E|CS|TAMS 0x000000070fe00000, 0x000000070fe00000| Complete 
| 243|0x000000070ff00000, 0x0000000710000000, 0x0000000710000000|100%| E|CS|TAMS 0x000000070ff00000, 0x000000070ff00000| Complete 
| 244|0x0000000710000000, 0x0000000710100000, 0x0000000710100000|100%| E|CS|TAMS 0x0000000710000000, 0x0000000710000000| Complete 
| 245|0x0000000710100000, 0x0000000710200000, 0x0000000710200000|100%| E|CS|TAMS 0x0000000710100000, 0x0000000710100000| Complete 
| 246|0x0000000710200000, 0x0000000710300000, 0x0000000710300000|100%| E|  |TAMS 0x0000000710200000, 0x0000000710200000| Complete 
| 247|0x0000000710300000, 0x0000000710400000, 0x0000000710400000|100%| E|CS|TAMS 0x0000000710300000, 0x0000000710300000| Complete 
| 248|0x0000000710400000, 0x0000000710500000, 0x0000000710500000|100%| E|CS|TAMS 0x0000000710400000, 0x0000000710400000| Complete 
| 249|0x0000000710500000, 0x0000000710600000, 0x0000000710600000|100%| E|CS|TAMS 0x0000000710500000, 0x0000000710500000| Complete 
| 250|0x0000000710600000, 0x0000000710700000, 0x0000000710700000|100%| E|CS|TAMS 0x0000000710600000, 0x0000000710600000| Complete 
| 251|0x0000000710700000, 0x0000000710800000, 0x0000000710800000|100%| E|CS|TAMS 0x0000000710700000, 0x0000000710700000| Complete 
| 252|0x0000000710800000, 0x0000000710900000, 0x0000000710900000|100%| E|CS|TAMS 0x0000000710800000, 0x0000000710800000| Complete 
| 253|0x0000000710900000, 0x0000000710a00000, 0x0000000710a00000|100%| E|CS|TAMS 0x0000000710900000, 0x0000000710900000| Complete 
| 254|0x0000000710a00000, 0x0000000710b00000, 0x0000000710b00000|100%| E|CS|TAMS 0x0000000710a00000, 0x0000000710a00000| Complete 
| 255|0x0000000710b00000, 0x0000000710c00000, 0x0000000710c00000|100%| E|CS|TAMS 0x0000000710b00000, 0x0000000710b00000| Complete 

Card table byte_map: [0x000001931c7b0000,0x000001931cfb0000] _byte_map_base: 0x0000019318faa000

Marking Bits (Prev, Next): (CMBitMap*) 0x00000193048fc0a8, (CMBitMap*) 0x00000193048fc0e8
 Prev Bits: [0x000001931d7b0000, 0x0000019321780000)
 Next Bits: [0x0000019321780000, 0x0000019325750000)

Polling page: 0x00000193026b0000

Metaspace:

Usage:
  Non-class:      8.85 MB capacity,     7.69 MB ( 87%) used,     1.14 MB ( 13%) free+waste,    14.31 KB ( <1%) overhead. 
      Class:    680.00 KB capacity,   525.52 KB ( 77%) used,   147.91 KB ( 22%) free+waste,     6.56 KB ( <1%) overhead. 
       Both:      9.51 MB capacity,     8.20 MB ( 86%) used,     1.29 MB ( 14%) free+waste,    20.88 KB ( <1%) overhead. 

Virtual space:
  Non-class space:       10.00 MB reserved,       9.00 MB ( 90%) committed 
      Class space:        1.00 GB reserved,     768.00 KB ( <1%) committed 
             Both:        1.01 GB reserved,       9.75 MB ( <1%) committed 

Chunk freelists:
   Non-Class:  30.00 KB
       Class:  0 bytes
        Both:  30.00 KB

MaxMetaspaceSize: 17179869184.00 GB
CompressedClassSpaceSize: 1.00 GB

CodeHeap 'non-profiled nmethods': size=120000Kb used=292Kb max_used=292Kb free=119707Kb
 bounds [0x0000019314860000, 0x0000019314ad0000, 0x000001931bd90000]
CodeHeap 'profiled nmethods': size=120000Kb used=1655Kb max_used=1655Kb free=118345Kb
 bounds [0x000001930d330000, 0x000001930d5a0000, 0x0000019314860000]
CodeHeap 'non-nmethods': size=5760Kb used=1767Kb max_used=1767Kb free=3992Kb
 bounds [0x000001930cd90000, 0x000001930d000000, 0x000001930d330000]
 total_blobs=2586 nmethods=921 adapters=1112
 compilation: enabled
              stopped_count=0, restarted_count=0
 full_count=0

Compilation events (20 events):
Event: 1.062 Thread 0x000001932a211000 nmethod 913 0x00000193148a7710 code [0x00000193148a78a0, 0x00000193148a7958]
Event: 1.062 Thread 0x000001932a211000  914       4       java.awt.image.BufferedImage::getWidth (8 bytes)
Event: 1.062 Thread 0x000001932894a800 nmethod 906 0x00000193148a7a10 code [0x00000193148a7ba0, 0x00000193148a7ed8]
Event: 1.062 Thread 0x000001932894a800  908       4       java.awt.image.ComponentColorModel::getAlpha (238 bytes)
Event: 1.062 Thread 0x000001932a211000 nmethod 914 0x00000193148a8110 code [0x00000193148a82a0, 0x00000193148a8338]
Event: 1.062 Thread 0x000001932894a800 nmethod 908 0x00000193148a8410 code [0x00000193148a85a0, 0x00000193148a8638]
Event: 1.063 Thread 0x000001932894a800  915       4       java.nio.ByteBuffer::position (8 bytes)
Event: 1.063 Thread 0x000001932894f800  916       3       sun.nio.cs.SingleByte$Encoder::encode (32 bytes)
Event: 1.063 Thread 0x000001932894f800 nmethod 916 0x000001930d4c9010 code [0x000001930d4c91c0, 0x000001930d4c93f8]
Event: 1.063 Thread 0x000001932894f800  917       3       java.lang.String::startsWith (138 bytes)
Event: 1.064 Thread 0x000001932894a800 nmethod 915 0x00000193148a8710 code [0x00000193148a88a0, 0x00000193148a8978]
Event: 1.064 Thread 0x000001932894f800 nmethod 917 0x000001930d4c9510 code [0x000001930d4c9720, 0x000001930d4c9fb8]
Event: 1.075 Thread 0x000001932894a800  918       4       java.util.concurrent.ConcurrentHashMap::get (162 bytes)
Event: 1.075 Thread 0x000001932894f800  919       3       java.io.WinNTFileSystem::normalize (143 bytes)
Event: 1.075 Thread 0x000001932894f800 nmethod 919 0x000001930d4ca290 code [0x000001930d4ca500, 0x000001930d4cb0e0]
Event: 1.077 Thread 0x000001932894a800 nmethod 918 0x00000193148a8a90 code [0x00000193148a8c40, 0x00000193148a8f38]
Event: 1.081 Thread 0x000001932894f800  920       3       jdk.internal.loader.URLClassPath::getResource (74 bytes)
Event: 1.081 Thread 0x000001932894f800 nmethod 920 0x000001930d4cb590 code [0x000001930d4cb760, 0x000001930d4cbb20]
Event: 1.081 Thread 0x000001932894f800  921       3       jdk.internal.loader.BuiltinClassLoader::defineClass (121 bytes)
Event: 1.081 Thread 0x000001932894f800 nmethod 921 0x000001930d4cbc90 code [0x000001930d4cbfc0, 0x000001930d4cd5f0]

GC Heap History (0 events):
No events

Deoptimization events (20 events):
Event: 0.668 Thread 0x0000019304890000 Uncommon trap: trap_request=0xffffff54 fr.pc=0x0000019314882188 relative=0x0000000000000068
Event: 0.668 Thread 0x0000019304890000 Uncommon trap: reason=speculate_null_assert action=make_not_entrant pc=0x0000019314882188 method=sun.misc.Unsafe.getLong(Ljava/lang/Object;J)J @ 5 c2
Event: 0.668 Thread 0x0000019304890000 DEOPT PACKING pc=0x0000019314882188 sp=0x00000058e88fef50
Event: 0.668 Thread 0x0000019304890000 DEOPT UNPACKING pc=0x000001930cdd912f sp=0x00000058e88feed8 mode 2
Event: 0.819 Thread 0x0000019304890000 Uncommon trap: trap_request=0xffffff54 fr.pc=0x0000019314882490 relative=0x0000000000000070
Event: 0.819 Thread 0x0000019304890000 Uncommon trap: reason=speculate_null_assert action=make_not_entrant pc=0x0000019314882490 method=sun.misc.Unsafe.putLong(Ljava/lang/Object;JJ)V @ 7 c2
Event: 0.819 Thread 0x0000019304890000 DEOPT PACKING pc=0x0000019314882490 sp=0x00000058e88ff0a0
Event: 0.819 Thread 0x0000019304890000 DEOPT UNPACKING pc=0x000001930cdd912f sp=0x00000058e88ff018 mode 2
Event: 0.899 Thread 0x0000019304890000 Uncommon trap: trap_request=0xffffff45 fr.pc=0x0000019314883e08 relative=0x0000000000001068
Event: 0.899 Thread 0x0000019304890000 Uncommon trap: reason=unstable_if action=reinterpret pc=0x0000019314883e08 method=java.util.LinkedHashMap.linkNodeLast(Ljava/util/LinkedHashMap$Entry;)V @ 11 c2
Event: 0.899 Thread 0x0000019304890000 DEOPT PACKING pc=0x0000019314883e08 sp=0x00000058e88fef10
Event: 0.899 Thread 0x0000019304890000 DEOPT UNPACKING pc=0x000001930cdd912f sp=0x00000058e88fedc0 mode 2
Event: 0.948 Thread 0x0000019304890000 Uncommon trap: trap_request=0xffffff45 fr.pc=0x0000019314885cf0 relative=0x00000000000001d0
Event: 0.948 Thread 0x0000019304890000 Uncommon trap: reason=unstable_if action=reinterpret pc=0x0000019314885cf0 method=java.lang.String.startsWith(Ljava/lang/String;I)Z @ 1 c2
Event: 0.948 Thread 0x0000019304890000 DEOPT PACKING pc=0x0000019314885cf0 sp=0x00000058e88fd3b0
Event: 0.948 Thread 0x0000019304890000 DEOPT UNPACKING pc=0x000001930cdd912f sp=0x00000058e88fd318 mode 2
Event: 1.036 Thread 0x0000019304890000 Uncommon trap: trap_request=0xffffff45 fr.pc=0x0000019314893aac relative=0x00000000000001ec
Event: 1.036 Thread 0x0000019304890000 Uncommon trap: reason=unstable_if action=reinterpret pc=0x0000019314893aac method=java.io.WinNTFileSystem.normalize(Ljava/lang/String;)Ljava/lang/String; @ 128 c2
Event: 1.036 Thread 0x0000019304890000 DEOPT PACKING pc=0x0000019314893aac sp=0x00000058e88fdce0
Event: 1.036 Thread 0x0000019304890000 DEOPT UNPACKING pc=0x000001930cdd912f sp=0x00000058e88fdc68 mode 2

Classes unloaded (0 events):
No events

Classes redefined (0 events):
No events

Internal exceptions (20 events):
Event: 0.092 Thread 0x0000019304890000 Exception <a 'java/lang/NoSuchMethodError'{0x0000000710984ae8}: 'void java.lang.invoke.DelegatingMethodHandle$Holder.delegate(java.lang.Object, java.lang.Object, int, java.lang.Object)'> (0x0000000710984ae8) 
thrown [t:/workspace/open/src/hotspot/share/interpreter/linkResolver.cpp, line 767]
Event: 0.092 Thread 0x0000019304890000 Exception <a 'java/lang/NoSuchMethodError'{0x000000071098b840}: 'java.lang.Object java.lang.invoke.DirectMethodHandle$Holder.invokeStaticInit(java.lang.Object, java.lang.Object, java.lang.Object)'> (0x000000071098b840) 
thrown [t:/workspace/open/src/hotspot/share/interpreter/linkResolver.cpp, line 767]
Event: 0.120 Thread 0x0000019304890000 Exception <a 'sun/nio/fs/WindowsException'{0x00000007109f3b78}> (0x00000007109f3b78) 
thrown [t:/workspace/open/src/hotspot/share/prims/jni.cpp, line 598]
Event: 0.121 Thread 0x0000019304890000 Exception <a 'sun/nio/fs/WindowsException'{0x00000007109f40c8}> (0x00000007109f40c8) 
thrown [t:/workspace/open/src/hotspot/share/prims/jni.cpp, line 598]
Event: 0.138 Thread 0x0000019304890000 Exception <a 'sun/nio/fs/WindowsException'{0x0000000710868558}> (0x0000000710868558) 
thrown [t:/workspace/open/src/hotspot/share/prims/jni.cpp, line 598]
Event: 0.138 Thread 0x0000019304890000 Exception <a 'sun/nio/fs/WindowsException'{0x00000007108688b8}> (0x00000007108688b8) 
thrown [t:/workspace/open/src/hotspot/share/prims/jni.cpp, line 598]
Event: 0.629 Thread 0x0000019304890000 Exception <a 'sun/nio/fs/WindowsException'{0x000000071073a4a0}> (0x000000071073a4a0) 
thrown [t:/workspace/open/src/hotspot/share/prims/jni.cpp, line 598]
Event: 0.629 Thread 0x0000019304890000 Exception <a 'sun/nio/fs/WindowsException'{0x000000071073a840}> (0x000000071073a840) 
thrown [t:/workspace/open/src/hotspot/share/prims/jni.cpp, line 598]
Event: 0.632 Thread 0x0000019304890000 Exception <a 'sun/nio/fs/WindowsException'{0x0000000710747b58}> (0x0000000710747b58) 
thrown [t:/workspace/open/src/hotspot/share/prims/jni.cpp, line 598]
Event: 0.632 Thread 0x0000019304890000 Exception <a 'sun/nio/fs/WindowsException'{0x0000000710747e28}> (0x0000000710747e28) 
thrown [t:/workspace/open/src/hotspot/share/prims/jni.cpp, line 598]
Event: 0.660 Thread 0x0000019304890000 Exception <a 'sun/nio/fs/WindowsException'{0x00000007106a6850}> (0x00000007106a6850) 
thrown [t:/workspace/open/src/hotspot/share/prims/jni.cpp, line 598]
Event: 0.660 Thread 0x0000019304890000 Exception <a 'sun/nio/fs/WindowsException'{0x00000007106a6be0}> (0x00000007106a6be0) 
thrown [t:/workspace/open/src/hotspot/share/prims/jni.cpp, line 598]
Event: 0.842 Thread 0x0000019304890000 Exception <a 'sun/nio/fs/WindowsException'{0x000000070ff26018}> (0x000000070ff26018) 
thrown [t:/workspace/open/src/hotspot/share/prims/jni.cpp, line 598]
Event: 0.842 Thread 0x0000019304890000 Exception <a 'sun/nio/fs/WindowsException'{0x000000070ff26398}> (0x000000070ff26398) 
thrown [t:/workspace/open/src/hotspot/share/prims/jni.cpp, line 598]
Event: 0.893 Thread 0x0000019304890000 Exception <a 'java/lang/NoSuchMethodError'{0x000000070ff60b40}: 'int java.lang.invoke.DirectMethodHandle$Holder.invokeSpecialIFC(java.lang.Object, java.lang.Object, int)'> (0x000000070ff60b40) 
thrown [t:/workspace/open/src/hotspot/share/interpreter/linkResolver.cpp, line 767]
Event: 0.922 Thread 0x0000019304890000 Exception <a 'java/lang/ClassNotFoundException'{0x000000070feefc30}: sun/awt/resources/spi/awtProvider> (0x000000070feefc30) 
thrown [t:/workspace/open/src/hotspot/share/classfile/systemDictionary.cpp, line 232]
Event: 0.932 Thread 0x0000019304890000 Exception <a 'java/io/FileNotFoundException'{0x000000070fd34b38}> (0x000000070fd34b38) 
thrown [t:/workspace/open/src/hotspot/share/prims/jni.cpp, line 598]
Event: 0.937 Thread 0x0000019304890000 Exception <a 'java/io/FileNotFoundException'{0x000000070fd5b0b0}> (0x000000070fd5b0b0) 
thrown [t:/workspace/open/src/hotspot/share/prims/jni.cpp, line 598]
Event: 0.951 Thread 0x0000019304890000 Exception <a 'java/lang/NoSuchMethodError'{0x000000070fdc1478}: 'java.lang.Object java.lang.invoke.DirectMethodHandle$Holder.invokeStaticInit(java.lang.Object, int, int, int, int)'> (0x000000070fdc1478) 
thrown [t:/workspace/open/src/hotspot/share/interpreter/linkResolver.cpp, line 767]
Event: 1.042 Thread 0x0000019304890000 Exception <a 'java/lang/NoSuchMethodError'{0x000000070fc2e790}: 'java.lang.Object java.lang.invoke.DirectMethodHandle$Holder.invokeStaticInit(java.lang.Object, java.lang.Object, int, int, int, int)'> (0x000000070fc2e790) 
thrown [t:/workspace/open/src/hotspot/share/interpreter/linkResolver.cpp, line 767]

Events (20 events):
Event: 1.079 loading class imgui/ImDestroyable
Event: 1.079 loading class imgui/ImDestroyable done
Event: 1.079 loading class imgui/ImDrawData
Event: 1.079 loading class imgui/ImDrawData done
Event: 1.080 loading class imgui/ImFontAtlas
Event: 1.080 loading class imgui/ImFontAtlas done
Event: 1.080 loading class imgui/ImFontConfig
Event: 1.080 loading class imgui/ImFontConfig done
Event: 1.081 loading class imgui/ImFontGlyph
Event: 1.081 loading class imgui/ImFontGlyph done
Event: 1.081 loading class imgui/ImFont
Event: 1.081 loading class imgui/ImFont done
Event: 1.081 loading class imgui/ImGuiStyle
Event: 1.081 loading class imgui/ImGuiStyle done
Event: 1.082 loading class imgui/ImGuiWindowClass
Event: 1.082 loading class imgui/ImGuiWindowClass done
Event: 1.082 loading class imgui/ImGuiInputTextData
Event: 1.082 loading class imgui/ImGuiInputTextData done
Event: 1.082 loading class imgui/ImString
Event: 1.082 loading class imgui/ImString done


Dynamic libraries:
0x00007ff73d530000 - 0x00007ff73d53f000 	C:\Program Files\Java\jdk-13.0.2\bin\javaw.exe
0x00007ff8ae460000 - 0x00007ff8ae650000 	C:\Windows\SYSTEM32\ntdll.dll
0x00007ff880fe0000 - 0x00007ff880ff3000 	C:\Program Files\AVG\Antivirus\aswhook.dll
0x00007ff8ae2f0000 - 0x00007ff8ae3a2000 	C:\Windows\System32\KERNEL32.DLL
0x00007ff8ac260000 - 0x00007ff8ac504000 	C:\Windows\System32\KERNELBASE.dll
0x00007ff8ab3f0000 - 0x00007ff8ab4ea000 	C:\Windows\System32\ucrtbase.dll
0x00007ff8a72f0000 - 0x00007ff8a7308000 	C:\Program Files\Java\jdk-13.0.2\bin\jli.dll
0x00007ff8ace90000 - 0x00007ff8acf33000 	C:\Windows\System32\ADVAPI32.dll
0x00007ff8ac510000 - 0x00007ff8ac5ae000 	C:\Windows\System32\msvcrt.dll
0x00007ff8acdf0000 - 0x00007ff8ace87000 	C:\Windows\System32\sechost.dll
0x00007ff8ad170000 - 0x00007ff8ad290000 	C:\Windows\System32\RPCRT4.dll
0x00007ff8ac720000 - 0x00007ff8ac8b4000 	C:\Windows\System32\USER32.dll
0x00007ff8ab5c0000 - 0x00007ff8ab5e1000 	C:\Windows\System32\win32u.dll
0x00007ff8acff0000 - 0x00007ff8ad016000 	C:\Windows\System32\GDI32.dll
0x00007ff8abe40000 - 0x00007ff8abfd4000 	C:\Windows\System32\gdi32full.dll
0x00007ff8abda0000 - 0x00007ff8abe3e000 	C:\Windows\System32\msvcp_win.dll
0x00007ff89c900000 - 0x00007ff89c915000 	C:\Program Files\Java\jdk-13.0.2\bin\VCRUNTIME140.dll
0x00007ff8a2c90000 - 0x00007ff8a2f14000 	C:\Windows\WinSxS\amd64_microsoft.windows.common-controls_6595b64144ccf1df_6.0.18362.836_none_e6c4b943130f18ed\COMCTL32.dll
0x00007ff8adfb0000 - 0x00007ff8ae2e6000 	C:\Windows\System32\combase.dll
0x00007ff8ac1e0000 - 0x00007ff8ac260000 	C:\Windows\System32\bcryptPrimitives.dll
0x00007ff8a6690000 - 0x00007ff8a669a000 	C:\Windows\SYSTEM32\VERSION.dll
0x00007ff8adac0000 - 0x00007ff8adaee000 	C:\Windows\System32\IMM32.DLL
0x00007ff891340000 - 0x00007ff8913db000 	C:\Program Files\Java\jdk-13.0.2\bin\msvcp140.dll
0x00007ff83e470000 - 0x00007ff83efcd000 	C:\Program Files\Java\jdk-13.0.2\bin\server\jvm.dll
0x00007ff8ade70000 - 0x00007ff8ade78000 	C:\Windows\System32\PSAPI.DLL
0x00007ff8a1160000 - 0x00007ff8a1169000 	C:\Windows\SYSTEM32\WSOCK32.dll
0x00007ff8ad020000 - 0x00007ff8ad08f000 	C:\Windows\System32\WS2_32.dll
0x00007ff8a89f0000 - 0x00007ff8a8a14000 	C:\Windows\SYSTEM32\WINMM.dll
0x00007ff8a8400000 - 0x00007ff8a842d000 	C:\Windows\SYSTEM32\WINMMBASE.dll
0x00007ff8ac190000 - 0x00007ff8ac1da000 	C:\Windows\System32\cfgmgr32.dll
0x00007ff8ab3d0000 - 0x00007ff8ab3e1000 	C:\Windows\System32\kernel.appcore.dll
0x00007ff89c430000 - 0x00007ff89c440000 	C:\Program Files\Java\jdk-13.0.2\bin\verify.dll
0x00007ff8a41a0000 - 0x00007ff8a4394000 	C:\Windows\SYSTEM32\DBGHELP.DLL
0x00007ff8a55b0000 - 0x00007ff8a55da000 	C:\Windows\SYSTEM32\dbgcore.DLL
0x00007ff8948a0000 - 0x00007ff8948c6000 	C:\Program Files\Java\jdk-13.0.2\bin\java.dll
0x00007ff894880000 - 0x00007ff894897000 	C:\Program Files\Java\jdk-13.0.2\bin\zip.dll
0x00007ff895ac0000 - 0x00007ff895aca000 	C:\Program Files\Java\jdk-13.0.2\bin\jimage.dll
0x00007ff8ad290000 - 0x00007ff8ad974000 	C:\Windows\System32\SHELL32.dll
0x00007ff8adb70000 - 0x00007ff8adc19000 	C:\Windows\System32\shcore.dll
0x00007ff8ab5f0000 - 0x00007ff8abd6e000 	C:\Windows\System32\windows.storage.dll
0x00007ff8ab3a0000 - 0x00007ff8ab3c3000 	C:\Windows\System32\profapi.dll
0x00007ff8ab330000 - 0x00007ff8ab37a000 	C:\Windows\System32\powrprof.dll
0x00007ff8ab320000 - 0x00007ff8ab330000 	C:\Windows\System32\UMPDC.dll
0x00007ff8ade80000 - 0x00007ff8aded2000 	C:\Windows\System32\shlwapi.dll
0x00007ff8ab4f0000 - 0x00007ff8ab507000 	C:\Windows\System32\cryptsp.dll
0x00007ff88af00000 - 0x00007ff88af19000 	C:\Program Files\Java\jdk-13.0.2\bin\net.dll
0x00007ff8a3360000 - 0x00007ff8a3450000 	C:\Windows\SYSTEM32\WINHTTP.dll
0x00007ff8aab90000 - 0x00007ff8aabf7000 	C:\Windows\system32\mswsock.dll
0x00007ff88ad60000 - 0x00007ff88ad73000 	C:\Program Files\Java\jdk-13.0.2\bin\nio.dll
0x00007ff8912d0000 - 0x00007ff891334000 	C:\Users\Work\AppData\Local\Temp\lwjglWork\3.2.3-SNAPSHOT\lwjgl.dll
0x00007ff8911a0000 - 0x00007ff891202000 	C:\Users\Work\AppData\Local\Temp\lwjglWork\3.2.3-SNAPSHOT\glfw.dll
0x00007ff8a9670000 - 0x00007ff8a9709000 	C:\Windows\system32\uxtheme.dll
0x00007ff895780000 - 0x00007ff8957c3000 	C:\Windows\SYSTEM32\dinput8.dll
0x00007ff89c8e0000 - 0x00007ff89c8f1000 	C:\Windows\SYSTEM32\xinput1_4.dll
0x00007ff8ab120000 - 0x00007ff8ab14a000 	C:\Windows\SYSTEM32\DEVOBJ.dll
0x00007ff8a9760000 - 0x00007ff8a978d000 	C:\Windows\SYSTEM32\dwmapi.dll
0x00007ff89bff0000 - 0x00007ff89c10b000 	C:\Windows\SYSTEM32\inputhost.dll
0x00007ff8a92a0000 - 0x00007ff8a9374000 	C:\Windows\SYSTEM32\CoreMessaging.dll
0x00007ff8a6850000 - 0x00007ff8a6b7a000 	C:\Windows\SYSTEM32\CoreUIComponents.dll
0x00007ff8a7cd0000 - 0x00007ff8a7dc0000 	C:\Windows\SYSTEM32\PROPSYS.dll
0x00007ff8adee0000 - 0x00007ff8adfa4000 	C:\Windows\System32\OLEAUT32.dll
0x00007ff8a7350000 - 0x00007ff8a74a3000 	C:\Windows\SYSTEM32\wintypes.dll
0x00007ff8aa380000 - 0x00007ff8aa3b1000 	C:\Windows\SYSTEM32\ntmarta.dll
0x00007ff8ad980000 - 0x00007ff8adab6000 	C:\Windows\System32\MSCTF.dll
0x00007ff8a9f30000 - 0x00007ff8a9f3e000 	C:\Windows\SYSTEM32\HID.DLL
0x00007ff8ac980000 - 0x00007ff8acdf0000 	C:\Windows\System32\SETUPAPI.DLL
0x00007ff8abd70000 - 0x00007ff8abd96000 	C:\Windows\System32\bcrypt.dll
0x00007ff8abfe0000 - 0x00007ff8ac03c000 	C:\Windows\System32\WINTRUST.dll
0x00007ff8ab380000 - 0x00007ff8ab392000 	C:\Windows\System32\MSASN1.dll
0x00007ff8ac040000 - 0x00007ff8ac189000 	C:\Windows\System32\CRYPT32.dll
0x00007ff87fe60000 - 0x00007ff87ffb6000 	C:\Windows\SYSTEM32\opengl32.dll
0x00007ff8912a0000 - 0x00007ff8912cc000 	C:\Windows\SYSTEM32\GLU32.dll
0x00007ff8a9f90000 - 0x00007ff8a9fb0000 	C:\Windows\SYSTEM32\dxcore.dll
0x00007ff83a4d0000 - 0x00007ff83cba8000 	C:\Windows\System32\DriverStore\FileRepository\nvmdi.inf_amd64_e726a33b25732961\nvoglv64.dll
0x00007ff8ac5c0000 - 0x00007ff8ac717000 	C:\Windows\System32\ole32.dll
0x00007ff8a7df0000 - 0x00007ff8a7e03000 	C:\Windows\SYSTEM32\WTSAPI32.dll
0x00007ff8aa3f0000 - 0x00007ff8aa446000 	C:\Windows\SYSTEM32\WINSTA.dll
0x00007ff89c110000 - 0x00007ff89c1ae000 	C:\Windows\System32\TextInputFramework.dll
0x00007ff89abe0000 - 0x00007ff89ae86000 	C:\Windows\System32\iertutil.dll
0x00007ff891140000 - 0x00007ff891199000 	C:\Users\Work\AppData\Local\Temp\lwjglWork\3.2.3-SNAPSHOT\lwjgl_opengl.dll
0x00007ff8402a0000 - 0x00007ff8404f3000 	C:\Users\Work\AppData\Local\Temp\lwjglWork\3.2.3-SNAPSHOT\jemalloc.dll
0x00007ff8804f0000 - 0x00007ff8805fb000 	C:\Users\Work\AppData\Local\Temp\lwjglWork\3.2.3-SNAPSHOT\OpenAL.dll
0x00007ff8acf40000 - 0x00007ff8acfe2000 	C:\Windows\System32\clbcatq.dll
0x00007ff89fac0000 - 0x00007ff89fb32000 	C:\Windows\System32\MMDevApi.dll
0x00007ff89f5c0000 - 0x00007ff89f71d000 	C:\Windows\SYSTEM32\AUDIOSES.DLL
0x00007ff8a9a00000 - 0x00007ff8a9a14000 	C:\Windows\SYSTEM32\resourcepolicyclient.dll
0x00007ff83d980000 - 0x00007ff83db19000 	C:\Program Files\Java\jdk-13.0.2\bin\awt.dll
0x00007ff8a94c0000 - 0x00007ff8a954f000 	C:\Windows\SYSTEM32\apphelp.dll
0x00007ff8aa700000 - 0x00007ff8aa733000 	C:\Windows\system32\rsaenh.dll
0x00007ff8ab240000 - 0x00007ff8ab265000 	C:\Windows\SYSTEM32\USERENV.dll
0x00007ff8aad60000 - 0x00007ff8aad6c000 	C:\Windows\SYSTEM32\CRYPTBASE.dll
0x00007ff8aa8a0000 - 0x00007ff8aa8da000 	C:\Windows\SYSTEM32\IPHLPAPI.DLL
0x00007ff8ac5b0000 - 0x00007ff8ac5b8000 	C:\Windows\System32\NSI.dll
0x00007ff8a3c20000 - 0x00007ff8a3c36000 	C:\Windows\SYSTEM32\dhcpcsvc6.DLL
0x00007ff8a3c00000 - 0x00007ff8a3c1c000 	C:\Windows\SYSTEM32\dhcpcsvc.DLL
0x00007ff8aa8e0000 - 0x00007ff8aa9ab000 	C:\Windows\SYSTEM32\DNSAPI.dll
0x000000006f6c0000 - 0x000000006f88e000 	C:\Dev\java\NutmegGameEngine\libs\ImGUI\imgui-java64.dll

dbghelp: loaded successfully - version: 4.0.5 - missing functions: none
symbol engine: initialized successfully - sym options: 0x614 - pdb path: .;C:\Program Files\Java\jdk-13.0.2\bin;C:\Windows\SYSTEM32;C:\Program Files\AVG\Antivirus;C:\Windows\WinSxS\amd64_microsoft.windows.common-controls_6595b64144ccf1df_6.0.18362.836_none_e6c4b943130f18ed;C:\Program Files\Java\jdk-13.0.2\bin\server;C:\Users\Work\AppData\Local\Temp\lwjglWork\3.2.3-SNAPSHOT;C:\Windows\System32\DriverStore\FileRepository\nvmdi.inf_amd64_e726a33b25732961;C:\Dev\java\NutmegGameEngine\libs\ImGUI

VM Arguments:
jvm_args: -Djava.library.path=C:\Dev\java\NutmegGameEngine\libs\ImGUI -Dfile.encoding=Cp1252 
java_command: nutmeg.sandbox.core.SandboxMain
java_class_path (initial): C:\Dev\java\NutmegGameEngine\Sandbox\bin;C:\Dev\java\NutmegGameEngine\Nutmeg-AL\bin;C:\Dev\java\LWJGL3.jar;C:\Dev\java\NutmegGameEngine\Nutmeg-CL\bin;C:\Dev\java\NutmegGameEngine\Nutmeg-Core\bin;C:\Dev\java\NutmegGameEngine\Nutmeg-Game-Engine\bin;C:\Dev\java\NutmegGameEngine\libs\ImGUI\imgui-binding-1.76-0.11.jar;C:\Dev\java\NutmegGameEngine\libs\ImGUI\imgui-lwjgl3-1.76-0.11.jar;C:\Dev\java\NutmegGameEngine\Nutmeg-GL\bin
Launcher Type: SUN_STANDARD

[Global flags]
     intx CICompilerCount                          = 3                                         {product} {ergonomic}
     uint ConcGCThreads                            = 2                                         {product} {ergonomic}
     uint G1ConcRefinementThreads                  = 6                                         {product} {ergonomic}
   size_t G1HeapRegionSize                         = 1048576                                   {product} {ergonomic}
    uintx GCDrainStackTargetSize                   = 64                                        {product} {ergonomic}
   size_t InitialHeapSize                          = 268435456                                 {product} {ergonomic}
   size_t MarkStackSize                            = 4194304                                   {product} {ergonomic}
   size_t MaxHeapSize                              = 4282384384                                {product} {ergonomic}
   size_t MaxNewSize                               = 2569011200                                {product} {ergonomic}
   size_t MinHeapDeltaBytes                        = 1048576                                   {product} {ergonomic}
   size_t MinHeapSize                              = 8388608                                   {product} {ergonomic}
    uintx NonNMethodCodeHeapSize                   = 5832780                                {pd product} {ergonomic}
    uintx NonProfiledCodeHeapSize                  = 122912730                              {pd product} {ergonomic}
    uintx ProfiledCodeHeapSize                     = 122912730                              {pd product} {ergonomic}
    uintx ReservedCodeCacheSize                    = 251658240                              {pd product} {ergonomic}
     bool SegmentedCodeCache                       = true                                      {product} {ergonomic}
   size_t SoftMaxHeapSize                          = 4282384384                             {manageable} {ergonomic}
     bool UseCompressedClassPointers               = true                                 {lp64_product} {ergonomic}
     bool UseCompressedOops                        = true                                 {lp64_product} {ergonomic}
     bool UseG1GC                                  = true                                      {product} {ergonomic}
     bool UseLargePagesIndividualAllocation        = false                                  {pd product} {ergonomic}

Logging:
Log output configuration:
 #0: stdout all=warning uptime,level,tags
 #1: stderr all=off uptime,level,tags

Environment Variables:
PATH=C:/Program Files/Java/jdk-13.0.2/bin/server;C:/Program Files/Java/jdk-13.0.2/bin;C:\Program Files (x86)\NVIDIA Corporation\PhysX\Common;C:\Python27\;C:\Python27\Scripts;C:\Windows\system32;C:\Windows;C:\Windows\System32\Wbem;C:\Windows\System32\WindowsPowerShell\v1.0\;C:\Windows\System32\OpenSSH\;C:\Program Files\nodejs\;C:\ProgramData\chocolatey\bin;C:\Program Files\LLVM\bin;C:\Program Files\CMake\bin;C:\Program Files\dotnet\;C:\Program Files\Git\cmd;C:\Program Files\PuTTY\;C:\Program Files\BeefLang\bin;C:\Users\Work\AppData\Local\Microsoft\WindowsApps;C:\Users\Work\AppData\Local\GitHubDesktop\bin;C:\Program Files\Java\jdk-13.0.2\bin;;C:\Users\Work\Desktop;
USERNAME=Work
OS=Windows_NT
PROCESSOR_IDENTIFIER=Intel64 Family 6 Model 158 Stepping 10, GenuineIntel



---------------  S Y S T E M  ---------------

OS: Windows 10 , 64 bit Build 18362 (10.0.18362.778)

CPU:total 6 (initial active 6) (6 cores per cpu, 1 threads per core) family 6 model 158 stepping 10, cmov, cx8, fxsr, mmx, sse, sse2, sse3, ssse3, sse4.1, sse4.2, popcnt, avx, avx2, aes, clmul, erms, 3dnowpref, lzcnt, tsc, tscinvbit, bmi1, bmi2, adx, fma

Memory: 4k page, system-wide physical 16328M (9946M free)
TotalPageFile size 24520M (AvailPageFile size 15766M)
current process WorkingSet (physical memory assigned to process): 109M, peak: 109M
current process commit charge ("private bytes"): 423M, peak: 423M

vm_info: Java HotSpot(TM) 64-Bit Server VM (13.0.2+8) for windows-amd64 JRE (13.0.2+8), built on Dec 11 2019 09:20:33 by "mach5one" with unknown MS VC++:1916

END.
