#
# A fatal error has been detected by the Java Runtime Environment:
#
#  Internal Error (t:/workspace/open/src/hotspot/os_cpu/windows_x86/os_windows_x86.cpp:145), pid=23380, tid=9492
#  guarantee(result == EXCEPTION_CONTINUE_EXECUTION) failed: Unexpected result from topLevelExceptionFilter
#
# JRE version: Java(TM) SE Runtime Environment (13.0.2+8) (build 13.0.2+8)
# Java VM: Java HotSpot(TM) 64-Bit Server VM (13.0.2+8, mixed mode, sharing, tiered, compressed oops, g1 gc, windows-amd64)
# No core dump will be written. Minidumps are not enabled by default on client versions of Windows
#
# If you would like to submit a bug report, please visit:
#   http://bugreport.java.com/bugreport/crash.jsp
# The crash happened outside the Java Virtual Machine in native code.
# See problematic frame for where to report the bug.
#

---------------  S U M M A R Y ------------

Command Line: -Djava.library.path=C:\Dev\java\NutmegGameEngine\vendor\Libs -Dfile.encoding=Cp1252 nutmeg.sandbox.core.SandboxMain

Host: Intel(R) Core(TM) i5-9400F CPU @ 2.90GHz, 6 cores, 15G,  Windows 10 , 64 bit Build 18362 (10.0.18362.778)
Time: Tue Jun  9 16:37:02 2020 GMT Summer Time elapsed time: 2 seconds (0d 0h 0m 2s)

---------------  T H R E A D  ---------------

Current thread (0x000001fcb50b1800):  JavaThread "main" [_thread_in_native, id=9492, stack(0x0000003258a00000,0x0000003258b00000)]

Stack: [0x0000003258a00000,0x0000003258b00000]
Native frames: (J=compiled Java code, j=interpreted, Vv=VM code, C=native code)
V  [jvm.dll+0x624f9a]
V  [jvm.dll+0x770cfa]
V  [jvm.dll+0x7724af]
V  [jvm.dll+0x772a67]
V  [jvm.dll+0x24be8c]
V  [jvm.dll+0x624c5c]
C  [ntdll.dll+0xa11cf]
C  [ntdll.dll+0x6a209]
C  [ntdll.dll+0x9fe3e]
C  [KERNELBASE.dll+0xc0aa2]

Java frames: (J=compiled Java code, j=interpreted, Vv=VM code)
j  imgui.ImGui.newFrame()V+0
j  nutmeg.game.engine.core.UI.NewFrame()V+0
j  nutmeg.game.engine.core.Application.ConstructWindow(IILjava/lang/String;Z)V+518
j  nutmeg.sandbox.core.SandboxMain.main([Ljava/lang/String;)V+16
v  ~StubRoutines::call_stub

---------------  P R O C E S S  ---------------

Threads class SMR info:
_java_thread_list=0x000001fcdf889bb0, length=12, elements={
0x000001fcb50b1800, 0x000001fcd88ce000, 0x000001fcd88d3800, 0x000001fcd9172000,
0x000001fcd9174800, 0x000001fcd9177000, 0x000001fcd9178800, 0x000001fcd917d800,
0x000001fcd92b1800, 0x000001fcd92bb000, 0x000001fcdf6a5000, 0x000001fcdf7ce000
}

Java Threads: ( => current thread )
=>0x000001fcb50b1800 JavaThread "main" [_thread_in_native, id=9492, stack(0x0000003258a00000,0x0000003258b00000)]
  0x000001fcd88ce000 JavaThread "Reference Handler" daemon [_thread_blocked, id=22736, stack(0x0000003259100000,0x0000003259200000)]
  0x000001fcd88d3800 JavaThread "Finalizer" daemon [_thread_blocked, id=21652, stack(0x0000003259200000,0x0000003259300000)]
  0x000001fcd9172000 JavaThread "Signal Dispatcher" daemon [_thread_blocked, id=24348, stack(0x0000003259300000,0x0000003259400000)]
  0x000001fcd9174800 JavaThread "Attach Listener" daemon [_thread_blocked, id=23064, stack(0x0000003259400000,0x0000003259500000)]
  0x000001fcd9177000 JavaThread "C2 CompilerThread0" daemon [_thread_blocked, id=24516, stack(0x0000003259500000,0x0000003259600000)]
  0x000001fcd9178800 JavaThread "C1 CompilerThread0" daemon [_thread_blocked, id=11752, stack(0x0000003259600000,0x0000003259700000)]
  0x000001fcd917d800 JavaThread "Sweeper thread" daemon [_thread_blocked, id=17872, stack(0x0000003259700000,0x0000003259800000)]
  0x000001fcd92b1800 JavaThread "Service Thread" daemon [_thread_blocked, id=17916, stack(0x0000003259800000,0x0000003259900000)]
  0x000001fcd92bb000 JavaThread "Common-Cleaner" daemon [_thread_blocked, id=18220, stack(0x0000003259a00000,0x0000003259b00000)]
  0x000001fcdf6a5000 JavaThread "C2 CompilerThread1" daemon [_thread_blocked, id=16552, stack(0x000000325a200000,0x000000325a300000)]
  0x000001fcdf7ce000 JavaThread "Java2D Disposer" daemon [_thread_blocked, id=23840, stack(0x000000325a800000,0x000000325a900000)]

Other Threads:
  0x000001fcd88cc000 VMThread "VM Thread" [stack: 0x0000003259000000,0x0000003259100000] [id=19020]
  0x000001fcd92b6800 WatcherThread [stack: 0x0000003259900000,0x0000003259a00000] [id=11232]
  0x000001fcb511a800 GCTaskThread "GC Thread#0" [stack: 0x0000003258b00000,0x0000003258c00000] [id=18620]
  0x000001fcb513c800 ConcurrentGCThread "G1 Main Marker" [stack: 0x0000003258c00000,0x0000003258d00000] [id=20508]
  0x000001fcb513e000 ConcurrentGCThread "G1 Conc#0" [stack: 0x0000003258d00000,0x0000003258e00000] [id=14536]
  0x000001fcd87c6800 ConcurrentGCThread "G1 Refine#0" [stack: 0x0000003258e00000,0x0000003258f00000] [id=22724]
  0x000001fcd87c8800 ConcurrentGCThread "G1 Young RemSet Sampling" [stack: 0x0000003258f00000,0x0000003259000000] [id=1284]

Threads with active compile tasks:

VM state:not at safepoint (normal execution)

VM Mutex/Monitor currently owned by a thread: None

Heap address: 0x0000000700c00000, size: 4084 MB, Compressed Oops mode: Zero based, Oop shift amount: 3
Narrow klass base: 0x0000000800000000, Narrow klass shift: 3
Compressed class space size: 1073741824 Address: 0x0000000800b40000

Heap:
 garbage-first heap   total 262144K, used 18432K [0x0000000700c00000, 0x0000000800000000)
  region size 1024K, 20 young (20480K), 0 survivors (0K)
 Metaspace       used 10289K, capacity 11555K, committed 11776K, reserved 1060864K
  class space    used 600K, capacity 757K, committed 768K, reserved 1048576K
Heap Regions: E=young(eden), S=young(survivor), O=old, HS=humongous(starts), HC=humongous(continues), CS=collection set, F=free, A=archive, TAMS=top-at-mark-start (previous, next)
|   0|0x0000000700c00000, 0x0000000700c00000, 0x0000000700d00000|  0%| F|  |TAMS 0x0000000700c00000, 0x0000000700c00000| Untracked 
|   1|0x0000000700d00000, 0x0000000700d00000, 0x0000000700e00000|  0%| F|  |TAMS 0x0000000700d00000, 0x0000000700d00000| Untracked 
|   2|0x0000000700e00000, 0x0000000700e00000, 0x0000000700f00000|  0%| F|  |TAMS 0x0000000700e00000, 0x0000000700e00000| Untracked 
|   3|0x0000000700f00000, 0x0000000700f00000, 0x0000000701000000|  0%| F|  |TAMS 0x0000000700f00000, 0x0000000700f00000| Untracked 
|   4|0x0000000701000000, 0x0000000701000000, 0x0000000701100000|  0%| F|  |TAMS 0x0000000701000000, 0x0000000701000000| Untracked 
|   5|0x0000000701100000, 0x0000000701100000, 0x0000000701200000|  0%| F|  |TAMS 0x0000000701100000, 0x0000000701100000| Untracked 
|   6|0x0000000701200000, 0x0000000701200000, 0x0000000701300000|  0%| F|  |TAMS 0x0000000701200000, 0x0000000701200000| Untracked 
|   7|0x0000000701300000, 0x0000000701300000, 0x0000000701400000|  0%| F|  |TAMS 0x0000000701300000, 0x0000000701300000| Untracked 
|   8|0x0000000701400000, 0x0000000701400000, 0x0000000701500000|  0%| F|  |TAMS 0x0000000701400000, 0x0000000701400000| Untracked 
|   9|0x0000000701500000, 0x0000000701500000, 0x0000000701600000|  0%| F|  |TAMS 0x0000000701500000, 0x0000000701500000| Untracked 
|  10|0x0000000701600000, 0x0000000701600000, 0x0000000701700000|  0%| F|  |TAMS 0x0000000701600000, 0x0000000701600000| Untracked 
|  11|0x0000000701700000, 0x0000000701700000, 0x0000000701800000|  0%| F|  |TAMS 0x0000000701700000, 0x0000000701700000| Untracked 
|  12|0x0000000701800000, 0x0000000701800000, 0x0000000701900000|  0%| F|  |TAMS 0x0000000701800000, 0x0000000701800000| Untracked 
|  13|0x0000000701900000, 0x0000000701900000, 0x0000000701a00000|  0%| F|  |TAMS 0x0000000701900000, 0x0000000701900000| Untracked 
|  14|0x0000000701a00000, 0x0000000701a00000, 0x0000000701b00000|  0%| F|  |TAMS 0x0000000701a00000, 0x0000000701a00000| Untracked 
|  15|0x0000000701b00000, 0x0000000701b00000, 0x0000000701c00000|  0%| F|  |TAMS 0x0000000701b00000, 0x0000000701b00000| Untracked 
|  16|0x0000000701c00000, 0x0000000701c00000, 0x0000000701d00000|  0%| F|  |TAMS 0x0000000701c00000, 0x0000000701c00000| Untracked 
|  17|0x0000000701d00000, 0x0000000701d00000, 0x0000000701e00000|  0%| F|  |TAMS 0x0000000701d00000, 0x0000000701d00000| Untracked 
|  18|0x0000000701e00000, 0x0000000701e00000, 0x0000000701f00000|  0%| F|  |TAMS 0x0000000701e00000, 0x0000000701e00000| Untracked 
|  19|0x0000000701f00000, 0x0000000701f00000, 0x0000000702000000|  0%| F|  |TAMS 0x0000000701f00000, 0x0000000701f00000| Untracked 
|  20|0x0000000702000000, 0x0000000702000000, 0x0000000702100000|  0%| F|  |TAMS 0x0000000702000000, 0x0000000702000000| Untracked 
|  21|0x0000000702100000, 0x0000000702100000, 0x0000000702200000|  0%| F|  |TAMS 0x0000000702100000, 0x0000000702100000| Untracked 
|  22|0x0000000702200000, 0x0000000702200000, 0x0000000702300000|  0%| F|  |TAMS 0x0000000702200000, 0x0000000702200000| Untracked 
|  23|0x0000000702300000, 0x0000000702300000, 0x0000000702400000|  0%| F|  |TAMS 0x0000000702300000, 0x0000000702300000| Untracked 
|  24|0x0000000702400000, 0x0000000702400000, 0x0000000702500000|  0%| F|  |TAMS 0x0000000702400000, 0x0000000702400000| Untracked 
|  25|0x0000000702500000, 0x0000000702500000, 0x0000000702600000|  0%| F|  |TAMS 0x0000000702500000, 0x0000000702500000| Untracked 
|  26|0x0000000702600000, 0x0000000702600000, 0x0000000702700000|  0%| F|  |TAMS 0x0000000702600000, 0x0000000702600000| Untracked 
|  27|0x0000000702700000, 0x0000000702700000, 0x0000000702800000|  0%| F|  |TAMS 0x0000000702700000, 0x0000000702700000| Untracked 
|  28|0x0000000702800000, 0x0000000702800000, 0x0000000702900000|  0%| F|  |TAMS 0x0000000702800000, 0x0000000702800000| Untracked 
|  29|0x0000000702900000, 0x0000000702900000, 0x0000000702a00000|  0%| F|  |TAMS 0x0000000702900000, 0x0000000702900000| Untracked 
|  30|0x0000000702a00000, 0x0000000702a00000, 0x0000000702b00000|  0%| F|  |TAMS 0x0000000702a00000, 0x0000000702a00000| Untracked 
|  31|0x0000000702b00000, 0x0000000702b00000, 0x0000000702c00000|  0%| F|  |TAMS 0x0000000702b00000, 0x0000000702b00000| Untracked 
|  32|0x0000000702c00000, 0x0000000702c00000, 0x0000000702d00000|  0%| F|  |TAMS 0x0000000702c00000, 0x0000000702c00000| Untracked 
|  33|0x0000000702d00000, 0x0000000702d00000, 0x0000000702e00000|  0%| F|  |TAMS 0x0000000702d00000, 0x0000000702d00000| Untracked 
|  34|0x0000000702e00000, 0x0000000702e00000, 0x0000000702f00000|  0%| F|  |TAMS 0x0000000702e00000, 0x0000000702e00000| Untracked 
|  35|0x0000000702f00000, 0x0000000702f00000, 0x0000000703000000|  0%| F|  |TAMS 0x0000000702f00000, 0x0000000702f00000| Untracked 
|  36|0x0000000703000000, 0x0000000703000000, 0x0000000703100000|  0%| F|  |TAMS 0x0000000703000000, 0x0000000703000000| Untracked 
|  37|0x0000000703100000, 0x0000000703100000, 0x0000000703200000|  0%| F|  |TAMS 0x0000000703100000, 0x0000000703100000| Untracked 
|  38|0x0000000703200000, 0x0000000703200000, 0x0000000703300000|  0%| F|  |TAMS 0x0000000703200000, 0x0000000703200000| Untracked 
|  39|0x0000000703300000, 0x0000000703300000, 0x0000000703400000|  0%| F|  |TAMS 0x0000000703300000, 0x0000000703300000| Untracked 
|  40|0x0000000703400000, 0x0000000703400000, 0x0000000703500000|  0%| F|  |TAMS 0x0000000703400000, 0x0000000703400000| Untracked 
|  41|0x0000000703500000, 0x0000000703500000, 0x0000000703600000|  0%| F|  |TAMS 0x0000000703500000, 0x0000000703500000| Untracked 
|  42|0x0000000703600000, 0x0000000703600000, 0x0000000703700000|  0%| F|  |TAMS 0x0000000703600000, 0x0000000703600000| Untracked 
|  43|0x0000000703700000, 0x0000000703700000, 0x0000000703800000|  0%| F|  |TAMS 0x0000000703700000, 0x0000000703700000| Untracked 
|  44|0x0000000703800000, 0x0000000703800000, 0x0000000703900000|  0%| F|  |TAMS 0x0000000703800000, 0x0000000703800000| Untracked 
|  45|0x0000000703900000, 0x0000000703900000, 0x0000000703a00000|  0%| F|  |TAMS 0x0000000703900000, 0x0000000703900000| Untracked 
|  46|0x0000000703a00000, 0x0000000703a00000, 0x0000000703b00000|  0%| F|  |TAMS 0x0000000703a00000, 0x0000000703a00000| Untracked 
|  47|0x0000000703b00000, 0x0000000703b00000, 0x0000000703c00000|  0%| F|  |TAMS 0x0000000703b00000, 0x0000000703b00000| Untracked 
|  48|0x0000000703c00000, 0x0000000703c00000, 0x0000000703d00000|  0%| F|  |TAMS 0x0000000703c00000, 0x0000000703c00000| Untracked 
|  49|0x0000000703d00000, 0x0000000703d00000, 0x0000000703e00000|  0%| F|  |TAMS 0x0000000703d00000, 0x0000000703d00000| Untracked 
|  50|0x0000000703e00000, 0x0000000703e00000, 0x0000000703f00000|  0%| F|  |TAMS 0x0000000703e00000, 0x0000000703e00000| Untracked 
|  51|0x0000000703f00000, 0x0000000703f00000, 0x0000000704000000|  0%| F|  |TAMS 0x0000000703f00000, 0x0000000703f00000| Untracked 
|  52|0x0000000704000000, 0x0000000704000000, 0x0000000704100000|  0%| F|  |TAMS 0x0000000704000000, 0x0000000704000000| Untracked 
|  53|0x0000000704100000, 0x0000000704100000, 0x0000000704200000|  0%| F|  |TAMS 0x0000000704100000, 0x0000000704100000| Untracked 
|  54|0x0000000704200000, 0x0000000704200000, 0x0000000704300000|  0%| F|  |TAMS 0x0000000704200000, 0x0000000704200000| Untracked 
|  55|0x0000000704300000, 0x0000000704300000, 0x0000000704400000|  0%| F|  |TAMS 0x0000000704300000, 0x0000000704300000| Untracked 
|  56|0x0000000704400000, 0x0000000704400000, 0x0000000704500000|  0%| F|  |TAMS 0x0000000704400000, 0x0000000704400000| Untracked 
|  57|0x0000000704500000, 0x0000000704500000, 0x0000000704600000|  0%| F|  |TAMS 0x0000000704500000, 0x0000000704500000| Untracked 
|  58|0x0000000704600000, 0x0000000704600000, 0x0000000704700000|  0%| F|  |TAMS 0x0000000704600000, 0x0000000704600000| Untracked 
|  59|0x0000000704700000, 0x0000000704700000, 0x0000000704800000|  0%| F|  |TAMS 0x0000000704700000, 0x0000000704700000| Untracked 
|  60|0x0000000704800000, 0x0000000704800000, 0x0000000704900000|  0%| F|  |TAMS 0x0000000704800000, 0x0000000704800000| Untracked 
|  61|0x0000000704900000, 0x0000000704900000, 0x0000000704a00000|  0%| F|  |TAMS 0x0000000704900000, 0x0000000704900000| Untracked 
|  62|0x0000000704a00000, 0x0000000704a00000, 0x0000000704b00000|  0%| F|  |TAMS 0x0000000704a00000, 0x0000000704a00000| Untracked 
|  63|0x0000000704b00000, 0x0000000704b00000, 0x0000000704c00000|  0%| F|  |TAMS 0x0000000704b00000, 0x0000000704b00000| Untracked 
|  64|0x0000000704c00000, 0x0000000704c00000, 0x0000000704d00000|  0%| F|  |TAMS 0x0000000704c00000, 0x0000000704c00000| Untracked 
|  65|0x0000000704d00000, 0x0000000704d00000, 0x0000000704e00000|  0%| F|  |TAMS 0x0000000704d00000, 0x0000000704d00000| Untracked 
|  66|0x0000000704e00000, 0x0000000704e00000, 0x0000000704f00000|  0%| F|  |TAMS 0x0000000704e00000, 0x0000000704e00000| Untracked 
|  67|0x0000000704f00000, 0x0000000704f00000, 0x0000000705000000|  0%| F|  |TAMS 0x0000000704f00000, 0x0000000704f00000| Untracked 
|  68|0x0000000705000000, 0x0000000705000000, 0x0000000705100000|  0%| F|  |TAMS 0x0000000705000000, 0x0000000705000000| Untracked 
|  69|0x0000000705100000, 0x0000000705100000, 0x0000000705200000|  0%| F|  |TAMS 0x0000000705100000, 0x0000000705100000| Untracked 
|  70|0x0000000705200000, 0x0000000705200000, 0x0000000705300000|  0%| F|  |TAMS 0x0000000705200000, 0x0000000705200000| Untracked 
|  71|0x0000000705300000, 0x0000000705300000, 0x0000000705400000|  0%| F|  |TAMS 0x0000000705300000, 0x0000000705300000| Untracked 
|  72|0x0000000705400000, 0x0000000705400000, 0x0000000705500000|  0%| F|  |TAMS 0x0000000705400000, 0x0000000705400000| Untracked 
|  73|0x0000000705500000, 0x0000000705500000, 0x0000000705600000|  0%| F|  |TAMS 0x0000000705500000, 0x0000000705500000| Untracked 
|  74|0x0000000705600000, 0x0000000705600000, 0x0000000705700000|  0%| F|  |TAMS 0x0000000705600000, 0x0000000705600000| Untracked 
|  75|0x0000000705700000, 0x0000000705700000, 0x0000000705800000|  0%| F|  |TAMS 0x0000000705700000, 0x0000000705700000| Untracked 
|  76|0x0000000705800000, 0x0000000705800000, 0x0000000705900000|  0%| F|  |TAMS 0x0000000705800000, 0x0000000705800000| Untracked 
|  77|0x0000000705900000, 0x0000000705900000, 0x0000000705a00000|  0%| F|  |TAMS 0x0000000705900000, 0x0000000705900000| Untracked 
|  78|0x0000000705a00000, 0x0000000705a00000, 0x0000000705b00000|  0%| F|  |TAMS 0x0000000705a00000, 0x0000000705a00000| Untracked 
|  79|0x0000000705b00000, 0x0000000705b00000, 0x0000000705c00000|  0%| F|  |TAMS 0x0000000705b00000, 0x0000000705b00000| Untracked 
|  80|0x0000000705c00000, 0x0000000705c00000, 0x0000000705d00000|  0%| F|  |TAMS 0x0000000705c00000, 0x0000000705c00000| Untracked 
|  81|0x0000000705d00000, 0x0000000705d00000, 0x0000000705e00000|  0%| F|  |TAMS 0x0000000705d00000, 0x0000000705d00000| Untracked 
|  82|0x0000000705e00000, 0x0000000705e00000, 0x0000000705f00000|  0%| F|  |TAMS 0x0000000705e00000, 0x0000000705e00000| Untracked 
|  83|0x0000000705f00000, 0x0000000705f00000, 0x0000000706000000|  0%| F|  |TAMS 0x0000000705f00000, 0x0000000705f00000| Untracked 
|  84|0x0000000706000000, 0x0000000706000000, 0x0000000706100000|  0%| F|  |TAMS 0x0000000706000000, 0x0000000706000000| Untracked 
|  85|0x0000000706100000, 0x0000000706100000, 0x0000000706200000|  0%| F|  |TAMS 0x0000000706100000, 0x0000000706100000| Untracked 
|  86|0x0000000706200000, 0x0000000706200000, 0x0000000706300000|  0%| F|  |TAMS 0x0000000706200000, 0x0000000706200000| Untracked 
|  87|0x0000000706300000, 0x0000000706300000, 0x0000000706400000|  0%| F|  |TAMS 0x0000000706300000, 0x0000000706300000| Untracked 
|  88|0x0000000706400000, 0x0000000706400000, 0x0000000706500000|  0%| F|  |TAMS 0x0000000706400000, 0x0000000706400000| Untracked 
|  89|0x0000000706500000, 0x0000000706500000, 0x0000000706600000|  0%| F|  |TAMS 0x0000000706500000, 0x0000000706500000| Untracked 
|  90|0x0000000706600000, 0x0000000706600000, 0x0000000706700000|  0%| F|  |TAMS 0x0000000706600000, 0x0000000706600000| Untracked 
|  91|0x0000000706700000, 0x0000000706700000, 0x0000000706800000|  0%| F|  |TAMS 0x0000000706700000, 0x0000000706700000| Untracked 
|  92|0x0000000706800000, 0x0000000706800000, 0x0000000706900000|  0%| F|  |TAMS 0x0000000706800000, 0x0000000706800000| Untracked 
|  93|0x0000000706900000, 0x0000000706900000, 0x0000000706a00000|  0%| F|  |TAMS 0x0000000706900000, 0x0000000706900000| Untracked 
|  94|0x0000000706a00000, 0x0000000706a00000, 0x0000000706b00000|  0%| F|  |TAMS 0x0000000706a00000, 0x0000000706a00000| Untracked 
|  95|0x0000000706b00000, 0x0000000706b00000, 0x0000000706c00000|  0%| F|  |TAMS 0x0000000706b00000, 0x0000000706b00000| Untracked 
|  96|0x0000000706c00000, 0x0000000706c00000, 0x0000000706d00000|  0%| F|  |TAMS 0x0000000706c00000, 0x0000000706c00000| Untracked 
|  97|0x0000000706d00000, 0x0000000706d00000, 0x0000000706e00000|  0%| F|  |TAMS 0x0000000706d00000, 0x0000000706d00000| Untracked 
|  98|0x0000000706e00000, 0x0000000706e00000, 0x0000000706f00000|  0%| F|  |TAMS 0x0000000706e00000, 0x0000000706e00000| Untracked 
|  99|0x0000000706f00000, 0x0000000706f00000, 0x0000000707000000|  0%| F|  |TAMS 0x0000000706f00000, 0x0000000706f00000| Untracked 
| 100|0x0000000707000000, 0x0000000707000000, 0x0000000707100000|  0%| F|  |TAMS 0x0000000707000000, 0x0000000707000000| Untracked 
| 101|0x0000000707100000, 0x0000000707100000, 0x0000000707200000|  0%| F|  |TAMS 0x0000000707100000, 0x0000000707100000| Untracked 
| 102|0x0000000707200000, 0x0000000707200000, 0x0000000707300000|  0%| F|  |TAMS 0x0000000707200000, 0x0000000707200000| Untracked 
| 103|0x0000000707300000, 0x0000000707300000, 0x0000000707400000|  0%| F|  |TAMS 0x0000000707300000, 0x0000000707300000| Untracked 
| 104|0x0000000707400000, 0x0000000707400000, 0x0000000707500000|  0%| F|  |TAMS 0x0000000707400000, 0x0000000707400000| Untracked 
| 105|0x0000000707500000, 0x0000000707500000, 0x0000000707600000|  0%| F|  |TAMS 0x0000000707500000, 0x0000000707500000| Untracked 
| 106|0x0000000707600000, 0x0000000707600000, 0x0000000707700000|  0%| F|  |TAMS 0x0000000707600000, 0x0000000707600000| Untracked 
| 107|0x0000000707700000, 0x0000000707700000, 0x0000000707800000|  0%| F|  |TAMS 0x0000000707700000, 0x0000000707700000| Untracked 
| 108|0x0000000707800000, 0x0000000707800000, 0x0000000707900000|  0%| F|  |TAMS 0x0000000707800000, 0x0000000707800000| Untracked 
| 109|0x0000000707900000, 0x0000000707900000, 0x0000000707a00000|  0%| F|  |TAMS 0x0000000707900000, 0x0000000707900000| Untracked 
| 110|0x0000000707a00000, 0x0000000707a00000, 0x0000000707b00000|  0%| F|  |TAMS 0x0000000707a00000, 0x0000000707a00000| Untracked 
| 111|0x0000000707b00000, 0x0000000707b00000, 0x0000000707c00000|  0%| F|  |TAMS 0x0000000707b00000, 0x0000000707b00000| Untracked 
| 112|0x0000000707c00000, 0x0000000707c00000, 0x0000000707d00000|  0%| F|  |TAMS 0x0000000707c00000, 0x0000000707c00000| Untracked 
| 113|0x0000000707d00000, 0x0000000707d00000, 0x0000000707e00000|  0%| F|  |TAMS 0x0000000707d00000, 0x0000000707d00000| Untracked 
| 114|0x0000000707e00000, 0x0000000707e00000, 0x0000000707f00000|  0%| F|  |TAMS 0x0000000707e00000, 0x0000000707e00000| Untracked 
| 115|0x0000000707f00000, 0x0000000707f00000, 0x0000000708000000|  0%| F|  |TAMS 0x0000000707f00000, 0x0000000707f00000| Untracked 
| 116|0x0000000708000000, 0x0000000708000000, 0x0000000708100000|  0%| F|  |TAMS 0x0000000708000000, 0x0000000708000000| Untracked 
| 117|0x0000000708100000, 0x0000000708100000, 0x0000000708200000|  0%| F|  |TAMS 0x0000000708100000, 0x0000000708100000| Untracked 
| 118|0x0000000708200000, 0x0000000708200000, 0x0000000708300000|  0%| F|  |TAMS 0x0000000708200000, 0x0000000708200000| Untracked 
| 119|0x0000000708300000, 0x0000000708300000, 0x0000000708400000|  0%| F|  |TAMS 0x0000000708300000, 0x0000000708300000| Untracked 
| 120|0x0000000708400000, 0x0000000708400000, 0x0000000708500000|  0%| F|  |TAMS 0x0000000708400000, 0x0000000708400000| Untracked 
| 121|0x0000000708500000, 0x0000000708500000, 0x0000000708600000|  0%| F|  |TAMS 0x0000000708500000, 0x0000000708500000| Untracked 
| 122|0x0000000708600000, 0x0000000708600000, 0x0000000708700000|  0%| F|  |TAMS 0x0000000708600000, 0x0000000708600000| Untracked 
| 123|0x0000000708700000, 0x0000000708700000, 0x0000000708800000|  0%| F|  |TAMS 0x0000000708700000, 0x0000000708700000| Untracked 
| 124|0x0000000708800000, 0x0000000708800000, 0x0000000708900000|  0%| F|  |TAMS 0x0000000708800000, 0x0000000708800000| Untracked 
| 125|0x0000000708900000, 0x0000000708900000, 0x0000000708a00000|  0%| F|  |TAMS 0x0000000708900000, 0x0000000708900000| Untracked 
| 126|0x0000000708a00000, 0x0000000708a00000, 0x0000000708b00000|  0%| F|  |TAMS 0x0000000708a00000, 0x0000000708a00000| Untracked 
| 127|0x0000000708b00000, 0x0000000708b00000, 0x0000000708c00000|  0%| F|  |TAMS 0x0000000708b00000, 0x0000000708b00000| Untracked 
| 128|0x0000000708c00000, 0x0000000708c00000, 0x0000000708d00000|  0%| F|  |TAMS 0x0000000708c00000, 0x0000000708c00000| Untracked 
| 129|0x0000000708d00000, 0x0000000708d00000, 0x0000000708e00000|  0%| F|  |TAMS 0x0000000708d00000, 0x0000000708d00000| Untracked 
| 130|0x0000000708e00000, 0x0000000708e00000, 0x0000000708f00000|  0%| F|  |TAMS 0x0000000708e00000, 0x0000000708e00000| Untracked 
| 131|0x0000000708f00000, 0x0000000708f00000, 0x0000000709000000|  0%| F|  |TAMS 0x0000000708f00000, 0x0000000708f00000| Untracked 
| 132|0x0000000709000000, 0x0000000709000000, 0x0000000709100000|  0%| F|  |TAMS 0x0000000709000000, 0x0000000709000000| Untracked 
| 133|0x0000000709100000, 0x0000000709100000, 0x0000000709200000|  0%| F|  |TAMS 0x0000000709100000, 0x0000000709100000| Untracked 
| 134|0x0000000709200000, 0x0000000709200000, 0x0000000709300000|  0%| F|  |TAMS 0x0000000709200000, 0x0000000709200000| Untracked 
| 135|0x0000000709300000, 0x0000000709300000, 0x0000000709400000|  0%| F|  |TAMS 0x0000000709300000, 0x0000000709300000| Untracked 
| 136|0x0000000709400000, 0x0000000709400000, 0x0000000709500000|  0%| F|  |TAMS 0x0000000709400000, 0x0000000709400000| Untracked 
| 137|0x0000000709500000, 0x0000000709500000, 0x0000000709600000|  0%| F|  |TAMS 0x0000000709500000, 0x0000000709500000| Untracked 
| 138|0x0000000709600000, 0x0000000709600000, 0x0000000709700000|  0%| F|  |TAMS 0x0000000709600000, 0x0000000709600000| Untracked 
| 139|0x0000000709700000, 0x0000000709700000, 0x0000000709800000|  0%| F|  |TAMS 0x0000000709700000, 0x0000000709700000| Untracked 
| 140|0x0000000709800000, 0x0000000709800000, 0x0000000709900000|  0%| F|  |TAMS 0x0000000709800000, 0x0000000709800000| Untracked 
| 141|0x0000000709900000, 0x0000000709900000, 0x0000000709a00000|  0%| F|  |TAMS 0x0000000709900000, 0x0000000709900000| Untracked 
| 142|0x0000000709a00000, 0x0000000709a00000, 0x0000000709b00000|  0%| F|  |TAMS 0x0000000709a00000, 0x0000000709a00000| Untracked 
| 143|0x0000000709b00000, 0x0000000709b00000, 0x0000000709c00000|  0%| F|  |TAMS 0x0000000709b00000, 0x0000000709b00000| Untracked 
| 144|0x0000000709c00000, 0x0000000709c00000, 0x0000000709d00000|  0%| F|  |TAMS 0x0000000709c00000, 0x0000000709c00000| Untracked 
| 145|0x0000000709d00000, 0x0000000709d00000, 0x0000000709e00000|  0%| F|  |TAMS 0x0000000709d00000, 0x0000000709d00000| Untracked 
| 146|0x0000000709e00000, 0x0000000709e00000, 0x0000000709f00000|  0%| F|  |TAMS 0x0000000709e00000, 0x0000000709e00000| Untracked 
| 147|0x0000000709f00000, 0x0000000709f00000, 0x000000070a000000|  0%| F|  |TAMS 0x0000000709f00000, 0x0000000709f00000| Untracked 
| 148|0x000000070a000000, 0x000000070a000000, 0x000000070a100000|  0%| F|  |TAMS 0x000000070a000000, 0x000000070a000000| Untracked 
| 149|0x000000070a100000, 0x000000070a100000, 0x000000070a200000|  0%| F|  |TAMS 0x000000070a100000, 0x000000070a100000| Untracked 
| 150|0x000000070a200000, 0x000000070a200000, 0x000000070a300000|  0%| F|  |TAMS 0x000000070a200000, 0x000000070a200000| Untracked 
| 151|0x000000070a300000, 0x000000070a300000, 0x000000070a400000|  0%| F|  |TAMS 0x000000070a300000, 0x000000070a300000| Untracked 
| 152|0x000000070a400000, 0x000000070a400000, 0x000000070a500000|  0%| F|  |TAMS 0x000000070a400000, 0x000000070a400000| Untracked 
| 153|0x000000070a500000, 0x000000070a500000, 0x000000070a600000|  0%| F|  |TAMS 0x000000070a500000, 0x000000070a500000| Untracked 
| 154|0x000000070a600000, 0x000000070a600000, 0x000000070a700000|  0%| F|  |TAMS 0x000000070a600000, 0x000000070a600000| Untracked 
| 155|0x000000070a700000, 0x000000070a700000, 0x000000070a800000|  0%| F|  |TAMS 0x000000070a700000, 0x000000070a700000| Untracked 
| 156|0x000000070a800000, 0x000000070a800000, 0x000000070a900000|  0%| F|  |TAMS 0x000000070a800000, 0x000000070a800000| Untracked 
| 157|0x000000070a900000, 0x000000070a900000, 0x000000070aa00000|  0%| F|  |TAMS 0x000000070a900000, 0x000000070a900000| Untracked 
| 158|0x000000070aa00000, 0x000000070aa00000, 0x000000070ab00000|  0%| F|  |TAMS 0x000000070aa00000, 0x000000070aa00000| Untracked 
| 159|0x000000070ab00000, 0x000000070ab00000, 0x000000070ac00000|  0%| F|  |TAMS 0x000000070ab00000, 0x000000070ab00000| Untracked 
| 160|0x000000070ac00000, 0x000000070ac00000, 0x000000070ad00000|  0%| F|  |TAMS 0x000000070ac00000, 0x000000070ac00000| Untracked 
| 161|0x000000070ad00000, 0x000000070ad00000, 0x000000070ae00000|  0%| F|  |TAMS 0x000000070ad00000, 0x000000070ad00000| Untracked 
| 162|0x000000070ae00000, 0x000000070ae00000, 0x000000070af00000|  0%| F|  |TAMS 0x000000070ae00000, 0x000000070ae00000| Untracked 
| 163|0x000000070af00000, 0x000000070af00000, 0x000000070b000000|  0%| F|  |TAMS 0x000000070af00000, 0x000000070af00000| Untracked 
| 164|0x000000070b000000, 0x000000070b000000, 0x000000070b100000|  0%| F|  |TAMS 0x000000070b000000, 0x000000070b000000| Untracked 
| 165|0x000000070b100000, 0x000000070b100000, 0x000000070b200000|  0%| F|  |TAMS 0x000000070b100000, 0x000000070b100000| Untracked 
| 166|0x000000070b200000, 0x000000070b200000, 0x000000070b300000|  0%| F|  |TAMS 0x000000070b200000, 0x000000070b200000| Untracked 
| 167|0x000000070b300000, 0x000000070b300000, 0x000000070b400000|  0%| F|  |TAMS 0x000000070b300000, 0x000000070b300000| Untracked 
| 168|0x000000070b400000, 0x000000070b400000, 0x000000070b500000|  0%| F|  |TAMS 0x000000070b400000, 0x000000070b400000| Untracked 
| 169|0x000000070b500000, 0x000000070b500000, 0x000000070b600000|  0%| F|  |TAMS 0x000000070b500000, 0x000000070b500000| Untracked 
| 170|0x000000070b600000, 0x000000070b600000, 0x000000070b700000|  0%| F|  |TAMS 0x000000070b600000, 0x000000070b600000| Untracked 
| 171|0x000000070b700000, 0x000000070b700000, 0x000000070b800000|  0%| F|  |TAMS 0x000000070b700000, 0x000000070b700000| Untracked 
| 172|0x000000070b800000, 0x000000070b800000, 0x000000070b900000|  0%| F|  |TAMS 0x000000070b800000, 0x000000070b800000| Untracked 
| 173|0x000000070b900000, 0x000000070b900000, 0x000000070ba00000|  0%| F|  |TAMS 0x000000070b900000, 0x000000070b900000| Untracked 
| 174|0x000000070ba00000, 0x000000070ba00000, 0x000000070bb00000|  0%| F|  |TAMS 0x000000070ba00000, 0x000000070ba00000| Untracked 
| 175|0x000000070bb00000, 0x000000070bb00000, 0x000000070bc00000|  0%| F|  |TAMS 0x000000070bb00000, 0x000000070bb00000| Untracked 
| 176|0x000000070bc00000, 0x000000070bc00000, 0x000000070bd00000|  0%| F|  |TAMS 0x000000070bc00000, 0x000000070bc00000| Untracked 
| 177|0x000000070bd00000, 0x000000070bd00000, 0x000000070be00000|  0%| F|  |TAMS 0x000000070bd00000, 0x000000070bd00000| Untracked 
| 178|0x000000070be00000, 0x000000070be00000, 0x000000070bf00000|  0%| F|  |TAMS 0x000000070be00000, 0x000000070be00000| Untracked 
| 179|0x000000070bf00000, 0x000000070bf00000, 0x000000070c000000|  0%| F|  |TAMS 0x000000070bf00000, 0x000000070bf00000| Untracked 
| 180|0x000000070c000000, 0x000000070c000000, 0x000000070c100000|  0%| F|  |TAMS 0x000000070c000000, 0x000000070c000000| Untracked 
| 181|0x000000070c100000, 0x000000070c100000, 0x000000070c200000|  0%| F|  |TAMS 0x000000070c100000, 0x000000070c100000| Untracked 
| 182|0x000000070c200000, 0x000000070c200000, 0x000000070c300000|  0%| F|  |TAMS 0x000000070c200000, 0x000000070c200000| Untracked 
| 183|0x000000070c300000, 0x000000070c300000, 0x000000070c400000|  0%| F|  |TAMS 0x000000070c300000, 0x000000070c300000| Untracked 
| 184|0x000000070c400000, 0x000000070c400000, 0x000000070c500000|  0%| F|  |TAMS 0x000000070c400000, 0x000000070c400000| Untracked 
| 185|0x000000070c500000, 0x000000070c500000, 0x000000070c600000|  0%| F|  |TAMS 0x000000070c500000, 0x000000070c500000| Untracked 
| 186|0x000000070c600000, 0x000000070c600000, 0x000000070c700000|  0%| F|  |TAMS 0x000000070c600000, 0x000000070c600000| Untracked 
| 187|0x000000070c700000, 0x000000070c700000, 0x000000070c800000|  0%| F|  |TAMS 0x000000070c700000, 0x000000070c700000| Untracked 
| 188|0x000000070c800000, 0x000000070c800000, 0x000000070c900000|  0%| F|  |TAMS 0x000000070c800000, 0x000000070c800000| Untracked 
| 189|0x000000070c900000, 0x000000070c900000, 0x000000070ca00000|  0%| F|  |TAMS 0x000000070c900000, 0x000000070c900000| Untracked 
| 190|0x000000070ca00000, 0x000000070ca00000, 0x000000070cb00000|  0%| F|  |TAMS 0x000000070ca00000, 0x000000070ca00000| Untracked 
| 191|0x000000070cb00000, 0x000000070cb00000, 0x000000070cc00000|  0%| F|  |TAMS 0x000000070cb00000, 0x000000070cb00000| Untracked 
| 192|0x000000070cc00000, 0x000000070cc00000, 0x000000070cd00000|  0%| F|  |TAMS 0x000000070cc00000, 0x000000070cc00000| Untracked 
| 193|0x000000070cd00000, 0x000000070cd00000, 0x000000070ce00000|  0%| F|  |TAMS 0x000000070cd00000, 0x000000070cd00000| Untracked 
| 194|0x000000070ce00000, 0x000000070ce00000, 0x000000070cf00000|  0%| F|  |TAMS 0x000000070ce00000, 0x000000070ce00000| Untracked 
| 195|0x000000070cf00000, 0x000000070cf00000, 0x000000070d000000|  0%| F|  |TAMS 0x000000070cf00000, 0x000000070cf00000| Untracked 
| 196|0x000000070d000000, 0x000000070d000000, 0x000000070d100000|  0%| F|  |TAMS 0x000000070d000000, 0x000000070d000000| Untracked 
| 197|0x000000070d100000, 0x000000070d100000, 0x000000070d200000|  0%| F|  |TAMS 0x000000070d100000, 0x000000070d100000| Untracked 
| 198|0x000000070d200000, 0x000000070d200000, 0x000000070d300000|  0%| F|  |TAMS 0x000000070d200000, 0x000000070d200000| Untracked 
| 199|0x000000070d300000, 0x000000070d300000, 0x000000070d400000|  0%| F|  |TAMS 0x000000070d300000, 0x000000070d300000| Untracked 
| 200|0x000000070d400000, 0x000000070d400000, 0x000000070d500000|  0%| F|  |TAMS 0x000000070d400000, 0x000000070d400000| Untracked 
| 201|0x000000070d500000, 0x000000070d500000, 0x000000070d600000|  0%| F|  |TAMS 0x000000070d500000, 0x000000070d500000| Untracked 
| 202|0x000000070d600000, 0x000000070d600000, 0x000000070d700000|  0%| F|  |TAMS 0x000000070d600000, 0x000000070d600000| Untracked 
| 203|0x000000070d700000, 0x000000070d700000, 0x000000070d800000|  0%| F|  |TAMS 0x000000070d700000, 0x000000070d700000| Untracked 
| 204|0x000000070d800000, 0x000000070d800000, 0x000000070d900000|  0%| F|  |TAMS 0x000000070d800000, 0x000000070d800000| Untracked 
| 205|0x000000070d900000, 0x000000070d900000, 0x000000070da00000|  0%| F|  |TAMS 0x000000070d900000, 0x000000070d900000| Untracked 
| 206|0x000000070da00000, 0x000000070da00000, 0x000000070db00000|  0%| F|  |TAMS 0x000000070da00000, 0x000000070da00000| Untracked 
| 207|0x000000070db00000, 0x000000070db00000, 0x000000070dc00000|  0%| F|  |TAMS 0x000000070db00000, 0x000000070db00000| Untracked 
| 208|0x000000070dc00000, 0x000000070dc00000, 0x000000070dd00000|  0%| F|  |TAMS 0x000000070dc00000, 0x000000070dc00000| Untracked 
| 209|0x000000070dd00000, 0x000000070dd00000, 0x000000070de00000|  0%| F|  |TAMS 0x000000070dd00000, 0x000000070dd00000| Untracked 
| 210|0x000000070de00000, 0x000000070de00000, 0x000000070df00000|  0%| F|  |TAMS 0x000000070de00000, 0x000000070de00000| Untracked 
| 211|0x000000070df00000, 0x000000070df00000, 0x000000070e000000|  0%| F|  |TAMS 0x000000070df00000, 0x000000070df00000| Untracked 
| 212|0x000000070e000000, 0x000000070e000000, 0x000000070e100000|  0%| F|  |TAMS 0x000000070e000000, 0x000000070e000000| Untracked 
| 213|0x000000070e100000, 0x000000070e100000, 0x000000070e200000|  0%| F|  |TAMS 0x000000070e100000, 0x000000070e100000| Untracked 
| 214|0x000000070e200000, 0x000000070e200000, 0x000000070e300000|  0%| F|  |TAMS 0x000000070e200000, 0x000000070e200000| Untracked 
| 215|0x000000070e300000, 0x000000070e300000, 0x000000070e400000|  0%| F|  |TAMS 0x000000070e300000, 0x000000070e300000| Untracked 
| 216|0x000000070e400000, 0x000000070e400000, 0x000000070e500000|  0%| F|  |TAMS 0x000000070e400000, 0x000000070e400000| Untracked 
| 217|0x000000070e500000, 0x000000070e500000, 0x000000070e600000|  0%| F|  |TAMS 0x000000070e500000, 0x000000070e500000| Untracked 
| 218|0x000000070e600000, 0x000000070e600000, 0x000000070e700000|  0%| F|  |TAMS 0x000000070e600000, 0x000000070e600000| Untracked 
| 219|0x000000070e700000, 0x000000070e700000, 0x000000070e800000|  0%| F|  |TAMS 0x000000070e700000, 0x000000070e700000| Untracked 
| 220|0x000000070e800000, 0x000000070e800000, 0x000000070e900000|  0%| F|  |TAMS 0x000000070e800000, 0x000000070e800000| Untracked 
| 221|0x000000070e900000, 0x000000070e900000, 0x000000070ea00000|  0%| F|  |TAMS 0x000000070e900000, 0x000000070e900000| Untracked 
| 222|0x000000070ea00000, 0x000000070ea00000, 0x000000070eb00000|  0%| F|  |TAMS 0x000000070ea00000, 0x000000070ea00000| Untracked 
| 223|0x000000070eb00000, 0x000000070eb00000, 0x000000070ec00000|  0%| F|  |TAMS 0x000000070eb00000, 0x000000070eb00000| Untracked 
| 224|0x000000070ec00000, 0x000000070ec00000, 0x000000070ed00000|  0%| F|  |TAMS 0x000000070ec00000, 0x000000070ec00000| Untracked 
| 225|0x000000070ed00000, 0x000000070ed00000, 0x000000070ee00000|  0%| F|  |TAMS 0x000000070ed00000, 0x000000070ed00000| Untracked 
| 226|0x000000070ee00000, 0x000000070ee00000, 0x000000070ef00000|  0%| F|  |TAMS 0x000000070ee00000, 0x000000070ee00000| Untracked 
| 227|0x000000070ef00000, 0x000000070ef00000, 0x000000070f000000|  0%| F|  |TAMS 0x000000070ef00000, 0x000000070ef00000| Untracked 
| 228|0x000000070f000000, 0x000000070f000000, 0x000000070f100000|  0%| F|  |TAMS 0x000000070f000000, 0x000000070f000000| Untracked 
| 229|0x000000070f100000, 0x000000070f100000, 0x000000070f200000|  0%| F|  |TAMS 0x000000070f100000, 0x000000070f100000| Untracked 
| 230|0x000000070f200000, 0x000000070f200000, 0x000000070f300000|  0%| F|  |TAMS 0x000000070f200000, 0x000000070f200000| Untracked 
| 231|0x000000070f300000, 0x000000070f300000, 0x000000070f400000|  0%| F|  |TAMS 0x000000070f300000, 0x000000070f300000| Untracked 
| 232|0x000000070f400000, 0x000000070f400000, 0x000000070f500000|  0%| F|  |TAMS 0x000000070f400000, 0x000000070f400000| Untracked 
| 233|0x000000070f500000, 0x000000070f500000, 0x000000070f600000|  0%| F|  |TAMS 0x000000070f500000, 0x000000070f500000| Untracked 
| 234|0x000000070f600000, 0x000000070f600000, 0x000000070f700000|  0%| F|  |TAMS 0x000000070f600000, 0x000000070f600000| Untracked 
| 235|0x000000070f700000, 0x000000070f700000, 0x000000070f800000|  0%| F|  |TAMS 0x000000070f700000, 0x000000070f700000| Untracked 
| 236|0x000000070f800000, 0x000000070f900000, 0x000000070f900000|100%| E|  |TAMS 0x000000070f800000, 0x000000070f800000| Complete 
| 237|0x000000070f900000, 0x000000070fa00000, 0x000000070fa00000|100%| E|CS|TAMS 0x000000070f900000, 0x000000070f900000| Complete 
| 238|0x000000070fa00000, 0x000000070fb00000, 0x000000070fb00000|100%| E|  |TAMS 0x000000070fa00000, 0x000000070fa00000| Complete 
| 239|0x000000070fb00000, 0x000000070fc00000, 0x000000070fc00000|100%| E|CS|TAMS 0x000000070fb00000, 0x000000070fb00000| Complete 
| 240|0x000000070fc00000, 0x000000070fd00000, 0x000000070fd00000|100%| E|CS|TAMS 0x000000070fc00000, 0x000000070fc00000| Complete 
| 241|0x000000070fd00000, 0x000000070fe00000, 0x000000070fe00000|100%| E|CS|TAMS 0x000000070fd00000, 0x000000070fd00000| Complete 
| 242|0x000000070fe00000, 0x000000070ff00000, 0x000000070ff00000|100%| E|CS|TAMS 0x000000070fe00000, 0x000000070fe00000| Complete 
| 243|0x000000070ff00000, 0x0000000710000000, 0x0000000710000000|100%| E|CS|TAMS 0x000000070ff00000, 0x000000070ff00000| Complete 
| 244|0x0000000710000000, 0x0000000710100000, 0x0000000710100000|100%| E|CS|TAMS 0x0000000710000000, 0x0000000710000000| Complete 
| 245|0x0000000710100000, 0x0000000710200000, 0x0000000710200000|100%| E|CS|TAMS 0x0000000710100000, 0x0000000710100000| Complete 
| 246|0x0000000710200000, 0x0000000710300000, 0x0000000710300000|100%| E|CS|TAMS 0x0000000710200000, 0x0000000710200000| Complete 
| 247|0x0000000710300000, 0x0000000710400000, 0x0000000710400000|100%| E|CS|TAMS 0x0000000710300000, 0x0000000710300000| Complete 
| 248|0x0000000710400000, 0x0000000710500000, 0x0000000710500000|100%| E|CS|TAMS 0x0000000710400000, 0x0000000710400000| Complete 
| 249|0x0000000710500000, 0x0000000710600000, 0x0000000710600000|100%| E|CS|TAMS 0x0000000710500000, 0x0000000710500000| Complete 
| 250|0x0000000710600000, 0x0000000710700000, 0x0000000710700000|100%| E|CS|TAMS 0x0000000710600000, 0x0000000710600000| Complete 
| 251|0x0000000710700000, 0x0000000710800000, 0x0000000710800000|100%| E|CS|TAMS 0x0000000710700000, 0x0000000710700000| Complete 
| 252|0x0000000710800000, 0x0000000710900000, 0x0000000710900000|100%| E|CS|TAMS 0x0000000710800000, 0x0000000710800000| Complete 
| 253|0x0000000710900000, 0x0000000710a00000, 0x0000000710a00000|100%| E|CS|TAMS 0x0000000710900000, 0x0000000710900000| Complete 
| 254|0x0000000710a00000, 0x0000000710b00000, 0x0000000710b00000|100%| E|CS|TAMS 0x0000000710a00000, 0x0000000710a00000| Complete 
| 255|0x0000000710b00000, 0x0000000710c00000, 0x0000000710c00000|100%| E|CS|TAMS 0x0000000710b00000, 0x0000000710b00000| Complete 

Card table byte_map: [0x000001fcccfd0000,0x000001fccd7d0000] _byte_map_base: 0x000001fcc97ca000

Marking Bits (Prev, Next): (CMBitMap*) 0x000001fcb511b538, (CMBitMap*) 0x000001fcb511b578
 Prev Bits: [0x000001fccdfd0000, 0x000001fcd1fa0000)
 Next Bits: [0x000001fcd1fa0000, 0x000001fcd5f70000)

Polling page: 0x000001fcb2e10000

Metaspace:

Usage:
  Non-class:     10.54 MB capacity,     9.46 MB ( 90%) used,     1.07 MB ( 10%) free+waste,    17.13 KB ( <1%) overhead. 
      Class:    757.00 KB capacity,   600.59 KB ( 79%) used,   148.91 KB ( 20%) free+waste,     7.50 KB ( <1%) overhead. 
       Both:     11.28 MB capacity,    10.05 MB ( 89%) used,     1.21 MB ( 11%) free+waste,    24.63 KB ( <1%) overhead. 

Virtual space:
  Non-class space:       12.00 MB reserved,      10.75 MB ( 90%) committed 
      Class space:        1.00 GB reserved,     768.00 KB ( <1%) committed 
             Both:        1.01 GB reserved,      11.50 MB (  1%) committed 

Chunk freelists:
   Non-Class:  18.00 KB
       Class:  11.00 KB
        Both:  29.00 KB

MaxMetaspaceSize: 17179869184.00 GB
CompressedClassSpaceSize: 1.00 GB

CodeHeap 'non-profiled nmethods': size=120000Kb used=299Kb max_used=299Kb free=119700Kb
 bounds [0x000001fcc5080000, 0x000001fcc52f0000, 0x000001fccc5b0000]
CodeHeap 'profiled nmethods': size=120000Kb used=1818Kb max_used=1818Kb free=118181Kb
 bounds [0x000001fcbdb50000, 0x000001fcbddc0000, 0x000001fcc5080000]
CodeHeap 'non-nmethods': size=5760Kb used=1808Kb max_used=1822Kb free=3951Kb
 bounds [0x000001fcbd5b0000, 0x000001fcbd820000, 0x000001fcbdb50000]
 total_blobs=2715 nmethods=995 adapters=1165
 compilation: enabled
              stopped_count=0, restarted_count=0
 full_count=0

Compilation events (20 events):
Event: 1.305 Thread 0x000001fcd9178800  985   !   3       java.util.zip.ZipFile$CleanableResource::releaseInflater (53 bytes)
Event: 1.306 Thread 0x000001fcd9178800 nmethod 985 0x000001fcbdd0ea10 code [0x000001fcbdd0ec00, 0x000001fcbdd0f190]
Event: 1.306 Thread 0x000001fcd9178800  986   !   3       java.util.zip.Inflater::reset (64 bytes)
Event: 1.306 Thread 0x000001fcd9178800 nmethod 986 0x000001fcbdd0f390 code [0x000001fcbdd0f560, 0x000001fcbdd0fa40]
Event: 1.312 Thread 0x000001fcd9178800  988       3       sun.net.www.protocol.jar.Handler::checkNestedProtocol (18 bytes)
Event: 1.312 Thread 0x000001fcd9178800 nmethod 988 0x000001fcbdd0fc10 code [0x000001fcbdd0fdc0, 0x000001fcbdd10010]
Event: 1.315 Thread 0x000001fcd9178800  989       3       sun.net.www.protocol.jar.Handler::parseURL (212 bytes)
Event: 1.316 Thread 0x000001fcd9178800 nmethod 989 0x000001fcbdd10110 code [0x000001fcbdd104a0, 0x000001fcbdd118d0]
Event: 1.316 Thread 0x000001fcd9178800  990       3       sun.net.www.protocol.jar.Handler::indexOfBangSlash (52 bytes)
Event: 1.317 Thread 0x000001fcd9178800 nmethod 990 0x000001fcbdd12190 code [0x000001fcbdd12400, 0x000001fcbdd12f40]
Event: 1.317 Thread 0x000001fcd9178800  991       3       java.net.URLStreamHandler::setURL (159 bytes)
Event: 1.318 Thread 0x000001fcd9178800 nmethod 991 0x000001fcbdd13310 code [0x000001fcbdd13680, 0x000001fcbdd14bd0]
Event: 1.318 Thread 0x000001fcd9178800  992  s    3       java.util.jar.JarFile::getInputStream (72 bytes)
Event: 1.318 Thread 0x000001fcd9178800 nmethod 992 0x000001fcbdd15390 code [0x000001fcbdd155c0, 0x000001fcbdd15c80]
Event: 1.318 Thread 0x000001fcd9178800  993       3       java.util.ImmutableCollections$Set12::contains (28 bytes)
Event: 1.318 Thread 0x000001fcd9178800 nmethod 993 0x000001fcbdd15e10 code [0x000001fcbdd15fe0, 0x000001fcbdd163c0]
Event: 1.318 Thread 0x000001fcd9178800  994       3       java.util.concurrent.ConcurrentHashMap::sumCount (60 bytes)
Event: 1.318 Thread 0x000001fcd9178800 nmethod 994 0x000001fcbdd16490 code [0x000001fcbdd16640, 0x000001fcbdd16918]
Event: 1.318 Thread 0x000001fcd9177000  995       4       java.lang.AbstractStringBuilder::<init> (39 bytes)
Event: 1.320 Thread 0x000001fcd9177000 nmethod 995 0x000001fcc50ca910 code [0x000001fcc50caaa0, 0x000001fcc50cacb8]

GC Heap History (0 events):
No events

Deoptimization events (20 events):
Event: 0.078 Thread 0x000001fcb50b1800 DEOPT PACKING pc=0x000001fcc5084f28 sp=0x0000003258afb0a0
Event: 0.078 Thread 0x000001fcb50b1800 DEOPT UNPACKING pc=0x000001fcbd5f912f sp=0x0000003258afb038 mode 2
Event: 0.953 Thread 0x000001fcb50b1800 Uncommon trap: trap_request=0xffffff54 fr.pc=0x000001fcc50a4e10 relative=0x0000000000000070
Event: 0.953 Thread 0x000001fcb50b1800 Uncommon trap: reason=speculate_null_assert action=make_not_entrant pc=0x000001fcc50a4e10 method=sun.misc.Unsafe.putLong(Ljava/lang/Object;JJ)V @ 7 c2
Event: 0.953 Thread 0x000001fcb50b1800 DEOPT PACKING pc=0x000001fcc50a4e10 sp=0x0000003258afed60
Event: 0.953 Thread 0x000001fcb50b1800 DEOPT UNPACKING pc=0x000001fcbd5f912f sp=0x0000003258afecd8 mode 2
Event: 1.018 Thread 0x000001fcb50b1800 Uncommon trap: trap_request=0xffffff45 fr.pc=0x000001fcc50a3694 relative=0x0000000000001074
Event: 1.018 Thread 0x000001fcb50b1800 Uncommon trap: reason=unstable_if action=reinterpret pc=0x000001fcc50a3694 method=java.util.LinkedHashMap.linkNodeLast(Ljava/util/LinkedHashMap$Entry;)V @ 11 c2
Event: 1.018 Thread 0x000001fcb50b1800 DEOPT PACKING pc=0x000001fcc50a3694 sp=0x0000003258afebd0
Event: 1.018 Thread 0x000001fcb50b1800 DEOPT UNPACKING pc=0x000001fcbd5f912f sp=0x0000003258afea80 mode 2
Event: 1.117 Thread 0x000001fcb50b1800 Uncommon trap: trap_request=0xffffff45 fr.pc=0x000001fcc50a1ef0 relative=0x00000000000001d0
Event: 1.117 Thread 0x000001fcb50b1800 Uncommon trap: reason=unstable_if action=reinterpret pc=0x000001fcc50a1ef0 method=java.lang.String.startsWith(Ljava/lang/String;I)Z @ 1 c2
Event: 1.117 Thread 0x000001fcb50b1800 DEOPT PACKING pc=0x000001fcc50a1ef0 sp=0x0000003258afd070
Event: 1.117 Thread 0x000001fcb50b1800 DEOPT UNPACKING pc=0x000001fcbd5f912f sp=0x0000003258afcfd8 mode 2
Event: 1.195 Thread 0x000001fcb50b1800 Uncommon trap: trap_request=0xffffff45 fr.pc=0x000001fcc50b3598 relative=0x00000000000001d8
Event: 1.195 Thread 0x000001fcb50b1800 Uncommon trap: reason=unstable_if action=reinterpret pc=0x000001fcc50b3598 method=java.io.WinNTFileSystem.normalize(Ljava/lang/String;)Ljava/lang/String; @ 128 c2
Event: 1.195 Thread 0x000001fcb50b1800 DEOPT PACKING pc=0x000001fcc50b3598 sp=0x0000003258afd9a0
Event: 1.195 Thread 0x000001fcb50b1800 DEOPT UNPACKING pc=0x000001fcbd5f912f sp=0x0000003258afd928 mode 2
Event: 1.296 Thread 0x000001fcb50b1800 DEOPT PACKING pc=0x000001fcbdc1fc74 sp=0x0000003258afabe0
Event: 1.296 Thread 0x000001fcb50b1800 DEOPT UNPACKING pc=0x000001fcbd5f964e sp=0x0000003258afa038 mode 0

Classes unloaded (0 events):
No events

Classes redefined (0 events):
No events

Internal exceptions (20 events):
Event: 0.188 Thread 0x000001fcb50b1800 Exception <a 'sun/nio/fs/WindowsException'{0x000000071087d6f8}> (0x000000071087d6f8) 
thrown [t:/workspace/open/src/hotspot/share/prims/jni.cpp, line 598]
Event: 0.752 Thread 0x000001fcb50b1800 Exception <a 'sun/nio/fs/WindowsException'{0x0000000710750210}> (0x0000000710750210) 
thrown [t:/workspace/open/src/hotspot/share/prims/jni.cpp, line 598]
Event: 0.752 Thread 0x000001fcb50b1800 Exception <a 'sun/nio/fs/WindowsException'{0x00000007107505b0}> (0x00000007107505b0) 
thrown [t:/workspace/open/src/hotspot/share/prims/jni.cpp, line 598]
Event: 0.757 Thread 0x000001fcb50b1800 Exception <a 'sun/nio/fs/WindowsException'{0x000000071075d8c8}> (0x000000071075d8c8) 
thrown [t:/workspace/open/src/hotspot/share/prims/jni.cpp, line 598]
Event: 0.757 Thread 0x000001fcb50b1800 Exception <a 'sun/nio/fs/WindowsException'{0x000000071075db98}> (0x000000071075db98) 
thrown [t:/workspace/open/src/hotspot/share/prims/jni.cpp, line 598]
Event: 0.787 Thread 0x000001fcb50b1800 Exception <a 'sun/nio/fs/WindowsException'{0x00000007106bd7c0}> (0x00000007106bd7c0) 
thrown [t:/workspace/open/src/hotspot/share/prims/jni.cpp, line 598]
Event: 0.787 Thread 0x000001fcb50b1800 Exception <a 'sun/nio/fs/WindowsException'{0x00000007106bdb50}> (0x00000007106bdb50) 
thrown [t:/workspace/open/src/hotspot/share/prims/jni.cpp, line 598]
Event: 0.977 Thread 0x000001fcb50b1800 Exception <a 'sun/nio/fs/WindowsException'{0x000000070ff40680}> (0x000000070ff40680) 
thrown [t:/workspace/open/src/hotspot/share/prims/jni.cpp, line 598]
Event: 0.977 Thread 0x000001fcb50b1800 Exception <a 'sun/nio/fs/WindowsException'{0x000000070ff40a00}> (0x000000070ff40a00) 
thrown [t:/workspace/open/src/hotspot/share/prims/jni.cpp, line 598]
Event: 1.013 Thread 0x000001fcb50b1800 Exception <a 'java/lang/NoSuchMethodError'{0x000000070ff7b418}: 'int java.lang.invoke.DirectMethodHandle$Holder.invokeSpecialIFC(java.lang.Object, java.lang.Object, int)'> (0x000000070ff7b418) 
thrown [t:/workspace/open/src/hotspot/share/interpreter/linkResolver.cpp, line 767]
Event: 1.034 Thread 0x000001fcb50b1800 Exception <a 'java/lang/NoSuchMethodError'{0x000000070fe737b0}: 'void java.lang.invoke.DirectMethodHandle$Holder.invokeStatic(java.lang.Object, java.lang.Object, long, int)'> (0x000000070fe737b0) 
thrown [t:/workspace/open/src/hotspot/share/interpreter/linkResolver.cpp, line 767]
Event: 1.058 Thread 0x000001fcb50b1800 Exception <a 'java/lang/NoSuchMethodError'{0x000000070fdc7230}: 'void java.lang.invoke.DirectMethodHandle$Holder.invokeSpecial(java.lang.Object, java.lang.Object, long, int, int, int, int)'> (0x000000070fdc7230) 
thrown [t:/workspace/open/src/hotspot/share/interpreter/linkResolver.cpp, line 767]
Event: 1.059 Thread 0x000001fcb50b1800 Exception <a 'java/lang/NoSuchMethodError'{0x000000070fdcf650}: 'void java.lang.invoke.DirectMethodHandle$Holder.invokeVirtual(java.lang.Object, java.lang.Object, long, int, int, int)'> (0x000000070fdcf650) 
thrown [t:/workspace/open/src/hotspot/share/interpreter/linkResolver.cpp, line 767]
Event: 1.091 Thread 0x000001fcb50b1800 Exception <a 'java/lang/ClassNotFoundException'{0x000000070fce60c0}: sun/awt/resources/spi/awtProvider> (0x000000070fce60c0) 
thrown [t:/workspace/open/src/hotspot/share/classfile/systemDictionary.cpp, line 232]
Event: 1.102 Thread 0x000001fcb50b1800 Exception <a 'java/io/FileNotFoundException'{0x000000070fb2adf8}> (0x000000070fb2adf8) 
thrown [t:/workspace/open/src/hotspot/share/prims/jni.cpp, line 598]
Event: 1.106 Thread 0x000001fcb50b1800 Exception <a 'java/io/FileNotFoundException'{0x000000070fb51370}> (0x000000070fb51370) 
thrown [t:/workspace/open/src/hotspot/share/prims/jni.cpp, line 598]
Event: 1.120 Thread 0x000001fcb50b1800 Exception <a 'java/lang/NoSuchMethodError'{0x000000070fbb7c48}: 'java.lang.Object java.lang.invoke.DirectMethodHandle$Holder.invokeStaticInit(java.lang.Object, int, int, int, int)'> (0x000000070fbb7c48) 
thrown [t:/workspace/open/src/hotspot/share/interpreter/linkResolver.cpp, line 767]
Event: 1.199 Thread 0x000001fcb50b1800 Exception <a 'java/lang/NoSuchMethodError'{0x000000070fbf6688}: 'java.lang.Object java.lang.invoke.DirectMethodHandle$Holder.invokeStaticInit(java.lang.Object, java.lang.Object, int, int, int, int)'> (0x000000070fbf6688) 
thrown [t:/workspace/open/src/hotspot/share/interpreter/linkResolver.cpp, line 767]
Event: 1.232 Thread 0x000001fcb50b1800 Exception <a 'sun/nio/fs/WindowsException'{0x000000070faa71b0}> (0x000000070faa71b0) 
thrown [t:/workspace/open/src/hotspot/share/prims/jni.cpp, line 598]
Event: 1.232 Thread 0x000001fcb50b1800 Exception <a 'sun/nio/fs/WindowsException'{0x000000070faa7530}> (0x000000070faa7530) 
thrown [t:/workspace/open/src/hotspot/share/prims/jni.cpp, line 598]

Events (20 events):
Event: 1.303 loading class org/joml/Vector3i
Event: 1.303 loading class org/joml/Vector3i done
Event: 1.304 loading class org/joml/Vector3ic
Event: 1.304 loading class org/joml/Vector3ic done
Event: 1.305 loading class org/joml/Vector2i
Event: 1.305 loading class org/joml/Vector2i done
Event: 1.307 Loaded shared library C:\Program Files\Java\jdk-13.0.2\bin\zip.dll
Event: 1.308 Loaded shared library C:\Program Files\Java\jdk-13.0.2\bin\zip.dll
Event: 1.310 Loaded shared library C:\Program Files\Java\jdk-13.0.2\bin\zip.dll
Event: 1.312 Loaded shared library C:\Program Files\Java\jdk-13.0.2\bin\zip.dll
Event: 1.312 loading class org/joml/Vector2ic
Event: 1.312 loading class org/joml/Vector2ic done
Event: 1.313 loading class org/joml/Quaternionf
Event: 1.313 loading class org/joml/Quaternionf done
Event: 1.314 loading class org/joml/Quaternionfc
Event: 1.314 loading class org/joml/Quaternionfc done
Event: 1.315 loading class org/joml/Vector4dc
Event: 1.315 loading class org/joml/Vector4dc done
Event: 1.318 loading class nutmeg/game/engine/rendering/MeshRenderer
Event: 1.318 loading class nutmeg/game/engine/rendering/MeshRenderer done


Dynamic libraries:
0x00007ff715e20000 - 0x00007ff715e2f000 	C:\Program Files\Java\jdk-13.0.2\bin\javaw.exe
0x00007ffb964e0000 - 0x00007ffb966d0000 	C:\Windows\SYSTEM32\ntdll.dll
0x00007ffb71720000 - 0x00007ffb71733000 	C:\Program Files\AVG\Antivirus\aswhook.dll
0x00007ffb946a0000 - 0x00007ffb94752000 	C:\Windows\System32\KERNEL32.DLL
0x00007ffb93f90000 - 0x00007ffb94234000 	C:\Windows\System32\KERNELBASE.dll
0x00007ffb94290000 - 0x00007ffb9438a000 	C:\Windows\System32\ucrtbase.dll
0x00007ffb86de0000 - 0x00007ffb86df8000 	C:\Program Files\Java\jdk-13.0.2\bin\jli.dll
0x00007ffb94760000 - 0x00007ffb94803000 	C:\Windows\System32\ADVAPI32.dll
0x00007ffb95640000 - 0x00007ffb956de000 	C:\Windows\System32\msvcrt.dll
0x00007ffb951b0000 - 0x00007ffb95247000 	C:\Windows\System32\sechost.dll
0x00007ffb95740000 - 0x00007ffb95860000 	C:\Windows\System32\RPCRT4.dll
0x00007ffb95960000 - 0x00007ffb95af4000 	C:\Windows\System32\USER32.dll
0x00007ffb93c90000 - 0x00007ffb93cb1000 	C:\Windows\System32\win32u.dll
0x00007ffb95860000 - 0x00007ffb95886000 	C:\Windows\System32\GDI32.dll
0x00007ffb93d40000 - 0x00007ffb93ed4000 	C:\Windows\System32\gdi32full.dll
0x00007ffb93470000 - 0x00007ffb9350e000 	C:\Windows\System32\msvcp_win.dll
0x00007ffb86dc0000 - 0x00007ffb86dd5000 	C:\Program Files\Java\jdk-13.0.2\bin\VCRUNTIME140.dll
0x00007ffb8a4b0000 - 0x00007ffb8a734000 	C:\Windows\WinSxS\amd64_microsoft.windows.common-controls_6595b64144ccf1df_6.0.18362.836_none_e6c4b943130f18ed\COMCTL32.dll
0x00007ffb952f0000 - 0x00007ffb95626000 	C:\Windows\System32\combase.dll
0x00007ffb93cc0000 - 0x00007ffb93d40000 	C:\Windows\System32\bcryptPrimitives.dll
0x00007ffb8d370000 - 0x00007ffb8d37a000 	C:\Windows\SYSTEM32\VERSION.dll
0x00007ffb94fd0000 - 0x00007ffb94ffe000 	C:\Windows\System32\IMM32.DLL
0x00007ffb7a110000 - 0x00007ffb7a1ab000 	C:\Program Files\Java\jdk-13.0.2\bin\msvcp140.dll
0x00007ffb115b0000 - 0x00007ffb1210d000 	C:\Program Files\Java\jdk-13.0.2\bin\server\jvm.dll
0x00007ffb95250000 - 0x00007ffb95258000 	C:\Windows\System32\PSAPI.DLL
0x00007ffb832f0000 - 0x00007ffb832f9000 	C:\Windows\SYSTEM32\WSOCK32.dll
0x00007ffb95280000 - 0x00007ffb952ef000 	C:\Windows\System32\WS2_32.dll
0x00007ffb8fee0000 - 0x00007ffb8ff04000 	C:\Windows\SYSTEM32\WINMM.dll
0x00007ffb8feb0000 - 0x00007ffb8fedd000 	C:\Windows\SYSTEM32\WINMMBASE.dll
0x00007ffb94240000 - 0x00007ffb9428a000 	C:\Windows\System32\cfgmgr32.dll
0x00007ffb933b0000 - 0x00007ffb933c1000 	C:\Windows\System32\kernel.appcore.dll
0x00007ffb84040000 - 0x00007ffb84050000 	C:\Program Files\Java\jdk-13.0.2\bin\verify.dll
0x00007ffb8b820000 - 0x00007ffb8ba14000 	C:\Windows\SYSTEM32\DBGHELP.DLL
0x00007ffb8b7d0000 - 0x00007ffb8b7fa000 	C:\Windows\SYSTEM32\dbgcore.DLL
0x00007ffb7a020000 - 0x00007ffb7a046000 	C:\Program Files\Java\jdk-13.0.2\bin\java.dll
0x00007ffb7c7d0000 - 0x00007ffb7c7e7000 	C:\Program Files\Java\jdk-13.0.2\bin\zip.dll
0x00007ffb7c770000 - 0x00007ffb7c77a000 	C:\Program Files\Java\jdk-13.0.2\bin\jimage.dll
0x00007ffb94810000 - 0x00007ffb94ef4000 	C:\Windows\System32\SHELL32.dll
0x00007ffb94590000 - 0x00007ffb94639000 	C:\Windows\System32\shcore.dll
0x00007ffb93510000 - 0x00007ffb93c8e000 	C:\Windows\System32\windows.storage.dll
0x00007ffb933d0000 - 0x00007ffb933f3000 	C:\Windows\System32\profapi.dll
0x00007ffb93400000 - 0x00007ffb9344a000 	C:\Windows\System32\powrprof.dll
0x00007ffb933a0000 - 0x00007ffb933b0000 	C:\Windows\System32\UMPDC.dll
0x00007ffb956e0000 - 0x00007ffb95732000 	C:\Windows\System32\shlwapi.dll
0x00007ffb93f70000 - 0x00007ffb93f87000 	C:\Windows\System32\cryptsp.dll
0x00007ffb7bf40000 - 0x00007ffb7bf59000 	C:\Program Files\Java\jdk-13.0.2\bin\net.dll
0x00007ffb8b100000 - 0x00007ffb8b1f0000 	C:\Windows\SYSTEM32\WINHTTP.dll
0x00007ffb92c10000 - 0x00007ffb92c77000 	C:\Windows\system32\mswsock.dll
0x00007ffb7a000000 - 0x00007ffb7a013000 	C:\Program Files\Java\jdk-13.0.2\bin\nio.dll
0x00007ffb37ec0000 - 0x00007ffb37f24000 	C:\Users\Work\AppData\Local\Temp\lwjglWork\3.2.3-SNAPSHOT\lwjgl.dll
0x00007ffb37e50000 - 0x00007ffb37eb2000 	C:\Users\Work\AppData\Local\Temp\lwjglWork\3.2.3-SNAPSHOT\glfw.dll
0x00007ffb916a0000 - 0x00007ffb91739000 	C:\Windows\system32\uxtheme.dll
0x00007ffb37d50000 - 0x00007ffb37d93000 	C:\Windows\SYSTEM32\dinput8.dll
0x00007ffb7c960000 - 0x00007ffb7c971000 	C:\Windows\SYSTEM32\xinput1_4.dll
0x00007ffb931a0000 - 0x00007ffb931ca000 	C:\Windows\SYSTEM32\DEVOBJ.dll
0x00007ffb91a50000 - 0x00007ffb91a7d000 	C:\Windows\SYSTEM32\dwmapi.dll
0x00007ffb864e0000 - 0x00007ffb865fb000 	C:\Windows\SYSTEM32\inputhost.dll
0x00007ffb91320000 - 0x00007ffb913f4000 	C:\Windows\SYSTEM32\CoreMessaging.dll
0x00007ffb8f440000 - 0x00007ffb8f76a000 	C:\Windows\SYSTEM32\CoreUIComponents.dll
0x00007ffb8fba0000 - 0x00007ffb8fc90000 	C:\Windows\SYSTEM32\PROPSYS.dll
0x00007ffb95890000 - 0x00007ffb95954000 	C:\Windows\System32\OLEAUT32.dll
0x00007ffb8f2c0000 - 0x00007ffb8f413000 	C:\Windows\SYSTEM32\wintypes.dll
0x00007ffb92400000 - 0x00007ffb92431000 	C:\Windows\SYSTEM32\ntmarta.dll
0x00007ffb96160000 - 0x00007ffb96296000 	C:\Windows\System32\MSCTF.dll
0x00007ffb91fb0000 - 0x00007ffb91fbe000 	C:\Windows\SYSTEM32\HID.DLL
0x00007ffb95b00000 - 0x00007ffb95f70000 	C:\Windows\System32\SETUPAPI.DLL
0x00007ffb93ee0000 - 0x00007ffb93f06000 	C:\Windows\System32\bcrypt.dll
0x00007ffb93f10000 - 0x00007ffb93f6c000 	C:\Windows\System32\WINTRUST.dll
0x00007ffb93450000 - 0x00007ffb93462000 	C:\Windows\System32\MSASN1.dll
0x00007ffb94390000 - 0x00007ffb944d9000 	C:\Windows\System32\CRYPT32.dll
0x00007ffb33d30000 - 0x00007ffb33e86000 	C:\Windows\SYSTEM32\opengl32.dll
0x00007ffb79db0000 - 0x00007ffb79ddc000 	C:\Windows\SYSTEM32\GLU32.dll
0x00007ffb92010000 - 0x00007ffb92030000 	C:\Windows\SYSTEM32\dxcore.dll
0x00007ffaf5350000 - 0x00007ffaf7a28000 	C:\Windows\System32\DriverStore\FileRepository\nvmdi.inf_amd64_e726a33b25732961\nvoglv64.dll
0x00007ffb95ff0000 - 0x00007ffb96147000 	C:\Windows\System32\ole32.dll
0x00007ffb8fce0000 - 0x00007ffb8fcf3000 	C:\Windows\SYSTEM32\WTSAPI32.dll
0x00007ffb92470000 - 0x00007ffb924c6000 	C:\Windows\SYSTEM32\WINSTA.dll
0x00007ffb86600000 - 0x00007ffb8669e000 	C:\Windows\System32\TextInputFramework.dll
0x00007ffb850d0000 - 0x00007ffb85376000 	C:\Windows\System32\iertutil.dll
0x00007ffb37cf0000 - 0x00007ffb37d49000 	C:\Users\Work\AppData\Local\Temp\lwjglWork\3.2.3-SNAPSHOT\lwjgl_opengl.dll
0x00007ffafe4a0000 - 0x00007ffafe6f3000 	C:\Users\Work\AppData\Local\Temp\lwjglWork\3.2.3-SNAPSHOT\jemalloc.dll
0x00007ffb04640000 - 0x00007ffb0474b000 	C:\Users\Work\AppData\Local\Temp\lwjglWork\3.2.3-SNAPSHOT\OpenAL.dll
0x00007ffb96370000 - 0x00007ffb96412000 	C:\Windows\System32\clbcatq.dll
0x00007ffb87bd0000 - 0x00007ffb87c42000 	C:\Windows\System32\MMDevApi.dll
0x00007ffb86f80000 - 0x00007ffb870dd000 	C:\Windows\SYSTEM32\AUDIOSES.DLL
0x00007ffb91a80000 - 0x00007ffb91a94000 	C:\Windows\SYSTEM32\resourcepolicyclient.dll
0x000000006f6c0000 - 0x000000006f895000 	C:\Dev\java\NutmegGameEngine\vendor\Libs\imgui-java64.dll
0x00007ffb92780000 - 0x00007ffb927b3000 	C:\Windows\system32\rsaenh.dll
0x00007ffb92de0000 - 0x00007ffb92dec000 	C:\Windows\SYSTEM32\CRYPTBASE.dll
0x00007ffb47140000 - 0x00007ffb472d9000 	C:\Program Files\Java\jdk-13.0.2\bin\awt.dll
0x00007ffb91530000 - 0x00007ffb915bf000 	C:\Windows\SYSTEM32\apphelp.dll
0x00007ffb932c0000 - 0x00007ffb932e5000 	C:\Windows\SYSTEM32\USERENV.dll
0x00007ffb92920000 - 0x00007ffb9295a000 	C:\Windows\SYSTEM32\IPHLPAPI.DLL
0x00007ffb96150000 - 0x00007ffb96158000 	C:\Windows\System32\NSI.dll
0x00007ffb8ac20000 - 0x00007ffb8ac36000 	C:\Windows\SYSTEM32\dhcpcsvc6.DLL
0x00007ffb8ac00000 - 0x00007ffb8ac1c000 	C:\Windows\SYSTEM32\dhcpcsvc.DLL
0x00007ffb92960000 - 0x00007ffb92a2b000 	C:\Windows\SYSTEM32\DNSAPI.dll
0x00007ffb37c70000 - 0x00007ffb37ce7000 	C:\Users\Work\AppData\Local\Temp\lwjglWork\3.2.3-SNAPSHOT\lwjgl_stb.dll

dbghelp: loaded successfully - version: 4.0.5 - missing functions: none
symbol engine: initialized successfully - sym options: 0x614 - pdb path: .;C:\Program Files\Java\jdk-13.0.2\bin;C:\Windows\SYSTEM32;C:\Program Files\AVG\Antivirus;C:\Windows\WinSxS\amd64_microsoft.windows.common-controls_6595b64144ccf1df_6.0.18362.836_none_e6c4b943130f18ed;C:\Program Files\Java\jdk-13.0.2\bin\server;C:\Users\Work\AppData\Local\Temp\lwjglWork\3.2.3-SNAPSHOT;C:\Windows\System32\DriverStore\FileRepository\nvmdi.inf_amd64_e726a33b25732961;C:\Dev\java\NutmegGameEngine\vendor\Libs

VM Arguments:
jvm_args: -Djava.library.path=C:\Dev\java\NutmegGameEngine\vendor\Libs -Dfile.encoding=Cp1252 
java_command: nutmeg.sandbox.core.SandboxMain
java_class_path (initial): C:\Dev\java\NutmegGameEngine\Sandbox\bin;C:\Dev\java\NutmegGameEngine\Nutmeg-AL\bin;C:\Dev\java\LWJGL3.jar;C:\Dev\java\NutmegGameEngine\Nutmeg-CL\bin;C:\Dev\java\NutmegGameEngine\Nutmeg-Core\bin;C:\Dev\java\NutmegGameEngine\Nutmeg-Game-Engine\bin;C:\Dev\java\NutmegGameEngine\vendor\imgui\imgui-binding-1.76-0.12.jar;C:\Dev\java\NutmegGameEngine\vendor\imgui\imgui-lwjgl3-1.76-0.12.jar;C:\Dev\java\NutmegGameEngine\Nutmeg-GL\bin
Launcher Type: SUN_STANDARD

[Global flags]
     intx CICompilerCount                          = 3                                         {product} {ergonomic}
     uint ConcGCThreads                            = 2                                         {product} {ergonomic}
     uint G1ConcRefinementThreads                  = 6                                         {product} {ergonomic}
   size_t G1HeapRegionSize                         = 1048576                                   {product} {ergonomic}
    uintx GCDrainStackTargetSize                   = 64                                        {product} {ergonomic}
   size_t InitialHeapSize                          = 268435456                                 {product} {ergonomic}
   size_t MarkStackSize                            = 4194304                                   {product} {ergonomic}
   size_t MaxHeapSize                              = 4282384384                                {product} {ergonomic}
   size_t MaxNewSize                               = 2569011200                                {product} {ergonomic}
   size_t MinHeapDeltaBytes                        = 1048576                                   {product} {ergonomic}
   size_t MinHeapSize                              = 8388608                                   {product} {ergonomic}
    uintx NonNMethodCodeHeapSize                   = 5832780                                {pd product} {ergonomic}
    uintx NonProfiledCodeHeapSize                  = 122912730                              {pd product} {ergonomic}
    uintx ProfiledCodeHeapSize                     = 122912730                              {pd product} {ergonomic}
    uintx ReservedCodeCacheSize                    = 251658240                              {pd product} {ergonomic}
     bool SegmentedCodeCache                       = true                                      {product} {ergonomic}
   size_t SoftMaxHeapSize                          = 4282384384                             {manageable} {ergonomic}
     bool UseCompressedClassPointers               = true                                 {lp64_product} {ergonomic}
     bool UseCompressedOops                        = true                                 {lp64_product} {ergonomic}
     bool UseG1GC                                  = true                                      {product} {ergonomic}
     bool UseLargePagesIndividualAllocation        = false                                  {pd product} {ergonomic}

Logging:
Log output configuration:
 #0: stdout all=warning uptime,level,tags
 #1: stderr all=off uptime,level,tags

Environment Variables:
PATH=C:/Program Files/Java/jdk-13.0.2/bin/server;C:/Program Files/Java/jdk-13.0.2/bin;C:\Program Files (x86)\NVIDIA Corporation\PhysX\Common;C:\Python27\;C:\Python27\Scripts;C:\Windows\system32;C:\Windows;C:\Windows\System32\Wbem;C:\Windows\System32\WindowsPowerShell\v1.0\;C:\Windows\System32\OpenSSH\;C:\Program Files\nodejs\;C:\ProgramData\chocolatey\bin;C:\Program Files\LLVM\bin;C:\Program Files\CMake\bin;C:\Program Files\dotnet\;C:\Program Files\Git\cmd;C:\Program Files\PuTTY\;C:\Program Files\BeefLang\bin;C:\Users\Work\AppData\Local\Microsoft\WindowsApps;C:\Users\Work\AppData\Local\GitHubDesktop\bin;C:\Program Files\Java\jdk-13.0.2\bin;;C:\Users\Work\AppData\Local\Programs\Microsoft VS Code\bin;C:\Users\Work\.dotnet\tools;C:\Users\Work\Desktop;
USERNAME=Work
OS=Windows_NT
PROCESSOR_IDENTIFIER=Intel64 Family 6 Model 158 Stepping 10, GenuineIntel



---------------  S Y S T E M  ---------------

OS: Windows 10 , 64 bit Build 18362 (10.0.18362.778)

CPU:total 6 (initial active 6) (6 cores per cpu, 1 threads per core) family 6 model 158 stepping 10, cmov, cx8, fxsr, mmx, sse, sse2, sse3, ssse3, sse4.1, sse4.2, popcnt, avx, avx2, aes, clmul, erms, 3dnowpref, lzcnt, tsc, tscinvbit, bmi1, bmi2, adx, fma

Memory: 4k page, system-wide physical 16328M (9914M free)
TotalPageFile size 43069M (AvailPageFile size 27933M)
current process WorkingSet (physical memory assigned to process): 150M, peak: 150M
current process commit charge ("private bytes"): 481M, peak: 482M

vm_info: Java HotSpot(TM) 64-Bit Server VM (13.0.2+8) for windows-amd64 JRE (13.0.2+8), built on Dec 11 2019 09:20:33 by "mach5one" with unknown MS VC++:1916

END.
