#
# A fatal error has been detected by the Java Runtime Environment:
#
#  EXCEPTION_ACCESS_VIOLATION (0xc0000005) at pc=0x00007ffe1dffdc20, pid=20880, tid=10348
#
# JRE version: Java(TM) SE Runtime Environment (13.0.2+8) (build 13.0.2+8)
# Java VM: Java HotSpot(TM) 64-Bit Server VM (13.0.2+8, mixed mode, sharing, tiered, compressed oops, g1 gc, windows-amd64)
# Problematic frame:
# C  [nvoglv64.dll+0xf9dc20]
#
# No core dump will be written. Minidumps are not enabled by default on client versions of Windows
#
# If you would like to submit a bug report, please visit:
#   http://bugreport.java.com/bugreport/crash.jsp
# The crash happened outside the Java Virtual Machine in native code.
# See problematic frame for where to report the bug.
#

---------------  S U M M A R Y ------------

Command Line: -Djava.library.path=C:\Dev\java\NutmegGameEngine\vendor\bin;C:\Dev\java\NutmegGameEngine\vendor\bin -Dfile.encoding=Cp1252 sandbox.tests.Launcher

Host: Intel(R) Core(TM) i5-9400F CPU @ 2.90GHz, 6 cores, 15G,  Windows 10 , 64 bit Build 18362 (10.0.18362.900)
Time: Sun Jun 14 18:45:55 2020 GMT Summer Time elapsed time: 1 seconds (0d 0h 0m 1s)

---------------  T H R E A D  ---------------

Current thread (0x000001cfeece0000):  JavaThread "main" [_thread_in_native, id=10348, stack(0x0000007377700000,0x0000007377800000)]

Stack: [0x0000007377700000,0x0000007377800000],  sp=0x00000073777fee18,  free space=1019k
Native frames: (J=compiled Java code, j=interpreted, Vv=VM code, C=native code)
C  [nvoglv64.dll+0xf9dc20]

Java frames: (J=compiled Java code, j=interpreted, Vv=VM code)
j  org.lwjgl.opengl.GL11C.nglDrawElements(IIIJ)V+0
j  org.lwjgl.opengl.GL11C.glDrawElements(IIIJ)V+4
j  org.lwjgl.opengl.GL11.glDrawElements(IIIJ)V+4
j  nutmeg.opengl.core.OPENGL_API.DrawElements(III)V+11
j  nutmeg.game.engine.rendering.Renderer.IndexedRender(Lnutmeg/opengl/buffers/VertexArray;I)V+6
j  nutmeg.game.engine.rendering.Renderer2D.DrawQuad(FFFFLjava/awt/Color;)V+212
j  sandbox.tests.ExampleLayer.OnRender(F)V+51
j  nutmeg.game.engine.core.Application.Run()V+72
j  sandbox.tests.Launcher.main([Ljava/lang/String;)V+15
v  ~StubRoutines::call_stub

siginfo: EXCEPTION_ACCESS_VIOLATION (0xc0000005), reading address 0x0000000000000000


Register to memory mapping:

RIP=0x00007ffe1dffdc20 nvoglv64.dll
RAX=0x0000000000022006 is an unknown value
RBX=0x000001cf94fba5f4 points into unknown readable memory: 06 20 02 00
RCX=0x000001cf94fba610 points into unknown readable memory: 00 00 00 00 00 00 00 00
RDX=0x0 is NULL
RSP=0x00000073777fee18 is pointing into the stack for thread: 0x000001cfeece0000
RBP=0x0000000000000044 is an unknown value
RSI=0x0000000000000006 is an unknown value
RDI=0x000001cf9480d080 points into unknown readable memory: 00 00 00 00 00 00 00 00
R8 =0x0000000000000018 is an unknown value
R9 =0x000001cf94fba5f4 points into unknown readable memory: 06 20 02 00
R10=0x0 is NULL
R11=0x000001cf94fba610 points into unknown readable memory: 00 00 00 00 00 00 00 00
R12=0x0000000000000004 is an unknown value
R13=0x0000000000001405 is an unknown value
R14=0x0 is NULL
R15=0x000001cfeece0000 is a thread


Registers:
RAX=0x0000000000022006, RBX=0x000001cf94fba5f4, RCX=0x000001cf94fba610, RDX=0x0000000000000000
RSP=0x00000073777fee18, RBP=0x0000000000000044, RSI=0x0000000000000006, RDI=0x000001cf9480d080
R8 =0x0000000000000018, R9 =0x000001cf94fba5f4, R10=0x0000000000000000, R11=0x000001cf94fba610
R12=0x0000000000000004, R13=0x0000000000001405, R14=0x0000000000000000, R15=0x000001cfeece0000
RIP=0x00007ffe1dffdc20, EFLAGS=0x0000000000010283

Top of Stack: (sp=0x00000073777fee18)
0x00000073777fee18:   00007ffe1d71853c 000001cfeece0000
0x00000073777fee28:   00000073777fef88 00000073777fef48
0x00000073777fee38:   00007ffe45c39177 00000073777fee60
0x00000073777fee48:   000001cfec9ffe00 00000000014caabd
0x00000073777fee58:   000001cf8005ff2f 000001cf9ca42f90
0x00000073777fee68:   000001cfeece0000 000001cf8000a273
0x00000073777fee78:   000001cf8000f340 00000073777fef88
0x00000073777fee88:   000001cf9ca42f90 0000000000000000
0x00000073777fee98:   000001cf8000a273 000000000000000e
0x00000073777feea8:   000001cf8000f4f7 00000073777fef48
0x00000073777feeb8:   00007ffe00000018 000001cfeece0000
0x00000073777feec8:   000001cf9ca42f90 000001cf00001405
0x00000073777feed8:   0000000000000000 000001cfeece0000
0x00000073777feee8:   00007ffe45e9a74f 3ff0000000000000
0x00000073777feef8:   000001cf8000f196 00000073777fef00
0x00000073777fef08:   000001cf9ca42f90 00000073777fef88 

Instructions: (pc=0x00007ffe1dffdc20)
0x00007ffe1dffdb20:   48 8b 01 48 3b 04 11 75 5b 48 8b 41 08 48 3b 44
0x00007ffe1dffdb30:   11 08 75 4c 48 8b 41 10 48 3b 44 11 10 75 3d 48
0x00007ffe1dffdb40:   8b 41 18 48 3b 44 11 18 75 2e 48 83 c1 20 49 ff
0x00007ffe1dffdb50:   c9 75 cd 49 83 e0 1f 4d 8b c8 49 c1 e9 03 74 9b
0x00007ffe1dffdb60:   48 8b 01 48 3b 04 11 75 1b 48 83 c1 08 49 ff c9
0x00007ffe1dffdb70:   75 ee 49 83 e0 07 eb 83 48 83 c1 08 48 83 c1 08
0x00007ffe1dffdb80:   48 83 c1 08 48 8b 0c 0a 48 0f c8 48 0f c9 48 3b
0x00007ffe1dffdb90:   c1 1b c0 83 d8 ff c3 cc cc cc cc cc cc cc cc cc
0x00007ffe1dffdba0:   cc cc cc cc cc cc 66 66 0f 1f 84 00 00 00 00 00
0x00007ffe1dffdbb0:   57 56 49 8b c3 48 8b f9 49 8b c8 49 8b f2 f3 a4
0x00007ffe1dffdbc0:   5e 5f c3 cc cc cc cc cc cc 0f 1f 80 00 00 00 00
0x00007ffe1dffdbd0:   4c 8b d9 4c 8b d2 49 83 f8 10 76 64 49 83 f8 20
0x00007ffe1dffdbe0:   76 3e 48 2b d1 73 0d 4b 8d 04 10 48 3b c8 0f 82
0x00007ffe1dffdbf0:   3c 03 00 00 49 81 f8 80 00 00 00 0f 86 5f 02 00
0x00007ffe1dffdc00:   00 0f ba 25 c7 d1 5a 01 01 0f 83 a1 01 00 00 eb
0x00007ffe1dffdc10:   9f 66 66 66 66 66 66 66 0f 1f 84 00 00 00 00 00
0x00007ffe1dffdc20:   0f 10 02 42 0f 10 4c 02 f0 0f 11 01 42 0f 11 4c
0x00007ffe1dffdc30:   01 f0 48 8b c1 c3 66 66 0f 1f 84 00 00 00 00 00
0x00007ffe1dffdc40:   48 8b c1 4c 8d 0d b6 23 06 ff 43 8b 8c 81 57 dc
0x00007ffe1dffdc50:   f9 00 49 03 c9 ff e1 a0 dc f9 00 bf dc f9 00 a1
0x00007ffe1dffdc60:   dc f9 00 af dc f9 00 e8 dc f9 00 f0 dc f9 00 00
0x00007ffe1dffdc70:   dd f9 00 10 dd f9 00 a8 dc f9 00 40 dd f9 00 50
0x00007ffe1dffdc80:   dd f9 00 d0 dc f9 00 60 dd f9 00 28 dd f9 00 70
0x00007ffe1dffdc90:   dd f9 00 90 dd f9 00 c5 dc f9 00 0f 1f 44 00 00
0x00007ffe1dffdca0:   c3 0f b7 0a 66 89 08 c3 48 8b 0a 48 89 08 c3 0f
0x00007ffe1dffdcb0:   b7 0a 44 0f b6 42 02 66 89 08 44 88 40 02 c3 0f
0x00007ffe1dffdcc0:   b6 0a 88 08 c3 f3 0f 6f 02 f3 0f 7f 00 c3 66 90
0x00007ffe1dffdcd0:   4c 8b 02 0f b7 4a 08 44 0f b6 4a 0a 4c 89 00 66
0x00007ffe1dffdce0:   89 48 08 44 88 48 0a c3 8b 0a 89 08 c3 0f 1f 00
0x00007ffe1dffdcf0:   8b 0a 44 0f b6 42 04 89 08 44 88 40 04 c3 66 90
0x00007ffe1dffdd00:   8b 0a 44 0f b7 42 04 89 08 66 44 89 40 04 c3 90
0x00007ffe1dffdd10:   8b 0a 44 0f b7 42 04 44 0f b6 4a 06 89 08 66 44 


Stack slot to memory mapping:
stack at sp + 0 slots: 0x00007ffe1d71853c nvoglv64.dll
stack at sp + 1 slots: 0x000001cfeece0000 is a thread
stack at sp + 2 slots: 0x00000073777fef88 is pointing into the stack for thread: 0x000001cfeece0000
stack at sp + 3 slots: 0x00000073777fef48 is pointing into the stack for thread: 0x000001cfeece0000
stack at sp + 4 slots: 0x00007ffe45c39177 jvm.dll
stack at sp + 5 slots: 0x00000073777fee60 is pointing into the stack for thread: 0x000001cfeece0000
stack at sp + 6 slots: 0x000001cfec9ffe00 points into unknown readable memory: 02 00 00 00 73 65 72 73
stack at sp + 7 slots: 0x00000000014caabd is an unknown value


---------------  P R O C E S S  ---------------

Threads class SMR info:
_java_thread_list=0x000001cf950b8390, length=11, elements={
0x000001cfeece0000, 0x000001cfff52f000, 0x000001cfff534800, 0x000001cfff54e800,
0x000001cf93056000, 0x000001cf93057800, 0x000001cf93059000, 0x000001cf93066800,
0x000001cf93192000, 0x000001cf9319b800, 0x000001cf95082800
}

Java Threads: ( => current thread )
=>0x000001cfeece0000 JavaThread "main" [_thread_in_native, id=10348, stack(0x0000007377700000,0x0000007377800000)]
  0x000001cfff52f000 JavaThread "Reference Handler" daemon [_thread_blocked, id=23448, stack(0x0000007377e00000,0x0000007377f00000)]
  0x000001cfff534800 JavaThread "Finalizer" daemon [_thread_blocked, id=23068, stack(0x0000007377f00000,0x0000007378000000)]
  0x000001cfff54e800 JavaThread "Signal Dispatcher" daemon [_thread_blocked, id=21496, stack(0x0000007378000000,0x0000007378100000)]
  0x000001cf93056000 JavaThread "Attach Listener" daemon [_thread_blocked, id=2740, stack(0x0000007378100000,0x0000007378200000)]
  0x000001cf93057800 JavaThread "C2 CompilerThread0" daemon [_thread_blocked, id=7116, stack(0x0000007378200000,0x0000007378300000)]
  0x000001cf93059000 JavaThread "C1 CompilerThread0" daemon [_thread_blocked, id=16140, stack(0x0000007378300000,0x0000007378400000)]
  0x000001cf93066800 JavaThread "Sweeper thread" daemon [_thread_blocked, id=22068, stack(0x0000007378400000,0x0000007378500000)]
  0x000001cf93192000 JavaThread "Service Thread" daemon [_thread_blocked, id=11900, stack(0x0000007378500000,0x0000007378600000)]
  0x000001cf9319b800 JavaThread "Common-Cleaner" daemon [_thread_blocked, id=17192, stack(0x0000007378700000,0x0000007378800000)]
  0x000001cf95082800 JavaThread "C2 CompilerThread1" daemon [_thread_blocked, id=21972, stack(0x0000007378f00000,0x0000007379000000)]

Other Threads:
  0x000001cfff52d800 VMThread "VM Thread" [stack: 0x0000007377d00000,0x0000007377e00000] [id=14196]
  0x000001cf93197000 WatcherThread [stack: 0x0000007378600000,0x0000007378700000] [id=15748]
  0x000001cfeed4b000 GCTaskThread "GC Thread#0" [stack: 0x0000007377800000,0x0000007377900000] [id=18772]
  0x000001cfeed6d000 ConcurrentGCThread "G1 Main Marker" [stack: 0x0000007377900000,0x0000007377a00000] [id=13360]
  0x000001cfeed6e800 ConcurrentGCThread "G1 Conc#0" [stack: 0x0000007377a00000,0x0000007377b00000] [id=13388]
  0x000001cfff427000 ConcurrentGCThread "G1 Refine#0" [stack: 0x0000007377b00000,0x0000007377c00000] [id=12992]
  0x000001cfff42a000 ConcurrentGCThread "G1 Young RemSet Sampling" [stack: 0x0000007377c00000,0x0000007377d00000] [id=9484]

Threads with active compile tasks:

VM state:not at safepoint (normal execution)

VM Mutex/Monitor currently owned by a thread: None

Heap address: 0x0000000700c00000, size: 4084 MB, Compressed Oops mode: Zero based, Oop shift amount: 3
Narrow klass base: 0x0000000800000000, Narrow klass shift: 3
Compressed class space size: 1073741824 Address: 0x0000000800b40000

Heap:
 garbage-first heap   total 262144K, used 14336K [0x0000000700c00000, 0x0000000800000000)
  region size 1024K, 15 young (15360K), 0 survivors (0K)
 Metaspace       used 6472K, capacity 9381K, committed 9728K, reserved 1058816K
  class space    used 354K, capacity 666K, committed 768K, reserved 1048576K
Heap Regions: E=young(eden), S=young(survivor), O=old, HS=humongous(starts), HC=humongous(continues), CS=collection set, F=free, A=archive, TAMS=top-at-mark-start (previous, next)
|   0|0x0000000700c00000, 0x0000000700c00000, 0x0000000700d00000|  0%| F|  |TAMS 0x0000000700c00000, 0x0000000700c00000| Untracked 
|   1|0x0000000700d00000, 0x0000000700d00000, 0x0000000700e00000|  0%| F|  |TAMS 0x0000000700d00000, 0x0000000700d00000| Untracked 
|   2|0x0000000700e00000, 0x0000000700e00000, 0x0000000700f00000|  0%| F|  |TAMS 0x0000000700e00000, 0x0000000700e00000| Untracked 
|   3|0x0000000700f00000, 0x0000000700f00000, 0x0000000701000000|  0%| F|  |TAMS 0x0000000700f00000, 0x0000000700f00000| Untracked 
|   4|0x0000000701000000, 0x0000000701000000, 0x0000000701100000|  0%| F|  |TAMS 0x0000000701000000, 0x0000000701000000| Untracked 
|   5|0x0000000701100000, 0x0000000701100000, 0x0000000701200000|  0%| F|  |TAMS 0x0000000701100000, 0x0000000701100000| Untracked 
|   6|0x0000000701200000, 0x0000000701200000, 0x0000000701300000|  0%| F|  |TAMS 0x0000000701200000, 0x0000000701200000| Untracked 
|   7|0x0000000701300000, 0x0000000701300000, 0x0000000701400000|  0%| F|  |TAMS 0x0000000701300000, 0x0000000701300000| Untracked 
|   8|0x0000000701400000, 0x0000000701400000, 0x0000000701500000|  0%| F|  |TAMS 0x0000000701400000, 0x0000000701400000| Untracked 
|   9|0x0000000701500000, 0x0000000701500000, 0x0000000701600000|  0%| F|  |TAMS 0x0000000701500000, 0x0000000701500000| Untracked 
|  10|0x0000000701600000, 0x0000000701600000, 0x0000000701700000|  0%| F|  |TAMS 0x0000000701600000, 0x0000000701600000| Untracked 
|  11|0x0000000701700000, 0x0000000701700000, 0x0000000701800000|  0%| F|  |TAMS 0x0000000701700000, 0x0000000701700000| Untracked 
|  12|0x0000000701800000, 0x0000000701800000, 0x0000000701900000|  0%| F|  |TAMS 0x0000000701800000, 0x0000000701800000| Untracked 
|  13|0x0000000701900000, 0x0000000701900000, 0x0000000701a00000|  0%| F|  |TAMS 0x0000000701900000, 0x0000000701900000| Untracked 
|  14|0x0000000701a00000, 0x0000000701a00000, 0x0000000701b00000|  0%| F|  |TAMS 0x0000000701a00000, 0x0000000701a00000| Untracked 
|  15|0x0000000701b00000, 0x0000000701b00000, 0x0000000701c00000|  0%| F|  |TAMS 0x0000000701b00000, 0x0000000701b00000| Untracked 
|  16|0x0000000701c00000, 0x0000000701c00000, 0x0000000701d00000|  0%| F|  |TAMS 0x0000000701c00000, 0x0000000701c00000| Untracked 
|  17|0x0000000701d00000, 0x0000000701d00000, 0x0000000701e00000|  0%| F|  |TAMS 0x0000000701d00000, 0x0000000701d00000| Untracked 
|  18|0x0000000701e00000, 0x0000000701e00000, 0x0000000701f00000|  0%| F|  |TAMS 0x0000000701e00000, 0x0000000701e00000| Untracked 
|  19|0x0000000701f00000, 0x0000000701f00000, 0x0000000702000000|  0%| F|  |TAMS 0x0000000701f00000, 0x0000000701f00000| Untracked 
|  20|0x0000000702000000, 0x0000000702000000, 0x0000000702100000|  0%| F|  |TAMS 0x0000000702000000, 0x0000000702000000| Untracked 
|  21|0x0000000702100000, 0x0000000702100000, 0x0000000702200000|  0%| F|  |TAMS 0x0000000702100000, 0x0000000702100000| Untracked 
|  22|0x0000000702200000, 0x0000000702200000, 0x0000000702300000|  0%| F|  |TAMS 0x0000000702200000, 0x0000000702200000| Untracked 
|  23|0x0000000702300000, 0x0000000702300000, 0x0000000702400000|  0%| F|  |TAMS 0x0000000702300000, 0x0000000702300000| Untracked 
|  24|0x0000000702400000, 0x0000000702400000, 0x0000000702500000|  0%| F|  |TAMS 0x0000000702400000, 0x0000000702400000| Untracked 
|  25|0x0000000702500000, 0x0000000702500000, 0x0000000702600000|  0%| F|  |TAMS 0x0000000702500000, 0x0000000702500000| Untracked 
|  26|0x0000000702600000, 0x0000000702600000, 0x0000000702700000|  0%| F|  |TAMS 0x0000000702600000, 0x0000000702600000| Untracked 
|  27|0x0000000702700000, 0x0000000702700000, 0x0000000702800000|  0%| F|  |TAMS 0x0000000702700000, 0x0000000702700000| Untracked 
|  28|0x0000000702800000, 0x0000000702800000, 0x0000000702900000|  0%| F|  |TAMS 0x0000000702800000, 0x0000000702800000| Untracked 
|  29|0x0000000702900000, 0x0000000702900000, 0x0000000702a00000|  0%| F|  |TAMS 0x0000000702900000, 0x0000000702900000| Untracked 
|  30|0x0000000702a00000, 0x0000000702a00000, 0x0000000702b00000|  0%| F|  |TAMS 0x0000000702a00000, 0x0000000702a00000| Untracked 
|  31|0x0000000702b00000, 0x0000000702b00000, 0x0000000702c00000|  0%| F|  |TAMS 0x0000000702b00000, 0x0000000702b00000| Untracked 
|  32|0x0000000702c00000, 0x0000000702c00000, 0x0000000702d00000|  0%| F|  |TAMS 0x0000000702c00000, 0x0000000702c00000| Untracked 
|  33|0x0000000702d00000, 0x0000000702d00000, 0x0000000702e00000|  0%| F|  |TAMS 0x0000000702d00000, 0x0000000702d00000| Untracked 
|  34|0x0000000702e00000, 0x0000000702e00000, 0x0000000702f00000|  0%| F|  |TAMS 0x0000000702e00000, 0x0000000702e00000| Untracked 
|  35|0x0000000702f00000, 0x0000000702f00000, 0x0000000703000000|  0%| F|  |TAMS 0x0000000702f00000, 0x0000000702f00000| Untracked 
|  36|0x0000000703000000, 0x0000000703000000, 0x0000000703100000|  0%| F|  |TAMS 0x0000000703000000, 0x0000000703000000| Untracked 
|  37|0x0000000703100000, 0x0000000703100000, 0x0000000703200000|  0%| F|  |TAMS 0x0000000703100000, 0x0000000703100000| Untracked 
|  38|0x0000000703200000, 0x0000000703200000, 0x0000000703300000|  0%| F|  |TAMS 0x0000000703200000, 0x0000000703200000| Untracked 
|  39|0x0000000703300000, 0x0000000703300000, 0x0000000703400000|  0%| F|  |TAMS 0x0000000703300000, 0x0000000703300000| Untracked 
|  40|0x0000000703400000, 0x0000000703400000, 0x0000000703500000|  0%| F|  |TAMS 0x0000000703400000, 0x0000000703400000| Untracked 
|  41|0x0000000703500000, 0x0000000703500000, 0x0000000703600000|  0%| F|  |TAMS 0x0000000703500000, 0x0000000703500000| Untracked 
|  42|0x0000000703600000, 0x0000000703600000, 0x0000000703700000|  0%| F|  |TAMS 0x0000000703600000, 0x0000000703600000| Untracked 
|  43|0x0000000703700000, 0x0000000703700000, 0x0000000703800000|  0%| F|  |TAMS 0x0000000703700000, 0x0000000703700000| Untracked 
|  44|0x0000000703800000, 0x0000000703800000, 0x0000000703900000|  0%| F|  |TAMS 0x0000000703800000, 0x0000000703800000| Untracked 
|  45|0x0000000703900000, 0x0000000703900000, 0x0000000703a00000|  0%| F|  |TAMS 0x0000000703900000, 0x0000000703900000| Untracked 
|  46|0x0000000703a00000, 0x0000000703a00000, 0x0000000703b00000|  0%| F|  |TAMS 0x0000000703a00000, 0x0000000703a00000| Untracked 
|  47|0x0000000703b00000, 0x0000000703b00000, 0x0000000703c00000|  0%| F|  |TAMS 0x0000000703b00000, 0x0000000703b00000| Untracked 
|  48|0x0000000703c00000, 0x0000000703c00000, 0x0000000703d00000|  0%| F|  |TAMS 0x0000000703c00000, 0x0000000703c00000| Untracked 
|  49|0x0000000703d00000, 0x0000000703d00000, 0x0000000703e00000|  0%| F|  |TAMS 0x0000000703d00000, 0x0000000703d00000| Untracked 
|  50|0x0000000703e00000, 0x0000000703e00000, 0x0000000703f00000|  0%| F|  |TAMS 0x0000000703e00000, 0x0000000703e00000| Untracked 
|  51|0x0000000703f00000, 0x0000000703f00000, 0x0000000704000000|  0%| F|  |TAMS 0x0000000703f00000, 0x0000000703f00000| Untracked 
|  52|0x0000000704000000, 0x0000000704000000, 0x0000000704100000|  0%| F|  |TAMS 0x0000000704000000, 0x0000000704000000| Untracked 
|  53|0x0000000704100000, 0x0000000704100000, 0x0000000704200000|  0%| F|  |TAMS 0x0000000704100000, 0x0000000704100000| Untracked 
|  54|0x0000000704200000, 0x0000000704200000, 0x0000000704300000|  0%| F|  |TAMS 0x0000000704200000, 0x0000000704200000| Untracked 
|  55|0x0000000704300000, 0x0000000704300000, 0x0000000704400000|  0%| F|  |TAMS 0x0000000704300000, 0x0000000704300000| Untracked 
|  56|0x0000000704400000, 0x0000000704400000, 0x0000000704500000|  0%| F|  |TAMS 0x0000000704400000, 0x0000000704400000| Untracked 
|  57|0x0000000704500000, 0x0000000704500000, 0x0000000704600000|  0%| F|  |TAMS 0x0000000704500000, 0x0000000704500000| Untracked 
|  58|0x0000000704600000, 0x0000000704600000, 0x0000000704700000|  0%| F|  |TAMS 0x0000000704600000, 0x0000000704600000| Untracked 
|  59|0x0000000704700000, 0x0000000704700000, 0x0000000704800000|  0%| F|  |TAMS 0x0000000704700000, 0x0000000704700000| Untracked 
|  60|0x0000000704800000, 0x0000000704800000, 0x0000000704900000|  0%| F|  |TAMS 0x0000000704800000, 0x0000000704800000| Untracked 
|  61|0x0000000704900000, 0x0000000704900000, 0x0000000704a00000|  0%| F|  |TAMS 0x0000000704900000, 0x0000000704900000| Untracked 
|  62|0x0000000704a00000, 0x0000000704a00000, 0x0000000704b00000|  0%| F|  |TAMS 0x0000000704a00000, 0x0000000704a00000| Untracked 
|  63|0x0000000704b00000, 0x0000000704b00000, 0x0000000704c00000|  0%| F|  |TAMS 0x0000000704b00000, 0x0000000704b00000| Untracked 
|  64|0x0000000704c00000, 0x0000000704c00000, 0x0000000704d00000|  0%| F|  |TAMS 0x0000000704c00000, 0x0000000704c00000| Untracked 
|  65|0x0000000704d00000, 0x0000000704d00000, 0x0000000704e00000|  0%| F|  |TAMS 0x0000000704d00000, 0x0000000704d00000| Untracked 
|  66|0x0000000704e00000, 0x0000000704e00000, 0x0000000704f00000|  0%| F|  |TAMS 0x0000000704e00000, 0x0000000704e00000| Untracked 
|  67|0x0000000704f00000, 0x0000000704f00000, 0x0000000705000000|  0%| F|  |TAMS 0x0000000704f00000, 0x0000000704f00000| Untracked 
|  68|0x0000000705000000, 0x0000000705000000, 0x0000000705100000|  0%| F|  |TAMS 0x0000000705000000, 0x0000000705000000| Untracked 
|  69|0x0000000705100000, 0x0000000705100000, 0x0000000705200000|  0%| F|  |TAMS 0x0000000705100000, 0x0000000705100000| Untracked 
|  70|0x0000000705200000, 0x0000000705200000, 0x0000000705300000|  0%| F|  |TAMS 0x0000000705200000, 0x0000000705200000| Untracked 
|  71|0x0000000705300000, 0x0000000705300000, 0x0000000705400000|  0%| F|  |TAMS 0x0000000705300000, 0x0000000705300000| Untracked 
|  72|0x0000000705400000, 0x0000000705400000, 0x0000000705500000|  0%| F|  |TAMS 0x0000000705400000, 0x0000000705400000| Untracked 
|  73|0x0000000705500000, 0x0000000705500000, 0x0000000705600000|  0%| F|  |TAMS 0x0000000705500000, 0x0000000705500000| Untracked 
|  74|0x0000000705600000, 0x0000000705600000, 0x0000000705700000|  0%| F|  |TAMS 0x0000000705600000, 0x0000000705600000| Untracked 
|  75|0x0000000705700000, 0x0000000705700000, 0x0000000705800000|  0%| F|  |TAMS 0x0000000705700000, 0x0000000705700000| Untracked 
|  76|0x0000000705800000, 0x0000000705800000, 0x0000000705900000|  0%| F|  |TAMS 0x0000000705800000, 0x0000000705800000| Untracked 
|  77|0x0000000705900000, 0x0000000705900000, 0x0000000705a00000|  0%| F|  |TAMS 0x0000000705900000, 0x0000000705900000| Untracked 
|  78|0x0000000705a00000, 0x0000000705a00000, 0x0000000705b00000|  0%| F|  |TAMS 0x0000000705a00000, 0x0000000705a00000| Untracked 
|  79|0x0000000705b00000, 0x0000000705b00000, 0x0000000705c00000|  0%| F|  |TAMS 0x0000000705b00000, 0x0000000705b00000| Untracked 
|  80|0x0000000705c00000, 0x0000000705c00000, 0x0000000705d00000|  0%| F|  |TAMS 0x0000000705c00000, 0x0000000705c00000| Untracked 
|  81|0x0000000705d00000, 0x0000000705d00000, 0x0000000705e00000|  0%| F|  |TAMS 0x0000000705d00000, 0x0000000705d00000| Untracked 
|  82|0x0000000705e00000, 0x0000000705e00000, 0x0000000705f00000|  0%| F|  |TAMS 0x0000000705e00000, 0x0000000705e00000| Untracked 
|  83|0x0000000705f00000, 0x0000000705f00000, 0x0000000706000000|  0%| F|  |TAMS 0x0000000705f00000, 0x0000000705f00000| Untracked 
|  84|0x0000000706000000, 0x0000000706000000, 0x0000000706100000|  0%| F|  |TAMS 0x0000000706000000, 0x0000000706000000| Untracked 
|  85|0x0000000706100000, 0x0000000706100000, 0x0000000706200000|  0%| F|  |TAMS 0x0000000706100000, 0x0000000706100000| Untracked 
|  86|0x0000000706200000, 0x0000000706200000, 0x0000000706300000|  0%| F|  |TAMS 0x0000000706200000, 0x0000000706200000| Untracked 
|  87|0x0000000706300000, 0x0000000706300000, 0x0000000706400000|  0%| F|  |TAMS 0x0000000706300000, 0x0000000706300000| Untracked 
|  88|0x0000000706400000, 0x0000000706400000, 0x0000000706500000|  0%| F|  |TAMS 0x0000000706400000, 0x0000000706400000| Untracked 
|  89|0x0000000706500000, 0x0000000706500000, 0x0000000706600000|  0%| F|  |TAMS 0x0000000706500000, 0x0000000706500000| Untracked 
|  90|0x0000000706600000, 0x0000000706600000, 0x0000000706700000|  0%| F|  |TAMS 0x0000000706600000, 0x0000000706600000| Untracked 
|  91|0x0000000706700000, 0x0000000706700000, 0x0000000706800000|  0%| F|  |TAMS 0x0000000706700000, 0x0000000706700000| Untracked 
|  92|0x0000000706800000, 0x0000000706800000, 0x0000000706900000|  0%| F|  |TAMS 0x0000000706800000, 0x0000000706800000| Untracked 
|  93|0x0000000706900000, 0x0000000706900000, 0x0000000706a00000|  0%| F|  |TAMS 0x0000000706900000, 0x0000000706900000| Untracked 
|  94|0x0000000706a00000, 0x0000000706a00000, 0x0000000706b00000|  0%| F|  |TAMS 0x0000000706a00000, 0x0000000706a00000| Untracked 
|  95|0x0000000706b00000, 0x0000000706b00000, 0x0000000706c00000|  0%| F|  |TAMS 0x0000000706b00000, 0x0000000706b00000| Untracked 
|  96|0x0000000706c00000, 0x0000000706c00000, 0x0000000706d00000|  0%| F|  |TAMS 0x0000000706c00000, 0x0000000706c00000| Untracked 
|  97|0x0000000706d00000, 0x0000000706d00000, 0x0000000706e00000|  0%| F|  |TAMS 0x0000000706d00000, 0x0000000706d00000| Untracked 
|  98|0x0000000706e00000, 0x0000000706e00000, 0x0000000706f00000|  0%| F|  |TAMS 0x0000000706e00000, 0x0000000706e00000| Untracked 
|  99|0x0000000706f00000, 0x0000000706f00000, 0x0000000707000000|  0%| F|  |TAMS 0x0000000706f00000, 0x0000000706f00000| Untracked 
| 100|0x0000000707000000, 0x0000000707000000, 0x0000000707100000|  0%| F|  |TAMS 0x0000000707000000, 0x0000000707000000| Untracked 
| 101|0x0000000707100000, 0x0000000707100000, 0x0000000707200000|  0%| F|  |TAMS 0x0000000707100000, 0x0000000707100000| Untracked 
| 102|0x0000000707200000, 0x0000000707200000, 0x0000000707300000|  0%| F|  |TAMS 0x0000000707200000, 0x0000000707200000| Untracked 
| 103|0x0000000707300000, 0x0000000707300000, 0x0000000707400000|  0%| F|  |TAMS 0x0000000707300000, 0x0000000707300000| Untracked 
| 104|0x0000000707400000, 0x0000000707400000, 0x0000000707500000|  0%| F|  |TAMS 0x0000000707400000, 0x0000000707400000| Untracked 
| 105|0x0000000707500000, 0x0000000707500000, 0x0000000707600000|  0%| F|  |TAMS 0x0000000707500000, 0x0000000707500000| Untracked 
| 106|0x0000000707600000, 0x0000000707600000, 0x0000000707700000|  0%| F|  |TAMS 0x0000000707600000, 0x0000000707600000| Untracked 
| 107|0x0000000707700000, 0x0000000707700000, 0x0000000707800000|  0%| F|  |TAMS 0x0000000707700000, 0x0000000707700000| Untracked 
| 108|0x0000000707800000, 0x0000000707800000, 0x0000000707900000|  0%| F|  |TAMS 0x0000000707800000, 0x0000000707800000| Untracked 
| 109|0x0000000707900000, 0x0000000707900000, 0x0000000707a00000|  0%| F|  |TAMS 0x0000000707900000, 0x0000000707900000| Untracked 
| 110|0x0000000707a00000, 0x0000000707a00000, 0x0000000707b00000|  0%| F|  |TAMS 0x0000000707a00000, 0x0000000707a00000| Untracked 
| 111|0x0000000707b00000, 0x0000000707b00000, 0x0000000707c00000|  0%| F|  |TAMS 0x0000000707b00000, 0x0000000707b00000| Untracked 
| 112|0x0000000707c00000, 0x0000000707c00000, 0x0000000707d00000|  0%| F|  |TAMS 0x0000000707c00000, 0x0000000707c00000| Untracked 
| 113|0x0000000707d00000, 0x0000000707d00000, 0x0000000707e00000|  0%| F|  |TAMS 0x0000000707d00000, 0x0000000707d00000| Untracked 
| 114|0x0000000707e00000, 0x0000000707e00000, 0x0000000707f00000|  0%| F|  |TAMS 0x0000000707e00000, 0x0000000707e00000| Untracked 
| 115|0x0000000707f00000, 0x0000000707f00000, 0x0000000708000000|  0%| F|  |TAMS 0x0000000707f00000, 0x0000000707f00000| Untracked 
| 116|0x0000000708000000, 0x0000000708000000, 0x0000000708100000|  0%| F|  |TAMS 0x0000000708000000, 0x0000000708000000| Untracked 
| 117|0x0000000708100000, 0x0000000708100000, 0x0000000708200000|  0%| F|  |TAMS 0x0000000708100000, 0x0000000708100000| Untracked 
| 118|0x0000000708200000, 0x0000000708200000, 0x0000000708300000|  0%| F|  |TAMS 0x0000000708200000, 0x0000000708200000| Untracked 
| 119|0x0000000708300000, 0x0000000708300000, 0x0000000708400000|  0%| F|  |TAMS 0x0000000708300000, 0x0000000708300000| Untracked 
| 120|0x0000000708400000, 0x0000000708400000, 0x0000000708500000|  0%| F|  |TAMS 0x0000000708400000, 0x0000000708400000| Untracked 
| 121|0x0000000708500000, 0x0000000708500000, 0x0000000708600000|  0%| F|  |TAMS 0x0000000708500000, 0x0000000708500000| Untracked 
| 122|0x0000000708600000, 0x0000000708600000, 0x0000000708700000|  0%| F|  |TAMS 0x0000000708600000, 0x0000000708600000| Untracked 
| 123|0x0000000708700000, 0x0000000708700000, 0x0000000708800000|  0%| F|  |TAMS 0x0000000708700000, 0x0000000708700000| Untracked 
| 124|0x0000000708800000, 0x0000000708800000, 0x0000000708900000|  0%| F|  |TAMS 0x0000000708800000, 0x0000000708800000| Untracked 
| 125|0x0000000708900000, 0x0000000708900000, 0x0000000708a00000|  0%| F|  |TAMS 0x0000000708900000, 0x0000000708900000| Untracked 
| 126|0x0000000708a00000, 0x0000000708a00000, 0x0000000708b00000|  0%| F|  |TAMS 0x0000000708a00000, 0x0000000708a00000| Untracked 
| 127|0x0000000708b00000, 0x0000000708b00000, 0x0000000708c00000|  0%| F|  |TAMS 0x0000000708b00000, 0x0000000708b00000| Untracked 
| 128|0x0000000708c00000, 0x0000000708c00000, 0x0000000708d00000|  0%| F|  |TAMS 0x0000000708c00000, 0x0000000708c00000| Untracked 
| 129|0x0000000708d00000, 0x0000000708d00000, 0x0000000708e00000|  0%| F|  |TAMS 0x0000000708d00000, 0x0000000708d00000| Untracked 
| 130|0x0000000708e00000, 0x0000000708e00000, 0x0000000708f00000|  0%| F|  |TAMS 0x0000000708e00000, 0x0000000708e00000| Untracked 
| 131|0x0000000708f00000, 0x0000000708f00000, 0x0000000709000000|  0%| F|  |TAMS 0x0000000708f00000, 0x0000000708f00000| Untracked 
| 132|0x0000000709000000, 0x0000000709000000, 0x0000000709100000|  0%| F|  |TAMS 0x0000000709000000, 0x0000000709000000| Untracked 
| 133|0x0000000709100000, 0x0000000709100000, 0x0000000709200000|  0%| F|  |TAMS 0x0000000709100000, 0x0000000709100000| Untracked 
| 134|0x0000000709200000, 0x0000000709200000, 0x0000000709300000|  0%| F|  |TAMS 0x0000000709200000, 0x0000000709200000| Untracked 
| 135|0x0000000709300000, 0x0000000709300000, 0x0000000709400000|  0%| F|  |TAMS 0x0000000709300000, 0x0000000709300000| Untracked 
| 136|0x0000000709400000, 0x0000000709400000, 0x0000000709500000|  0%| F|  |TAMS 0x0000000709400000, 0x0000000709400000| Untracked 
| 137|0x0000000709500000, 0x0000000709500000, 0x0000000709600000|  0%| F|  |TAMS 0x0000000709500000, 0x0000000709500000| Untracked 
| 138|0x0000000709600000, 0x0000000709600000, 0x0000000709700000|  0%| F|  |TAMS 0x0000000709600000, 0x0000000709600000| Untracked 
| 139|0x0000000709700000, 0x0000000709700000, 0x0000000709800000|  0%| F|  |TAMS 0x0000000709700000, 0x0000000709700000| Untracked 
| 140|0x0000000709800000, 0x0000000709800000, 0x0000000709900000|  0%| F|  |TAMS 0x0000000709800000, 0x0000000709800000| Untracked 
| 141|0x0000000709900000, 0x0000000709900000, 0x0000000709a00000|  0%| F|  |TAMS 0x0000000709900000, 0x0000000709900000| Untracked 
| 142|0x0000000709a00000, 0x0000000709a00000, 0x0000000709b00000|  0%| F|  |TAMS 0x0000000709a00000, 0x0000000709a00000| Untracked 
| 143|0x0000000709b00000, 0x0000000709b00000, 0x0000000709c00000|  0%| F|  |TAMS 0x0000000709b00000, 0x0000000709b00000| Untracked 
| 144|0x0000000709c00000, 0x0000000709c00000, 0x0000000709d00000|  0%| F|  |TAMS 0x0000000709c00000, 0x0000000709c00000| Untracked 
| 145|0x0000000709d00000, 0x0000000709d00000, 0x0000000709e00000|  0%| F|  |TAMS 0x0000000709d00000, 0x0000000709d00000| Untracked 
| 146|0x0000000709e00000, 0x0000000709e00000, 0x0000000709f00000|  0%| F|  |TAMS 0x0000000709e00000, 0x0000000709e00000| Untracked 
| 147|0x0000000709f00000, 0x0000000709f00000, 0x000000070a000000|  0%| F|  |TAMS 0x0000000709f00000, 0x0000000709f00000| Untracked 
| 148|0x000000070a000000, 0x000000070a000000, 0x000000070a100000|  0%| F|  |TAMS 0x000000070a000000, 0x000000070a000000| Untracked 
| 149|0x000000070a100000, 0x000000070a100000, 0x000000070a200000|  0%| F|  |TAMS 0x000000070a100000, 0x000000070a100000| Untracked 
| 150|0x000000070a200000, 0x000000070a200000, 0x000000070a300000|  0%| F|  |TAMS 0x000000070a200000, 0x000000070a200000| Untracked 
| 151|0x000000070a300000, 0x000000070a300000, 0x000000070a400000|  0%| F|  |TAMS 0x000000070a300000, 0x000000070a300000| Untracked 
| 152|0x000000070a400000, 0x000000070a400000, 0x000000070a500000|  0%| F|  |TAMS 0x000000070a400000, 0x000000070a400000| Untracked 
| 153|0x000000070a500000, 0x000000070a500000, 0x000000070a600000|  0%| F|  |TAMS 0x000000070a500000, 0x000000070a500000| Untracked 
| 154|0x000000070a600000, 0x000000070a600000, 0x000000070a700000|  0%| F|  |TAMS 0x000000070a600000, 0x000000070a600000| Untracked 
| 155|0x000000070a700000, 0x000000070a700000, 0x000000070a800000|  0%| F|  |TAMS 0x000000070a700000, 0x000000070a700000| Untracked 
| 156|0x000000070a800000, 0x000000070a800000, 0x000000070a900000|  0%| F|  |TAMS 0x000000070a800000, 0x000000070a800000| Untracked 
| 157|0x000000070a900000, 0x000000070a900000, 0x000000070aa00000|  0%| F|  |TAMS 0x000000070a900000, 0x000000070a900000| Untracked 
| 158|0x000000070aa00000, 0x000000070aa00000, 0x000000070ab00000|  0%| F|  |TAMS 0x000000070aa00000, 0x000000070aa00000| Untracked 
| 159|0x000000070ab00000, 0x000000070ab00000, 0x000000070ac00000|  0%| F|  |TAMS 0x000000070ab00000, 0x000000070ab00000| Untracked 
| 160|0x000000070ac00000, 0x000000070ac00000, 0x000000070ad00000|  0%| F|  |TAMS 0x000000070ac00000, 0x000000070ac00000| Untracked 
| 161|0x000000070ad00000, 0x000000070ad00000, 0x000000070ae00000|  0%| F|  |TAMS 0x000000070ad00000, 0x000000070ad00000| Untracked 
| 162|0x000000070ae00000, 0x000000070ae00000, 0x000000070af00000|  0%| F|  |TAMS 0x000000070ae00000, 0x000000070ae00000| Untracked 
| 163|0x000000070af00000, 0x000000070af00000, 0x000000070b000000|  0%| F|  |TAMS 0x000000070af00000, 0x000000070af00000| Untracked 
| 164|0x000000070b000000, 0x000000070b000000, 0x000000070b100000|  0%| F|  |TAMS 0x000000070b000000, 0x000000070b000000| Untracked 
| 165|0x000000070b100000, 0x000000070b100000, 0x000000070b200000|  0%| F|  |TAMS 0x000000070b100000, 0x000000070b100000| Untracked 
| 166|0x000000070b200000, 0x000000070b200000, 0x000000070b300000|  0%| F|  |TAMS 0x000000070b200000, 0x000000070b200000| Untracked 
| 167|0x000000070b300000, 0x000000070b300000, 0x000000070b400000|  0%| F|  |TAMS 0x000000070b300000, 0x000000070b300000| Untracked 
| 168|0x000000070b400000, 0x000000070b400000, 0x000000070b500000|  0%| F|  |TAMS 0x000000070b400000, 0x000000070b400000| Untracked 
| 169|0x000000070b500000, 0x000000070b500000, 0x000000070b600000|  0%| F|  |TAMS 0x000000070b500000, 0x000000070b500000| Untracked 
| 170|0x000000070b600000, 0x000000070b600000, 0x000000070b700000|  0%| F|  |TAMS 0x000000070b600000, 0x000000070b600000| Untracked 
| 171|0x000000070b700000, 0x000000070b700000, 0x000000070b800000|  0%| F|  |TAMS 0x000000070b700000, 0x000000070b700000| Untracked 
| 172|0x000000070b800000, 0x000000070b800000, 0x000000070b900000|  0%| F|  |TAMS 0x000000070b800000, 0x000000070b800000| Untracked 
| 173|0x000000070b900000, 0x000000070b900000, 0x000000070ba00000|  0%| F|  |TAMS 0x000000070b900000, 0x000000070b900000| Untracked 
| 174|0x000000070ba00000, 0x000000070ba00000, 0x000000070bb00000|  0%| F|  |TAMS 0x000000070ba00000, 0x000000070ba00000| Untracked 
| 175|0x000000070bb00000, 0x000000070bb00000, 0x000000070bc00000|  0%| F|  |TAMS 0x000000070bb00000, 0x000000070bb00000| Untracked 
| 176|0x000000070bc00000, 0x000000070bc00000, 0x000000070bd00000|  0%| F|  |TAMS 0x000000070bc00000, 0x000000070bc00000| Untracked 
| 177|0x000000070bd00000, 0x000000070bd00000, 0x000000070be00000|  0%| F|  |TAMS 0x000000070bd00000, 0x000000070bd00000| Untracked 
| 178|0x000000070be00000, 0x000000070be00000, 0x000000070bf00000|  0%| F|  |TAMS 0x000000070be00000, 0x000000070be00000| Untracked 
| 179|0x000000070bf00000, 0x000000070bf00000, 0x000000070c000000|  0%| F|  |TAMS 0x000000070bf00000, 0x000000070bf00000| Untracked 
| 180|0x000000070c000000, 0x000000070c000000, 0x000000070c100000|  0%| F|  |TAMS 0x000000070c000000, 0x000000070c000000| Untracked 
| 181|0x000000070c100000, 0x000000070c100000, 0x000000070c200000|  0%| F|  |TAMS 0x000000070c100000, 0x000000070c100000| Untracked 
| 182|0x000000070c200000, 0x000000070c200000, 0x000000070c300000|  0%| F|  |TAMS 0x000000070c200000, 0x000000070c200000| Untracked 
| 183|0x000000070c300000, 0x000000070c300000, 0x000000070c400000|  0%| F|  |TAMS 0x000000070c300000, 0x000000070c300000| Untracked 
| 184|0x000000070c400000, 0x000000070c400000, 0x000000070c500000|  0%| F|  |TAMS 0x000000070c400000, 0x000000070c400000| Untracked 
| 185|0x000000070c500000, 0x000000070c500000, 0x000000070c600000|  0%| F|  |TAMS 0x000000070c500000, 0x000000070c500000| Untracked 
| 186|0x000000070c600000, 0x000000070c600000, 0x000000070c700000|  0%| F|  |TAMS 0x000000070c600000, 0x000000070c600000| Untracked 
| 187|0x000000070c700000, 0x000000070c700000, 0x000000070c800000|  0%| F|  |TAMS 0x000000070c700000, 0x000000070c700000| Untracked 
| 188|0x000000070c800000, 0x000000070c800000, 0x000000070c900000|  0%| F|  |TAMS 0x000000070c800000, 0x000000070c800000| Untracked 
| 189|0x000000070c900000, 0x000000070c900000, 0x000000070ca00000|  0%| F|  |TAMS 0x000000070c900000, 0x000000070c900000| Untracked 
| 190|0x000000070ca00000, 0x000000070ca00000, 0x000000070cb00000|  0%| F|  |TAMS 0x000000070ca00000, 0x000000070ca00000| Untracked 
| 191|0x000000070cb00000, 0x000000070cb00000, 0x000000070cc00000|  0%| F|  |TAMS 0x000000070cb00000, 0x000000070cb00000| Untracked 
| 192|0x000000070cc00000, 0x000000070cc00000, 0x000000070cd00000|  0%| F|  |TAMS 0x000000070cc00000, 0x000000070cc00000| Untracked 
| 193|0x000000070cd00000, 0x000000070cd00000, 0x000000070ce00000|  0%| F|  |TAMS 0x000000070cd00000, 0x000000070cd00000| Untracked 
| 194|0x000000070ce00000, 0x000000070ce00000, 0x000000070cf00000|  0%| F|  |TAMS 0x000000070ce00000, 0x000000070ce00000| Untracked 
| 195|0x000000070cf00000, 0x000000070cf00000, 0x000000070d000000|  0%| F|  |TAMS 0x000000070cf00000, 0x000000070cf00000| Untracked 
| 196|0x000000070d000000, 0x000000070d000000, 0x000000070d100000|  0%| F|  |TAMS 0x000000070d000000, 0x000000070d000000| Untracked 
| 197|0x000000070d100000, 0x000000070d100000, 0x000000070d200000|  0%| F|  |TAMS 0x000000070d100000, 0x000000070d100000| Untracked 
| 198|0x000000070d200000, 0x000000070d200000, 0x000000070d300000|  0%| F|  |TAMS 0x000000070d200000, 0x000000070d200000| Untracked 
| 199|0x000000070d300000, 0x000000070d300000, 0x000000070d400000|  0%| F|  |TAMS 0x000000070d300000, 0x000000070d300000| Untracked 
| 200|0x000000070d400000, 0x000000070d400000, 0x000000070d500000|  0%| F|  |TAMS 0x000000070d400000, 0x000000070d400000| Untracked 
| 201|0x000000070d500000, 0x000000070d500000, 0x000000070d600000|  0%| F|  |TAMS 0x000000070d500000, 0x000000070d500000| Untracked 
| 202|0x000000070d600000, 0x000000070d600000, 0x000000070d700000|  0%| F|  |TAMS 0x000000070d600000, 0x000000070d600000| Untracked 
| 203|0x000000070d700000, 0x000000070d700000, 0x000000070d800000|  0%| F|  |TAMS 0x000000070d700000, 0x000000070d700000| Untracked 
| 204|0x000000070d800000, 0x000000070d800000, 0x000000070d900000|  0%| F|  |TAMS 0x000000070d800000, 0x000000070d800000| Untracked 
| 205|0x000000070d900000, 0x000000070d900000, 0x000000070da00000|  0%| F|  |TAMS 0x000000070d900000, 0x000000070d900000| Untracked 
| 206|0x000000070da00000, 0x000000070da00000, 0x000000070db00000|  0%| F|  |TAMS 0x000000070da00000, 0x000000070da00000| Untracked 
| 207|0x000000070db00000, 0x000000070db00000, 0x000000070dc00000|  0%| F|  |TAMS 0x000000070db00000, 0x000000070db00000| Untracked 
| 208|0x000000070dc00000, 0x000000070dc00000, 0x000000070dd00000|  0%| F|  |TAMS 0x000000070dc00000, 0x000000070dc00000| Untracked 
| 209|0x000000070dd00000, 0x000000070dd00000, 0x000000070de00000|  0%| F|  |TAMS 0x000000070dd00000, 0x000000070dd00000| Untracked 
| 210|0x000000070de00000, 0x000000070de00000, 0x000000070df00000|  0%| F|  |TAMS 0x000000070de00000, 0x000000070de00000| Untracked 
| 211|0x000000070df00000, 0x000000070df00000, 0x000000070e000000|  0%| F|  |TAMS 0x000000070df00000, 0x000000070df00000| Untracked 
| 212|0x000000070e000000, 0x000000070e000000, 0x000000070e100000|  0%| F|  |TAMS 0x000000070e000000, 0x000000070e000000| Untracked 
| 213|0x000000070e100000, 0x000000070e100000, 0x000000070e200000|  0%| F|  |TAMS 0x000000070e100000, 0x000000070e100000| Untracked 
| 214|0x000000070e200000, 0x000000070e200000, 0x000000070e300000|  0%| F|  |TAMS 0x000000070e200000, 0x000000070e200000| Untracked 
| 215|0x000000070e300000, 0x000000070e300000, 0x000000070e400000|  0%| F|  |TAMS 0x000000070e300000, 0x000000070e300000| Untracked 
| 216|0x000000070e400000, 0x000000070e400000, 0x000000070e500000|  0%| F|  |TAMS 0x000000070e400000, 0x000000070e400000| Untracked 
| 217|0x000000070e500000, 0x000000070e500000, 0x000000070e600000|  0%| F|  |TAMS 0x000000070e500000, 0x000000070e500000| Untracked 
| 218|0x000000070e600000, 0x000000070e600000, 0x000000070e700000|  0%| F|  |TAMS 0x000000070e600000, 0x000000070e600000| Untracked 
| 219|0x000000070e700000, 0x000000070e700000, 0x000000070e800000|  0%| F|  |TAMS 0x000000070e700000, 0x000000070e700000| Untracked 
| 220|0x000000070e800000, 0x000000070e800000, 0x000000070e900000|  0%| F|  |TAMS 0x000000070e800000, 0x000000070e800000| Untracked 
| 221|0x000000070e900000, 0x000000070e900000, 0x000000070ea00000|  0%| F|  |TAMS 0x000000070e900000, 0x000000070e900000| Untracked 
| 222|0x000000070ea00000, 0x000000070ea00000, 0x000000070eb00000|  0%| F|  |TAMS 0x000000070ea00000, 0x000000070ea00000| Untracked 
| 223|0x000000070eb00000, 0x000000070eb00000, 0x000000070ec00000|  0%| F|  |TAMS 0x000000070eb00000, 0x000000070eb00000| Untracked 
| 224|0x000000070ec00000, 0x000000070ec00000, 0x000000070ed00000|  0%| F|  |TAMS 0x000000070ec00000, 0x000000070ec00000| Untracked 
| 225|0x000000070ed00000, 0x000000070ed00000, 0x000000070ee00000|  0%| F|  |TAMS 0x000000070ed00000, 0x000000070ed00000| Untracked 
| 226|0x000000070ee00000, 0x000000070ee00000, 0x000000070ef00000|  0%| F|  |TAMS 0x000000070ee00000, 0x000000070ee00000| Untracked 
| 227|0x000000070ef00000, 0x000000070ef00000, 0x000000070f000000|  0%| F|  |TAMS 0x000000070ef00000, 0x000000070ef00000| Untracked 
| 228|0x000000070f000000, 0x000000070f000000, 0x000000070f100000|  0%| F|  |TAMS 0x000000070f000000, 0x000000070f000000| Untracked 
| 229|0x000000070f100000, 0x000000070f100000, 0x000000070f200000|  0%| F|  |TAMS 0x000000070f100000, 0x000000070f100000| Untracked 
| 230|0x000000070f200000, 0x000000070f200000, 0x000000070f300000|  0%| F|  |TAMS 0x000000070f200000, 0x000000070f200000| Untracked 
| 231|0x000000070f300000, 0x000000070f300000, 0x000000070f400000|  0%| F|  |TAMS 0x000000070f300000, 0x000000070f300000| Untracked 
| 232|0x000000070f400000, 0x000000070f400000, 0x000000070f500000|  0%| F|  |TAMS 0x000000070f400000, 0x000000070f400000| Untracked 
| 233|0x000000070f500000, 0x000000070f500000, 0x000000070f600000|  0%| F|  |TAMS 0x000000070f500000, 0x000000070f500000| Untracked 
| 234|0x000000070f600000, 0x000000070f600000, 0x000000070f700000|  0%| F|  |TAMS 0x000000070f600000, 0x000000070f600000| Untracked 
| 235|0x000000070f700000, 0x000000070f700000, 0x000000070f800000|  0%| F|  |TAMS 0x000000070f700000, 0x000000070f700000| Untracked 
| 236|0x000000070f800000, 0x000000070f800000, 0x000000070f900000|  0%| F|  |TAMS 0x000000070f800000, 0x000000070f800000| Untracked 
| 237|0x000000070f900000, 0x000000070f900000, 0x000000070fa00000|  0%| F|  |TAMS 0x000000070f900000, 0x000000070f900000| Untracked 
| 238|0x000000070fa00000, 0x000000070fa00000, 0x000000070fb00000|  0%| F|  |TAMS 0x000000070fa00000, 0x000000070fa00000| Untracked 
| 239|0x000000070fb00000, 0x000000070fb00000, 0x000000070fc00000|  0%| F|  |TAMS 0x000000070fb00000, 0x000000070fb00000| Untracked 
| 240|0x000000070fc00000, 0x000000070fc00000, 0x000000070fd00000|  0%| F|  |TAMS 0x000000070fc00000, 0x000000070fc00000| Untracked 
| 241|0x000000070fd00000, 0x000000070fde1dc0, 0x000000070fe00000| 88%| E|  |TAMS 0x000000070fd00000, 0x000000070fd00000| Complete 
| 242|0x000000070fe00000, 0x000000070ff00000, 0x000000070ff00000|100%| E|CS|TAMS 0x000000070fe00000, 0x000000070fe00000| Complete 
| 243|0x000000070ff00000, 0x0000000710000000, 0x0000000710000000|100%| E|CS|TAMS 0x000000070ff00000, 0x000000070ff00000| Complete 
| 244|0x0000000710000000, 0x0000000710100000, 0x0000000710100000|100%| E|CS|TAMS 0x0000000710000000, 0x0000000710000000| Complete 
| 245|0x0000000710100000, 0x0000000710200000, 0x0000000710200000|100%| E|CS|TAMS 0x0000000710100000, 0x0000000710100000| Complete 
| 246|0x0000000710200000, 0x0000000710300000, 0x0000000710300000|100%| E|CS|TAMS 0x0000000710200000, 0x0000000710200000| Complete 
| 247|0x0000000710300000, 0x0000000710400000, 0x0000000710400000|100%| E|CS|TAMS 0x0000000710300000, 0x0000000710300000| Complete 
| 248|0x0000000710400000, 0x0000000710500000, 0x0000000710500000|100%| E|CS|TAMS 0x0000000710400000, 0x0000000710400000| Complete 
| 249|0x0000000710500000, 0x0000000710600000, 0x0000000710600000|100%| E|CS|TAMS 0x0000000710500000, 0x0000000710500000| Complete 
| 250|0x0000000710600000, 0x0000000710700000, 0x0000000710700000|100%| E|CS|TAMS 0x0000000710600000, 0x0000000710600000| Complete 
| 251|0x0000000710700000, 0x0000000710800000, 0x0000000710800000|100%| E|CS|TAMS 0x0000000710700000, 0x0000000710700000| Complete 
| 252|0x0000000710800000, 0x0000000710900000, 0x0000000710900000|100%| E|CS|TAMS 0x0000000710800000, 0x0000000710800000| Complete 
| 253|0x0000000710900000, 0x0000000710a00000, 0x0000000710a00000|100%| E|CS|TAMS 0x0000000710900000, 0x0000000710900000| Complete 
| 254|0x0000000710a00000, 0x0000000710b00000, 0x0000000710b00000|100%| E|CS|TAMS 0x0000000710a00000, 0x0000000710a00000| Complete 
| 255|0x0000000710b00000, 0x0000000710c00000, 0x0000000710c00000|100%| E|CS|TAMS 0x0000000710b00000, 0x0000000710b00000| Complete 

Card table byte_map: [0x000001cff7c00000,0x000001cff8400000] _byte_map_base: 0x000001cff43fa000

Marking Bits (Prev, Next): (CMBitMap*) 0x000001cfeed4bf18, (CMBitMap*) 0x000001cfeed4bf58
 Prev Bits: [0x000001cff8c00000, 0x000001cffcbd0000)
 Next Bits: [0x000001cf8f000000, 0x000001cf92fd0000)

Polling page: 0x000001cfecc30000

Metaspace:

Usage:
  Non-class:      8.51 MB capacity,     5.97 MB ( 70%) used,     2.52 MB ( 30%) free+waste,    12.56 KB ( <1%) overhead. 
      Class:    666.00 KB capacity,   354.74 KB ( 53%) used,   305.57 KB ( 46%) free+waste,     5.69 KB ( <1%) overhead. 
       Both:      9.16 MB capacity,     6.32 MB ( 69%) used,     2.82 MB ( 31%) free+waste,    18.25 KB ( <1%) overhead. 

Virtual space:
  Non-class space:       10.00 MB reserved,       8.75 MB ( 88%) committed 
      Class space:        1.00 GB reserved,     768.00 KB ( <1%) committed 
             Both:        1.01 GB reserved,       9.50 MB ( <1%) committed 

Chunk freelists:
   Non-Class:  53.00 KB
       Class:  6.00 KB
        Both:  59.00 KB

MaxMetaspaceSize: 17179869184.00 GB
CompressedClassSpaceSize: 1.00 GB

CodeHeap 'non-profiled nmethods': size=120000Kb used=248Kb max_used=248Kb free=119751Kb
 bounds [0x000001cf87ad0000, 0x000001cf87d40000, 0x000001cf8f000000]
CodeHeap 'profiled nmethods': size=120000Kb used=1434Kb max_used=1434Kb free=118566Kb
 bounds [0x000001cf805a0000, 0x000001cf80810000, 0x000001cf87ad0000]
CodeHeap 'non-nmethods': size=5760Kb used=1733Kb max_used=1746Kb free=4026Kb
 bounds [0x000001cf80000000, 0x000001cf80270000, 0x000001cf805a0000]
 total_blobs=2388 nmethods=803 adapters=1068
 compilation: enabled
              stopped_count=0, restarted_count=0
 full_count=0

Compilation events (20 events):
Event: 0.993 Thread 0x000001cf93059000  793       3       java.lang.invoke.LambdaForm$Name::<init> (44 bytes)
Event: 0.993 Thread 0x000001cf93059000 nmethod 793 0x000001cf80700310 code [0x000001cf80700540, 0x000001cf80700bb0]
Event: 0.993 Thread 0x000001cf93059000  794       3       java.lang.invoke.LambdaForm$NamedFunction::returnType (11 bytes)
Event: 0.994 Thread 0x000001cf93059000 nmethod 794 0x000001cf80700e90 code [0x000001cf80701080, 0x000001cf80701570]
Event: 0.994 Thread 0x000001cf93059000  791       3       java.lang.invoke.MemberName$Factory::resolveOrFail (53 bytes)
Event: 0.994 Thread 0x000001cf93059000 nmethod 791 0x000001cf80701790 code [0x000001cf807019a0, 0x000001cf80702140]
Event: 0.994 Thread 0x000001cf93059000  792       1       java.lang.invoke.DirectMethodHandle::internalMemberName (5 bytes)
Event: 0.994 Thread 0x000001cf93059000 nmethod 792 0x000001cf87b0df90 code [0x000001cf87b0e120, 0x000001cf87b0e258]
Event: 0.994 Thread 0x000001cf93059000  796       3       java.lang.invoke.InvokerBytecodeGenerator::emitPushArgument (120 bytes)
Event: 0.994 Thread 0x000001cf93059000 nmethod 796 0x000001cf80702390 code [0x000001cf80702660, 0x000001cf80703530]
Event: 0.994 Thread 0x000001cf93059000  797       3       java.lang.invoke.InvokerBytecodeGenerator::emitLoadInsn (21 bytes)
Event: 0.994 Thread 0x000001cf93059000 nmethod 797 0x000001cf80703a10 code [0x000001cf80703be0, 0x000001cf80703ec0]
Event: 0.994 Thread 0x000001cf93059000  800       3       jdk.internal.org.objectweb.asm.Frame::pop (42 bytes)
Event: 0.995 Thread 0x000001cf93059000 nmethod 800 0x000001cf80704010 code [0x000001cf807041c0, 0x000001cf807043d8]
Event: 0.995 Thread 0x000001cf93059000  801       3       java.lang.invoke.MemberName::getName (25 bytes)
Event: 0.995 Thread 0x000001cf93059000 nmethod 801 0x000001cf80704490 code [0x000001cf80704660, 0x000001cf80704a70]
Event: 1.025 Thread 0x000001cf93059000  802       3       java.lang.StringCoding::encodeUTF8 (132 bytes)
Event: 1.025 Thread 0x000001cf93059000 nmethod 802 0x000001cf80704b90 code [0x000001cf80704dc0, 0x000001cf80705850]
Event: 1.026 Thread 0x000001cf93059000  803   !   3       java.util.zip.ZipFile::getEntry (73 bytes)
Event: 1.026 Thread 0x000001cf93059000 nmethod 803 0x000001cf80705b90 code [0x000001cf80705da0, 0x000001cf807064d0]

GC Heap History (0 events):
No events

Deoptimization events (12 events):
Event: 0.094 Thread 0x000001cfeece0000 Uncommon trap: trap_request=0xffffff45 fr.pc=0x000001cf87ad4f2c relative=0x000000000000020c
Event: 0.094 Thread 0x000001cfeece0000 Uncommon trap: reason=unstable_if action=reinterpret pc=0x000001cf87ad4f2c method=java.lang.String.hashCode()I @ 13 c2
Event: 0.094 Thread 0x000001cfeece0000 DEOPT PACKING pc=0x000001cf87ad4f2c sp=0x00000073777fb0b0
Event: 0.094 Thread 0x000001cfeece0000 DEOPT UNPACKING pc=0x000001cf8004912f sp=0x00000073777fb048 mode 2
Event: 0.779 Thread 0x000001cfeece0000 Uncommon trap: trap_request=0xffffff54 fr.pc=0x000001cf87af5808 relative=0x0000000000000068
Event: 0.779 Thread 0x000001cfeece0000 Uncommon trap: reason=speculate_null_assert action=make_not_entrant pc=0x000001cf87af5808 method=sun.misc.Unsafe.getLong(Ljava/lang/Object;J)J @ 5 c2
Event: 0.779 Thread 0x000001cfeece0000 DEOPT PACKING pc=0x000001cf87af5808 sp=0x00000073777fef70
Event: 0.779 Thread 0x000001cfeece0000 DEOPT UNPACKING pc=0x000001cf8004912f sp=0x00000073777feef8 mode 2
Event: 0.966 Thread 0x000001cfeece0000 Uncommon trap: trap_request=0xffffff45 fr.pc=0x000001cf87af6e7c relative=0x000000000000105c
Event: 0.966 Thread 0x000001cfeece0000 Uncommon trap: reason=unstable_if action=reinterpret pc=0x000001cf87af6e7c method=java.util.LinkedHashMap.linkNodeLast(Ljava/util/LinkedHashMap$Entry;)V @ 11 c2
Event: 0.966 Thread 0x000001cfeece0000 DEOPT PACKING pc=0x000001cf87af6e7c sp=0x00000073777fdee0
Event: 0.966 Thread 0x000001cfeece0000 DEOPT UNPACKING pc=0x000001cf8004912f sp=0x00000073777fdd90 mode 2

Classes unloaded (0 events):
No events

Classes redefined (0 events):
No events

Internal exceptions (18 events):
Event: 0.109 Thread 0x000001cfeece0000 Exception <a 'java/lang/NoSuchMethodError'{0x00000007109a0828}: 'void java.lang.invoke.DelegatingMethodHandle$Holder.delegate(java.lang.Object, java.lang.Object, int, java.lang.Object)'> (0x00000007109a0828) 
thrown [t:/workspace/open/src/hotspot/share/interpreter/linkResolver.cpp, line 767]
Event: 0.110 Thread 0x000001cfeece0000 Exception <a 'java/lang/NoSuchMethodError'{0x00000007109a7580}: 'java.lang.Object java.lang.invoke.DirectMethodHandle$Holder.invokeStaticInit(java.lang.Object, java.lang.Object, java.lang.Object)'> (0x00000007109a7580) 
thrown [t:/workspace/open/src/hotspot/share/interpreter/linkResolver.cpp, line 767]
Event: 0.142 Thread 0x000001cfeece0000 Exception <a 'sun/nio/fs/WindowsException'{0x0000000710814570}> (0x0000000710814570) 
thrown [t:/workspace/open/src/hotspot/share/prims/jni.cpp, line 598]
Event: 0.142 Thread 0x000001cfeece0000 Exception <a 'sun/nio/fs/WindowsException'{0x0000000710814ac0}> (0x0000000710814ac0) 
thrown [t:/workspace/open/src/hotspot/share/prims/jni.cpp, line 598]
Event: 0.161 Thread 0x000001cfeece0000 Exception <a 'sun/nio/fs/WindowsException'{0x0000000710887168}> (0x0000000710887168) 
thrown [t:/workspace/open/src/hotspot/share/prims/jni.cpp, line 598]
Event: 0.161 Thread 0x000001cfeece0000 Exception <a 'sun/nio/fs/WindowsException'{0x00000007108874c8}> (0x00000007108874c8) 
thrown [t:/workspace/open/src/hotspot/share/prims/jni.cpp, line 598]
Event: 0.701 Thread 0x000001cfeece0000 Exception <a 'java/lang/NoSuchMethodError'{0x0000000710742f50}: 'void java.lang.invoke.DirectMethodHandle$Holder.invokeStatic(java.lang.Object, long, int, int)'> (0x0000000710742f50) 
thrown [t:/workspace/open/src/hotspot/share/interpreter/linkResolver.cpp, line 767]
Event: 0.710 Thread 0x000001cfeece0000 Exception <a 'sun/nio/fs/WindowsException'{0x0000000710784ed8}> (0x0000000710784ed8) 
thrown [t:/workspace/open/src/hotspot/share/prims/jni.cpp, line 598]
Event: 0.710 Thread 0x000001cfeece0000 Exception <a 'sun/nio/fs/WindowsException'{0x0000000710785268}> (0x0000000710785268) 
thrown [t:/workspace/open/src/hotspot/share/prims/jni.cpp, line 598]
Event: 0.718 Thread 0x000001cfeece0000 Exception <a 'java/lang/NoSuchMethodError'{0x00000007107b7258}: 'void java.lang.invoke.DirectMethodHandle$Holder.invokeStatic(java.lang.Object, long)'> (0x00000007107b7258) 
thrown [t:/workspace/open/src/hotspot/share/interpreter/linkResolver.cpp, line 767]
Event: 0.720 Thread 0x000001cfeece0000 Exception <a 'java/lang/NoSuchMethodError'{0x00000007107c39a0}: 'void java.lang.invoke.DirectMethodHandle$Holder.invokeStatic(java.lang.Object, long, int)'> (0x00000007107c39a0) 
thrown [t:/workspace/open/src/hotspot/share/interpreter/linkResolver.cpp, line 767]
Event: 0.730 Thread 0x000001cfeece0000 Exception <a 'sun/nio/fs/WindowsException'{0x00000007107feaa0}> (0x00000007107feaa0) 
thrown [t:/workspace/open/src/hotspot/share/prims/jni.cpp, line 598]
Event: 0.730 Thread 0x000001cfeece0000 Exception <a 'sun/nio/fs/WindowsException'{0x00000007107fee40}> (0x00000007107fee40) 
thrown [t:/workspace/open/src/hotspot/share/prims/jni.cpp, line 598]
Event: 0.733 Thread 0x000001cfeece0000 Exception <a 'sun/nio/fs/WindowsException'{0x000000071060eb70}> (0x000000071060eb70) 
thrown [t:/workspace/open/src/hotspot/share/prims/jni.cpp, line 598]
Event: 0.733 Thread 0x000001cfeece0000 Exception <a 'sun/nio/fs/WindowsException'{0x000000071060ee40}> (0x000000071060ee40) 
thrown [t:/workspace/open/src/hotspot/share/prims/jni.cpp, line 598]
Event: 0.978 Thread 0x000001cfeece0000 Exception <a 'java/lang/ClassNotFoundException'{0x000000070fefeb30}: sun/awt/resources/spi/awtProvider> (0x000000070fefeb30) 
thrown [t:/workspace/open/src/hotspot/share/classfile/systemDictionary.cpp, line 232]
Event: 0.990 Thread 0x000001cfeece0000 Exception <a 'java/io/FileNotFoundException'{0x000000070fd43618}> (0x000000070fd43618) 
thrown [t:/workspace/open/src/hotspot/share/prims/jni.cpp, line 598]
Event: 0.994 Thread 0x000001cfeece0000 Exception <a 'java/io/FileNotFoundException'{0x000000070fd69b90}> (0x000000070fd69b90) 
thrown [t:/workspace/open/src/hotspot/share/prims/jni.cpp, line 598]

Events (20 events):
Event: 0.993 loading class java/lang/invoke/BoundMethodHandle$Species_LLLLLLLLL
Event: 0.993 loading class java/lang/invoke/BoundMethodHandle$Species_LLLLLLLLL done
Event: 0.994 loading class java/awt/Insets
Event: 0.994 loading class java/awt/Insets done
Event: 0.994 loading class java/awt/GraphicsEnvironment
Event: 0.994 loading class java/awt/GraphicsEnvironment done
Event: 0.994 loading class sun/awt/PlatformGraphicsInfo
Event: 0.994 loading class sun/awt/PlatformGraphicsInfo done
Event: 0.995 loading class nutmeg/game/engine/rendering/Renderer2D
Event: 0.995 loading class nutmeg/game/engine/rendering/Renderer2D done
Event: 1.023 loading class nutmeg/game/engine/rendering/Renderer
Event: 1.023 loading class nutmeg/game/engine/rendering/Renderer done
Event: 1.024 loading class nutmeg/opengl/core/OPENGL_API
Event: 1.024 loading class nutmeg/opengl/core/OPENGL_API done
Event: 1.025 loading class nutmeg/opengl/buffers/VertexArray
Event: 1.025 loading class nutmeg/opengl/buffers/VertexArray done
Event: 1.026 loading class nutmeg/opengl/buffers/VertexBuffer
Event: 1.026 loading class nutmeg/opengl/buffers/VertexBuffer done
Event: 1.026 loading class nutmeg/opengl/buffers/IndexBuffer
Event: 1.026 loading class nutmeg/opengl/buffers/IndexBuffer done


Dynamic libraries:
0x00007ff75d860000 - 0x00007ff75d86f000 	C:\Program Files\Java\jdk-13.0.2\bin\javaw.exe
0x00007ffe816c0000 - 0x00007ffe818b0000 	C:\Windows\SYSTEM32\ntdll.dll
0x00007ffe7af90000 - 0x00007ffe7afa3000 	C:\Program Files\AVG\Antivirus\aswhook.dll
0x00007ffe7f8e0000 - 0x00007ffe7f992000 	C:\Windows\System32\KERNEL32.DLL
0x00007ffe7e650000 - 0x00007ffe7e8f4000 	C:\Windows\System32\KERNELBASE.dll
0x00007ffe7e900000 - 0x00007ffe7e9fa000 	C:\Windows\System32\ucrtbase.dll
0x00007ffe53bc0000 - 0x00007ffe53bd8000 	C:\Program Files\Java\jdk-13.0.2\bin\jli.dll
0x00007ffe81420000 - 0x00007ffe814c3000 	C:\Windows\System32\ADVAPI32.dll
0x00007ffe811f0000 - 0x00007ffe8128e000 	C:\Windows\System32\msvcrt.dll
0x00007ffe81380000 - 0x00007ffe81417000 	C:\Windows\System32\sechost.dll
0x00007ffe80f20000 - 0x00007ffe81040000 	C:\Windows\System32\RPCRT4.dll
0x00007ffe81050000 - 0x00007ffe811e4000 	C:\Windows\System32\USER32.dll
0x00007ffe7ea00000 - 0x00007ffe7ea21000 	C:\Windows\System32\win32u.dll
0x00007ffe80370000 - 0x00007ffe80396000 	C:\Windows\System32\GDI32.dll
0x00007ffe7ebb0000 - 0x00007ffe7ed45000 	C:\Windows\System32\gdi32full.dll
0x00007ffe7eae0000 - 0x00007ffe7eb7e000 	C:\Windows\System32\msvcp_win.dll
0x00007ffe53ba0000 - 0x00007ffe53bb5000 	C:\Program Files\Java\jdk-13.0.2\bin\VCRUNTIME140.dll
0x00007ffe6d750000 - 0x00007ffe6d9d4000 	C:\Windows\WinSxS\amd64_microsoft.windows.common-controls_6595b64144ccf1df_6.0.18362.900_none_e6beb9d913147d17\COMCTL32.dll
0x00007ffe804f0000 - 0x00007ffe80825000 	C:\Windows\System32\combase.dll
0x00007ffe7f690000 - 0x00007ffe7f710000 	C:\Windows\System32\bcryptPrimitives.dll
0x00007ffe79f10000 - 0x00007ffe79f1a000 	C:\Windows\SYSTEM32\VERSION.dll
0x00007ffe7f780000 - 0x00007ffe7f7ae000 	C:\Windows\System32\IMM32.DLL
0x00007ffe530d0000 - 0x00007ffe5316b000 	C:\Program Files\Java\jdk-13.0.2\bin\msvcp140.dll
0x00007ffe458c0000 - 0x00007ffe4641d000 	C:\Program Files\Java\jdk-13.0.2\bin\server\jvm.dll
0x00007ffe81040000 - 0x00007ffe81048000 	C:\Windows\System32\PSAPI.DLL
0x00007ffe77490000 - 0x00007ffe77499000 	C:\Windows\SYSTEM32\WSOCK32.dll
0x00007ffe81310000 - 0x00007ffe8137f000 	C:\Windows\System32\WS2_32.dll
0x00007ffe72f30000 - 0x00007ffe72f54000 	C:\Windows\SYSTEM32\WINMM.dll
0x00007ffe6bc90000 - 0x00007ffe6bcbd000 	C:\Windows\SYSTEM32\WINMMBASE.dll
0x00007ffe7f4d0000 - 0x00007ffe7f51a000 	C:\Windows\System32\cfgmgr32.dll
0x00007ffe7e5e0000 - 0x00007ffe7e5f1000 	C:\Windows\System32\kernel.appcore.dll
0x00007ffe570d0000 - 0x00007ffe570e0000 	C:\Program Files\Java\jdk-13.0.2\bin\verify.dll
0x00007ffe789f0000 - 0x00007ffe78be4000 	C:\Windows\SYSTEM32\DBGHELP.DLL
0x00007ffe789c0000 - 0x00007ffe789ea000 	C:\Windows\SYSTEM32\dbgcore.DLL
0x00007ffe53b70000 - 0x00007ffe53b96000 	C:\Program Files\Java\jdk-13.0.2\bin\java.dll
0x00007ffe53d10000 - 0x00007ffe53d27000 	C:\Program Files\Java\jdk-13.0.2\bin\zip.dll
0x00007ffe53d00000 - 0x00007ffe53d0a000 	C:\Program Files\Java\jdk-13.0.2\bin\jimage.dll
0x00007ffe7fbb0000 - 0x00007ffe80296000 	C:\Windows\System32\SHELL32.dll
0x00007ffe7f7b0000 - 0x00007ffe7f859000 	C:\Windows\System32\shcore.dll
0x00007ffe7ed50000 - 0x00007ffe7f4d0000 	C:\Windows\System32\windows.storage.dll
0x00007ffe7e620000 - 0x00007ffe7e643000 	C:\Windows\System32\profapi.dll
0x00007ffe7e590000 - 0x00007ffe7e5da000 	C:\Windows\System32\powrprof.dll
0x00007ffe7e580000 - 0x00007ffe7e590000 	C:\Windows\System32\UMPDC.dll
0x00007ffe814d0000 - 0x00007ffe81522000 	C:\Windows\System32\shlwapi.dll
0x00007ffe7f520000 - 0x00007ffe7f537000 	C:\Windows\System32\cryptsp.dll
0x00007ffe53ce0000 - 0x00007ffe53cf9000 	C:\Program Files\Java\jdk-13.0.2\bin\net.dll
0x00007ffe77100000 - 0x00007ffe771f0000 	C:\Windows\SYSTEM32\WINHTTP.dll
0x00007ffe7dd90000 - 0x00007ffe7ddf7000 	C:\Windows\system32\mswsock.dll
0x00007ffe53cc0000 - 0x00007ffe53cd3000 	C:\Program Files\Java\jdk-13.0.2\bin\nio.dll
0x00007ffe6df80000 - 0x00007ffe6dfe4000 	C:\Users\Work\AppData\Local\Temp\lwjglWork\3.2.3-SNAPSHOT\lwjgl.dll
0x00007ffe526a0000 - 0x00007ffe52702000 	C:\Users\Work\AppData\Local\Temp\lwjglWork\3.2.3-SNAPSHOT\glfw.dll
0x00007ffe7cd30000 - 0x00007ffe7cdc9000 	C:\Windows\system32\uxtheme.dll
0x00007ffe52650000 - 0x00007ffe52693000 	C:\Windows\SYSTEM32\dinput8.dll
0x00007ffe7b220000 - 0x00007ffe7b231000 	C:\Windows\SYSTEM32\xinput1_4.dll
0x00007ffe7e320000 - 0x00007ffe7e34a000 	C:\Windows\SYSTEM32\DEVOBJ.dll
0x00007ffe7ce00000 - 0x00007ffe7ce2d000 	C:\Windows\SYSTEM32\dwmapi.dll
0x00007ffe6a030000 - 0x00007ffe6a14b000 	C:\Windows\SYSTEM32\inputhost.dll
0x00007ffe7c990000 - 0x00007ffe7ca64000 	C:\Windows\SYSTEM32\CoreMessaging.dll
0x00007ffe6b5f0000 - 0x00007ffe6b91a000 	C:\Windows\SYSTEM32\CoreUIComponents.dll
0x00007ffe78700000 - 0x00007ffe787f0000 	C:\Windows\SYSTEM32\PROPSYS.dll
0x00007ffe802a0000 - 0x00007ffe80365000 	C:\Windows\System32\OLEAUT32.dll
0x00007ffe7a7a0000 - 0x00007ffe7a8f3000 	C:\Windows\SYSTEM32\wintypes.dll
0x00007ffe7d5e0000 - 0x00007ffe7d611000 	C:\Windows\SYSTEM32\ntmarta.dll
0x00007ffe803b0000 - 0x00007ffe804e5000 	C:\Windows\System32\MSCTF.dll
0x00007ffe7d190000 - 0x00007ffe7d19e000 	C:\Windows\SYSTEM32\HID.DLL
0x00007ffe80830000 - 0x00007ffe80ca0000 	C:\Windows\System32\SETUPAPI.DLL
0x00007ffe7eb80000 - 0x00007ffe7eba6000 	C:\Windows\System32\bcrypt.dll
0x00007ffe7f710000 - 0x00007ffe7f76c000 	C:\Windows\System32\WINTRUST.dll
0x00007ffe7e600000 - 0x00007ffe7e612000 	C:\Windows\System32\MSASN1.dll
0x00007ffe7f540000 - 0x00007ffe7f689000 	C:\Windows\System32\CRYPT32.dll
0x00007ffe453e0000 - 0x00007ffe45536000 	C:\Windows\SYSTEM32\opengl32.dll
0x00007ffe72f60000 - 0x00007ffe72f8c000 	C:\Windows\SYSTEM32\GLU32.dll
0x00007ffe7d3f0000 - 0x00007ffe7d410000 	C:\Windows\SYSTEM32\dxcore.dll
0x00007ffe1d060000 - 0x00007ffe1f738000 	C:\Windows\System32\DriverStore\FileRepository\nvmdi.inf_amd64_e726a33b25732961\nvoglv64.dll
0x00007ffe7fa50000 - 0x00007ffe7fba7000 	C:\Windows\System32\ole32.dll
0x00007ffe7ae90000 - 0x00007ffe7aea3000 	C:\Windows\SYSTEM32\WTSAPI32.dll
0x00007ffe7e370000 - 0x00007ffe7e3c6000 	C:\Windows\SYSTEM32\WINSTA.dll
0x00007ffe6a150000 - 0x00007ffe6a1ee000 	C:\Windows\System32\TextInputFramework.dll
0x00007ffe70d40000 - 0x00007ffe70fe6000 	C:\Windows\System32\iertutil.dll
0x00007ffe17ef0000 - 0x00007ffe18143000 	C:\Users\Work\AppData\Local\Temp\lwjglWork\3.2.3-SNAPSHOT\jemalloc.dll
0x00007ffe525f0000 - 0x00007ffe52649000 	C:\Users\Work\AppData\Local\Temp\lwjglWork\3.2.3-SNAPSHOT\lwjgl_opengl.dll
0x000000006f6c0000 - 0x000000006f895000 	C:\Dev\java\NutmegGameEngine\vendor\bin\imgui-java64.dll
0x00007ffe7d900000 - 0x00007ffe7d933000 	C:\Windows\system32\rsaenh.dll
0x00007ffe7df60000 - 0x00007ffe7df6c000 	C:\Windows\SYSTEM32\CRYPTBASE.dll
0x00007ffe45540000 - 0x00007ffe456d9000 	C:\Program Files\Java\jdk-13.0.2\bin\awt.dll
0x00007ffe7cba0000 - 0x00007ffe7cc2f000 	C:\Windows\SYSTEM32\apphelp.dll

dbghelp: loaded successfully - version: 4.0.5 - missing functions: none
symbol engine: initialized successfully - sym options: 0x614 - pdb path: .;C:\Program Files\Java\jdk-13.0.2\bin;C:\Windows\SYSTEM32;C:\Program Files\AVG\Antivirus;C:\Windows\WinSxS\amd64_microsoft.windows.common-controls_6595b64144ccf1df_6.0.18362.900_none_e6beb9d913147d17;C:\Program Files\Java\jdk-13.0.2\bin\server;C:\Users\Work\AppData\Local\Temp\lwjglWork\3.2.3-SNAPSHOT;C:\Windows\System32\DriverStore\FileRepository\nvmdi.inf_amd64_e726a33b25732961;C:\Dev\java\NutmegGameEngine\vendor\bin

VM Arguments:
jvm_args: -Djava.library.path=C:\Dev\java\NutmegGameEngine\vendor\bin;C:\Dev\java\NutmegGameEngine\vendor\bin -Dfile.encoding=Cp1252 
java_command: sandbox.tests.Launcher
java_class_path (initial): C:\Dev\java\NutmegGameEngine\Sandbox\bin;C:\Dev\java\NutmegGameEngine\Nutmeg Core\bin;C:\Dev\java\NutmegGameEngine\Nutmeg Game Engine\bin;C:\Dev\java\LWJGL3.jar;C:\Dev\java\NutmegGameEngine\Nutmeg GLFW\bin;C:\Dev\java\NutmegGameEngine\vendor\imgui-binding-1.76-0.12.jar;C:\Dev\java\NutmegGameEngine\vendor\imgui-lwjgl3-1.76-0.12.jar;C:\Dev\java\NutmegGameEngine\Nutmeg ImGUI\bin;C:\Dev\java\NutmegGameEngine\Nutmeg OpenGL\bin
Launcher Type: SUN_STANDARD

[Global flags]
     intx CICompilerCount                          = 3                                         {product} {ergonomic}
     uint ConcGCThreads                            = 2                                         {product} {ergonomic}
     uint G1ConcRefinementThreads                  = 6                                         {product} {ergonomic}
   size_t G1HeapRegionSize                         = 1048576                                   {product} {ergonomic}
    uintx GCDrainStackTargetSize                   = 64                                        {product} {ergonomic}
   size_t InitialHeapSize                          = 268435456                                 {product} {ergonomic}
   size_t MarkStackSize                            = 4194304                                   {product} {ergonomic}
   size_t MaxHeapSize                              = 4282384384                                {product} {ergonomic}
   size_t MaxNewSize                               = 2569011200                                {product} {ergonomic}
   size_t MinHeapDeltaBytes                        = 1048576                                   {product} {ergonomic}
   size_t MinHeapSize                              = 8388608                                   {product} {ergonomic}
    uintx NonNMethodCodeHeapSize                   = 5832780                                {pd product} {ergonomic}
    uintx NonProfiledCodeHeapSize                  = 122912730                              {pd product} {ergonomic}
    uintx ProfiledCodeHeapSize                     = 122912730                              {pd product} {ergonomic}
    uintx ReservedCodeCacheSize                    = 251658240                              {pd product} {ergonomic}
     bool SegmentedCodeCache                       = true                                      {product} {ergonomic}
   size_t SoftMaxHeapSize                          = 4282384384                             {manageable} {ergonomic}
     bool UseCompressedClassPointers               = true                                 {lp64_product} {ergonomic}
     bool UseCompressedOops                        = true                                 {lp64_product} {ergonomic}
     bool UseG1GC                                  = true                                      {product} {ergonomic}
     bool UseLargePagesIndividualAllocation        = false                                  {pd product} {ergonomic}

Logging:
Log output configuration:
 #0: stdout all=warning uptime,level,tags
 #1: stderr all=off uptime,level,tags

Environment Variables:
PATH=C:/Program Files/Java/jdk-13.0.2/bin/server;C:/Program Files/Java/jdk-13.0.2/bin;C:\Program Files (x86)\NVIDIA Corporation\PhysX\Common;C:\Python27\;C:\Python27\Scripts;C:\Windows\system32;C:\Windows;C:\Windows\System32\Wbem;C:\Windows\System32\WindowsPowerShell\v1.0\;C:\Windows\System32\OpenSSH\;C:\Program Files\nodejs\;C:\ProgramData\chocolatey\bin;C:\Program Files\LLVM\bin;C:\Program Files\CMake\bin;C:\Program Files\dotnet\;C:\Program Files\Git\cmd;C:\Program Files\PuTTY\;C:\Program Files\BeefLang\bin;C:\Users\Work\AppData\Local\Microsoft\WindowsApps;C:\Users\Work\AppData\Local\GitHubDesktop\bin;C:\Program Files\Java\jdk-13.0.2\bin;;C:\Users\Work\AppData\Local\Programs\Microsoft VS Code\bin;C:\Users\Work\.dotnet\tools;C:\Users\Work\Desktop;
USERNAME=Work
OS=Windows_NT
PROCESSOR_IDENTIFIER=Intel64 Family 6 Model 158 Stepping 10, GenuineIntel



---------------  S Y S T E M  ---------------

OS: Windows 10 , 64 bit Build 18362 (10.0.18362.900)

CPU:total 6 (initial active 6) (6 cores per cpu, 1 threads per core) family 6 model 158 stepping 10, cmov, cx8, fxsr, mmx, sse, sse2, sse3, ssse3, sse4.1, sse4.2, popcnt, avx, avx2, aes, clmul, erms, 3dnowpref, lzcnt, tsc, tscinvbit, bmi1, bmi2, adx, fma

Memory: 4k page, system-wide physical 16328M (6584M free)
TotalPageFile size 22804M (AvailPageFile size 6918M)
current process WorkingSet (physical memory assigned to process): 96M, peak: 96M
current process commit charge ("private bytes"): 410M, peak: 410M

vm_info: Java HotSpot(TM) 64-Bit Server VM (13.0.2+8) for windows-amd64 JRE (13.0.2+8), built on Dec 11 2019 09:20:33 by "mach5one" with unknown MS VC++:1916

END.
