#
# A fatal error has been detected by the Java Runtime Environment:
#
#  EXCEPTION_ACCESS_VIOLATION (0xc0000005) at pc=0x000000006f706877, pid=12608, tid=14308
#
# JRE version: Java(TM) SE Runtime Environment (13.0.2+8) (build 13.0.2+8)
# Java VM: Java HotSpot(TM) 64-Bit Server VM (13.0.2+8, mixed mode, sharing, tiered, compressed oops, g1 gc, windows-amd64)
# Problematic frame:
# C  [imgui-java64.dll+0x46877]
#
# No core dump will be written. Minidumps are not enabled by default on client versions of Windows
#
# If you would like to submit a bug report, please visit:
#   http://bugreport.java.com/bugreport/crash.jsp
# The crash happened outside the Java Virtual Machine in native code.
# See problematic frame for where to report the bug.
#

---------------  S U M M A R Y ------------

Command Line: -Djava.library.path=C:\Dev\java\NutmegGameEngine\vendor\Libs -Dfile.encoding=Cp1252 pixel.draw.app.MainApp

Host: Intel(R) Core(TM) i5-9400F CPU @ 2.90GHz, 6 cores, 15G,  Windows 10 , 64 bit Build 18362 (10.0.18362.778)
Time: Tue Jun  9 15:54:13 2020 GMT Summer Time elapsed time: 1 seconds (0d 0h 0m 1s)

---------------  T H R E A D  ---------------

Current thread (0x0000018478dc1800):  JavaThread "main" [_thread_in_native, id=14308, stack(0x000000234b000000,0x000000234b100000)]

Stack: [0x000000234b000000,0x000000234b100000],  sp=0x000000234b0ff250,  free space=1020k
Native frames: (J=compiled Java code, j=interpreted, Vv=VM code, C=native code)
C  [imgui-java64.dll+0x46877]

Java frames: (J=compiled Java code, j=interpreted, Vv=VM code)
j  imgui.ImGui.begin(Ljava/lang/String;)Z+0
j  nutmeg.game.engine.core.UI.Init(Lnutmeg/game/engine/core/Application;)V+2
j  nutmeg.game.engine.core.Application.ConstructWindow(IILjava/lang/String;Z)V+29
j  pixel.draw.app.MainApp.main([Ljava/lang/String;)V+16
v  ~StubRoutines::call_stub

siginfo: EXCEPTION_ACCESS_VIOLATION (0xc0000005), reading address 0x0000000000001b20


Register to memory mapping:

RIP=0x000000006f706877 imgui-java64.dll
RAX=0x0000018426002c80 points into unknown readable memory: 54 65 73 74 20 57 69 6e
RBX=0x0000018426002c80 points into unknown readable memory: 54 65 73 74 20 57 69 6e
RCX=0x0000018426002c80 points into unknown readable memory: 54 65 73 74 20 57 69 6e
RDX=0x0 is NULL
RSP=0x000000234b0ff250 is pointing into the stack for thread: 0x0000018478dc1800
RBP=0x000000234b0ff548 is pointing into the stack for thread: 0x0000018478dc1800
RSI=0x0 is NULL
RDI=0x0000000000042730 is an unknown value
R8 =0x0 is NULL
R9 =0x0000000000000001 is an unknown value
R10=0x0000018426002c8b points into unknown readable memory: 00 00 00 00 00
R11=0x000000234b0ff460 is pointing into the stack for thread: 0x0000018478dc1800
R12=0x0 is NULL
R13=0x000000234b0ff568 is pointing into the stack for thread: 0x0000018478dc1800
R14=0x000000234b0ff568 is pointing into the stack for thread: 0x0000018478dc1800
R15=0x0000018478dc1800 is a thread


Registers:
RAX=0x0000018426002c80, RBX=0x0000018426002c80, RCX=0x0000018426002c80, RDX=0x0000000000000000
RSP=0x000000234b0ff250, RBP=0x000000234b0ff548, RSI=0x0000000000000000, RDI=0x0000000000042730
R8 =0x0000000000000000, R9 =0x0000000000000001, R10=0x0000018426002c8b, R11=0x000000234b0ff460
R12=0x0000000000000000, R13=0x000000234b0ff568, R14=0x000000234b0ff568, R15=0x0000018478dc1800
RIP=0x000000006f706877, EFLAGS=0x0000000000010202

Top of Stack: (sp=0x000000234b0ff250)
0x000000234b0ff250:   00007ffb11de3518 0000005000000000
0x000000234b0ff260:   0000018426002c80 0000000000000000
0x000000234b0ff270:   0000000000000000 0000000000000000
0x000000234b0ff280:   0000000000000000 000001842600d160
0x000000234b0ff290:   0000000000000016 0000000000000100
0x000000234b0ff2a0:   000000234b0ff300 00007ffb11bd5ad7
0x000000234b0ff2b0:   00000000000003d8 0000000000000003
0x000000234b0ff2c0:   000000234b0ff480 000000234b0ff4a0
0x000000234b0ff2d0:   0000018478dc1db0 00007ffb11bae2f8
0x000000234b0ff2e0:   0000018478dbfea8 000000234b0ff4a0
0x000000234b0ff2f0:   0000018478dc1800 0000000000000001
0x000000234b0ff300:   000000234b0ff501 000000234b0ff4a0
0x000000234b0ff310:   0000000000000000 0000000000000008
0x000000234b0ff320:   000000234b0ff568 0000018478dc1b10
0x000000234b0ff330:   000000234b0ff430 00007ffb942a2596
0x000000234b0ff340:   0000000000000002 000000000000000c 

Instructions: (pc=0x000000006f706877)
0x000000006f706777:   e9 c6 fb ff ff c6 84 24 10 01 00 00 00 e9 4e ff
0x000000006f706787:   ff ff 41 f6 47 09 08 74 d0 4c 89 fa e9 e4 fe ff
0x000000006f706797:   ff 31 c0 4c 39 f5 49 89 f1 4c 89 e2 0f 94 c0 4c
0x000000006f7067a7:   89 e9 89 44 24 30 f3 0f 10 85 d4 00 00 00 f3 0f
0x000000006f7067b7:   11 44 24 28 8b 85 d0 00 00 00 89 44 24 20 4c 8b
0x000000006f7067c7:   85 c8 00 00 00 e8 bf 91 ff ff e9 3a ff ff ff 49
0x000000006f7067d7:   89 c4 e9 7f 7d 10 00 66 90 41 57 41 56 41 55 41
0x000000006f7067e7:   54 55 57 56 53 48 81 ec e8 01 00 00 0f 29 b4 24
0x000000006f7067f7:   40 01 00 00 0f 29 bc 24 50 01 00 00 44 0f 29 84
0x000000006f706807:   24 60 01 00 00 44 0f 29 8c 24 70 01 00 00 44 0f
0x000000006f706817:   29 94 24 80 01 00 00 44 0f 29 9c 24 90 01 00 00
0x000000006f706827:   44 0f 29 a4 24 a0 01 00 00 44 0f 29 ac 24 b0 01
0x000000006f706837:   00 00 44 0f 29 b4 24 c0 01 00 00 44 0f 29 bc 24
0x000000006f706847:   d0 01 00 00 4c 8b 25 f6 28 17 00 48 89 8c 24 30
0x000000006f706857:   02 00 00 44 89 c6 48 89 94 24 38 02 00 00 48 85
0x000000006f706867:   c9 0f 84 42 07 00 00 80 39 00 0f 84 39 07 00 00
0x000000006f706877:   41 80 bc 24 20 1b 00 00 00 0f 84 53 07 00 00 41
0x000000006f706887:   8b 84 24 10 1b 00 00 41 39 84 24 14 1b 00 00 0f
0x000000006f706897:   84 9c 28 00 00 48 8b 8c 24 30 02 00 00 e8 f7 87
0x000000006f7068a7:   fe ff 48 89 44 24 50 49 89 c5 48 85 c0 0f 84 de
0x000000006f7068b7:   0d 00 00 89 f2 89 f0 81 e2 00 02 0c 00 83 c8 06
0x000000006f7068c7:   81 fa 00 02 0c 00 0f 44 f0 f7 c6 00 00 80 00 74
0x000000006f7068d7:   0c f7 c6 00 00 00 01 0f 84 1c 2a 00 00 41 8b 94
0x000000006f7068e7:   24 58 1b 00 00 41 8b bc 24 10 1b 00 00 31 c0 41
0x000000006f7068f7:   8b ad c0 02 00 00 85 d2 75 09 41 0f b6 84 24 21
0x000000006f706907:   1b 00 00 41 88 85 bf 00 00 00 8d 47 ff 39 c5 41
0x000000006f706917:   8b 85 d8 00 00 00 0f 9c 84 24 9a 00 00 00 85 c0
0x000000006f706927:   89 44 24 4c 0f 9f 44 24 64 f7 c6 00 00 00 04 0f
0x000000006f706937:   85 14 0c 00 00 0f b6 84 24 9a 00 00 00 0a 44 24
0x000000006f706947:   64 41 88 85 bd 00 00 00 0f 85 23 0d 00 00 41 8b
0x000000006f706957:   5d 0c 39 fd 74 4d 31 c0 66 0f ef c0 41 89 5d 10
0x000000006f706967:   89 f3 f2 41 0f 5a 84 24 08 1b 00 00 41 89 75 0c 


Stack slot to memory mapping:
stack at sp + 0 slots: 0x00007ffb11de3518 jvm.dll
stack at sp + 1 slots: 0x0000005000000000 is an unknown value
stack at sp + 2 slots: 0x0000018426002c80 points into unknown readable memory: 54 65 73 74 20 57 69 6e
stack at sp + 3 slots: 0x0 is NULL
stack at sp + 4 slots: 0x0 is NULL
stack at sp + 5 slots: 0x0 is NULL
stack at sp + 6 slots: 0x0 is NULL
stack at sp + 7 slots: 0x000001842600d160 points into unknown readable memory: 4a 61 76 61 5f 69 6d 67


---------------  P R O C E S S  ---------------

Threads class SMR info:
_java_thread_list=0x000001847fd41dc0, length=10, elements={
0x0000018478dc1800, 0x000001847facc000, 0x000001847fad1000, 0x000001847faee800,
0x000001847faf0800, 0x000001847faf1800, 0x000001847fafb000, 0x000001847faff800,
0x000001847fc2e800, 0x000001847fc31000
}

Java Threads: ( => current thread )
=>0x0000018478dc1800 JavaThread "main" [_thread_in_native, id=14308, stack(0x000000234b000000,0x000000234b100000)]
  0x000001847facc000 JavaThread "Reference Handler" daemon [_thread_blocked, id=15004, stack(0x000000234b700000,0x000000234b800000)]
  0x000001847fad1000 JavaThread "Finalizer" daemon [_thread_blocked, id=140, stack(0x000000234b800000,0x000000234b900000)]
  0x000001847faee800 JavaThread "Signal Dispatcher" daemon [_thread_blocked, id=12348, stack(0x000000234b900000,0x000000234ba00000)]
  0x000001847faf0800 JavaThread "Attach Listener" daemon [_thread_blocked, id=13016, stack(0x000000234ba00000,0x000000234bb00000)]
  0x000001847faf1800 JavaThread "C2 CompilerThread0" daemon [_thread_blocked, id=10844, stack(0x000000234bb00000,0x000000234bc00000)]
  0x000001847fafb000 JavaThread "C1 CompilerThread0" daemon [_thread_blocked, id=10724, stack(0x000000234bc00000,0x000000234bd00000)]
  0x000001847faff800 JavaThread "Sweeper thread" daemon [_thread_blocked, id=23544, stack(0x000000234bd00000,0x000000234be00000)]
  0x000001847fc2e800 JavaThread "Service Thread" daemon [_thread_blocked, id=12888, stack(0x000000234be00000,0x000000234bf00000)]
  0x000001847fc31000 JavaThread "Common-Cleaner" daemon [_thread_blocked, id=20772, stack(0x000000234c000000,0x000000234c100000)]

Other Threads:
  0x000001847faca800 VMThread "VM Thread" [stack: 0x000000234b600000,0x000000234b700000] [id=4412]
  0x000001847fc2f800 WatcherThread [stack: 0x000000234bf00000,0x000000234c000000] [id=22736]
  0x0000018478e2a800 GCTaskThread "GC Thread#0" [stack: 0x000000234b100000,0x000000234b200000] [id=11576]
  0x0000018478e4c800 ConcurrentGCThread "G1 Main Marker" [stack: 0x000000234b200000,0x000000234b300000] [id=22552]
  0x0000018478e4f800 ConcurrentGCThread "G1 Conc#0" [stack: 0x000000234b300000,0x000000234b400000] [id=21336]
  0x000001847ef21000 ConcurrentGCThread "G1 Refine#0" [stack: 0x000000234b400000,0x000000234b500000] [id=21576]
  0x000001847ef23000 ConcurrentGCThread "G1 Young RemSet Sampling" [stack: 0x000000234b500000,0x000000234b600000] [id=4416]

Threads with active compile tasks:

VM state:not at safepoint (normal execution)

VM Mutex/Monitor currently owned by a thread: None

Heap address: 0x0000000700c00000, size: 4084 MB, Compressed Oops mode: Zero based, Oop shift amount: 3
Narrow klass base: 0x0000000800000000, Narrow klass shift: 3
Compressed class space size: 1073741824 Address: 0x0000000800b40000

Heap:
 garbage-first heap   total 262144K, used 12288K [0x0000000700c00000, 0x0000000800000000)
  region size 1024K, 14 young (14336K), 0 survivors (0K)
 Metaspace       used 6048K, capacity 9231K, committed 9344K, reserved 1058816K
  class space    used 309K, capacity 636K, committed 640K, reserved 1048576K
Heap Regions: E=young(eden), S=young(survivor), O=old, HS=humongous(starts), HC=humongous(continues), CS=collection set, F=free, A=archive, TAMS=top-at-mark-start (previous, next)
|   0|0x0000000700c00000, 0x0000000700c00000, 0x0000000700d00000|  0%| F|  |TAMS 0x0000000700c00000, 0x0000000700c00000| Untracked 
|   1|0x0000000700d00000, 0x0000000700d00000, 0x0000000700e00000|  0%| F|  |TAMS 0x0000000700d00000, 0x0000000700d00000| Untracked 
|   2|0x0000000700e00000, 0x0000000700e00000, 0x0000000700f00000|  0%| F|  |TAMS 0x0000000700e00000, 0x0000000700e00000| Untracked 
|   3|0x0000000700f00000, 0x0000000700f00000, 0x0000000701000000|  0%| F|  |TAMS 0x0000000700f00000, 0x0000000700f00000| Untracked 
|   4|0x0000000701000000, 0x0000000701000000, 0x0000000701100000|  0%| F|  |TAMS 0x0000000701000000, 0x0000000701000000| Untracked 
|   5|0x0000000701100000, 0x0000000701100000, 0x0000000701200000|  0%| F|  |TAMS 0x0000000701100000, 0x0000000701100000| Untracked 
|   6|0x0000000701200000, 0x0000000701200000, 0x0000000701300000|  0%| F|  |TAMS 0x0000000701200000, 0x0000000701200000| Untracked 
|   7|0x0000000701300000, 0x0000000701300000, 0x0000000701400000|  0%| F|  |TAMS 0x0000000701300000, 0x0000000701300000| Untracked 
|   8|0x0000000701400000, 0x0000000701400000, 0x0000000701500000|  0%| F|  |TAMS 0x0000000701400000, 0x0000000701400000| Untracked 
|   9|0x0000000701500000, 0x0000000701500000, 0x0000000701600000|  0%| F|  |TAMS 0x0000000701500000, 0x0000000701500000| Untracked 
|  10|0x0000000701600000, 0x0000000701600000, 0x0000000701700000|  0%| F|  |TAMS 0x0000000701600000, 0x0000000701600000| Untracked 
|  11|0x0000000701700000, 0x0000000701700000, 0x0000000701800000|  0%| F|  |TAMS 0x0000000701700000, 0x0000000701700000| Untracked 
|  12|0x0000000701800000, 0x0000000701800000, 0x0000000701900000|  0%| F|  |TAMS 0x0000000701800000, 0x0000000701800000| Untracked 
|  13|0x0000000701900000, 0x0000000701900000, 0x0000000701a00000|  0%| F|  |TAMS 0x0000000701900000, 0x0000000701900000| Untracked 
|  14|0x0000000701a00000, 0x0000000701a00000, 0x0000000701b00000|  0%| F|  |TAMS 0x0000000701a00000, 0x0000000701a00000| Untracked 
|  15|0x0000000701b00000, 0x0000000701b00000, 0x0000000701c00000|  0%| F|  |TAMS 0x0000000701b00000, 0x0000000701b00000| Untracked 
|  16|0x0000000701c00000, 0x0000000701c00000, 0x0000000701d00000|  0%| F|  |TAMS 0x0000000701c00000, 0x0000000701c00000| Untracked 
|  17|0x0000000701d00000, 0x0000000701d00000, 0x0000000701e00000|  0%| F|  |TAMS 0x0000000701d00000, 0x0000000701d00000| Untracked 
|  18|0x0000000701e00000, 0x0000000701e00000, 0x0000000701f00000|  0%| F|  |TAMS 0x0000000701e00000, 0x0000000701e00000| Untracked 
|  19|0x0000000701f00000, 0x0000000701f00000, 0x0000000702000000|  0%| F|  |TAMS 0x0000000701f00000, 0x0000000701f00000| Untracked 
|  20|0x0000000702000000, 0x0000000702000000, 0x0000000702100000|  0%| F|  |TAMS 0x0000000702000000, 0x0000000702000000| Untracked 
|  21|0x0000000702100000, 0x0000000702100000, 0x0000000702200000|  0%| F|  |TAMS 0x0000000702100000, 0x0000000702100000| Untracked 
|  22|0x0000000702200000, 0x0000000702200000, 0x0000000702300000|  0%| F|  |TAMS 0x0000000702200000, 0x0000000702200000| Untracked 
|  23|0x0000000702300000, 0x0000000702300000, 0x0000000702400000|  0%| F|  |TAMS 0x0000000702300000, 0x0000000702300000| Untracked 
|  24|0x0000000702400000, 0x0000000702400000, 0x0000000702500000|  0%| F|  |TAMS 0x0000000702400000, 0x0000000702400000| Untracked 
|  25|0x0000000702500000, 0x0000000702500000, 0x0000000702600000|  0%| F|  |TAMS 0x0000000702500000, 0x0000000702500000| Untracked 
|  26|0x0000000702600000, 0x0000000702600000, 0x0000000702700000|  0%| F|  |TAMS 0x0000000702600000, 0x0000000702600000| Untracked 
|  27|0x0000000702700000, 0x0000000702700000, 0x0000000702800000|  0%| F|  |TAMS 0x0000000702700000, 0x0000000702700000| Untracked 
|  28|0x0000000702800000, 0x0000000702800000, 0x0000000702900000|  0%| F|  |TAMS 0x0000000702800000, 0x0000000702800000| Untracked 
|  29|0x0000000702900000, 0x0000000702900000, 0x0000000702a00000|  0%| F|  |TAMS 0x0000000702900000, 0x0000000702900000| Untracked 
|  30|0x0000000702a00000, 0x0000000702a00000, 0x0000000702b00000|  0%| F|  |TAMS 0x0000000702a00000, 0x0000000702a00000| Untracked 
|  31|0x0000000702b00000, 0x0000000702b00000, 0x0000000702c00000|  0%| F|  |TAMS 0x0000000702b00000, 0x0000000702b00000| Untracked 
|  32|0x0000000702c00000, 0x0000000702c00000, 0x0000000702d00000|  0%| F|  |TAMS 0x0000000702c00000, 0x0000000702c00000| Untracked 
|  33|0x0000000702d00000, 0x0000000702d00000, 0x0000000702e00000|  0%| F|  |TAMS 0x0000000702d00000, 0x0000000702d00000| Untracked 
|  34|0x0000000702e00000, 0x0000000702e00000, 0x0000000702f00000|  0%| F|  |TAMS 0x0000000702e00000, 0x0000000702e00000| Untracked 
|  35|0x0000000702f00000, 0x0000000702f00000, 0x0000000703000000|  0%| F|  |TAMS 0x0000000702f00000, 0x0000000702f00000| Untracked 
|  36|0x0000000703000000, 0x0000000703000000, 0x0000000703100000|  0%| F|  |TAMS 0x0000000703000000, 0x0000000703000000| Untracked 
|  37|0x0000000703100000, 0x0000000703100000, 0x0000000703200000|  0%| F|  |TAMS 0x0000000703100000, 0x0000000703100000| Untracked 
|  38|0x0000000703200000, 0x0000000703200000, 0x0000000703300000|  0%| F|  |TAMS 0x0000000703200000, 0x0000000703200000| Untracked 
|  39|0x0000000703300000, 0x0000000703300000, 0x0000000703400000|  0%| F|  |TAMS 0x0000000703300000, 0x0000000703300000| Untracked 
|  40|0x0000000703400000, 0x0000000703400000, 0x0000000703500000|  0%| F|  |TAMS 0x0000000703400000, 0x0000000703400000| Untracked 
|  41|0x0000000703500000, 0x0000000703500000, 0x0000000703600000|  0%| F|  |TAMS 0x0000000703500000, 0x0000000703500000| Untracked 
|  42|0x0000000703600000, 0x0000000703600000, 0x0000000703700000|  0%| F|  |TAMS 0x0000000703600000, 0x0000000703600000| Untracked 
|  43|0x0000000703700000, 0x0000000703700000, 0x0000000703800000|  0%| F|  |TAMS 0x0000000703700000, 0x0000000703700000| Untracked 
|  44|0x0000000703800000, 0x0000000703800000, 0x0000000703900000|  0%| F|  |TAMS 0x0000000703800000, 0x0000000703800000| Untracked 
|  45|0x0000000703900000, 0x0000000703900000, 0x0000000703a00000|  0%| F|  |TAMS 0x0000000703900000, 0x0000000703900000| Untracked 
|  46|0x0000000703a00000, 0x0000000703a00000, 0x0000000703b00000|  0%| F|  |TAMS 0x0000000703a00000, 0x0000000703a00000| Untracked 
|  47|0x0000000703b00000, 0x0000000703b00000, 0x0000000703c00000|  0%| F|  |TAMS 0x0000000703b00000, 0x0000000703b00000| Untracked 
|  48|0x0000000703c00000, 0x0000000703c00000, 0x0000000703d00000|  0%| F|  |TAMS 0x0000000703c00000, 0x0000000703c00000| Untracked 
|  49|0x0000000703d00000, 0x0000000703d00000, 0x0000000703e00000|  0%| F|  |TAMS 0x0000000703d00000, 0x0000000703d00000| Untracked 
|  50|0x0000000703e00000, 0x0000000703e00000, 0x0000000703f00000|  0%| F|  |TAMS 0x0000000703e00000, 0x0000000703e00000| Untracked 
|  51|0x0000000703f00000, 0x0000000703f00000, 0x0000000704000000|  0%| F|  |TAMS 0x0000000703f00000, 0x0000000703f00000| Untracked 
|  52|0x0000000704000000, 0x0000000704000000, 0x0000000704100000|  0%| F|  |TAMS 0x0000000704000000, 0x0000000704000000| Untracked 
|  53|0x0000000704100000, 0x0000000704100000, 0x0000000704200000|  0%| F|  |TAMS 0x0000000704100000, 0x0000000704100000| Untracked 
|  54|0x0000000704200000, 0x0000000704200000, 0x0000000704300000|  0%| F|  |TAMS 0x0000000704200000, 0x0000000704200000| Untracked 
|  55|0x0000000704300000, 0x0000000704300000, 0x0000000704400000|  0%| F|  |TAMS 0x0000000704300000, 0x0000000704300000| Untracked 
|  56|0x0000000704400000, 0x0000000704400000, 0x0000000704500000|  0%| F|  |TAMS 0x0000000704400000, 0x0000000704400000| Untracked 
|  57|0x0000000704500000, 0x0000000704500000, 0x0000000704600000|  0%| F|  |TAMS 0x0000000704500000, 0x0000000704500000| Untracked 
|  58|0x0000000704600000, 0x0000000704600000, 0x0000000704700000|  0%| F|  |TAMS 0x0000000704600000, 0x0000000704600000| Untracked 
|  59|0x0000000704700000, 0x0000000704700000, 0x0000000704800000|  0%| F|  |TAMS 0x0000000704700000, 0x0000000704700000| Untracked 
|  60|0x0000000704800000, 0x0000000704800000, 0x0000000704900000|  0%| F|  |TAMS 0x0000000704800000, 0x0000000704800000| Untracked 
|  61|0x0000000704900000, 0x0000000704900000, 0x0000000704a00000|  0%| F|  |TAMS 0x0000000704900000, 0x0000000704900000| Untracked 
|  62|0x0000000704a00000, 0x0000000704a00000, 0x0000000704b00000|  0%| F|  |TAMS 0x0000000704a00000, 0x0000000704a00000| Untracked 
|  63|0x0000000704b00000, 0x0000000704b00000, 0x0000000704c00000|  0%| F|  |TAMS 0x0000000704b00000, 0x0000000704b00000| Untracked 
|  64|0x0000000704c00000, 0x0000000704c00000, 0x0000000704d00000|  0%| F|  |TAMS 0x0000000704c00000, 0x0000000704c00000| Untracked 
|  65|0x0000000704d00000, 0x0000000704d00000, 0x0000000704e00000|  0%| F|  |TAMS 0x0000000704d00000, 0x0000000704d00000| Untracked 
|  66|0x0000000704e00000, 0x0000000704e00000, 0x0000000704f00000|  0%| F|  |TAMS 0x0000000704e00000, 0x0000000704e00000| Untracked 
|  67|0x0000000704f00000, 0x0000000704f00000, 0x0000000705000000|  0%| F|  |TAMS 0x0000000704f00000, 0x0000000704f00000| Untracked 
|  68|0x0000000705000000, 0x0000000705000000, 0x0000000705100000|  0%| F|  |TAMS 0x0000000705000000, 0x0000000705000000| Untracked 
|  69|0x0000000705100000, 0x0000000705100000, 0x0000000705200000|  0%| F|  |TAMS 0x0000000705100000, 0x0000000705100000| Untracked 
|  70|0x0000000705200000, 0x0000000705200000, 0x0000000705300000|  0%| F|  |TAMS 0x0000000705200000, 0x0000000705200000| Untracked 
|  71|0x0000000705300000, 0x0000000705300000, 0x0000000705400000|  0%| F|  |TAMS 0x0000000705300000, 0x0000000705300000| Untracked 
|  72|0x0000000705400000, 0x0000000705400000, 0x0000000705500000|  0%| F|  |TAMS 0x0000000705400000, 0x0000000705400000| Untracked 
|  73|0x0000000705500000, 0x0000000705500000, 0x0000000705600000|  0%| F|  |TAMS 0x0000000705500000, 0x0000000705500000| Untracked 
|  74|0x0000000705600000, 0x0000000705600000, 0x0000000705700000|  0%| F|  |TAMS 0x0000000705600000, 0x0000000705600000| Untracked 
|  75|0x0000000705700000, 0x0000000705700000, 0x0000000705800000|  0%| F|  |TAMS 0x0000000705700000, 0x0000000705700000| Untracked 
|  76|0x0000000705800000, 0x0000000705800000, 0x0000000705900000|  0%| F|  |TAMS 0x0000000705800000, 0x0000000705800000| Untracked 
|  77|0x0000000705900000, 0x0000000705900000, 0x0000000705a00000|  0%| F|  |TAMS 0x0000000705900000, 0x0000000705900000| Untracked 
|  78|0x0000000705a00000, 0x0000000705a00000, 0x0000000705b00000|  0%| F|  |TAMS 0x0000000705a00000, 0x0000000705a00000| Untracked 
|  79|0x0000000705b00000, 0x0000000705b00000, 0x0000000705c00000|  0%| F|  |TAMS 0x0000000705b00000, 0x0000000705b00000| Untracked 
|  80|0x0000000705c00000, 0x0000000705c00000, 0x0000000705d00000|  0%| F|  |TAMS 0x0000000705c00000, 0x0000000705c00000| Untracked 
|  81|0x0000000705d00000, 0x0000000705d00000, 0x0000000705e00000|  0%| F|  |TAMS 0x0000000705d00000, 0x0000000705d00000| Untracked 
|  82|0x0000000705e00000, 0x0000000705e00000, 0x0000000705f00000|  0%| F|  |TAMS 0x0000000705e00000, 0x0000000705e00000| Untracked 
|  83|0x0000000705f00000, 0x0000000705f00000, 0x0000000706000000|  0%| F|  |TAMS 0x0000000705f00000, 0x0000000705f00000| Untracked 
|  84|0x0000000706000000, 0x0000000706000000, 0x0000000706100000|  0%| F|  |TAMS 0x0000000706000000, 0x0000000706000000| Untracked 
|  85|0x0000000706100000, 0x0000000706100000, 0x0000000706200000|  0%| F|  |TAMS 0x0000000706100000, 0x0000000706100000| Untracked 
|  86|0x0000000706200000, 0x0000000706200000, 0x0000000706300000|  0%| F|  |TAMS 0x0000000706200000, 0x0000000706200000| Untracked 
|  87|0x0000000706300000, 0x0000000706300000, 0x0000000706400000|  0%| F|  |TAMS 0x0000000706300000, 0x0000000706300000| Untracked 
|  88|0x0000000706400000, 0x0000000706400000, 0x0000000706500000|  0%| F|  |TAMS 0x0000000706400000, 0x0000000706400000| Untracked 
|  89|0x0000000706500000, 0x0000000706500000, 0x0000000706600000|  0%| F|  |TAMS 0x0000000706500000, 0x0000000706500000| Untracked 
|  90|0x0000000706600000, 0x0000000706600000, 0x0000000706700000|  0%| F|  |TAMS 0x0000000706600000, 0x0000000706600000| Untracked 
|  91|0x0000000706700000, 0x0000000706700000, 0x0000000706800000|  0%| F|  |TAMS 0x0000000706700000, 0x0000000706700000| Untracked 
|  92|0x0000000706800000, 0x0000000706800000, 0x0000000706900000|  0%| F|  |TAMS 0x0000000706800000, 0x0000000706800000| Untracked 
|  93|0x0000000706900000, 0x0000000706900000, 0x0000000706a00000|  0%| F|  |TAMS 0x0000000706900000, 0x0000000706900000| Untracked 
|  94|0x0000000706a00000, 0x0000000706a00000, 0x0000000706b00000|  0%| F|  |TAMS 0x0000000706a00000, 0x0000000706a00000| Untracked 
|  95|0x0000000706b00000, 0x0000000706b00000, 0x0000000706c00000|  0%| F|  |TAMS 0x0000000706b00000, 0x0000000706b00000| Untracked 
|  96|0x0000000706c00000, 0x0000000706c00000, 0x0000000706d00000|  0%| F|  |TAMS 0x0000000706c00000, 0x0000000706c00000| Untracked 
|  97|0x0000000706d00000, 0x0000000706d00000, 0x0000000706e00000|  0%| F|  |TAMS 0x0000000706d00000, 0x0000000706d00000| Untracked 
|  98|0x0000000706e00000, 0x0000000706e00000, 0x0000000706f00000|  0%| F|  |TAMS 0x0000000706e00000, 0x0000000706e00000| Untracked 
|  99|0x0000000706f00000, 0x0000000706f00000, 0x0000000707000000|  0%| F|  |TAMS 0x0000000706f00000, 0x0000000706f00000| Untracked 
| 100|0x0000000707000000, 0x0000000707000000, 0x0000000707100000|  0%| F|  |TAMS 0x0000000707000000, 0x0000000707000000| Untracked 
| 101|0x0000000707100000, 0x0000000707100000, 0x0000000707200000|  0%| F|  |TAMS 0x0000000707100000, 0x0000000707100000| Untracked 
| 102|0x0000000707200000, 0x0000000707200000, 0x0000000707300000|  0%| F|  |TAMS 0x0000000707200000, 0x0000000707200000| Untracked 
| 103|0x0000000707300000, 0x0000000707300000, 0x0000000707400000|  0%| F|  |TAMS 0x0000000707300000, 0x0000000707300000| Untracked 
| 104|0x0000000707400000, 0x0000000707400000, 0x0000000707500000|  0%| F|  |TAMS 0x0000000707400000, 0x0000000707400000| Untracked 
| 105|0x0000000707500000, 0x0000000707500000, 0x0000000707600000|  0%| F|  |TAMS 0x0000000707500000, 0x0000000707500000| Untracked 
| 106|0x0000000707600000, 0x0000000707600000, 0x0000000707700000|  0%| F|  |TAMS 0x0000000707600000, 0x0000000707600000| Untracked 
| 107|0x0000000707700000, 0x0000000707700000, 0x0000000707800000|  0%| F|  |TAMS 0x0000000707700000, 0x0000000707700000| Untracked 
| 108|0x0000000707800000, 0x0000000707800000, 0x0000000707900000|  0%| F|  |TAMS 0x0000000707800000, 0x0000000707800000| Untracked 
| 109|0x0000000707900000, 0x0000000707900000, 0x0000000707a00000|  0%| F|  |TAMS 0x0000000707900000, 0x0000000707900000| Untracked 
| 110|0x0000000707a00000, 0x0000000707a00000, 0x0000000707b00000|  0%| F|  |TAMS 0x0000000707a00000, 0x0000000707a00000| Untracked 
| 111|0x0000000707b00000, 0x0000000707b00000, 0x0000000707c00000|  0%| F|  |TAMS 0x0000000707b00000, 0x0000000707b00000| Untracked 
| 112|0x0000000707c00000, 0x0000000707c00000, 0x0000000707d00000|  0%| F|  |TAMS 0x0000000707c00000, 0x0000000707c00000| Untracked 
| 113|0x0000000707d00000, 0x0000000707d00000, 0x0000000707e00000|  0%| F|  |TAMS 0x0000000707d00000, 0x0000000707d00000| Untracked 
| 114|0x0000000707e00000, 0x0000000707e00000, 0x0000000707f00000|  0%| F|  |TAMS 0x0000000707e00000, 0x0000000707e00000| Untracked 
| 115|0x0000000707f00000, 0x0000000707f00000, 0x0000000708000000|  0%| F|  |TAMS 0x0000000707f00000, 0x0000000707f00000| Untracked 
| 116|0x0000000708000000, 0x0000000708000000, 0x0000000708100000|  0%| F|  |TAMS 0x0000000708000000, 0x0000000708000000| Untracked 
| 117|0x0000000708100000, 0x0000000708100000, 0x0000000708200000|  0%| F|  |TAMS 0x0000000708100000, 0x0000000708100000| Untracked 
| 118|0x0000000708200000, 0x0000000708200000, 0x0000000708300000|  0%| F|  |TAMS 0x0000000708200000, 0x0000000708200000| Untracked 
| 119|0x0000000708300000, 0x0000000708300000, 0x0000000708400000|  0%| F|  |TAMS 0x0000000708300000, 0x0000000708300000| Untracked 
| 120|0x0000000708400000, 0x0000000708400000, 0x0000000708500000|  0%| F|  |TAMS 0x0000000708400000, 0x0000000708400000| Untracked 
| 121|0x0000000708500000, 0x0000000708500000, 0x0000000708600000|  0%| F|  |TAMS 0x0000000708500000, 0x0000000708500000| Untracked 
| 122|0x0000000708600000, 0x0000000708600000, 0x0000000708700000|  0%| F|  |TAMS 0x0000000708600000, 0x0000000708600000| Untracked 
| 123|0x0000000708700000, 0x0000000708700000, 0x0000000708800000|  0%| F|  |TAMS 0x0000000708700000, 0x0000000708700000| Untracked 
| 124|0x0000000708800000, 0x0000000708800000, 0x0000000708900000|  0%| F|  |TAMS 0x0000000708800000, 0x0000000708800000| Untracked 
| 125|0x0000000708900000, 0x0000000708900000, 0x0000000708a00000|  0%| F|  |TAMS 0x0000000708900000, 0x0000000708900000| Untracked 
| 126|0x0000000708a00000, 0x0000000708a00000, 0x0000000708b00000|  0%| F|  |TAMS 0x0000000708a00000, 0x0000000708a00000| Untracked 
| 127|0x0000000708b00000, 0x0000000708b00000, 0x0000000708c00000|  0%| F|  |TAMS 0x0000000708b00000, 0x0000000708b00000| Untracked 
| 128|0x0000000708c00000, 0x0000000708c00000, 0x0000000708d00000|  0%| F|  |TAMS 0x0000000708c00000, 0x0000000708c00000| Untracked 
| 129|0x0000000708d00000, 0x0000000708d00000, 0x0000000708e00000|  0%| F|  |TAMS 0x0000000708d00000, 0x0000000708d00000| Untracked 
| 130|0x0000000708e00000, 0x0000000708e00000, 0x0000000708f00000|  0%| F|  |TAMS 0x0000000708e00000, 0x0000000708e00000| Untracked 
| 131|0x0000000708f00000, 0x0000000708f00000, 0x0000000709000000|  0%| F|  |TAMS 0x0000000708f00000, 0x0000000708f00000| Untracked 
| 132|0x0000000709000000, 0x0000000709000000, 0x0000000709100000|  0%| F|  |TAMS 0x0000000709000000, 0x0000000709000000| Untracked 
| 133|0x0000000709100000, 0x0000000709100000, 0x0000000709200000|  0%| F|  |TAMS 0x0000000709100000, 0x0000000709100000| Untracked 
| 134|0x0000000709200000, 0x0000000709200000, 0x0000000709300000|  0%| F|  |TAMS 0x0000000709200000, 0x0000000709200000| Untracked 
| 135|0x0000000709300000, 0x0000000709300000, 0x0000000709400000|  0%| F|  |TAMS 0x0000000709300000, 0x0000000709300000| Untracked 
| 136|0x0000000709400000, 0x0000000709400000, 0x0000000709500000|  0%| F|  |TAMS 0x0000000709400000, 0x0000000709400000| Untracked 
| 137|0x0000000709500000, 0x0000000709500000, 0x0000000709600000|  0%| F|  |TAMS 0x0000000709500000, 0x0000000709500000| Untracked 
| 138|0x0000000709600000, 0x0000000709600000, 0x0000000709700000|  0%| F|  |TAMS 0x0000000709600000, 0x0000000709600000| Untracked 
| 139|0x0000000709700000, 0x0000000709700000, 0x0000000709800000|  0%| F|  |TAMS 0x0000000709700000, 0x0000000709700000| Untracked 
| 140|0x0000000709800000, 0x0000000709800000, 0x0000000709900000|  0%| F|  |TAMS 0x0000000709800000, 0x0000000709800000| Untracked 
| 141|0x0000000709900000, 0x0000000709900000, 0x0000000709a00000|  0%| F|  |TAMS 0x0000000709900000, 0x0000000709900000| Untracked 
| 142|0x0000000709a00000, 0x0000000709a00000, 0x0000000709b00000|  0%| F|  |TAMS 0x0000000709a00000, 0x0000000709a00000| Untracked 
| 143|0x0000000709b00000, 0x0000000709b00000, 0x0000000709c00000|  0%| F|  |TAMS 0x0000000709b00000, 0x0000000709b00000| Untracked 
| 144|0x0000000709c00000, 0x0000000709c00000, 0x0000000709d00000|  0%| F|  |TAMS 0x0000000709c00000, 0x0000000709c00000| Untracked 
| 145|0x0000000709d00000, 0x0000000709d00000, 0x0000000709e00000|  0%| F|  |TAMS 0x0000000709d00000, 0x0000000709d00000| Untracked 
| 146|0x0000000709e00000, 0x0000000709e00000, 0x0000000709f00000|  0%| F|  |TAMS 0x0000000709e00000, 0x0000000709e00000| Untracked 
| 147|0x0000000709f00000, 0x0000000709f00000, 0x000000070a000000|  0%| F|  |TAMS 0x0000000709f00000, 0x0000000709f00000| Untracked 
| 148|0x000000070a000000, 0x000000070a000000, 0x000000070a100000|  0%| F|  |TAMS 0x000000070a000000, 0x000000070a000000| Untracked 
| 149|0x000000070a100000, 0x000000070a100000, 0x000000070a200000|  0%| F|  |TAMS 0x000000070a100000, 0x000000070a100000| Untracked 
| 150|0x000000070a200000, 0x000000070a200000, 0x000000070a300000|  0%| F|  |TAMS 0x000000070a200000, 0x000000070a200000| Untracked 
| 151|0x000000070a300000, 0x000000070a300000, 0x000000070a400000|  0%| F|  |TAMS 0x000000070a300000, 0x000000070a300000| Untracked 
| 152|0x000000070a400000, 0x000000070a400000, 0x000000070a500000|  0%| F|  |TAMS 0x000000070a400000, 0x000000070a400000| Untracked 
| 153|0x000000070a500000, 0x000000070a500000, 0x000000070a600000|  0%| F|  |TAMS 0x000000070a500000, 0x000000070a500000| Untracked 
| 154|0x000000070a600000, 0x000000070a600000, 0x000000070a700000|  0%| F|  |TAMS 0x000000070a600000, 0x000000070a600000| Untracked 
| 155|0x000000070a700000, 0x000000070a700000, 0x000000070a800000|  0%| F|  |TAMS 0x000000070a700000, 0x000000070a700000| Untracked 
| 156|0x000000070a800000, 0x000000070a800000, 0x000000070a900000|  0%| F|  |TAMS 0x000000070a800000, 0x000000070a800000| Untracked 
| 157|0x000000070a900000, 0x000000070a900000, 0x000000070aa00000|  0%| F|  |TAMS 0x000000070a900000, 0x000000070a900000| Untracked 
| 158|0x000000070aa00000, 0x000000070aa00000, 0x000000070ab00000|  0%| F|  |TAMS 0x000000070aa00000, 0x000000070aa00000| Untracked 
| 159|0x000000070ab00000, 0x000000070ab00000, 0x000000070ac00000|  0%| F|  |TAMS 0x000000070ab00000, 0x000000070ab00000| Untracked 
| 160|0x000000070ac00000, 0x000000070ac00000, 0x000000070ad00000|  0%| F|  |TAMS 0x000000070ac00000, 0x000000070ac00000| Untracked 
| 161|0x000000070ad00000, 0x000000070ad00000, 0x000000070ae00000|  0%| F|  |TAMS 0x000000070ad00000, 0x000000070ad00000| Untracked 
| 162|0x000000070ae00000, 0x000000070ae00000, 0x000000070af00000|  0%| F|  |TAMS 0x000000070ae00000, 0x000000070ae00000| Untracked 
| 163|0x000000070af00000, 0x000000070af00000, 0x000000070b000000|  0%| F|  |TAMS 0x000000070af00000, 0x000000070af00000| Untracked 
| 164|0x000000070b000000, 0x000000070b000000, 0x000000070b100000|  0%| F|  |TAMS 0x000000070b000000, 0x000000070b000000| Untracked 
| 165|0x000000070b100000, 0x000000070b100000, 0x000000070b200000|  0%| F|  |TAMS 0x000000070b100000, 0x000000070b100000| Untracked 
| 166|0x000000070b200000, 0x000000070b200000, 0x000000070b300000|  0%| F|  |TAMS 0x000000070b200000, 0x000000070b200000| Untracked 
| 167|0x000000070b300000, 0x000000070b300000, 0x000000070b400000|  0%| F|  |TAMS 0x000000070b300000, 0x000000070b300000| Untracked 
| 168|0x000000070b400000, 0x000000070b400000, 0x000000070b500000|  0%| F|  |TAMS 0x000000070b400000, 0x000000070b400000| Untracked 
| 169|0x000000070b500000, 0x000000070b500000, 0x000000070b600000|  0%| F|  |TAMS 0x000000070b500000, 0x000000070b500000| Untracked 
| 170|0x000000070b600000, 0x000000070b600000, 0x000000070b700000|  0%| F|  |TAMS 0x000000070b600000, 0x000000070b600000| Untracked 
| 171|0x000000070b700000, 0x000000070b700000, 0x000000070b800000|  0%| F|  |TAMS 0x000000070b700000, 0x000000070b700000| Untracked 
| 172|0x000000070b800000, 0x000000070b800000, 0x000000070b900000|  0%| F|  |TAMS 0x000000070b800000, 0x000000070b800000| Untracked 
| 173|0x000000070b900000, 0x000000070b900000, 0x000000070ba00000|  0%| F|  |TAMS 0x000000070b900000, 0x000000070b900000| Untracked 
| 174|0x000000070ba00000, 0x000000070ba00000, 0x000000070bb00000|  0%| F|  |TAMS 0x000000070ba00000, 0x000000070ba00000| Untracked 
| 175|0x000000070bb00000, 0x000000070bb00000, 0x000000070bc00000|  0%| F|  |TAMS 0x000000070bb00000, 0x000000070bb00000| Untracked 
| 176|0x000000070bc00000, 0x000000070bc00000, 0x000000070bd00000|  0%| F|  |TAMS 0x000000070bc00000, 0x000000070bc00000| Untracked 
| 177|0x000000070bd00000, 0x000000070bd00000, 0x000000070be00000|  0%| F|  |TAMS 0x000000070bd00000, 0x000000070bd00000| Untracked 
| 178|0x000000070be00000, 0x000000070be00000, 0x000000070bf00000|  0%| F|  |TAMS 0x000000070be00000, 0x000000070be00000| Untracked 
| 179|0x000000070bf00000, 0x000000070bf00000, 0x000000070c000000|  0%| F|  |TAMS 0x000000070bf00000, 0x000000070bf00000| Untracked 
| 180|0x000000070c000000, 0x000000070c000000, 0x000000070c100000|  0%| F|  |TAMS 0x000000070c000000, 0x000000070c000000| Untracked 
| 181|0x000000070c100000, 0x000000070c100000, 0x000000070c200000|  0%| F|  |TAMS 0x000000070c100000, 0x000000070c100000| Untracked 
| 182|0x000000070c200000, 0x000000070c200000, 0x000000070c300000|  0%| F|  |TAMS 0x000000070c200000, 0x000000070c200000| Untracked 
| 183|0x000000070c300000, 0x000000070c300000, 0x000000070c400000|  0%| F|  |TAMS 0x000000070c300000, 0x000000070c300000| Untracked 
| 184|0x000000070c400000, 0x000000070c400000, 0x000000070c500000|  0%| F|  |TAMS 0x000000070c400000, 0x000000070c400000| Untracked 
| 185|0x000000070c500000, 0x000000070c500000, 0x000000070c600000|  0%| F|  |TAMS 0x000000070c500000, 0x000000070c500000| Untracked 
| 186|0x000000070c600000, 0x000000070c600000, 0x000000070c700000|  0%| F|  |TAMS 0x000000070c600000, 0x000000070c600000| Untracked 
| 187|0x000000070c700000, 0x000000070c700000, 0x000000070c800000|  0%| F|  |TAMS 0x000000070c700000, 0x000000070c700000| Untracked 
| 188|0x000000070c800000, 0x000000070c800000, 0x000000070c900000|  0%| F|  |TAMS 0x000000070c800000, 0x000000070c800000| Untracked 
| 189|0x000000070c900000, 0x000000070c900000, 0x000000070ca00000|  0%| F|  |TAMS 0x000000070c900000, 0x000000070c900000| Untracked 
| 190|0x000000070ca00000, 0x000000070ca00000, 0x000000070cb00000|  0%| F|  |TAMS 0x000000070ca00000, 0x000000070ca00000| Untracked 
| 191|0x000000070cb00000, 0x000000070cb00000, 0x000000070cc00000|  0%| F|  |TAMS 0x000000070cb00000, 0x000000070cb00000| Untracked 
| 192|0x000000070cc00000, 0x000000070cc00000, 0x000000070cd00000|  0%| F|  |TAMS 0x000000070cc00000, 0x000000070cc00000| Untracked 
| 193|0x000000070cd00000, 0x000000070cd00000, 0x000000070ce00000|  0%| F|  |TAMS 0x000000070cd00000, 0x000000070cd00000| Untracked 
| 194|0x000000070ce00000, 0x000000070ce00000, 0x000000070cf00000|  0%| F|  |TAMS 0x000000070ce00000, 0x000000070ce00000| Untracked 
| 195|0x000000070cf00000, 0x000000070cf00000, 0x000000070d000000|  0%| F|  |TAMS 0x000000070cf00000, 0x000000070cf00000| Untracked 
| 196|0x000000070d000000, 0x000000070d000000, 0x000000070d100000|  0%| F|  |TAMS 0x000000070d000000, 0x000000070d000000| Untracked 
| 197|0x000000070d100000, 0x000000070d100000, 0x000000070d200000|  0%| F|  |TAMS 0x000000070d100000, 0x000000070d100000| Untracked 
| 198|0x000000070d200000, 0x000000070d200000, 0x000000070d300000|  0%| F|  |TAMS 0x000000070d200000, 0x000000070d200000| Untracked 
| 199|0x000000070d300000, 0x000000070d300000, 0x000000070d400000|  0%| F|  |TAMS 0x000000070d300000, 0x000000070d300000| Untracked 
| 200|0x000000070d400000, 0x000000070d400000, 0x000000070d500000|  0%| F|  |TAMS 0x000000070d400000, 0x000000070d400000| Untracked 
| 201|0x000000070d500000, 0x000000070d500000, 0x000000070d600000|  0%| F|  |TAMS 0x000000070d500000, 0x000000070d500000| Untracked 
| 202|0x000000070d600000, 0x000000070d600000, 0x000000070d700000|  0%| F|  |TAMS 0x000000070d600000, 0x000000070d600000| Untracked 
| 203|0x000000070d700000, 0x000000070d700000, 0x000000070d800000|  0%| F|  |TAMS 0x000000070d700000, 0x000000070d700000| Untracked 
| 204|0x000000070d800000, 0x000000070d800000, 0x000000070d900000|  0%| F|  |TAMS 0x000000070d800000, 0x000000070d800000| Untracked 
| 205|0x000000070d900000, 0x000000070d900000, 0x000000070da00000|  0%| F|  |TAMS 0x000000070d900000, 0x000000070d900000| Untracked 
| 206|0x000000070da00000, 0x000000070da00000, 0x000000070db00000|  0%| F|  |TAMS 0x000000070da00000, 0x000000070da00000| Untracked 
| 207|0x000000070db00000, 0x000000070db00000, 0x000000070dc00000|  0%| F|  |TAMS 0x000000070db00000, 0x000000070db00000| Untracked 
| 208|0x000000070dc00000, 0x000000070dc00000, 0x000000070dd00000|  0%| F|  |TAMS 0x000000070dc00000, 0x000000070dc00000| Untracked 
| 209|0x000000070dd00000, 0x000000070dd00000, 0x000000070de00000|  0%| F|  |TAMS 0x000000070dd00000, 0x000000070dd00000| Untracked 
| 210|0x000000070de00000, 0x000000070de00000, 0x000000070df00000|  0%| F|  |TAMS 0x000000070de00000, 0x000000070de00000| Untracked 
| 211|0x000000070df00000, 0x000000070df00000, 0x000000070e000000|  0%| F|  |TAMS 0x000000070df00000, 0x000000070df00000| Untracked 
| 212|0x000000070e000000, 0x000000070e000000, 0x000000070e100000|  0%| F|  |TAMS 0x000000070e000000, 0x000000070e000000| Untracked 
| 213|0x000000070e100000, 0x000000070e100000, 0x000000070e200000|  0%| F|  |TAMS 0x000000070e100000, 0x000000070e100000| Untracked 
| 214|0x000000070e200000, 0x000000070e200000, 0x000000070e300000|  0%| F|  |TAMS 0x000000070e200000, 0x000000070e200000| Untracked 
| 215|0x000000070e300000, 0x000000070e300000, 0x000000070e400000|  0%| F|  |TAMS 0x000000070e300000, 0x000000070e300000| Untracked 
| 216|0x000000070e400000, 0x000000070e400000, 0x000000070e500000|  0%| F|  |TAMS 0x000000070e400000, 0x000000070e400000| Untracked 
| 217|0x000000070e500000, 0x000000070e500000, 0x000000070e600000|  0%| F|  |TAMS 0x000000070e500000, 0x000000070e500000| Untracked 
| 218|0x000000070e600000, 0x000000070e600000, 0x000000070e700000|  0%| F|  |TAMS 0x000000070e600000, 0x000000070e600000| Untracked 
| 219|0x000000070e700000, 0x000000070e700000, 0x000000070e800000|  0%| F|  |TAMS 0x000000070e700000, 0x000000070e700000| Untracked 
| 220|0x000000070e800000, 0x000000070e800000, 0x000000070e900000|  0%| F|  |TAMS 0x000000070e800000, 0x000000070e800000| Untracked 
| 221|0x000000070e900000, 0x000000070e900000, 0x000000070ea00000|  0%| F|  |TAMS 0x000000070e900000, 0x000000070e900000| Untracked 
| 222|0x000000070ea00000, 0x000000070ea00000, 0x000000070eb00000|  0%| F|  |TAMS 0x000000070ea00000, 0x000000070ea00000| Untracked 
| 223|0x000000070eb00000, 0x000000070eb00000, 0x000000070ec00000|  0%| F|  |TAMS 0x000000070eb00000, 0x000000070eb00000| Untracked 
| 224|0x000000070ec00000, 0x000000070ec00000, 0x000000070ed00000|  0%| F|  |TAMS 0x000000070ec00000, 0x000000070ec00000| Untracked 
| 225|0x000000070ed00000, 0x000000070ed00000, 0x000000070ee00000|  0%| F|  |TAMS 0x000000070ed00000, 0x000000070ed00000| Untracked 
| 226|0x000000070ee00000, 0x000000070ee00000, 0x000000070ef00000|  0%| F|  |TAMS 0x000000070ee00000, 0x000000070ee00000| Untracked 
| 227|0x000000070ef00000, 0x000000070ef00000, 0x000000070f000000|  0%| F|  |TAMS 0x000000070ef00000, 0x000000070ef00000| Untracked 
| 228|0x000000070f000000, 0x000000070f000000, 0x000000070f100000|  0%| F|  |TAMS 0x000000070f000000, 0x000000070f000000| Untracked 
| 229|0x000000070f100000, 0x000000070f100000, 0x000000070f200000|  0%| F|  |TAMS 0x000000070f100000, 0x000000070f100000| Untracked 
| 230|0x000000070f200000, 0x000000070f200000, 0x000000070f300000|  0%| F|  |TAMS 0x000000070f200000, 0x000000070f200000| Untracked 
| 231|0x000000070f300000, 0x000000070f300000, 0x000000070f400000|  0%| F|  |TAMS 0x000000070f300000, 0x000000070f300000| Untracked 
| 232|0x000000070f400000, 0x000000070f400000, 0x000000070f500000|  0%| F|  |TAMS 0x000000070f400000, 0x000000070f400000| Untracked 
| 233|0x000000070f500000, 0x000000070f500000, 0x000000070f600000|  0%| F|  |TAMS 0x000000070f500000, 0x000000070f500000| Untracked 
| 234|0x000000070f600000, 0x000000070f600000, 0x000000070f700000|  0%| F|  |TAMS 0x000000070f600000, 0x000000070f600000| Untracked 
| 235|0x000000070f700000, 0x000000070f700000, 0x000000070f800000|  0%| F|  |TAMS 0x000000070f700000, 0x000000070f700000| Untracked 
| 236|0x000000070f800000, 0x000000070f800000, 0x000000070f900000|  0%| F|  |TAMS 0x000000070f800000, 0x000000070f800000| Untracked 
| 237|0x000000070f900000, 0x000000070f900000, 0x000000070fa00000|  0%| F|  |TAMS 0x000000070f900000, 0x000000070f900000| Untracked 
| 238|0x000000070fa00000, 0x000000070fa00000, 0x000000070fb00000|  0%| F|  |TAMS 0x000000070fa00000, 0x000000070fa00000| Untracked 
| 239|0x000000070fb00000, 0x000000070fb00000, 0x000000070fc00000|  0%| F|  |TAMS 0x000000070fb00000, 0x000000070fb00000| Untracked 
| 240|0x000000070fc00000, 0x000000070fc00000, 0x000000070fd00000|  0%| F|  |TAMS 0x000000070fc00000, 0x000000070fc00000| Untracked 
| 241|0x000000070fd00000, 0x000000070fd00000, 0x000000070fe00000|  0%| F|  |TAMS 0x000000070fd00000, 0x000000070fd00000| Untracked 
| 242|0x000000070fe00000, 0x000000070fe8a900, 0x000000070ff00000| 54%| E|  |TAMS 0x000000070fe00000, 0x000000070fe00000| Complete 
| 243|0x000000070ff00000, 0x0000000710000000, 0x0000000710000000|100%| E|CS|TAMS 0x000000070ff00000, 0x000000070ff00000| Complete 
| 244|0x0000000710000000, 0x0000000710100000, 0x0000000710100000|100%| E|CS|TAMS 0x0000000710000000, 0x0000000710000000| Complete 
| 245|0x0000000710100000, 0x0000000710200000, 0x0000000710200000|100%| E|CS|TAMS 0x0000000710100000, 0x0000000710100000| Complete 
| 246|0x0000000710200000, 0x0000000710300000, 0x0000000710300000|100%| E|  |TAMS 0x0000000710200000, 0x0000000710200000| Complete 
| 247|0x0000000710300000, 0x0000000710400000, 0x0000000710400000|100%| E|CS|TAMS 0x0000000710300000, 0x0000000710300000| Complete 
| 248|0x0000000710400000, 0x0000000710500000, 0x0000000710500000|100%| E|CS|TAMS 0x0000000710400000, 0x0000000710400000| Complete 
| 249|0x0000000710500000, 0x0000000710600000, 0x0000000710600000|100%| E|CS|TAMS 0x0000000710500000, 0x0000000710500000| Complete 
| 250|0x0000000710600000, 0x0000000710700000, 0x0000000710700000|100%| E|CS|TAMS 0x0000000710600000, 0x0000000710600000| Complete 
| 251|0x0000000710700000, 0x0000000710800000, 0x0000000710800000|100%| E|CS|TAMS 0x0000000710700000, 0x0000000710700000| Complete 
| 252|0x0000000710800000, 0x0000000710900000, 0x0000000710900000|100%| E|CS|TAMS 0x0000000710800000, 0x0000000710800000| Complete 
| 253|0x0000000710900000, 0x0000000710a00000, 0x0000000710a00000|100%| E|CS|TAMS 0x0000000710900000, 0x0000000710900000| Complete 
| 254|0x0000000710a00000, 0x0000000710b00000, 0x0000000710b00000|100%| E|CS|TAMS 0x0000000710a00000, 0x0000000710a00000| Complete 
| 255|0x0000000710b00000, 0x0000000710c00000, 0x0000000710c00000|100%| E|CS|TAMS 0x0000000710b00000, 0x0000000710b00000| Complete 

Card table byte_map: [0x00000184798c0000,0x000001847a0c0000] _byte_map_base: 0x00000184760ba000

Marking Bits (Prev, Next): (CMBitMap*) 0x0000018478e2b538, (CMBitMap*) 0x0000018478e2b578
 Prev Bits: [0x000001847a8c0000, 0x000001847e890000)
 Next Bits: [0x0000018417430000, 0x000001841b400000)

Polling page: 0x0000018478590000

Metaspace:

Usage:
  Non-class:      8.39 MB capacity,     5.60 MB ( 67%) used,     2.78 MB ( 33%) free+waste,     9.38 KB ( <1%) overhead. 
      Class:    636.00 KB capacity,   309.73 KB ( 49%) used,   322.46 KB ( 51%) free+waste,     3.81 KB ( <1%) overhead. 
       Both:      9.01 MB capacity,     5.91 MB ( 66%) used,     3.10 MB ( 34%) free+waste,    13.19 KB ( <1%) overhead. 

Virtual space:
  Non-class space:       10.00 MB reserved,       8.50 MB ( 85%) committed 
      Class space:        1.00 GB reserved,     640.00 KB ( <1%) committed 
             Both:        1.01 GB reserved,       9.13 MB ( <1%) committed 

Chunk freelists:
   Non-Class:  109.00 KB
       Class:  4.00 KB
        Both:  113.00 KB

MaxMetaspaceSize: 17179869184.00 GB
CompressedClassSpaceSize: 1.00 GB

CodeHeap 'non-profiled nmethods': size=120000Kb used=205Kb max_used=205Kb free=119794Kb
 bounds [0x000001840ff00000, 0x0000018410170000, 0x0000018417430000]
CodeHeap 'profiled nmethods': size=120000Kb used=1274Kb max_used=1274Kb free=118725Kb
 bounds [0x00000184089d0000, 0x0000018408c40000, 0x000001840ff00000]
CodeHeap 'non-nmethods': size=5760Kb used=1731Kb max_used=1739Kb free=4028Kb
 bounds [0x0000018408430000, 0x00000184086a0000, 0x00000184089d0000]
 total_blobs=2263 nmethods=696 adapters=1066
 compilation: enabled
              stopped_count=0, restarted_count=0
 full_count=0

Compilation events (20 events):
Event: 0.976 Thread 0x000001847fafb000  685       3       sun.nio.ch.FileChannelImpl::ensureOpen (16 bytes)
Event: 0.976 Thread 0x000001847fafb000 nmethod 685 0x0000018408b09310 code [0x0000018408b094e0, 0x0000018408b097d0]
Event: 0.976 Thread 0x000001847fafb000  686   !   3       sun.nio.ch.NativeThreadSet::add (155 bytes)
Event: 0.977 Thread 0x000001847fafb000 nmethod 686 0x0000018408b09910 code [0x0000018408b09b00, 0x0000018408b0a290]
Event: 0.977 Thread 0x000001847fafb000  687   !   3       sun.nio.ch.NativeThreadSet::remove (50 bytes)
Event: 0.977 Thread 0x000001847fafb000 nmethod 687 0x0000018408b0a510 code [0x0000018408b0a6c0, 0x0000018408b0aaf0]
Event: 0.978 Thread 0x000001847fafb000  688       1       sun.nio.fs.NativeBuffer::address (5 bytes)
Event: 0.978 Thread 0x000001847fafb000 nmethod 688 0x000001840ff32790 code [0x000001840ff32920, 0x000001840ff32a58]
Event: 1.018 Thread 0x000001847fafb000  691       3       jdk.internal.org.objectweb.asm.Handler::getExceptionTableLength (21 bytes)
Event: 1.018 Thread 0x000001847fafb000 nmethod 691 0x0000018408b0ac90 code [0x0000018408b0ae40, 0x0000018408b0b038]
Event: 1.018 Thread 0x000001847fafb000  692       3       org.lwjgl.system.MemoryStack::close (6 bytes)
Event: 1.018 Thread 0x000001847fafb000 nmethod 692 0x0000018408b0b110 code [0x0000018408b0b2c0, 0x0000018408b0b510]
Event: 1.023 Thread 0x000001847fafb000  693       3       java.util.HashMap::putVal (300 bytes)
Event: 1.024 Thread 0x000001847fafb000 nmethod 693 0x0000018408b0b590 code [0x0000018408b0b840, 0x0000018408b0cba0]
Event: 1.097 Thread 0x000001847fafb000  694       3       jdk.internal.jimage.BasicImageReader::getAttributes (49 bytes)
Event: 1.098 Thread 0x000001847fafb000 nmethod 694 0x0000018408b0d090 code [0x0000018408b0d2a0, 0x0000018408b0da70]
Event: 1.098 Thread 0x000001847fafb000  695       3       jdk.internal.jimage.ImageLocation::verify (50 bytes)
Event: 1.098 Thread 0x000001847fafb000 nmethod 695 0x0000018408b0dc90 code [0x0000018408b0dec0, 0x0000018408b0e6b0]
Event: 1.112 Thread 0x000001847faf1800  696       4       java.lang.String::isEmpty (14 bytes)
Event: 1.112 Thread 0x000001847faf1800 nmethod 696 0x000001840ff33310 code [0x000001840ff334a0, 0x000001840ff33538]

GC Heap History (0 events):
No events

Deoptimization events (12 events):
Event: 0.072 Thread 0x0000018478dc1800 Uncommon trap: trap_request=0xffffff45 fr.pc=0x000001840ff04f2c relative=0x000000000000020c
Event: 0.072 Thread 0x0000018478dc1800 Uncommon trap: reason=unstable_if action=reinterpret pc=0x000001840ff04f2c method=java.lang.String.hashCode()I @ 13 c2
Event: 0.072 Thread 0x0000018478dc1800 DEOPT PACKING pc=0x000001840ff04f2c sp=0x000000234b0fb440
Event: 0.072 Thread 0x0000018478dc1800 DEOPT UNPACKING pc=0x000001840847912f sp=0x000000234b0fb3d8 mode 2
Event: 0.795 Thread 0x0000018478dc1800 Uncommon trap: trap_request=0xffffff54 fr.pc=0x000001840ff24288 relative=0x0000000000000068
Event: 0.795 Thread 0x0000018478dc1800 Uncommon trap: reason=speculate_null_assert action=make_not_entrant pc=0x000001840ff24288 method=sun.misc.Unsafe.getLong(Ljava/lang/Object;J)J @ 5 c2
Event: 0.795 Thread 0x0000018478dc1800 DEOPT PACKING pc=0x000001840ff24288 sp=0x000000234b0ff2a0
Event: 0.795 Thread 0x0000018478dc1800 DEOPT UNPACKING pc=0x000001840847912f sp=0x000000234b0ff228 mode 2
Event: 1.023 Thread 0x0000018478dc1800 Uncommon trap: trap_request=0xffffff45 fr.pc=0x000001840ff22e08 relative=0x0000000000001068
Event: 1.023 Thread 0x0000018478dc1800 Uncommon trap: reason=unstable_if action=reinterpret pc=0x000001840ff22e08 method=java.util.LinkedHashMap.linkNodeLast(Ljava/util/LinkedHashMap$Entry;)V @ 11 c2
Event: 1.023 Thread 0x0000018478dc1800 DEOPT PACKING pc=0x000001840ff22e08 sp=0x000000234b0fef70
Event: 1.023 Thread 0x0000018478dc1800 DEOPT UNPACKING pc=0x000001840847912f sp=0x000000234b0fee20 mode 2

Classes unloaded (0 events):
No events

Classes redefined (0 events):
No events

Internal exceptions (15 events):
Event: 0.085 Thread 0x0000018478dc1800 Exception <a 'java/lang/NoSuchMethodError'{0x0000000710986330}: 'void java.lang.invoke.DelegatingMethodHandle$Holder.delegate(java.lang.Object, java.lang.Object, int, java.lang.Object)'> (0x0000000710986330) 
thrown [t:/workspace/open/src/hotspot/share/interpreter/linkResolver.cpp, line 767]
Event: 0.086 Thread 0x0000018478dc1800 Exception <a 'java/lang/NoSuchMethodError'{0x000000071098d088}: 'java.lang.Object java.lang.invoke.DirectMethodHandle$Holder.invokeStaticInit(java.lang.Object, java.lang.Object, java.lang.Object)'> (0x000000071098d088) 
thrown [t:/workspace/open/src/hotspot/share/interpreter/linkResolver.cpp, line 767]
Event: 0.113 Thread 0x0000018478dc1800 Exception <a 'sun/nio/fs/WindowsException'{0x00000007109f6e80}> (0x00000007109f6e80) 
thrown [t:/workspace/open/src/hotspot/share/prims/jni.cpp, line 598]
Event: 0.113 Thread 0x0000018478dc1800 Exception <a 'sun/nio/fs/WindowsException'{0x00000007109f73d0}> (0x00000007109f73d0) 
thrown [t:/workspace/open/src/hotspot/share/prims/jni.cpp, line 598]
Event: 0.130 Thread 0x0000018478dc1800 Exception <a 'sun/nio/fs/WindowsException'{0x000000071086c3b8}> (0x000000071086c3b8) 
thrown [t:/workspace/open/src/hotspot/share/prims/jni.cpp, line 598]
Event: 0.130 Thread 0x0000018478dc1800 Exception <a 'sun/nio/fs/WindowsException'{0x000000071086c718}> (0x000000071086c718) 
thrown [t:/workspace/open/src/hotspot/share/prims/jni.cpp, line 598]
Event: 0.740 Thread 0x0000018478dc1800 Exception <a 'sun/nio/fs/WindowsException'{0x000000071073fc50}> (0x000000071073fc50) 
thrown [t:/workspace/open/src/hotspot/share/prims/jni.cpp, line 598]
Event: 0.740 Thread 0x0000018478dc1800 Exception <a 'sun/nio/fs/WindowsException'{0x000000071073fff0}> (0x000000071073fff0) 
thrown [t:/workspace/open/src/hotspot/share/prims/jni.cpp, line 598]
Event: 0.744 Thread 0x0000018478dc1800 Exception <a 'sun/nio/fs/WindowsException'{0x000000071074d3c8}> (0x000000071074d3c8) 
thrown [t:/workspace/open/src/hotspot/share/prims/jni.cpp, line 598]
Event: 0.744 Thread 0x0000018478dc1800 Exception <a 'sun/nio/fs/WindowsException'{0x000000071074d698}> (0x000000071074d698) 
thrown [t:/workspace/open/src/hotspot/share/prims/jni.cpp, line 598]
Event: 0.772 Thread 0x0000018478dc1800 Exception <a 'sun/nio/fs/WindowsException'{0x00000007106aca40}> (0x00000007106aca40) 
thrown [t:/workspace/open/src/hotspot/share/prims/jni.cpp, line 598]
Event: 0.772 Thread 0x0000018478dc1800 Exception <a 'sun/nio/fs/WindowsException'{0x00000007106acdd0}> (0x00000007106acdd0) 
thrown [t:/workspace/open/src/hotspot/share/prims/jni.cpp, line 598]
Event: 0.977 Thread 0x0000018478dc1800 Exception <a 'sun/nio/fs/WindowsException'{0x000000070ff34468}> (0x000000070ff34468) 
thrown [t:/workspace/open/src/hotspot/share/prims/jni.cpp, line 598]
Event: 0.978 Thread 0x0000018478dc1800 Exception <a 'sun/nio/fs/WindowsException'{0x000000070ff347e8}> (0x000000070ff347e8) 
thrown [t:/workspace/open/src/hotspot/share/prims/jni.cpp, line 598]
Event: 1.017 Thread 0x0000018478dc1800 Exception <a 'java/lang/NoSuchMethodError'{0x000000070ff6f660}: 'int java.lang.invoke.DirectMethodHandle$Holder.invokeSpecialIFC(java.lang.Object, java.lang.Object, int)'> (0x000000070ff6f660) 
thrown [t:/workspace/open/src/hotspot/share/interpreter/linkResolver.cpp, line 767]

Events (20 events):
Event: 1.113 loading class imgui/ImDrawData
Event: 1.113 loading class imgui/ImDrawData done
Event: 1.113 loading class imgui/ImGuiDestroyableStruct
Event: 1.113 loading class imgui/ImGuiDestroyableStruct done
Event: 1.113 loading class imgui/ImFontAtlas
Event: 1.113 loading class imgui/ImFontAtlas done
Event: 1.114 loading class imgui/ImFontConfig
Event: 1.114 loading class imgui/ImFontConfig done
Event: 1.114 loading class imgui/ImFontGlyph
Event: 1.114 loading class imgui/ImFontGlyph done
Event: 1.114 loading class imgui/ImFont
Event: 1.114 loading class imgui/ImFont done
Event: 1.114 loading class imgui/ImGuiStyle
Event: 1.114 loading class imgui/ImGuiStyle done
Event: 1.115 loading class imgui/ImGuiWindowClass
Event: 1.115 loading class imgui/ImGuiWindowClass done
Event: 1.115 loading class imgui/ImGuiInputTextData
Event: 1.115 loading class imgui/ImGuiInputTextData done
Event: 1.115 loading class imgui/ImString
Event: 1.115 loading class imgui/ImString done


Dynamic libraries:
0x00007ff715e20000 - 0x00007ff715e2f000 	C:\Program Files\Java\jdk-13.0.2\bin\javaw.exe
0x00007ffb964e0000 - 0x00007ffb966d0000 	C:\Windows\SYSTEM32\ntdll.dll
0x00007ffb71720000 - 0x00007ffb71733000 	C:\Program Files\AVG\Antivirus\aswhook.dll
0x00007ffb946a0000 - 0x00007ffb94752000 	C:\Windows\System32\KERNEL32.DLL
0x00007ffb93f90000 - 0x00007ffb94234000 	C:\Windows\System32\KERNELBASE.dll
0x00007ffb94290000 - 0x00007ffb9438a000 	C:\Windows\System32\ucrtbase.dll
0x00007ffb7a190000 - 0x00007ffb7a1a8000 	C:\Program Files\Java\jdk-13.0.2\bin\jli.dll
0x00007ffb94760000 - 0x00007ffb94803000 	C:\Windows\System32\ADVAPI32.dll
0x00007ffb95640000 - 0x00007ffb956de000 	C:\Windows\System32\msvcrt.dll
0x00007ffb951b0000 - 0x00007ffb95247000 	C:\Windows\System32\sechost.dll
0x00007ffb95740000 - 0x00007ffb95860000 	C:\Windows\System32\RPCRT4.dll
0x00007ffb95960000 - 0x00007ffb95af4000 	C:\Windows\System32\USER32.dll
0x00007ffb93c90000 - 0x00007ffb93cb1000 	C:\Windows\System32\win32u.dll
0x00007ffb95860000 - 0x00007ffb95886000 	C:\Windows\System32\GDI32.dll
0x00007ffb93d40000 - 0x00007ffb93ed4000 	C:\Windows\System32\gdi32full.dll
0x00007ffb93470000 - 0x00007ffb9350e000 	C:\Windows\System32\msvcp_win.dll
0x00007ffb7a170000 - 0x00007ffb7a185000 	C:\Program Files\Java\jdk-13.0.2\bin\VCRUNTIME140.dll
0x00007ffb8a4b0000 - 0x00007ffb8a734000 	C:\Windows\WinSxS\amd64_microsoft.windows.common-controls_6595b64144ccf1df_6.0.18362.836_none_e6c4b943130f18ed\COMCTL32.dll
0x00007ffb952f0000 - 0x00007ffb95626000 	C:\Windows\System32\combase.dll
0x00007ffb93cc0000 - 0x00007ffb93d40000 	C:\Windows\System32\bcryptPrimitives.dll
0x00007ffb8d370000 - 0x00007ffb8d37a000 	C:\Windows\SYSTEM32\VERSION.dll
0x00007ffb94fd0000 - 0x00007ffb94ffe000 	C:\Windows\System32\IMM32.DLL
0x00007ffb37d00000 - 0x00007ffb37d9b000 	C:\Program Files\Java\jdk-13.0.2\bin\msvcp140.dll
0x00007ffb115b0000 - 0x00007ffb1210d000 	C:\Program Files\Java\jdk-13.0.2\bin\server\jvm.dll
0x00007ffb95250000 - 0x00007ffb95258000 	C:\Windows\System32\PSAPI.DLL
0x00007ffb832f0000 - 0x00007ffb832f9000 	C:\Windows\SYSTEM32\WSOCK32.dll
0x00007ffb95280000 - 0x00007ffb952ef000 	C:\Windows\System32\WS2_32.dll
0x00007ffb8fee0000 - 0x00007ffb8ff04000 	C:\Windows\SYSTEM32\WINMM.dll
0x00007ffb8feb0000 - 0x00007ffb8fedd000 	C:\Windows\SYSTEM32\WINMMBASE.dll
0x00007ffb94240000 - 0x00007ffb9428a000 	C:\Windows\System32\cfgmgr32.dll
0x00007ffb933b0000 - 0x00007ffb933c1000 	C:\Windows\System32\kernel.appcore.dll
0x00007ffb84040000 - 0x00007ffb84050000 	C:\Program Files\Java\jdk-13.0.2\bin\verify.dll
0x00007ffb8b820000 - 0x00007ffb8ba14000 	C:\Windows\SYSTEM32\DBGHELP.DLL
0x00007ffb8b7d0000 - 0x00007ffb8b7fa000 	C:\Windows\SYSTEM32\dbgcore.DLL
0x00007ffb7a020000 - 0x00007ffb7a046000 	C:\Program Files\Java\jdk-13.0.2\bin\java.dll
0x00007ffb7c7d0000 - 0x00007ffb7c7e7000 	C:\Program Files\Java\jdk-13.0.2\bin\zip.dll
0x00007ffb7c770000 - 0x00007ffb7c77a000 	C:\Program Files\Java\jdk-13.0.2\bin\jimage.dll
0x00007ffb94810000 - 0x00007ffb94ef4000 	C:\Windows\System32\SHELL32.dll
0x00007ffb94590000 - 0x00007ffb94639000 	C:\Windows\System32\shcore.dll
0x00007ffb93510000 - 0x00007ffb93c8e000 	C:\Windows\System32\windows.storage.dll
0x00007ffb933d0000 - 0x00007ffb933f3000 	C:\Windows\System32\profapi.dll
0x00007ffb93400000 - 0x00007ffb9344a000 	C:\Windows\System32\powrprof.dll
0x00007ffb933a0000 - 0x00007ffb933b0000 	C:\Windows\System32\UMPDC.dll
0x00007ffb956e0000 - 0x00007ffb95732000 	C:\Windows\System32\shlwapi.dll
0x00007ffb93f70000 - 0x00007ffb93f87000 	C:\Windows\System32\cryptsp.dll
0x00007ffb7bf40000 - 0x00007ffb7bf59000 	C:\Program Files\Java\jdk-13.0.2\bin\net.dll
0x00007ffb8b100000 - 0x00007ffb8b1f0000 	C:\Windows\SYSTEM32\WINHTTP.dll
0x00007ffb92c10000 - 0x00007ffb92c77000 	C:\Windows\system32\mswsock.dll
0x00007ffb7a000000 - 0x00007ffb7a013000 	C:\Program Files\Java\jdk-13.0.2\bin\nio.dll
0x00007ffb37c90000 - 0x00007ffb37cf4000 	C:\Users\Work\AppData\Local\Temp\lwjglWork\3.2.3-SNAPSHOT\lwjgl.dll
0x00007ffb37ba0000 - 0x00007ffb37c02000 	C:\Users\Work\AppData\Local\Temp\lwjglWork\3.2.3-SNAPSHOT\glfw.dll
0x00007ffb916a0000 - 0x00007ffb91739000 	C:\Windows\system32\uxtheme.dll
0x00007ffb7a120000 - 0x00007ffb7a163000 	C:\Windows\SYSTEM32\dinput8.dll
0x00007ffb72380000 - 0x00007ffb72391000 	C:\Windows\SYSTEM32\xinput1_4.dll
0x00007ffb931a0000 - 0x00007ffb931ca000 	C:\Windows\SYSTEM32\DEVOBJ.dll
0x00007ffb91a50000 - 0x00007ffb91a7d000 	C:\Windows\SYSTEM32\dwmapi.dll
0x00007ffb864e0000 - 0x00007ffb865fb000 	C:\Windows\SYSTEM32\inputhost.dll
0x00007ffb91320000 - 0x00007ffb913f4000 	C:\Windows\SYSTEM32\CoreMessaging.dll
0x00007ffb8f440000 - 0x00007ffb8f76a000 	C:\Windows\SYSTEM32\CoreUIComponents.dll
0x00007ffb8fba0000 - 0x00007ffb8fc90000 	C:\Windows\SYSTEM32\PROPSYS.dll
0x00007ffb95890000 - 0x00007ffb95954000 	C:\Windows\System32\OLEAUT32.dll
0x00007ffb8f2c0000 - 0x00007ffb8f413000 	C:\Windows\SYSTEM32\wintypes.dll
0x00007ffb92400000 - 0x00007ffb92431000 	C:\Windows\SYSTEM32\ntmarta.dll
0x00007ffb96160000 - 0x00007ffb96296000 	C:\Windows\System32\MSCTF.dll
0x00007ffb91fb0000 - 0x00007ffb91fbe000 	C:\Windows\SYSTEM32\HID.DLL
0x00007ffb95b00000 - 0x00007ffb95f70000 	C:\Windows\System32\SETUPAPI.DLL
0x00007ffb93ee0000 - 0x00007ffb93f06000 	C:\Windows\System32\bcrypt.dll
0x00007ffb93f10000 - 0x00007ffb93f6c000 	C:\Windows\System32\WINTRUST.dll
0x00007ffb93450000 - 0x00007ffb93462000 	C:\Windows\System32\MSASN1.dll
0x00007ffb94390000 - 0x00007ffb944d9000 	C:\Windows\System32\CRYPT32.dll
0x00007ffb33d30000 - 0x00007ffb33e86000 	C:\Windows\SYSTEM32\opengl32.dll
0x00007ffb79db0000 - 0x00007ffb79ddc000 	C:\Windows\SYSTEM32\GLU32.dll
0x00007ffb92010000 - 0x00007ffb92030000 	C:\Windows\SYSTEM32\dxcore.dll
0x00007ffaf5350000 - 0x00007ffaf7a28000 	C:\Windows\System32\DriverStore\FileRepository\nvmdi.inf_amd64_e726a33b25732961\nvoglv64.dll
0x00007ffb95ff0000 - 0x00007ffb96147000 	C:\Windows\System32\ole32.dll
0x00007ffb8fce0000 - 0x00007ffb8fcf3000 	C:\Windows\SYSTEM32\WTSAPI32.dll
0x00007ffb92470000 - 0x00007ffb924c6000 	C:\Windows\SYSTEM32\WINSTA.dll
0x00007ffb86600000 - 0x00007ffb8669e000 	C:\Windows\System32\TextInputFramework.dll
0x00007ffb850d0000 - 0x00007ffb85376000 	C:\Windows\System32\iertutil.dll
0x00007ffb379b0000 - 0x00007ffb37a09000 	C:\Users\Work\AppData\Local\Temp\lwjglWork\3.2.3-SNAPSHOT\lwjgl_opengl.dll
0x00007ffaf50f0000 - 0x00007ffaf5343000 	C:\Users\Work\AppData\Local\Temp\lwjglWork\3.2.3-SNAPSHOT\jemalloc.dll
0x00007ffb00280000 - 0x00007ffb0038b000 	C:\Users\Work\AppData\Local\Temp\lwjglWork\3.2.3-SNAPSHOT\OpenAL.dll
0x00007ffb96370000 - 0x00007ffb96412000 	C:\Windows\System32\clbcatq.dll
0x00007ffb87bd0000 - 0x00007ffb87c42000 	C:\Windows\System32\MMDevApi.dll
0x00007ffb86f80000 - 0x00007ffb870dd000 	C:\Windows\SYSTEM32\AUDIOSES.DLL
0x00007ffb91a80000 - 0x00007ffb91a94000 	C:\Windows\SYSTEM32\resourcepolicyclient.dll
0x000000006f6c0000 - 0x000000006f895000 	C:\Dev\java\NutmegGameEngine\vendor\Libs\imgui-java64.dll
0x00007ffb92780000 - 0x00007ffb927b3000 	C:\Windows\system32\rsaenh.dll
0x00007ffb92de0000 - 0x00007ffb92dec000 	C:\Windows\SYSTEM32\CRYPTBASE.dll

dbghelp: loaded successfully - version: 4.0.5 - missing functions: none
symbol engine: initialized successfully - sym options: 0x614 - pdb path: .;C:\Program Files\Java\jdk-13.0.2\bin;C:\Windows\SYSTEM32;C:\Program Files\AVG\Antivirus;C:\Windows\WinSxS\amd64_microsoft.windows.common-controls_6595b64144ccf1df_6.0.18362.836_none_e6c4b943130f18ed;C:\Program Files\Java\jdk-13.0.2\bin\server;C:\Users\Work\AppData\Local\Temp\lwjglWork\3.2.3-SNAPSHOT;C:\Windows\System32\DriverStore\FileRepository\nvmdi.inf_amd64_e726a33b25732961;C:\Dev\java\NutmegGameEngine\vendor\Libs

VM Arguments:
jvm_args: -Djava.library.path=C:\Dev\java\NutmegGameEngine\vendor\Libs -Dfile.encoding=Cp1252 
java_command: pixel.draw.app.MainApp
java_class_path (initial): C:\Dev\java\NutmegGameEngine\Pixel Draw\bin;C:\Dev\java\NutmegGameEngine\Nutmeg-Game-Engine\bin;C:\Dev\java\LWJGL3.jar;C:\Dev\java\NutmegGameEngine\vendor\imgui\imgui-binding-1.76-0.12.jar;C:\Dev\java\NutmegGameEngine\vendor\imgui\imgui-lwjgl3-1.76-0.12.jar;C:\Dev\java\NutmegGameEngine\Nutmeg-GL\bin;C:\Dev\java\NutmegGameEngine\Nutmeg-Core\bin;C:\Dev\java\NutmegGameEngine\Nutmeg-CL\bin;C:\Dev\java\NutmegGameEngine\Nutmeg-AL\bin
Launcher Type: SUN_STANDARD

[Global flags]
     intx CICompilerCount                          = 3                                         {product} {ergonomic}
     uint ConcGCThreads                            = 2                                         {product} {ergonomic}
     uint G1ConcRefinementThreads                  = 6                                         {product} {ergonomic}
   size_t G1HeapRegionSize                         = 1048576                                   {product} {ergonomic}
    uintx GCDrainStackTargetSize                   = 64                                        {product} {ergonomic}
   size_t InitialHeapSize                          = 268435456                                 {product} {ergonomic}
   size_t MarkStackSize                            = 4194304                                   {product} {ergonomic}
   size_t MaxHeapSize                              = 4282384384                                {product} {ergonomic}
   size_t MaxNewSize                               = 2569011200                                {product} {ergonomic}
   size_t MinHeapDeltaBytes                        = 1048576                                   {product} {ergonomic}
   size_t MinHeapSize                              = 8388608                                   {product} {ergonomic}
    uintx NonNMethodCodeHeapSize                   = 5832780                                {pd product} {ergonomic}
    uintx NonProfiledCodeHeapSize                  = 122912730                              {pd product} {ergonomic}
    uintx ProfiledCodeHeapSize                     = 122912730                              {pd product} {ergonomic}
    uintx ReservedCodeCacheSize                    = 251658240                              {pd product} {ergonomic}
     bool SegmentedCodeCache                       = true                                      {product} {ergonomic}
   size_t SoftMaxHeapSize                          = 4282384384                             {manageable} {ergonomic}
     bool UseCompressedClassPointers               = true                                 {lp64_product} {ergonomic}
     bool UseCompressedOops                        = true                                 {lp64_product} {ergonomic}
     bool UseG1GC                                  = true                                      {product} {ergonomic}
     bool UseLargePagesIndividualAllocation        = false                                  {pd product} {ergonomic}

Logging:
Log output configuration:
 #0: stdout all=warning uptime,level,tags
 #1: stderr all=off uptime,level,tags

Environment Variables:
PATH=C:/Program Files/Java/jdk-13.0.2/bin/server;C:/Program Files/Java/jdk-13.0.2/bin;C:\Program Files (x86)\NVIDIA Corporation\PhysX\Common;C:\Python27\;C:\Python27\Scripts;C:\Windows\system32;C:\Windows;C:\Windows\System32\Wbem;C:\Windows\System32\WindowsPowerShell\v1.0\;C:\Windows\System32\OpenSSH\;C:\Program Files\nodejs\;C:\ProgramData\chocolatey\bin;C:\Program Files\LLVM\bin;C:\Program Files\CMake\bin;C:\Program Files\dotnet\;C:\Program Files\Git\cmd;C:\Program Files\PuTTY\;C:\Program Files\BeefLang\bin;C:\Users\Work\AppData\Local\Microsoft\WindowsApps;C:\Users\Work\AppData\Local\GitHubDesktop\bin;C:\Program Files\Java\jdk-13.0.2\bin;;C:\Users\Work\AppData\Local\Programs\Microsoft VS Code\bin;C:\Users\Work\.dotnet\tools;C:\Users\Work\Desktop;
USERNAME=Work
OS=Windows_NT
PROCESSOR_IDENTIFIER=Intel64 Family 6 Model 158 Stepping 10, GenuineIntel



---------------  S Y S T E M  ---------------

OS: Windows 10 , 64 bit Build 18362 (10.0.18362.778)

CPU:total 6 (initial active 6) (6 cores per cpu, 1 threads per core) family 6 model 158 stepping 10, cmov, cx8, fxsr, mmx, sse, sse2, sse3, ssse3, sse4.1, sse4.2, popcnt, avx, avx2, aes, clmul, erms, 3dnowpref, lzcnt, tsc, tscinvbit, bmi1, bmi2, adx, fma

Memory: 4k page, system-wide physical 16328M (8731M free)
TotalPageFile size 38135M (AvailPageFile size 23273M)
current process WorkingSet (physical memory assigned to process): 98M, peak: 98M
current process commit charge ("private bytes"): 402M, peak: 402M

vm_info: Java HotSpot(TM) 64-Bit Server VM (13.0.2+8) for windows-amd64 JRE (13.0.2+8), built on Dec 11 2019 09:20:33 by "mach5one" with unknown MS VC++:1916

END.
