#
# A fatal error has been detected by the Java Runtime Environment:
#
#  EXCEPTION_ACCESS_VIOLATION (0xc0000005) at pc=0x000000006f6f0dde, pid=18228, tid=4848
#
# JRE version: Java(TM) SE Runtime Environment (13.0.2+8) (build 13.0.2+8)
# Java VM: Java HotSpot(TM) 64-Bit Server VM (13.0.2+8, mixed mode, sharing, tiered, compressed oops, g1 gc, windows-amd64)
# Problematic frame:
# C  [imgui-java64.dll+0x30dde]
#
# No core dump will be written. Minidumps are not enabled by default on client versions of Windows
#
# If you would like to submit a bug report, please visit:
#   http://bugreport.java.com/bugreport/crash.jsp
# The crash happened outside the Java Virtual Machine in native code.
# See problematic frame for where to report the bug.
#

---------------  S U M M A R Y ------------

Command Line: -Djava.library.path=C:\Dev\java\NutmegGameEngine\vendor\Libs;C:\Dev\java\NutmegGameEngine\vendor\Libs -Dfile.encoding=Cp1252 ExampleUi

Host: Intel(R) Core(TM) i5-9400F CPU @ 2.90GHz, 6 cores, 15G,  Windows 10 , 64 bit Build 18362 (10.0.18362.778)
Time: Tue Jun  9 16:46:10 2020 GMT Summer Time elapsed time: 1 seconds (0d 0h 0m 1s)

---------------  T H R E A D  ---------------

Current thread (0x000001af5d65e000):  JavaThread "main" [_thread_in_native, id=4848, stack(0x0000007f66300000,0x0000007f66400000)]

Stack: [0x0000007f66300000,0x0000007f66400000],  sp=0x0000007f663ff040,  free space=1020k
Native frames: (J=compiled Java code, j=interpreted, Vv=VM code, C=native code)
C  [imgui-java64.dll+0x30dde]

Java frames: (J=compiled Java code, j=interpreted, Vv=VM code)
j  imgui.ImGui.setNextWindowSize(FFI)V+0
j  ExampleUi.render()V+5
j  ExampleUi.main([Ljava/lang/String;)V+26
v  ~StubRoutines::call_stub

siginfo: EXCEPTION_ACCESS_VIOLATION (0xc0000005), writing address 0x0000000000001c28


Register to memory mapping:

RIP=0x000000006f6f0dde imgui-java64.dll
RAX=0x0000000000000001 is an unknown value
RBX=0x0000000000000002 is an unknown value
RCX=0x0000007f663ff0a8 is pointing into the stack for thread: 0x000001af5d65e000
RDX=0x0000000000000002 is an unknown value
RSP=0x0000007f663ff040 is pointing into the stack for thread: 0x000001af5d65e000
RBP=0x0000007f663ff148 is pointing into the stack for thread: 0x000001af5d65e000
RSI=0x0 is NULL
RDI=0x0000007f663ff0a8 is pointing into the stack for thread: 0x000001af5d65e000
R8 =0x0000000000000002 is an unknown value
R9 =0x0000000000000002 is an unknown value
R10=0x000001af67c7f4c8 is at code_begin+1000 in an Interpreter codelet
method entry point (kind = native)  [0x000001af67c7f0e0, 0x000001af67c7fc40]  2912 bytes
R11=0x000000070fff9ac8 is an oop: java.lang.Class 
{0x000000070fff9ac8} - klass: 'java/lang/Class'
R12=0x0 is NULL
R13={method} {0x000001af0d402180} 'setNextWindowSize' '(FFI)V' in 'imgui/ImGui'
R14=0x0000007f663ff178 is pointing into the stack for thread: 0x000001af5d65e000
R15=0x000001af5d65e000 is a thread


Registers:
RAX=0x0000000000000001, RBX=0x0000000000000002, RCX=0x0000007f663ff0a8, RDX=0x0000000000000002
RSP=0x0000007f663ff040, RBP=0x0000007f663ff148, RSI=0x0000000000000000, RDI=0x0000007f663ff0a8
R8 =0x0000000000000002, R9 =0x0000000000000002, R10=0x000001af67c7f4c8, R11=0x000000070fff9ac8
R12=0x0000000000000000, R13=0x000001af0d402178, R14=0x0000007f663ff178, R15=0x000001af5d65e000
RIP=0x000000006f6f0dde, EFLAGS=0x0000000000010246

Top of Stack: (sp=0x0000007f663ff040)
0x0000007f663ff040:   0000007f663ff148 00007ffb11929177
0x0000007f663ff050:   0000007f663ff070 000001af5d56faa0
0x0000007f663ff060:   000001af0d402178 000001af0c7ae020
0x0000007f663ff070:   000001af67c7a273 000000006f6c7cde
0x0000007f663ff080:   000001af67c7a273 000001af67c7f340
0x0000007f663ff090:   000001af67c7a200 000001af0d402178
0x0000007f663ff0a0:   000001af0d402178 4396000044160000
0x0000007f663ff0b0:   000001af0d402178 000001af67c7f4f7
0x0000007f663ff0c0:   000001af67c7a273 000001af67c7f1dc
0x0000007f663ff0d0:   000001af0d402178 000001af0c7ae020
0x0000007f663ff0e0:   3ff0000000000002 0000000000000000
0x0000007f663ff0f0:   000001af0c7ae020 000001af67c7f196
0x0000007f663ff100:   0000007f663ff100 000001af0d402178
0x0000007f663ff110:   0000007f663ff178 000001af0d4250d0
0x0000007f663ff120:   0000000000000000 000000070fff9ac8
0x0000007f663ff130:   000001af0d402178 0000000000000000 

Instructions: (pc=0x000000006f6f0dde)
0x000000006f6f0cde:   00 00 89 90 e4 00 00 00 48 83 c4 28 5b 5e c3 0f
0x000000006f6f0cee:   1f 00 85 d3 75 e2 48 83 c4 28 5b 5e c3 0f 1f 44
0x000000006f6f0cfe:   00 00 ba ff ff ff 00 41 b9 ff 00 00 00 eb 90 0f
0x000000006f6f0d0e:   1f 00 31 d2 eb a0 66 66 2e 0f 1f 84 00 00 00 00
0x000000006f6f0d1e:   00 90 55 57 56 53 48 83 ec 28 48 8b 1d 19 84 18
0x000000006f6f0d2e:   00 48 89 cd 89 d6 4c 89 c7 85 d2 74 3d 8d 42 ff
0x000000006f6f0d3e:   85 d0 75 5e 48 8b 45 00 83 8b 28 1c 00 00 01 48
0x000000006f6f0d4e:   89 83 3c 1c 00 00 48 8b 07 48 89 83 44 1c 00 00
0x000000006f6f0d5e:   89 b3 2c 1c 00 00 c6 83 5c 1c 00 00 01 48 83 c4
0x000000006f6f0d6e:   28 5b 5e 5f 5d c3 0f 1f 40 00 48 8b 01 83 8b 28
0x000000006f6f0d7e:   1c 00 00 01 be 01 00 00 00 48 89 83 3c 1c 00 00
0x000000006f6f0d8e:   49 8b 00 48 89 83 44 1c 00 00 eb c4 66 0f 1f 44
0x000000006f6f0d9e:   00 00 41 b8 e4 1b 00 00 48 8d 15 73 54 12 00 48
0x000000006f6f0dae:   8d 0d 24 6f 12 00 ff 15 ca f9 19 00 eb 86 0f 1f
0x000000006f6f0dbe:   40 00 57 56 53 48 83 ec 20 48 8b 35 7a 83 18 00
0x000000006f6f0dce:   48 89 cf 89 d3 85 d2 74 29 8d 42 ff 85 d0 75 4a
0x000000006f6f0dde:   83 8e 28 1c 00 00 02 48 8b 07 89 9e 30 1c 00 00
0x000000006f6f0dee:   48 89 86 4c 1c 00 00 48 83 c4 20 5b 5e 5f c3 0f
0x000000006f6f0dfe:   1f 00 83 8e 28 1c 00 00 02 48 8b 01 bb 01 00 00
0x000000006f6f0e0e:   00 89 9e 30 1c 00 00 48 89 86 4c 1c 00 00 48 83
0x000000006f6f0e1e:   c4 20 5b 5e 5f c3 0f 1f 40 00 41 b8 ef 1b 00 00
0x000000006f6f0e2e:   48 8d 15 eb 53 12 00 48 8d 0d 9c 6e 12 00 ff 15
0x000000006f6f0e3e:   42 f9 19 00 eb 9a 66 66 2e 0f 1f 84 00 00 00 00
0x000000006f6f0e4e:   00 90 48 8b 05 f1 82 18 00 83 88 28 1c 00 00 10
0x000000006f6f0e5e:   48 8b 09 48 8b 12 48 89 88 60 1c 00 00 48 89 90
0x000000006f6f0e6e:   68 1c 00 00 4c 89 80 70 1c 00 00 4c 89 88 78 1c
0x000000006f6f0e7e:   00 00 c3 66 66 2e 0f 1f 84 00 00 00 00 00 0f 1f
0x000000006f6f0e8e:   40 00 48 8b 05 b1 82 18 00 83 88 28 1c 00 00 04
0x000000006f6f0e9e:   48 8b 11 48 89 90 54 1c 00 00 c3 0f 1f 80 00 00
0x000000006f6f0eae:   00 00 57 56 53 48 83 ec 20 48 8b 35 8a 82 18 00
0x000000006f6f0ebe:   89 cf 89 d3 85 d2 74 2a 8d 42 ff 85 d0 75 43 83
0x000000006f6f0ece:   8e 28 1c 00 00 08 40 88 be 5d 1c 00 00 89 9e 34 


Stack slot to memory mapping:
stack at sp + 0 slots: 0x0000007f663ff148 is pointing into the stack for thread: 0x000001af5d65e000
stack at sp + 1 slots: 0x00007ffb11929177 jvm.dll
stack at sp + 2 slots: 0x0000007f663ff070 is pointing into the stack for thread: 0x000001af5d65e000
stack at sp + 3 slots: 0x000001af5d56faa0 points into unknown readable memory: 02 00 00 00 73 65 72 73
stack at sp + 4 slots: {method} {0x000001af0d402180} 'setNextWindowSize' '(FFI)V' in 'imgui/ImGui'
stack at sp + 5 slots: 0x000001af0c7ae020 points into unknown readable memory: 00 00 00 00 00 00 00 00
stack at sp + 6 slots: 0x000001af67c7a273 is at code_begin+2355 in an Interpreter codelet
invoke return entry points  [0x000001af67c79940, 0x000001af67c7a360]  2592 bytes
stack at sp + 7 slots: 0x000000006f6c7cde imgui-java64.dll


---------------  P R O C E S S  ---------------

Threads class SMR info:
_java_thread_list=0x000001af7fb1ab70, length=11, elements={
0x000001af5d65e000, 0x000001af7efc3800, 0x000001af7efc8800, 0x000001af7f865800,
0x000001af7f867800, 0x000001af7f868800, 0x000001af7f872000, 0x000001af7f89b000,
0x000001af7f9c0800, 0x000001af7f9c8000, 0x000001af0c4a7800
}

Java Threads: ( => current thread )
=>0x000001af5d65e000 JavaThread "main" [_thread_in_native, id=4848, stack(0x0000007f66300000,0x0000007f66400000)]
  0x000001af7efc3800 JavaThread "Reference Handler" daemon [_thread_blocked, id=20444, stack(0x0000007f66a00000,0x0000007f66b00000)]
  0x000001af7efc8800 JavaThread "Finalizer" daemon [_thread_blocked, id=21472, stack(0x0000007f66b00000,0x0000007f66c00000)]
  0x000001af7f865800 JavaThread "Signal Dispatcher" daemon [_thread_blocked, id=588, stack(0x0000007f66c00000,0x0000007f66d00000)]
  0x000001af7f867800 JavaThread "Attach Listener" daemon [_thread_blocked, id=21416, stack(0x0000007f66d00000,0x0000007f66e00000)]
  0x000001af7f868800 JavaThread "C2 CompilerThread0" daemon [_thread_blocked, id=23016, stack(0x0000007f66e00000,0x0000007f66f00000)]
  0x000001af7f872000 JavaThread "C1 CompilerThread0" daemon [_thread_blocked, id=19560, stack(0x0000007f66f00000,0x0000007f67000000)]
  0x000001af7f89b000 JavaThread "Sweeper thread" daemon [_thread_blocked, id=22920, stack(0x0000007f67000000,0x0000007f67100000)]
  0x000001af7f9c0800 JavaThread "Service Thread" daemon [_thread_blocked, id=23544, stack(0x0000007f67100000,0x0000007f67200000)]
  0x000001af7f9c8000 JavaThread "Common-Cleaner" daemon [_thread_blocked, id=800, stack(0x0000007f67300000,0x0000007f67400000)]
  0x000001af0c4a7800 JavaThread "Java2D Disposer" daemon [_thread_blocked, id=20040, stack(0x0000007f67c00000,0x0000007f67d00000)]

Other Threads:
  0x000001af7efc2000 VMThread "VM Thread" [stack: 0x0000007f66900000,0x0000007f66a00000] [id=10492]
  0x000001af7f9c6800 WatcherThread [stack: 0x0000007f67200000,0x0000007f67300000] [id=19480]
  0x000001af5f7db800 GCTaskThread "GC Thread#0" [stack: 0x0000007f66400000,0x0000007f66500000] [id=16544]
  0x000001af5f7fd800 ConcurrentGCThread "G1 Main Marker" [stack: 0x0000007f66500000,0x0000007f66600000] [id=21580]
  0x000001af5f7ff000 ConcurrentGCThread "G1 Conc#0" [stack: 0x0000007f66600000,0x0000007f66700000] [id=22068]
  0x000001af7eebb800 ConcurrentGCThread "G1 Refine#0" [stack: 0x0000007f66700000,0x0000007f66800000] [id=21716]
  0x000001af7eebf800 ConcurrentGCThread "G1 Young RemSet Sampling" [stack: 0x0000007f66800000,0x0000007f66900000] [id=24080]

Threads with active compile tasks:

VM state:not at safepoint (normal execution)

VM Mutex/Monitor currently owned by a thread: None

Heap address: 0x0000000700c00000, size: 4084 MB, Compressed Oops mode: Zero based, Oop shift amount: 3
Narrow klass base: 0x0000000800000000, Narrow klass shift: 3
Compressed class space size: 1073741824 Address: 0x0000000800b40000

Heap:
 garbage-first heap   total 262144K, used 12288K [0x0000000700c00000, 0x0000000800000000)
  region size 1024K, 14 young (14336K), 0 survivors (0K)
 Metaspace       used 7282K, capacity 9092K, committed 9344K, reserved 1058816K
  class space    used 436K, capacity 634K, committed 640K, reserved 1048576K
Heap Regions: E=young(eden), S=young(survivor), O=old, HS=humongous(starts), HC=humongous(continues), CS=collection set, F=free, A=archive, TAMS=top-at-mark-start (previous, next)
|   0|0x0000000700c00000, 0x0000000700c00000, 0x0000000700d00000|  0%| F|  |TAMS 0x0000000700c00000, 0x0000000700c00000| Untracked 
|   1|0x0000000700d00000, 0x0000000700d00000, 0x0000000700e00000|  0%| F|  |TAMS 0x0000000700d00000, 0x0000000700d00000| Untracked 
|   2|0x0000000700e00000, 0x0000000700e00000, 0x0000000700f00000|  0%| F|  |TAMS 0x0000000700e00000, 0x0000000700e00000| Untracked 
|   3|0x0000000700f00000, 0x0000000700f00000, 0x0000000701000000|  0%| F|  |TAMS 0x0000000700f00000, 0x0000000700f00000| Untracked 
|   4|0x0000000701000000, 0x0000000701000000, 0x0000000701100000|  0%| F|  |TAMS 0x0000000701000000, 0x0000000701000000| Untracked 
|   5|0x0000000701100000, 0x0000000701100000, 0x0000000701200000|  0%| F|  |TAMS 0x0000000701100000, 0x0000000701100000| Untracked 
|   6|0x0000000701200000, 0x0000000701200000, 0x0000000701300000|  0%| F|  |TAMS 0x0000000701200000, 0x0000000701200000| Untracked 
|   7|0x0000000701300000, 0x0000000701300000, 0x0000000701400000|  0%| F|  |TAMS 0x0000000701300000, 0x0000000701300000| Untracked 
|   8|0x0000000701400000, 0x0000000701400000, 0x0000000701500000|  0%| F|  |TAMS 0x0000000701400000, 0x0000000701400000| Untracked 
|   9|0x0000000701500000, 0x0000000701500000, 0x0000000701600000|  0%| F|  |TAMS 0x0000000701500000, 0x0000000701500000| Untracked 
|  10|0x0000000701600000, 0x0000000701600000, 0x0000000701700000|  0%| F|  |TAMS 0x0000000701600000, 0x0000000701600000| Untracked 
|  11|0x0000000701700000, 0x0000000701700000, 0x0000000701800000|  0%| F|  |TAMS 0x0000000701700000, 0x0000000701700000| Untracked 
|  12|0x0000000701800000, 0x0000000701800000, 0x0000000701900000|  0%| F|  |TAMS 0x0000000701800000, 0x0000000701800000| Untracked 
|  13|0x0000000701900000, 0x0000000701900000, 0x0000000701a00000|  0%| F|  |TAMS 0x0000000701900000, 0x0000000701900000| Untracked 
|  14|0x0000000701a00000, 0x0000000701a00000, 0x0000000701b00000|  0%| F|  |TAMS 0x0000000701a00000, 0x0000000701a00000| Untracked 
|  15|0x0000000701b00000, 0x0000000701b00000, 0x0000000701c00000|  0%| F|  |TAMS 0x0000000701b00000, 0x0000000701b00000| Untracked 
|  16|0x0000000701c00000, 0x0000000701c00000, 0x0000000701d00000|  0%| F|  |TAMS 0x0000000701c00000, 0x0000000701c00000| Untracked 
|  17|0x0000000701d00000, 0x0000000701d00000, 0x0000000701e00000|  0%| F|  |TAMS 0x0000000701d00000, 0x0000000701d00000| Untracked 
|  18|0x0000000701e00000, 0x0000000701e00000, 0x0000000701f00000|  0%| F|  |TAMS 0x0000000701e00000, 0x0000000701e00000| Untracked 
|  19|0x0000000701f00000, 0x0000000701f00000, 0x0000000702000000|  0%| F|  |TAMS 0x0000000701f00000, 0x0000000701f00000| Untracked 
|  20|0x0000000702000000, 0x0000000702000000, 0x0000000702100000|  0%| F|  |TAMS 0x0000000702000000, 0x0000000702000000| Untracked 
|  21|0x0000000702100000, 0x0000000702100000, 0x0000000702200000|  0%| F|  |TAMS 0x0000000702100000, 0x0000000702100000| Untracked 
|  22|0x0000000702200000, 0x0000000702200000, 0x0000000702300000|  0%| F|  |TAMS 0x0000000702200000, 0x0000000702200000| Untracked 
|  23|0x0000000702300000, 0x0000000702300000, 0x0000000702400000|  0%| F|  |TAMS 0x0000000702300000, 0x0000000702300000| Untracked 
|  24|0x0000000702400000, 0x0000000702400000, 0x0000000702500000|  0%| F|  |TAMS 0x0000000702400000, 0x0000000702400000| Untracked 
|  25|0x0000000702500000, 0x0000000702500000, 0x0000000702600000|  0%| F|  |TAMS 0x0000000702500000, 0x0000000702500000| Untracked 
|  26|0x0000000702600000, 0x0000000702600000, 0x0000000702700000|  0%| F|  |TAMS 0x0000000702600000, 0x0000000702600000| Untracked 
|  27|0x0000000702700000, 0x0000000702700000, 0x0000000702800000|  0%| F|  |TAMS 0x0000000702700000, 0x0000000702700000| Untracked 
|  28|0x0000000702800000, 0x0000000702800000, 0x0000000702900000|  0%| F|  |TAMS 0x0000000702800000, 0x0000000702800000| Untracked 
|  29|0x0000000702900000, 0x0000000702900000, 0x0000000702a00000|  0%| F|  |TAMS 0x0000000702900000, 0x0000000702900000| Untracked 
|  30|0x0000000702a00000, 0x0000000702a00000, 0x0000000702b00000|  0%| F|  |TAMS 0x0000000702a00000, 0x0000000702a00000| Untracked 
|  31|0x0000000702b00000, 0x0000000702b00000, 0x0000000702c00000|  0%| F|  |TAMS 0x0000000702b00000, 0x0000000702b00000| Untracked 
|  32|0x0000000702c00000, 0x0000000702c00000, 0x0000000702d00000|  0%| F|  |TAMS 0x0000000702c00000, 0x0000000702c00000| Untracked 
|  33|0x0000000702d00000, 0x0000000702d00000, 0x0000000702e00000|  0%| F|  |TAMS 0x0000000702d00000, 0x0000000702d00000| Untracked 
|  34|0x0000000702e00000, 0x0000000702e00000, 0x0000000702f00000|  0%| F|  |TAMS 0x0000000702e00000, 0x0000000702e00000| Untracked 
|  35|0x0000000702f00000, 0x0000000702f00000, 0x0000000703000000|  0%| F|  |TAMS 0x0000000702f00000, 0x0000000702f00000| Untracked 
|  36|0x0000000703000000, 0x0000000703000000, 0x0000000703100000|  0%| F|  |TAMS 0x0000000703000000, 0x0000000703000000| Untracked 
|  37|0x0000000703100000, 0x0000000703100000, 0x0000000703200000|  0%| F|  |TAMS 0x0000000703100000, 0x0000000703100000| Untracked 
|  38|0x0000000703200000, 0x0000000703200000, 0x0000000703300000|  0%| F|  |TAMS 0x0000000703200000, 0x0000000703200000| Untracked 
|  39|0x0000000703300000, 0x0000000703300000, 0x0000000703400000|  0%| F|  |TAMS 0x0000000703300000, 0x0000000703300000| Untracked 
|  40|0x0000000703400000, 0x0000000703400000, 0x0000000703500000|  0%| F|  |TAMS 0x0000000703400000, 0x0000000703400000| Untracked 
|  41|0x0000000703500000, 0x0000000703500000, 0x0000000703600000|  0%| F|  |TAMS 0x0000000703500000, 0x0000000703500000| Untracked 
|  42|0x0000000703600000, 0x0000000703600000, 0x0000000703700000|  0%| F|  |TAMS 0x0000000703600000, 0x0000000703600000| Untracked 
|  43|0x0000000703700000, 0x0000000703700000, 0x0000000703800000|  0%| F|  |TAMS 0x0000000703700000, 0x0000000703700000| Untracked 
|  44|0x0000000703800000, 0x0000000703800000, 0x0000000703900000|  0%| F|  |TAMS 0x0000000703800000, 0x0000000703800000| Untracked 
|  45|0x0000000703900000, 0x0000000703900000, 0x0000000703a00000|  0%| F|  |TAMS 0x0000000703900000, 0x0000000703900000| Untracked 
|  46|0x0000000703a00000, 0x0000000703a00000, 0x0000000703b00000|  0%| F|  |TAMS 0x0000000703a00000, 0x0000000703a00000| Untracked 
|  47|0x0000000703b00000, 0x0000000703b00000, 0x0000000703c00000|  0%| F|  |TAMS 0x0000000703b00000, 0x0000000703b00000| Untracked 
|  48|0x0000000703c00000, 0x0000000703c00000, 0x0000000703d00000|  0%| F|  |TAMS 0x0000000703c00000, 0x0000000703c00000| Untracked 
|  49|0x0000000703d00000, 0x0000000703d00000, 0x0000000703e00000|  0%| F|  |TAMS 0x0000000703d00000, 0x0000000703d00000| Untracked 
|  50|0x0000000703e00000, 0x0000000703e00000, 0x0000000703f00000|  0%| F|  |TAMS 0x0000000703e00000, 0x0000000703e00000| Untracked 
|  51|0x0000000703f00000, 0x0000000703f00000, 0x0000000704000000|  0%| F|  |TAMS 0x0000000703f00000, 0x0000000703f00000| Untracked 
|  52|0x0000000704000000, 0x0000000704000000, 0x0000000704100000|  0%| F|  |TAMS 0x0000000704000000, 0x0000000704000000| Untracked 
|  53|0x0000000704100000, 0x0000000704100000, 0x0000000704200000|  0%| F|  |TAMS 0x0000000704100000, 0x0000000704100000| Untracked 
|  54|0x0000000704200000, 0x0000000704200000, 0x0000000704300000|  0%| F|  |TAMS 0x0000000704200000, 0x0000000704200000| Untracked 
|  55|0x0000000704300000, 0x0000000704300000, 0x0000000704400000|  0%| F|  |TAMS 0x0000000704300000, 0x0000000704300000| Untracked 
|  56|0x0000000704400000, 0x0000000704400000, 0x0000000704500000|  0%| F|  |TAMS 0x0000000704400000, 0x0000000704400000| Untracked 
|  57|0x0000000704500000, 0x0000000704500000, 0x0000000704600000|  0%| F|  |TAMS 0x0000000704500000, 0x0000000704500000| Untracked 
|  58|0x0000000704600000, 0x0000000704600000, 0x0000000704700000|  0%| F|  |TAMS 0x0000000704600000, 0x0000000704600000| Untracked 
|  59|0x0000000704700000, 0x0000000704700000, 0x0000000704800000|  0%| F|  |TAMS 0x0000000704700000, 0x0000000704700000| Untracked 
|  60|0x0000000704800000, 0x0000000704800000, 0x0000000704900000|  0%| F|  |TAMS 0x0000000704800000, 0x0000000704800000| Untracked 
|  61|0x0000000704900000, 0x0000000704900000, 0x0000000704a00000|  0%| F|  |TAMS 0x0000000704900000, 0x0000000704900000| Untracked 
|  62|0x0000000704a00000, 0x0000000704a00000, 0x0000000704b00000|  0%| F|  |TAMS 0x0000000704a00000, 0x0000000704a00000| Untracked 
|  63|0x0000000704b00000, 0x0000000704b00000, 0x0000000704c00000|  0%| F|  |TAMS 0x0000000704b00000, 0x0000000704b00000| Untracked 
|  64|0x0000000704c00000, 0x0000000704c00000, 0x0000000704d00000|  0%| F|  |TAMS 0x0000000704c00000, 0x0000000704c00000| Untracked 
|  65|0x0000000704d00000, 0x0000000704d00000, 0x0000000704e00000|  0%| F|  |TAMS 0x0000000704d00000, 0x0000000704d00000| Untracked 
|  66|0x0000000704e00000, 0x0000000704e00000, 0x0000000704f00000|  0%| F|  |TAMS 0x0000000704e00000, 0x0000000704e00000| Untracked 
|  67|0x0000000704f00000, 0x0000000704f00000, 0x0000000705000000|  0%| F|  |TAMS 0x0000000704f00000, 0x0000000704f00000| Untracked 
|  68|0x0000000705000000, 0x0000000705000000, 0x0000000705100000|  0%| F|  |TAMS 0x0000000705000000, 0x0000000705000000| Untracked 
|  69|0x0000000705100000, 0x0000000705100000, 0x0000000705200000|  0%| F|  |TAMS 0x0000000705100000, 0x0000000705100000| Untracked 
|  70|0x0000000705200000, 0x0000000705200000, 0x0000000705300000|  0%| F|  |TAMS 0x0000000705200000, 0x0000000705200000| Untracked 
|  71|0x0000000705300000, 0x0000000705300000, 0x0000000705400000|  0%| F|  |TAMS 0x0000000705300000, 0x0000000705300000| Untracked 
|  72|0x0000000705400000, 0x0000000705400000, 0x0000000705500000|  0%| F|  |TAMS 0x0000000705400000, 0x0000000705400000| Untracked 
|  73|0x0000000705500000, 0x0000000705500000, 0x0000000705600000|  0%| F|  |TAMS 0x0000000705500000, 0x0000000705500000| Untracked 
|  74|0x0000000705600000, 0x0000000705600000, 0x0000000705700000|  0%| F|  |TAMS 0x0000000705600000, 0x0000000705600000| Untracked 
|  75|0x0000000705700000, 0x0000000705700000, 0x0000000705800000|  0%| F|  |TAMS 0x0000000705700000, 0x0000000705700000| Untracked 
|  76|0x0000000705800000, 0x0000000705800000, 0x0000000705900000|  0%| F|  |TAMS 0x0000000705800000, 0x0000000705800000| Untracked 
|  77|0x0000000705900000, 0x0000000705900000, 0x0000000705a00000|  0%| F|  |TAMS 0x0000000705900000, 0x0000000705900000| Untracked 
|  78|0x0000000705a00000, 0x0000000705a00000, 0x0000000705b00000|  0%| F|  |TAMS 0x0000000705a00000, 0x0000000705a00000| Untracked 
|  79|0x0000000705b00000, 0x0000000705b00000, 0x0000000705c00000|  0%| F|  |TAMS 0x0000000705b00000, 0x0000000705b00000| Untracked 
|  80|0x0000000705c00000, 0x0000000705c00000, 0x0000000705d00000|  0%| F|  |TAMS 0x0000000705c00000, 0x0000000705c00000| Untracked 
|  81|0x0000000705d00000, 0x0000000705d00000, 0x0000000705e00000|  0%| F|  |TAMS 0x0000000705d00000, 0x0000000705d00000| Untracked 
|  82|0x0000000705e00000, 0x0000000705e00000, 0x0000000705f00000|  0%| F|  |TAMS 0x0000000705e00000, 0x0000000705e00000| Untracked 
|  83|0x0000000705f00000, 0x0000000705f00000, 0x0000000706000000|  0%| F|  |TAMS 0x0000000705f00000, 0x0000000705f00000| Untracked 
|  84|0x0000000706000000, 0x0000000706000000, 0x0000000706100000|  0%| F|  |TAMS 0x0000000706000000, 0x0000000706000000| Untracked 
|  85|0x0000000706100000, 0x0000000706100000, 0x0000000706200000|  0%| F|  |TAMS 0x0000000706100000, 0x0000000706100000| Untracked 
|  86|0x0000000706200000, 0x0000000706200000, 0x0000000706300000|  0%| F|  |TAMS 0x0000000706200000, 0x0000000706200000| Untracked 
|  87|0x0000000706300000, 0x0000000706300000, 0x0000000706400000|  0%| F|  |TAMS 0x0000000706300000, 0x0000000706300000| Untracked 
|  88|0x0000000706400000, 0x0000000706400000, 0x0000000706500000|  0%| F|  |TAMS 0x0000000706400000, 0x0000000706400000| Untracked 
|  89|0x0000000706500000, 0x0000000706500000, 0x0000000706600000|  0%| F|  |TAMS 0x0000000706500000, 0x0000000706500000| Untracked 
|  90|0x0000000706600000, 0x0000000706600000, 0x0000000706700000|  0%| F|  |TAMS 0x0000000706600000, 0x0000000706600000| Untracked 
|  91|0x0000000706700000, 0x0000000706700000, 0x0000000706800000|  0%| F|  |TAMS 0x0000000706700000, 0x0000000706700000| Untracked 
|  92|0x0000000706800000, 0x0000000706800000, 0x0000000706900000|  0%| F|  |TAMS 0x0000000706800000, 0x0000000706800000| Untracked 
|  93|0x0000000706900000, 0x0000000706900000, 0x0000000706a00000|  0%| F|  |TAMS 0x0000000706900000, 0x0000000706900000| Untracked 
|  94|0x0000000706a00000, 0x0000000706a00000, 0x0000000706b00000|  0%| F|  |TAMS 0x0000000706a00000, 0x0000000706a00000| Untracked 
|  95|0x0000000706b00000, 0x0000000706b00000, 0x0000000706c00000|  0%| F|  |TAMS 0x0000000706b00000, 0x0000000706b00000| Untracked 
|  96|0x0000000706c00000, 0x0000000706c00000, 0x0000000706d00000|  0%| F|  |TAMS 0x0000000706c00000, 0x0000000706c00000| Untracked 
|  97|0x0000000706d00000, 0x0000000706d00000, 0x0000000706e00000|  0%| F|  |TAMS 0x0000000706d00000, 0x0000000706d00000| Untracked 
|  98|0x0000000706e00000, 0x0000000706e00000, 0x0000000706f00000|  0%| F|  |TAMS 0x0000000706e00000, 0x0000000706e00000| Untracked 
|  99|0x0000000706f00000, 0x0000000706f00000, 0x0000000707000000|  0%| F|  |TAMS 0x0000000706f00000, 0x0000000706f00000| Untracked 
| 100|0x0000000707000000, 0x0000000707000000, 0x0000000707100000|  0%| F|  |TAMS 0x0000000707000000, 0x0000000707000000| Untracked 
| 101|0x0000000707100000, 0x0000000707100000, 0x0000000707200000|  0%| F|  |TAMS 0x0000000707100000, 0x0000000707100000| Untracked 
| 102|0x0000000707200000, 0x0000000707200000, 0x0000000707300000|  0%| F|  |TAMS 0x0000000707200000, 0x0000000707200000| Untracked 
| 103|0x0000000707300000, 0x0000000707300000, 0x0000000707400000|  0%| F|  |TAMS 0x0000000707300000, 0x0000000707300000| Untracked 
| 104|0x0000000707400000, 0x0000000707400000, 0x0000000707500000|  0%| F|  |TAMS 0x0000000707400000, 0x0000000707400000| Untracked 
| 105|0x0000000707500000, 0x0000000707500000, 0x0000000707600000|  0%| F|  |TAMS 0x0000000707500000, 0x0000000707500000| Untracked 
| 106|0x0000000707600000, 0x0000000707600000, 0x0000000707700000|  0%| F|  |TAMS 0x0000000707600000, 0x0000000707600000| Untracked 
| 107|0x0000000707700000, 0x0000000707700000, 0x0000000707800000|  0%| F|  |TAMS 0x0000000707700000, 0x0000000707700000| Untracked 
| 108|0x0000000707800000, 0x0000000707800000, 0x0000000707900000|  0%| F|  |TAMS 0x0000000707800000, 0x0000000707800000| Untracked 
| 109|0x0000000707900000, 0x0000000707900000, 0x0000000707a00000|  0%| F|  |TAMS 0x0000000707900000, 0x0000000707900000| Untracked 
| 110|0x0000000707a00000, 0x0000000707a00000, 0x0000000707b00000|  0%| F|  |TAMS 0x0000000707a00000, 0x0000000707a00000| Untracked 
| 111|0x0000000707b00000, 0x0000000707b00000, 0x0000000707c00000|  0%| F|  |TAMS 0x0000000707b00000, 0x0000000707b00000| Untracked 
| 112|0x0000000707c00000, 0x0000000707c00000, 0x0000000707d00000|  0%| F|  |TAMS 0x0000000707c00000, 0x0000000707c00000| Untracked 
| 113|0x0000000707d00000, 0x0000000707d00000, 0x0000000707e00000|  0%| F|  |TAMS 0x0000000707d00000, 0x0000000707d00000| Untracked 
| 114|0x0000000707e00000, 0x0000000707e00000, 0x0000000707f00000|  0%| F|  |TAMS 0x0000000707e00000, 0x0000000707e00000| Untracked 
| 115|0x0000000707f00000, 0x0000000707f00000, 0x0000000708000000|  0%| F|  |TAMS 0x0000000707f00000, 0x0000000707f00000| Untracked 
| 116|0x0000000708000000, 0x0000000708000000, 0x0000000708100000|  0%| F|  |TAMS 0x0000000708000000, 0x0000000708000000| Untracked 
| 117|0x0000000708100000, 0x0000000708100000, 0x0000000708200000|  0%| F|  |TAMS 0x0000000708100000, 0x0000000708100000| Untracked 
| 118|0x0000000708200000, 0x0000000708200000, 0x0000000708300000|  0%| F|  |TAMS 0x0000000708200000, 0x0000000708200000| Untracked 
| 119|0x0000000708300000, 0x0000000708300000, 0x0000000708400000|  0%| F|  |TAMS 0x0000000708300000, 0x0000000708300000| Untracked 
| 120|0x0000000708400000, 0x0000000708400000, 0x0000000708500000|  0%| F|  |TAMS 0x0000000708400000, 0x0000000708400000| Untracked 
| 121|0x0000000708500000, 0x0000000708500000, 0x0000000708600000|  0%| F|  |TAMS 0x0000000708500000, 0x0000000708500000| Untracked 
| 122|0x0000000708600000, 0x0000000708600000, 0x0000000708700000|  0%| F|  |TAMS 0x0000000708600000, 0x0000000708600000| Untracked 
| 123|0x0000000708700000, 0x0000000708700000, 0x0000000708800000|  0%| F|  |TAMS 0x0000000708700000, 0x0000000708700000| Untracked 
| 124|0x0000000708800000, 0x0000000708800000, 0x0000000708900000|  0%| F|  |TAMS 0x0000000708800000, 0x0000000708800000| Untracked 
| 125|0x0000000708900000, 0x0000000708900000, 0x0000000708a00000|  0%| F|  |TAMS 0x0000000708900000, 0x0000000708900000| Untracked 
| 126|0x0000000708a00000, 0x0000000708a00000, 0x0000000708b00000|  0%| F|  |TAMS 0x0000000708a00000, 0x0000000708a00000| Untracked 
| 127|0x0000000708b00000, 0x0000000708b00000, 0x0000000708c00000|  0%| F|  |TAMS 0x0000000708b00000, 0x0000000708b00000| Untracked 
| 128|0x0000000708c00000, 0x0000000708c00000, 0x0000000708d00000|  0%| F|  |TAMS 0x0000000708c00000, 0x0000000708c00000| Untracked 
| 129|0x0000000708d00000, 0x0000000708d00000, 0x0000000708e00000|  0%| F|  |TAMS 0x0000000708d00000, 0x0000000708d00000| Untracked 
| 130|0x0000000708e00000, 0x0000000708e00000, 0x0000000708f00000|  0%| F|  |TAMS 0x0000000708e00000, 0x0000000708e00000| Untracked 
| 131|0x0000000708f00000, 0x0000000708f00000, 0x0000000709000000|  0%| F|  |TAMS 0x0000000708f00000, 0x0000000708f00000| Untracked 
| 132|0x0000000709000000, 0x0000000709000000, 0x0000000709100000|  0%| F|  |TAMS 0x0000000709000000, 0x0000000709000000| Untracked 
| 133|0x0000000709100000, 0x0000000709100000, 0x0000000709200000|  0%| F|  |TAMS 0x0000000709100000, 0x0000000709100000| Untracked 
| 134|0x0000000709200000, 0x0000000709200000, 0x0000000709300000|  0%| F|  |TAMS 0x0000000709200000, 0x0000000709200000| Untracked 
| 135|0x0000000709300000, 0x0000000709300000, 0x0000000709400000|  0%| F|  |TAMS 0x0000000709300000, 0x0000000709300000| Untracked 
| 136|0x0000000709400000, 0x0000000709400000, 0x0000000709500000|  0%| F|  |TAMS 0x0000000709400000, 0x0000000709400000| Untracked 
| 137|0x0000000709500000, 0x0000000709500000, 0x0000000709600000|  0%| F|  |TAMS 0x0000000709500000, 0x0000000709500000| Untracked 
| 138|0x0000000709600000, 0x0000000709600000, 0x0000000709700000|  0%| F|  |TAMS 0x0000000709600000, 0x0000000709600000| Untracked 
| 139|0x0000000709700000, 0x0000000709700000, 0x0000000709800000|  0%| F|  |TAMS 0x0000000709700000, 0x0000000709700000| Untracked 
| 140|0x0000000709800000, 0x0000000709800000, 0x0000000709900000|  0%| F|  |TAMS 0x0000000709800000, 0x0000000709800000| Untracked 
| 141|0x0000000709900000, 0x0000000709900000, 0x0000000709a00000|  0%| F|  |TAMS 0x0000000709900000, 0x0000000709900000| Untracked 
| 142|0x0000000709a00000, 0x0000000709a00000, 0x0000000709b00000|  0%| F|  |TAMS 0x0000000709a00000, 0x0000000709a00000| Untracked 
| 143|0x0000000709b00000, 0x0000000709b00000, 0x0000000709c00000|  0%| F|  |TAMS 0x0000000709b00000, 0x0000000709b00000| Untracked 
| 144|0x0000000709c00000, 0x0000000709c00000, 0x0000000709d00000|  0%| F|  |TAMS 0x0000000709c00000, 0x0000000709c00000| Untracked 
| 145|0x0000000709d00000, 0x0000000709d00000, 0x0000000709e00000|  0%| F|  |TAMS 0x0000000709d00000, 0x0000000709d00000| Untracked 
| 146|0x0000000709e00000, 0x0000000709e00000, 0x0000000709f00000|  0%| F|  |TAMS 0x0000000709e00000, 0x0000000709e00000| Untracked 
| 147|0x0000000709f00000, 0x0000000709f00000, 0x000000070a000000|  0%| F|  |TAMS 0x0000000709f00000, 0x0000000709f00000| Untracked 
| 148|0x000000070a000000, 0x000000070a000000, 0x000000070a100000|  0%| F|  |TAMS 0x000000070a000000, 0x000000070a000000| Untracked 
| 149|0x000000070a100000, 0x000000070a100000, 0x000000070a200000|  0%| F|  |TAMS 0x000000070a100000, 0x000000070a100000| Untracked 
| 150|0x000000070a200000, 0x000000070a200000, 0x000000070a300000|  0%| F|  |TAMS 0x000000070a200000, 0x000000070a200000| Untracked 
| 151|0x000000070a300000, 0x000000070a300000, 0x000000070a400000|  0%| F|  |TAMS 0x000000070a300000, 0x000000070a300000| Untracked 
| 152|0x000000070a400000, 0x000000070a400000, 0x000000070a500000|  0%| F|  |TAMS 0x000000070a400000, 0x000000070a400000| Untracked 
| 153|0x000000070a500000, 0x000000070a500000, 0x000000070a600000|  0%| F|  |TAMS 0x000000070a500000, 0x000000070a500000| Untracked 
| 154|0x000000070a600000, 0x000000070a600000, 0x000000070a700000|  0%| F|  |TAMS 0x000000070a600000, 0x000000070a600000| Untracked 
| 155|0x000000070a700000, 0x000000070a700000, 0x000000070a800000|  0%| F|  |TAMS 0x000000070a700000, 0x000000070a700000| Untracked 
| 156|0x000000070a800000, 0x000000070a800000, 0x000000070a900000|  0%| F|  |TAMS 0x000000070a800000, 0x000000070a800000| Untracked 
| 157|0x000000070a900000, 0x000000070a900000, 0x000000070aa00000|  0%| F|  |TAMS 0x000000070a900000, 0x000000070a900000| Untracked 
| 158|0x000000070aa00000, 0x000000070aa00000, 0x000000070ab00000|  0%| F|  |TAMS 0x000000070aa00000, 0x000000070aa00000| Untracked 
| 159|0x000000070ab00000, 0x000000070ab00000, 0x000000070ac00000|  0%| F|  |TAMS 0x000000070ab00000, 0x000000070ab00000| Untracked 
| 160|0x000000070ac00000, 0x000000070ac00000, 0x000000070ad00000|  0%| F|  |TAMS 0x000000070ac00000, 0x000000070ac00000| Untracked 
| 161|0x000000070ad00000, 0x000000070ad00000, 0x000000070ae00000|  0%| F|  |TAMS 0x000000070ad00000, 0x000000070ad00000| Untracked 
| 162|0x000000070ae00000, 0x000000070ae00000, 0x000000070af00000|  0%| F|  |TAMS 0x000000070ae00000, 0x000000070ae00000| Untracked 
| 163|0x000000070af00000, 0x000000070af00000, 0x000000070b000000|  0%| F|  |TAMS 0x000000070af00000, 0x000000070af00000| Untracked 
| 164|0x000000070b000000, 0x000000070b000000, 0x000000070b100000|  0%| F|  |TAMS 0x000000070b000000, 0x000000070b000000| Untracked 
| 165|0x000000070b100000, 0x000000070b100000, 0x000000070b200000|  0%| F|  |TAMS 0x000000070b100000, 0x000000070b100000| Untracked 
| 166|0x000000070b200000, 0x000000070b200000, 0x000000070b300000|  0%| F|  |TAMS 0x000000070b200000, 0x000000070b200000| Untracked 
| 167|0x000000070b300000, 0x000000070b300000, 0x000000070b400000|  0%| F|  |TAMS 0x000000070b300000, 0x000000070b300000| Untracked 
| 168|0x000000070b400000, 0x000000070b400000, 0x000000070b500000|  0%| F|  |TAMS 0x000000070b400000, 0x000000070b400000| Untracked 
| 169|0x000000070b500000, 0x000000070b500000, 0x000000070b600000|  0%| F|  |TAMS 0x000000070b500000, 0x000000070b500000| Untracked 
| 170|0x000000070b600000, 0x000000070b600000, 0x000000070b700000|  0%| F|  |TAMS 0x000000070b600000, 0x000000070b600000| Untracked 
| 171|0x000000070b700000, 0x000000070b700000, 0x000000070b800000|  0%| F|  |TAMS 0x000000070b700000, 0x000000070b700000| Untracked 
| 172|0x000000070b800000, 0x000000070b800000, 0x000000070b900000|  0%| F|  |TAMS 0x000000070b800000, 0x000000070b800000| Untracked 
| 173|0x000000070b900000, 0x000000070b900000, 0x000000070ba00000|  0%| F|  |TAMS 0x000000070b900000, 0x000000070b900000| Untracked 
| 174|0x000000070ba00000, 0x000000070ba00000, 0x000000070bb00000|  0%| F|  |TAMS 0x000000070ba00000, 0x000000070ba00000| Untracked 
| 175|0x000000070bb00000, 0x000000070bb00000, 0x000000070bc00000|  0%| F|  |TAMS 0x000000070bb00000, 0x000000070bb00000| Untracked 
| 176|0x000000070bc00000, 0x000000070bc00000, 0x000000070bd00000|  0%| F|  |TAMS 0x000000070bc00000, 0x000000070bc00000| Untracked 
| 177|0x000000070bd00000, 0x000000070bd00000, 0x000000070be00000|  0%| F|  |TAMS 0x000000070bd00000, 0x000000070bd00000| Untracked 
| 178|0x000000070be00000, 0x000000070be00000, 0x000000070bf00000|  0%| F|  |TAMS 0x000000070be00000, 0x000000070be00000| Untracked 
| 179|0x000000070bf00000, 0x000000070bf00000, 0x000000070c000000|  0%| F|  |TAMS 0x000000070bf00000, 0x000000070bf00000| Untracked 
| 180|0x000000070c000000, 0x000000070c000000, 0x000000070c100000|  0%| F|  |TAMS 0x000000070c000000, 0x000000070c000000| Untracked 
| 181|0x000000070c100000, 0x000000070c100000, 0x000000070c200000|  0%| F|  |TAMS 0x000000070c100000, 0x000000070c100000| Untracked 
| 182|0x000000070c200000, 0x000000070c200000, 0x000000070c300000|  0%| F|  |TAMS 0x000000070c200000, 0x000000070c200000| Untracked 
| 183|0x000000070c300000, 0x000000070c300000, 0x000000070c400000|  0%| F|  |TAMS 0x000000070c300000, 0x000000070c300000| Untracked 
| 184|0x000000070c400000, 0x000000070c400000, 0x000000070c500000|  0%| F|  |TAMS 0x000000070c400000, 0x000000070c400000| Untracked 
| 185|0x000000070c500000, 0x000000070c500000, 0x000000070c600000|  0%| F|  |TAMS 0x000000070c500000, 0x000000070c500000| Untracked 
| 186|0x000000070c600000, 0x000000070c600000, 0x000000070c700000|  0%| F|  |TAMS 0x000000070c600000, 0x000000070c600000| Untracked 
| 187|0x000000070c700000, 0x000000070c700000, 0x000000070c800000|  0%| F|  |TAMS 0x000000070c700000, 0x000000070c700000| Untracked 
| 188|0x000000070c800000, 0x000000070c800000, 0x000000070c900000|  0%| F|  |TAMS 0x000000070c800000, 0x000000070c800000| Untracked 
| 189|0x000000070c900000, 0x000000070c900000, 0x000000070ca00000|  0%| F|  |TAMS 0x000000070c900000, 0x000000070c900000| Untracked 
| 190|0x000000070ca00000, 0x000000070ca00000, 0x000000070cb00000|  0%| F|  |TAMS 0x000000070ca00000, 0x000000070ca00000| Untracked 
| 191|0x000000070cb00000, 0x000000070cb00000, 0x000000070cc00000|  0%| F|  |TAMS 0x000000070cb00000, 0x000000070cb00000| Untracked 
| 192|0x000000070cc00000, 0x000000070cc00000, 0x000000070cd00000|  0%| F|  |TAMS 0x000000070cc00000, 0x000000070cc00000| Untracked 
| 193|0x000000070cd00000, 0x000000070cd00000, 0x000000070ce00000|  0%| F|  |TAMS 0x000000070cd00000, 0x000000070cd00000| Untracked 
| 194|0x000000070ce00000, 0x000000070ce00000, 0x000000070cf00000|  0%| F|  |TAMS 0x000000070ce00000, 0x000000070ce00000| Untracked 
| 195|0x000000070cf00000, 0x000000070cf00000, 0x000000070d000000|  0%| F|  |TAMS 0x000000070cf00000, 0x000000070cf00000| Untracked 
| 196|0x000000070d000000, 0x000000070d000000, 0x000000070d100000|  0%| F|  |TAMS 0x000000070d000000, 0x000000070d000000| Untracked 
| 197|0x000000070d100000, 0x000000070d100000, 0x000000070d200000|  0%| F|  |TAMS 0x000000070d100000, 0x000000070d100000| Untracked 
| 198|0x000000070d200000, 0x000000070d200000, 0x000000070d300000|  0%| F|  |TAMS 0x000000070d200000, 0x000000070d200000| Untracked 
| 199|0x000000070d300000, 0x000000070d300000, 0x000000070d400000|  0%| F|  |TAMS 0x000000070d300000, 0x000000070d300000| Untracked 
| 200|0x000000070d400000, 0x000000070d400000, 0x000000070d500000|  0%| F|  |TAMS 0x000000070d400000, 0x000000070d400000| Untracked 
| 201|0x000000070d500000, 0x000000070d500000, 0x000000070d600000|  0%| F|  |TAMS 0x000000070d500000, 0x000000070d500000| Untracked 
| 202|0x000000070d600000, 0x000000070d600000, 0x000000070d700000|  0%| F|  |TAMS 0x000000070d600000, 0x000000070d600000| Untracked 
| 203|0x000000070d700000, 0x000000070d700000, 0x000000070d800000|  0%| F|  |TAMS 0x000000070d700000, 0x000000070d700000| Untracked 
| 204|0x000000070d800000, 0x000000070d800000, 0x000000070d900000|  0%| F|  |TAMS 0x000000070d800000, 0x000000070d800000| Untracked 
| 205|0x000000070d900000, 0x000000070d900000, 0x000000070da00000|  0%| F|  |TAMS 0x000000070d900000, 0x000000070d900000| Untracked 
| 206|0x000000070da00000, 0x000000070da00000, 0x000000070db00000|  0%| F|  |TAMS 0x000000070da00000, 0x000000070da00000| Untracked 
| 207|0x000000070db00000, 0x000000070db00000, 0x000000070dc00000|  0%| F|  |TAMS 0x000000070db00000, 0x000000070db00000| Untracked 
| 208|0x000000070dc00000, 0x000000070dc00000, 0x000000070dd00000|  0%| F|  |TAMS 0x000000070dc00000, 0x000000070dc00000| Untracked 
| 209|0x000000070dd00000, 0x000000070dd00000, 0x000000070de00000|  0%| F|  |TAMS 0x000000070dd00000, 0x000000070dd00000| Untracked 
| 210|0x000000070de00000, 0x000000070de00000, 0x000000070df00000|  0%| F|  |TAMS 0x000000070de00000, 0x000000070de00000| Untracked 
| 211|0x000000070df00000, 0x000000070df00000, 0x000000070e000000|  0%| F|  |TAMS 0x000000070df00000, 0x000000070df00000| Untracked 
| 212|0x000000070e000000, 0x000000070e000000, 0x000000070e100000|  0%| F|  |TAMS 0x000000070e000000, 0x000000070e000000| Untracked 
| 213|0x000000070e100000, 0x000000070e100000, 0x000000070e200000|  0%| F|  |TAMS 0x000000070e100000, 0x000000070e100000| Untracked 
| 214|0x000000070e200000, 0x000000070e200000, 0x000000070e300000|  0%| F|  |TAMS 0x000000070e200000, 0x000000070e200000| Untracked 
| 215|0x000000070e300000, 0x000000070e300000, 0x000000070e400000|  0%| F|  |TAMS 0x000000070e300000, 0x000000070e300000| Untracked 
| 216|0x000000070e400000, 0x000000070e400000, 0x000000070e500000|  0%| F|  |TAMS 0x000000070e400000, 0x000000070e400000| Untracked 
| 217|0x000000070e500000, 0x000000070e500000, 0x000000070e600000|  0%| F|  |TAMS 0x000000070e500000, 0x000000070e500000| Untracked 
| 218|0x000000070e600000, 0x000000070e600000, 0x000000070e700000|  0%| F|  |TAMS 0x000000070e600000, 0x000000070e600000| Untracked 
| 219|0x000000070e700000, 0x000000070e700000, 0x000000070e800000|  0%| F|  |TAMS 0x000000070e700000, 0x000000070e700000| Untracked 
| 220|0x000000070e800000, 0x000000070e800000, 0x000000070e900000|  0%| F|  |TAMS 0x000000070e800000, 0x000000070e800000| Untracked 
| 221|0x000000070e900000, 0x000000070e900000, 0x000000070ea00000|  0%| F|  |TAMS 0x000000070e900000, 0x000000070e900000| Untracked 
| 222|0x000000070ea00000, 0x000000070ea00000, 0x000000070eb00000|  0%| F|  |TAMS 0x000000070ea00000, 0x000000070ea00000| Untracked 
| 223|0x000000070eb00000, 0x000000070eb00000, 0x000000070ec00000|  0%| F|  |TAMS 0x000000070eb00000, 0x000000070eb00000| Untracked 
| 224|0x000000070ec00000, 0x000000070ec00000, 0x000000070ed00000|  0%| F|  |TAMS 0x000000070ec00000, 0x000000070ec00000| Untracked 
| 225|0x000000070ed00000, 0x000000070ed00000, 0x000000070ee00000|  0%| F|  |TAMS 0x000000070ed00000, 0x000000070ed00000| Untracked 
| 226|0x000000070ee00000, 0x000000070ee00000, 0x000000070ef00000|  0%| F|  |TAMS 0x000000070ee00000, 0x000000070ee00000| Untracked 
| 227|0x000000070ef00000, 0x000000070ef00000, 0x000000070f000000|  0%| F|  |TAMS 0x000000070ef00000, 0x000000070ef00000| Untracked 
| 228|0x000000070f000000, 0x000000070f000000, 0x000000070f100000|  0%| F|  |TAMS 0x000000070f000000, 0x000000070f000000| Untracked 
| 229|0x000000070f100000, 0x000000070f100000, 0x000000070f200000|  0%| F|  |TAMS 0x000000070f100000, 0x000000070f100000| Untracked 
| 230|0x000000070f200000, 0x000000070f200000, 0x000000070f300000|  0%| F|  |TAMS 0x000000070f200000, 0x000000070f200000| Untracked 
| 231|0x000000070f300000, 0x000000070f300000, 0x000000070f400000|  0%| F|  |TAMS 0x000000070f300000, 0x000000070f300000| Untracked 
| 232|0x000000070f400000, 0x000000070f400000, 0x000000070f500000|  0%| F|  |TAMS 0x000000070f400000, 0x000000070f400000| Untracked 
| 233|0x000000070f500000, 0x000000070f500000, 0x000000070f600000|  0%| F|  |TAMS 0x000000070f500000, 0x000000070f500000| Untracked 
| 234|0x000000070f600000, 0x000000070f600000, 0x000000070f700000|  0%| F|  |TAMS 0x000000070f600000, 0x000000070f600000| Untracked 
| 235|0x000000070f700000, 0x000000070f700000, 0x000000070f800000|  0%| F|  |TAMS 0x000000070f700000, 0x000000070f700000| Untracked 
| 236|0x000000070f800000, 0x000000070f800000, 0x000000070f900000|  0%| F|  |TAMS 0x000000070f800000, 0x000000070f800000| Untracked 
| 237|0x000000070f900000, 0x000000070f900000, 0x000000070fa00000|  0%| F|  |TAMS 0x000000070f900000, 0x000000070f900000| Untracked 
| 238|0x000000070fa00000, 0x000000070fa00000, 0x000000070fb00000|  0%| F|  |TAMS 0x000000070fa00000, 0x000000070fa00000| Untracked 
| 239|0x000000070fb00000, 0x000000070fb00000, 0x000000070fc00000|  0%| F|  |TAMS 0x000000070fb00000, 0x000000070fb00000| Untracked 
| 240|0x000000070fc00000, 0x000000070fc00000, 0x000000070fd00000|  0%| F|  |TAMS 0x000000070fc00000, 0x000000070fc00000| Untracked 
| 241|0x000000070fd00000, 0x000000070fd00000, 0x000000070fe00000|  0%| F|  |TAMS 0x000000070fd00000, 0x000000070fd00000| Untracked 
| 242|0x000000070fe00000, 0x000000070fe95348, 0x000000070ff00000| 58%| E|  |TAMS 0x000000070fe00000, 0x000000070fe00000| Complete 
| 243|0x000000070ff00000, 0x0000000710000000, 0x0000000710000000|100%| E|  |TAMS 0x000000070ff00000, 0x000000070ff00000| Complete 
| 244|0x0000000710000000, 0x0000000710100000, 0x0000000710100000|100%| E|CS|TAMS 0x0000000710000000, 0x0000000710000000| Complete 
| 245|0x0000000710100000, 0x0000000710200000, 0x0000000710200000|100%| E|CS|TAMS 0x0000000710100000, 0x0000000710100000| Complete 
| 246|0x0000000710200000, 0x0000000710300000, 0x0000000710300000|100%| E|CS|TAMS 0x0000000710200000, 0x0000000710200000| Complete 
| 247|0x0000000710300000, 0x0000000710400000, 0x0000000710400000|100%| E|CS|TAMS 0x0000000710300000, 0x0000000710300000| Complete 
| 248|0x0000000710400000, 0x0000000710500000, 0x0000000710500000|100%| E|CS|TAMS 0x0000000710400000, 0x0000000710400000| Complete 
| 249|0x0000000710500000, 0x0000000710600000, 0x0000000710600000|100%| E|CS|TAMS 0x0000000710500000, 0x0000000710500000| Complete 
| 250|0x0000000710600000, 0x0000000710700000, 0x0000000710700000|100%| E|CS|TAMS 0x0000000710600000, 0x0000000710600000| Complete 
| 251|0x0000000710700000, 0x0000000710800000, 0x0000000710800000|100%| E|CS|TAMS 0x0000000710700000, 0x0000000710700000| Complete 
| 252|0x0000000710800000, 0x0000000710900000, 0x0000000710900000|100%| E|CS|TAMS 0x0000000710800000, 0x0000000710800000| Complete 
| 253|0x0000000710900000, 0x0000000710a00000, 0x0000000710a00000|100%| E|CS|TAMS 0x0000000710900000, 0x0000000710900000| Complete 
| 254|0x0000000710a00000, 0x0000000710b00000, 0x0000000710b00000|100%| E|CS|TAMS 0x0000000710a00000, 0x0000000710a00000| Complete 
| 255|0x0000000710b00000, 0x0000000710c00000, 0x0000000710c00000|100%| E|CS|TAMS 0x0000000710b00000, 0x0000000710b00000| Complete 

Card table byte_map: [0x000001af776a0000,0x000001af77ea0000] _byte_map_base: 0x000001af73e9a000

Marking Bits (Prev, Next): (CMBitMap*) 0x000001af5f7dc4d8, (CMBitMap*) 0x000001af5f7dc518
 Prev Bits: [0x000001af786a0000, 0x000001af7c670000)
 Next Bits: [0x000001af00000000, 0x000001af03fd0000)

Polling page: 0x000001af5d6a0000

Metaspace:

Usage:
  Non-class:      8.26 MB capacity,     6.69 MB ( 81%) used,     1.56 MB ( 19%) free+waste,    12.25 KB ( <1%) overhead. 
      Class:    634.00 KB capacity,   436.34 KB ( 69%) used,   192.04 KB ( 30%) free+waste,     5.63 KB ( <1%) overhead. 
       Both:      8.88 MB capacity,     7.11 MB ( 80%) used,     1.75 MB ( 20%) free+waste,    17.88 KB ( <1%) overhead. 

Virtual space:
  Non-class space:       10.00 MB reserved,       8.50 MB ( 85%) committed 
      Class space:        1.00 GB reserved,     640.00 KB ( <1%) committed 
             Both:        1.01 GB reserved,       9.13 MB ( <1%) committed 

Chunk freelists:
   Non-Class:  54.00 KB
       Class:  0 bytes
        Both:  54.00 KB

MaxMetaspaceSize: 17179869184.00 GB
CompressedClassSpaceSize: 1.00 GB

CodeHeap 'non-profiled nmethods': size=120000Kb used=269Kb max_used=269Kb free=119730Kb
 bounds [0x000001af6f740000, 0x000001af6f9b0000, 0x000001af76c70000]
CodeHeap 'profiled nmethods': size=120000Kb used=1519Kb max_used=1519Kb free=118480Kb
 bounds [0x000001af68210000, 0x000001af68480000, 0x000001af6f740000]
CodeHeap 'non-nmethods': size=5760Kb used=1755Kb max_used=1755Kb free=4004Kb
 bounds [0x000001af67c70000, 0x000001af67ee0000, 0x000001af68210000]
 total_blobs=2467 nmethods=842 adapters=1096
 compilation: enabled
              stopped_count=0, restarted_count=0
 full_count=0

Compilation events (20 events):
Event: 1.388 Thread 0x000001af7f872000 nmethod 832 0x000001af68388410 code [0x000001af683885c0, 0x000001af68388758]
Event: 1.390 Thread 0x000001af05178800 nmethod 826 0x000001af6f780e90 code [0x000001af6f781020, 0x000001af6f7813b8]
Event: 1.390 Thread 0x000001af05178800  834       4       java.awt.image.BufferedImage::getWidth (8 bytes)
Event: 1.390 Thread 0x000001af05178800 nmethod 834 0x000001af6f781610 code [0x000001af6f7817a0, 0x000001af6f781838]
Event: 1.390 Thread 0x000001af05178800  831       4       jdk.internal.misc.Unsafe::putByte (8 bytes)
Event: 1.390 Thread 0x000001af05178800 nmethod 831 0x000001af6f781910 code [0x000001af6f781aa0, 0x000001af6f781b18]
Event: 1.390 Thread 0x000001af05178800  833   !   4       java.nio.DirectByteBuffer::put (31 bytes)
Event: 1.390 Thread 0x000001af7f868800 nmethod 827 0x000001af6f781c10 code [0x000001af6f781de0, 0x000001af6f782148]
Event: 1.391 Thread 0x000001af05178800 nmethod 833 0x000001af6f782610 code [0x000001af6f7827a0, 0x000001af6f782858]
Event: 1.391 Thread 0x000001af05178800  835       4       java.lang.String::substring (58 bytes)
Event: 1.394 Thread 0x000001af05178800 nmethod 835 0x000001af6f782910 code [0x000001af6f782ac0, 0x000001af6f782fb8]
Event: 1.817 Thread 0x000001af7f872000  836       3       java.lang.ClassLoader::loadClass (7 bytes)
Event: 1.817 Thread 0x000001af7f872000 nmethod 836 0x000001af68388810 code [0x000001af683889c0, 0x000001af68388c10]
Event: 1.817 Thread 0x000001af7f872000  837       3       java.util.zip.ZipFile$ZipFileInflaterInputStream::fill (80 bytes)
Event: 1.817 Thread 0x000001af7f872000 nmethod 837 0x000001af68388c90 code [0x000001af68388e80, 0x000001af68389290]
Event: 1.817 Thread 0x000001af7f872000  838   !   3       java.util.zip.ZipFile$ZipFileInputStream::read (135 bytes)
Event: 1.817 Thread 0x000001af7f872000 nmethod 838 0x000001af68389410 code [0x000001af68389620, 0x000001af68389e00]
Event: 1.817 Thread 0x000001af7f872000  839       3       java.util.zip.ZipFile::ensureOpenOrZipException (19 bytes)
Event: 1.817 Thread 0x000001af7f872000 nmethod 839 0x000001af6838a190 code [0x000001af6838a340, 0x000001af6838a590]
Event: 1.817 Thread 0x000001af7f872000  840       3       java.util.zip.ZipFile$ZipFileInputStream::initDataOffset (109 bytes)

GC Heap History (0 events):
No events

Deoptimization events (10 events):
Event: 0.090 Thread 0x000001af5d65e000 Uncommon trap: trap_request=0xffffff45 fr.pc=0x000001af6f744f2c relative=0x000000000000020c
Event: 0.090 Thread 0x000001af5d65e000 Uncommon trap: reason=unstable_if action=reinterpret pc=0x000001af6f744f2c method=java.lang.String.hashCode()I @ 13 c2
Event: 0.090 Thread 0x000001af5d65e000 DEOPT PACKING pc=0x000001af6f744f2c sp=0x0000007f663fdee0
Event: 0.090 Thread 0x000001af5d65e000 DEOPT UNPACKING pc=0x000001af67cb912f sp=0x0000007f663fde70 mode 2
Event: 1.173 Thread 0x000001af5d65e000 Uncommon trap: trap_request=0xffffff54 fr.pc=0x000001af6f761288 relative=0x0000000000000068
Event: 1.173 Thread 0x000001af5d65e000 Uncommon trap: reason=speculate_null_assert action=make_not_entrant pc=0x000001af6f761288 method=sun.misc.Unsafe.getLong(Ljava/lang/Object;J)J @ 5 c2
Event: 1.173 Thread 0x000001af5d65e000 DEOPT PACKING pc=0x000001af6f761288 sp=0x0000007f663febd0
Event: 1.173 Thread 0x000001af5d65e000 DEOPT UNPACKING pc=0x000001af67cb912f sp=0x0000007f663feb58 mode 2
Event: 1.286 Thread 0x000001af5d65e000 DEOPT PACKING pc=0x000001af68279ef4 sp=0x0000007f663fda20
Event: 1.286 Thread 0x000001af5d65e000 DEOPT UNPACKING pc=0x000001af67cb964e sp=0x0000007f663fce78 mode 0

Classes unloaded (0 events):
No events

Classes redefined (0 events):
No events

Internal exceptions (15 events):
Event: 0.129 Thread 0x000001af5d65e000 Exception <a 'java/lang/NoSuchMethodError'{0x0000000710991220}: 'void java.lang.invoke.DelegatingMethodHandle$Holder.delegate(java.lang.Object, java.lang.Object, int, java.lang.Object)'> (0x0000000710991220) 
thrown [t:/workspace/open/src/hotspot/share/interpreter/linkResolver.cpp, line 767]
Event: 0.130 Thread 0x000001af5d65e000 Exception <a 'java/lang/NoSuchMethodError'{0x0000000710997f78}: 'java.lang.Object java.lang.invoke.DirectMethodHandle$Holder.invokeStaticInit(java.lang.Object, java.lang.Object, java.lang.Object)'> (0x0000000710997f78) 
thrown [t:/workspace/open/src/hotspot/share/interpreter/linkResolver.cpp, line 767]
Event: 0.156 Thread 0x000001af5d65e000 Exception <a 'sun/nio/fs/WindowsException'{0x00000007109ff2a0}> (0x00000007109ff2a0) 
thrown [t:/workspace/open/src/hotspot/share/prims/jni.cpp, line 598]
Event: 0.156 Thread 0x000001af5d65e000 Exception <a 'sun/nio/fs/WindowsException'{0x00000007109ff7f0}> (0x00000007109ff7f0) 
thrown [t:/workspace/open/src/hotspot/share/prims/jni.cpp, line 598]
Event: 0.173 Thread 0x000001af5d65e000 Exception <a 'sun/nio/fs/WindowsException'{0x0000000710870218}> (0x0000000710870218) 
thrown [t:/workspace/open/src/hotspot/share/prims/jni.cpp, line 598]
Event: 0.173 Thread 0x000001af5d65e000 Exception <a 'sun/nio/fs/WindowsException'{0x0000000710870578}> (0x0000000710870578) 
thrown [t:/workspace/open/src/hotspot/share/prims/jni.cpp, line 598]
Event: 1.133 Thread 0x000001af5d65e000 Exception <a 'sun/nio/fs/WindowsException'{0x000000071073d830}> (0x000000071073d830) 
thrown [t:/workspace/open/src/hotspot/share/prims/jni.cpp, line 598]
Event: 1.133 Thread 0x000001af5d65e000 Exception <a 'sun/nio/fs/WindowsException'{0x000000071073dbd0}> (0x000000071073dbd0) 
thrown [t:/workspace/open/src/hotspot/share/prims/jni.cpp, line 598]
Event: 1.137 Thread 0x000001af5d65e000 Exception <a 'sun/nio/fs/WindowsException'{0x000000071074aa88}> (0x000000071074aa88) 
thrown [t:/workspace/open/src/hotspot/share/prims/jni.cpp, line 598]
Event: 1.137 Thread 0x000001af5d65e000 Exception <a 'sun/nio/fs/WindowsException'{0x000000071074ad58}> (0x000000071074ad58) 
thrown [t:/workspace/open/src/hotspot/share/prims/jni.cpp, line 598]
Event: 1.165 Thread 0x000001af5d65e000 Exception <a 'sun/nio/fs/WindowsException'{0x00000007106a6728}> (0x00000007106a6728) 
thrown [t:/workspace/open/src/hotspot/share/prims/jni.cpp, line 598]
Event: 1.165 Thread 0x000001af5d65e000 Exception <a 'sun/nio/fs/WindowsException'{0x00000007106a6ab8}> (0x00000007106a6ab8) 
thrown [t:/workspace/open/src/hotspot/share/prims/jni.cpp, line 598]
Event: 1.348 Thread 0x000001af5d65e000 Exception <a 'java/lang/ClassNotFoundException'{0x00000007100d9fc8}: sun/awt/resources/spi/awtProvider> (0x00000007100d9fc8) 
thrown [t:/workspace/open/src/hotspot/share/classfile/systemDictionary.cpp, line 232]
Event: 1.359 Thread 0x000001af5d65e000 Exception <a 'java/io/FileNotFoundException'{0x000000070ff1edb0}> (0x000000070ff1edb0) 
thrown [t:/workspace/open/src/hotspot/share/prims/jni.cpp, line 598]
Event: 1.363 Thread 0x000001af5d65e000 Exception <a 'java/io/FileNotFoundException'{0x000000070ff45480}> (0x000000070ff45480) 
thrown [t:/workspace/open/src/hotspot/share/prims/jni.cpp, line 598]

Events (20 events):
Event: 1.815 loading class imgui/ImVec4 done
Event: 1.815 loading class imgui/callbacks/ImListClipperCallback
Event: 1.815 loading class imgui/callbacks/ImListClipperCallback done
Event: 1.815 loading class imgui/ImDrawData
Event: 1.815 loading class imgui/ImDrawData done
Event: 1.816 loading class imgui/ImGuiDestroyableStruct
Event: 1.816 loading class imgui/ImGuiDestroyableStruct done
Event: 1.816 loading class imgui/ImFontAtlas
Event: 1.816 loading class imgui/ImFontAtlas done
Event: 1.816 loading class imgui/ImFontConfig
Event: 1.816 loading class imgui/ImFontConfig done
Event: 1.817 loading class imgui/ImFontGlyph
Event: 1.817 loading class imgui/ImFontGlyph done
Event: 1.817 Thread 0x000001af05178800 Thread exited: 0x000001af05178800
Event: 1.817 loading class imgui/ImFont
Event: 1.817 loading class imgui/ImFont done
Event: 1.817 loading class imgui/ImGuiStyle
Event: 1.817 loading class imgui/ImGuiStyle done
Event: 1.817 loading class imgui/ImGuiWindowClass
Event: 1.817 loading class imgui/ImGuiWindowClass done


Dynamic libraries:
0x00007ff715e20000 - 0x00007ff715e2f000 	C:\Program Files\Java\jdk-13.0.2\bin\javaw.exe
0x00007ffb964e0000 - 0x00007ffb966d0000 	C:\Windows\SYSTEM32\ntdll.dll
0x00007ffb71720000 - 0x00007ffb71733000 	C:\Program Files\AVG\Antivirus\aswhook.dll
0x00007ffb946a0000 - 0x00007ffb94752000 	C:\Windows\System32\KERNEL32.DLL
0x00007ffb93f90000 - 0x00007ffb94234000 	C:\Windows\System32\KERNELBASE.dll
0x00007ffb94290000 - 0x00007ffb9438a000 	C:\Windows\System32\ucrtbase.dll
0x00007ffb7c960000 - 0x00007ffb7c978000 	C:\Program Files\Java\jdk-13.0.2\bin\jli.dll
0x00007ffb94760000 - 0x00007ffb94803000 	C:\Windows\System32\ADVAPI32.dll
0x00007ffb95640000 - 0x00007ffb956de000 	C:\Windows\System32\msvcrt.dll
0x00007ffb951b0000 - 0x00007ffb95247000 	C:\Windows\System32\sechost.dll
0x00007ffb95740000 - 0x00007ffb95860000 	C:\Windows\System32\RPCRT4.dll
0x00007ffb95960000 - 0x00007ffb95af4000 	C:\Windows\System32\USER32.dll
0x00007ffb93c90000 - 0x00007ffb93cb1000 	C:\Windows\System32\win32u.dll
0x00007ffb95860000 - 0x00007ffb95886000 	C:\Windows\System32\GDI32.dll
0x00007ffb93d40000 - 0x00007ffb93ed4000 	C:\Windows\System32\gdi32full.dll
0x00007ffb93470000 - 0x00007ffb9350e000 	C:\Windows\System32\msvcp_win.dll
0x00007ffb7a2d0000 - 0x00007ffb7a2e5000 	C:\Program Files\Java\jdk-13.0.2\bin\VCRUNTIME140.dll
0x00007ffb8a4b0000 - 0x00007ffb8a734000 	C:\Windows\WinSxS\amd64_microsoft.windows.common-controls_6595b64144ccf1df_6.0.18362.836_none_e6c4b943130f18ed\COMCTL32.dll
0x00007ffb952f0000 - 0x00007ffb95626000 	C:\Windows\System32\combase.dll
0x00007ffb93cc0000 - 0x00007ffb93d40000 	C:\Windows\System32\bcryptPrimitives.dll
0x00007ffb8d370000 - 0x00007ffb8d37a000 	C:\Windows\SYSTEM32\VERSION.dll
0x00007ffb94fd0000 - 0x00007ffb94ffe000 	C:\Windows\System32\IMM32.DLL
0x00007ffb37b70000 - 0x00007ffb37c0b000 	C:\Program Files\Java\jdk-13.0.2\bin\msvcp140.dll
0x00007ffb115b0000 - 0x00007ffb1210d000 	C:\Program Files\Java\jdk-13.0.2\bin\server\jvm.dll
0x00007ffb95250000 - 0x00007ffb95258000 	C:\Windows\System32\PSAPI.DLL
0x00007ffb832f0000 - 0x00007ffb832f9000 	C:\Windows\SYSTEM32\WSOCK32.dll
0x00007ffb95280000 - 0x00007ffb952ef000 	C:\Windows\System32\WS2_32.dll
0x00007ffb8fee0000 - 0x00007ffb8ff04000 	C:\Windows\SYSTEM32\WINMM.dll
0x00007ffb8feb0000 - 0x00007ffb8fedd000 	C:\Windows\SYSTEM32\WINMMBASE.dll
0x00007ffb94240000 - 0x00007ffb9428a000 	C:\Windows\System32\cfgmgr32.dll
0x00007ffb933b0000 - 0x00007ffb933c1000 	C:\Windows\System32\kernel.appcore.dll
0x00007ffb84040000 - 0x00007ffb84050000 	C:\Program Files\Java\jdk-13.0.2\bin\verify.dll
0x00007ffb8b820000 - 0x00007ffb8ba14000 	C:\Windows\SYSTEM32\DBGHELP.DLL
0x00007ffb8b7d0000 - 0x00007ffb8b7fa000 	C:\Windows\SYSTEM32\dbgcore.DLL
0x00007ffb7a020000 - 0x00007ffb7a046000 	C:\Program Files\Java\jdk-13.0.2\bin\java.dll
0x00007ffb7c7d0000 - 0x00007ffb7c7e7000 	C:\Program Files\Java\jdk-13.0.2\bin\zip.dll
0x00007ffb7c770000 - 0x00007ffb7c77a000 	C:\Program Files\Java\jdk-13.0.2\bin\jimage.dll
0x00007ffb94810000 - 0x00007ffb94ef4000 	C:\Windows\System32\SHELL32.dll
0x00007ffb94590000 - 0x00007ffb94639000 	C:\Windows\System32\shcore.dll
0x00007ffb93510000 - 0x00007ffb93c8e000 	C:\Windows\System32\windows.storage.dll
0x00007ffb933d0000 - 0x00007ffb933f3000 	C:\Windows\System32\profapi.dll
0x00007ffb93400000 - 0x00007ffb9344a000 	C:\Windows\System32\powrprof.dll
0x00007ffb933a0000 - 0x00007ffb933b0000 	C:\Windows\System32\UMPDC.dll
0x00007ffb956e0000 - 0x00007ffb95732000 	C:\Windows\System32\shlwapi.dll
0x00007ffb93f70000 - 0x00007ffb93f87000 	C:\Windows\System32\cryptsp.dll
0x00007ffb7bf40000 - 0x00007ffb7bf59000 	C:\Program Files\Java\jdk-13.0.2\bin\net.dll
0x00007ffb8b100000 - 0x00007ffb8b1f0000 	C:\Windows\SYSTEM32\WINHTTP.dll
0x00007ffb92c10000 - 0x00007ffb92c77000 	C:\Windows\system32\mswsock.dll
0x00007ffb7a000000 - 0x00007ffb7a013000 	C:\Program Files\Java\jdk-13.0.2\bin\nio.dll
0x00007ffb37ec0000 - 0x00007ffb37f24000 	C:\Users\Work\AppData\Local\Temp\lwjglWork\3.2.3-SNAPSHOT\lwjgl.dll
0x00007ffb37c70000 - 0x00007ffb37cd2000 	C:\Users\Work\AppData\Local\Temp\lwjglWork\3.2.3-SNAPSHOT\glfw.dll
0x00007ffb916a0000 - 0x00007ffb91739000 	C:\Windows\system32\uxtheme.dll
0x00007ffb379c0000 - 0x00007ffb37a03000 	C:\Windows\SYSTEM32\dinput8.dll
0x00007ffb7a120000 - 0x00007ffb7a131000 	C:\Windows\SYSTEM32\xinput1_4.dll
0x00007ffb931a0000 - 0x00007ffb931ca000 	C:\Windows\SYSTEM32\DEVOBJ.dll
0x00007ffb91a50000 - 0x00007ffb91a7d000 	C:\Windows\SYSTEM32\dwmapi.dll
0x00007ffb864e0000 - 0x00007ffb865fb000 	C:\Windows\SYSTEM32\inputhost.dll
0x00007ffb91320000 - 0x00007ffb913f4000 	C:\Windows\SYSTEM32\CoreMessaging.dll
0x00007ffb8f440000 - 0x00007ffb8f76a000 	C:\Windows\SYSTEM32\CoreUIComponents.dll
0x00007ffb8fba0000 - 0x00007ffb8fc90000 	C:\Windows\SYSTEM32\PROPSYS.dll
0x00007ffb95890000 - 0x00007ffb95954000 	C:\Windows\System32\OLEAUT32.dll
0x00007ffb8f2c0000 - 0x00007ffb8f413000 	C:\Windows\SYSTEM32\wintypes.dll
0x00007ffb92400000 - 0x00007ffb92431000 	C:\Windows\SYSTEM32\ntmarta.dll
0x00007ffb96160000 - 0x00007ffb96296000 	C:\Windows\System32\MSCTF.dll
0x00007ffb91fb0000 - 0x00007ffb91fbe000 	C:\Windows\SYSTEM32\HID.DLL
0x00007ffb95b00000 - 0x00007ffb95f70000 	C:\Windows\System32\SETUPAPI.DLL
0x00007ffb93ee0000 - 0x00007ffb93f06000 	C:\Windows\System32\bcrypt.dll
0x00007ffb93f10000 - 0x00007ffb93f6c000 	C:\Windows\System32\WINTRUST.dll
0x00007ffb93450000 - 0x00007ffb93462000 	C:\Windows\System32\MSASN1.dll
0x00007ffb94390000 - 0x00007ffb944d9000 	C:\Windows\System32\CRYPT32.dll
0x00007ffb33d30000 - 0x00007ffb33e86000 	C:\Windows\SYSTEM32\opengl32.dll
0x00007ffb79db0000 - 0x00007ffb79ddc000 	C:\Windows\SYSTEM32\GLU32.dll
0x00007ffb92010000 - 0x00007ffb92030000 	C:\Windows\SYSTEM32\dxcore.dll
0x00007ffaf5350000 - 0x00007ffaf7a28000 	C:\Windows\System32\DriverStore\FileRepository\nvmdi.inf_amd64_e726a33b25732961\nvoglv64.dll
0x00007ffb95ff0000 - 0x00007ffb96147000 	C:\Windows\System32\ole32.dll
0x00007ffb8fce0000 - 0x00007ffb8fcf3000 	C:\Windows\SYSTEM32\WTSAPI32.dll
0x00007ffb92470000 - 0x00007ffb924c6000 	C:\Windows\SYSTEM32\WINSTA.dll
0x00007ffb86600000 - 0x00007ffb8669e000 	C:\Windows\System32\TextInputFramework.dll
0x00007ffb850d0000 - 0x00007ffb85376000 	C:\Windows\System32\iertutil.dll
0x00007ffb361f0000 - 0x00007ffb36249000 	C:\Users\Work\AppData\Local\Temp\lwjglWork\3.2.3-SNAPSHOT\lwjgl_opengl.dll
0x00007ffafe4a0000 - 0x00007ffafe6f3000 	C:\Users\Work\AppData\Local\Temp\lwjglWork\3.2.3-SNAPSHOT\jemalloc.dll
0x00007ffb47140000 - 0x00007ffb472d9000 	C:\Program Files\Java\jdk-13.0.2\bin\awt.dll
0x00007ffb91530000 - 0x00007ffb915bf000 	C:\Windows\SYSTEM32\apphelp.dll
0x000000006f6c0000 - 0x000000006f895000 	C:\Dev\java\NutmegGameEngine\vendor\Libs\imgui-java64.dll
0x00007ffb92780000 - 0x00007ffb927b3000 	C:\Windows\system32\rsaenh.dll
0x00007ffb92de0000 - 0x00007ffb92dec000 	C:\Windows\SYSTEM32\CRYPTBASE.dll

dbghelp: loaded successfully - version: 4.0.5 - missing functions: none
symbol engine: initialized successfully - sym options: 0x614 - pdb path: .;C:\Program Files\Java\jdk-13.0.2\bin;C:\Windows\SYSTEM32;C:\Program Files\AVG\Antivirus;C:\Windows\WinSxS\amd64_microsoft.windows.common-controls_6595b64144ccf1df_6.0.18362.836_none_e6c4b943130f18ed;C:\Program Files\Java\jdk-13.0.2\bin\server;C:\Users\Work\AppData\Local\Temp\lwjglWork\3.2.3-SNAPSHOT;C:\Windows\System32\DriverStore\FileRepository\nvmdi.inf_amd64_e726a33b25732961;C:\Dev\java\NutmegGameEngine\vendor\Libs

VM Arguments:
jvm_args: -Djava.library.path=C:\Dev\java\NutmegGameEngine\vendor\Libs;C:\Dev\java\NutmegGameEngine\vendor\Libs -Dfile.encoding=Cp1252 
java_command: ExampleUi
java_class_path (initial): C:\Dev\java\NutmegGameEngine\IMGUI\bin;C:\Dev\java\NutmegGameEngine\vendor\imgui\imgui-binding-1.76-0.12.jar;C:\Dev\java\NutmegGameEngine\vendor\imgui\imgui-lwjgl3-1.76-0.12.jar;C:\Dev\java\LWJGL3.jar;C:\Dev\java\NutmegGameEngine\Nutmeg-Game-Engine\bin;C:\Dev\java\NutmegGameEngine\Nutmeg-GL\bin;C:\Dev\java\NutmegGameEngine\Nutmeg-Core\bin;C:\Dev\java\NutmegGameEngine\Nutmeg-CL\bin;C:\Dev\java\NutmegGameEngine\Nutmeg-AL\bin
Launcher Type: SUN_STANDARD

[Global flags]
     intx CICompilerCount                          = 3                                         {product} {ergonomic}
     uint ConcGCThreads                            = 2                                         {product} {ergonomic}
     uint G1ConcRefinementThreads                  = 6                                         {product} {ergonomic}
   size_t G1HeapRegionSize                         = 1048576                                   {product} {ergonomic}
    uintx GCDrainStackTargetSize                   = 64                                        {product} {ergonomic}
   size_t InitialHeapSize                          = 268435456                                 {product} {ergonomic}
   size_t MarkStackSize                            = 4194304                                   {product} {ergonomic}
   size_t MaxHeapSize                              = 4282384384                                {product} {ergonomic}
   size_t MaxNewSize                               = 2569011200                                {product} {ergonomic}
   size_t MinHeapDeltaBytes                        = 1048576                                   {product} {ergonomic}
   size_t MinHeapSize                              = 8388608                                   {product} {ergonomic}
    uintx NonNMethodCodeHeapSize                   = 5832780                                {pd product} {ergonomic}
    uintx NonProfiledCodeHeapSize                  = 122912730                              {pd product} {ergonomic}
    uintx ProfiledCodeHeapSize                     = 122912730                              {pd product} {ergonomic}
    uintx ReservedCodeCacheSize                    = 251658240                              {pd product} {ergonomic}
     bool SegmentedCodeCache                       = true                                      {product} {ergonomic}
   size_t SoftMaxHeapSize                          = 4282384384                             {manageable} {ergonomic}
     bool UseCompressedClassPointers               = true                                 {lp64_product} {ergonomic}
     bool UseCompressedOops                        = true                                 {lp64_product} {ergonomic}
     bool UseG1GC                                  = true                                      {product} {ergonomic}
     bool UseLargePagesIndividualAllocation        = false                                  {pd product} {ergonomic}

Logging:
Log output configuration:
 #0: stdout all=warning uptime,level,tags
 #1: stderr all=off uptime,level,tags

Environment Variables:
PATH=C:/Program Files/Java/jdk-13.0.2/bin/server;C:/Program Files/Java/jdk-13.0.2/bin;C:\Program Files (x86)\NVIDIA Corporation\PhysX\Common;C:\Python27\;C:\Python27\Scripts;C:\Windows\system32;C:\Windows;C:\Windows\System32\Wbem;C:\Windows\System32\WindowsPowerShell\v1.0\;C:\Windows\System32\OpenSSH\;C:\Program Files\nodejs\;C:\ProgramData\chocolatey\bin;C:\Program Files\LLVM\bin;C:\Program Files\CMake\bin;C:\Program Files\dotnet\;C:\Program Files\Git\cmd;C:\Program Files\PuTTY\;C:\Program Files\BeefLang\bin;C:\Users\Work\AppData\Local\Microsoft\WindowsApps;C:\Users\Work\AppData\Local\GitHubDesktop\bin;C:\Program Files\Java\jdk-13.0.2\bin;;C:\Users\Work\AppData\Local\Programs\Microsoft VS Code\bin;C:\Users\Work\.dotnet\tools;C:\Users\Work\Desktop;
USERNAME=Work
OS=Windows_NT
PROCESSOR_IDENTIFIER=Intel64 Family 6 Model 158 Stepping 10, GenuineIntel



---------------  S Y S T E M  ---------------

OS: Windows 10 , 64 bit Build 18362 (10.0.18362.778)

CPU:total 6 (initial active 6) (6 cores per cpu, 1 threads per core) family 6 model 158 stepping 10, cmov, cx8, fxsr, mmx, sse, sse2, sse3, ssse3, sse4.1, sse4.2, popcnt, avx, avx2, aes, clmul, erms, 3dnowpref, lzcnt, tsc, tscinvbit, bmi1, bmi2, adx, fma

Memory: 4k page, system-wide physical 16328M (9634M free)
TotalPageFile size 43069M (AvailPageFile size 28094M)
current process WorkingSet (physical memory assigned to process): 93M, peak: 93M
current process commit charge ("private bytes"): 407M, peak: 407M

vm_info: Java HotSpot(TM) 64-Bit Server VM (13.0.2+8) for windows-amd64 JRE (13.0.2+8), built on Dec 11 2019 09:20:33 by "mach5one" with unknown MS VC++:1916

END.
